<?xml version="1.0" encoding="UTF-8"?>
<coverage generated="1753408690961" clover="3.2.0">
  <project timestamp="1753408690961" name="All files">
    <metrics statements="679" coveredstatements="443" conditionals="280" coveredconditionals="178" methods="68" coveredmethods="52" elements="1027" coveredelements="673" complexity="0" loc="679" ncloc="679" packages="2" files="2" classes="2"/>
    <package name="backend">
      <metrics statements="678" coveredstatements="442" conditionals="280" coveredconditionals="178" methods="68" coveredmethods="52"/>
      <file name="server.js" path="/Users/ashleylin/term-group-project-c01s25-project-my-dormstore/backend/server.js">
        <metrics statements="678" coveredstatements="442" conditionals="280" coveredconditionals="178" methods="68" coveredmethods="52"/>
        <line num="9" count="14" type="stmt"/>
        <line num="10" count="14" type="stmt"/>
        <line num="11" count="14" type="cond" truecount="1" falsecount="1"/>
        <line num="14" count="14" type="stmt"/>
        <line num="20" count="14" type="stmt"/>
        <line num="25" count="14" type="stmt"/>
        <line num="26" count="14" type="stmt"/>
        <line num="34" count="0" type="stmt"/>
        <line num="37" count="14" type="stmt"/>
        <line num="40" count="76" type="stmt"/>
        <line num="41" count="76" type="cond" truecount="2" falsecount="0"/>
        <line num="43" count="76" type="cond" truecount="2" falsecount="0"/>
        <line num="44" count="7" type="stmt"/>
        <line num="47" count="69" type="stmt"/>
        <line num="48" count="69" type="cond" truecount="2" falsecount="0"/>
        <line num="49" count="2" type="stmt"/>
        <line num="51" count="67" type="stmt"/>
        <line num="52" count="67" type="stmt"/>
        <line num="57" count="14" type="stmt"/>
        <line num="58" count="14" type="stmt"/>
        <line num="63" count="14" type="stmt"/>
        <line num="64" count="7" type="stmt"/>
        <line num="65" count="7" type="stmt"/>
        <line num="68" count="7" type="cond" truecount="4" falsecount="0"/>
        <line num="69" count="1" type="stmt"/>
        <line num="74" count="6" type="stmt"/>
        <line num="75" count="6" type="stmt"/>
        <line num="80" count="5" type="stmt"/>
        <line num="81" count="5" type="stmt"/>
        <line num="83" count="1" type="stmt"/>
        <line num="88" count="14" type="stmt"/>
        <line num="89" count="3" type="stmt"/>
        <line num="90" count="3" type="stmt"/>
        <line num="93" count="3" type="cond" truecount="4" falsecount="0"/>
        <line num="94" count="1" type="stmt"/>
        <line num="99" count="2" type="stmt"/>
        <line num="100" count="2" type="stmt"/>
        <line num="102" count="2" type="cond" truecount="4" falsecount="0"/>
        <line num="103" count="1" type="stmt"/>
        <line num="105" count="1" type="stmt"/>
        <line num="107" count="1" type="stmt"/>
        <line num="110" count="0" type="stmt"/>
        <line num="114" count="14" type="stmt"/>
        <line num="115" count="6" type="stmt"/>
        <line num="116" count="6" type="stmt"/>
        <line num="117" count="6" type="stmt"/>
        <line num="122" count="5" type="cond" truecount="1" falsecount="1"/>
        <line num="123" count="0" type="stmt"/>
        <line num="126" count="5" type="stmt"/>
        <line num="128" count="1" type="stmt"/>
        <line num="129" count="1" type="stmt"/>
        <line num="134" count="14" type="stmt"/>
        <line num="135" count="1" type="stmt"/>
        <line num="136" count="1" type="stmt"/>
        <line num="137" count="1" type="stmt"/>
        <line num="141" count="1" type="stmt"/>
        <line num="143" count="0" type="stmt"/>
        <line num="144" count="0" type="stmt"/>
        <line num="149" count="14" type="stmt"/>
        <line num="150" count="7" type="stmt"/>
        <line num="151" count="7" type="stmt"/>
        <line num="152" count="7" type="cond" truecount="0" falsecount="1"/>
        <line num="154" count="7" type="cond" truecount="2" falsecount="0"/>
        <line num="155" count="1" type="stmt"/>
        <line num="157" count="6" type="cond" truecount="2" falsecount="0"/>
        <line num="158" count="1" type="stmt"/>
        <line num="162" count="5" type="stmt"/>
        <line num="163" count="5" type="stmt"/>
        <line num="165" count="5" type="cond" truecount="1" falsecount="1"/>
        <line num="166" count="0" type="stmt"/>
        <line num="167" count="0" type="stmt"/>
        <line num="169" count="0" type="cond" truecount="0" falsecount="2"/>
        <line num="170" count="0" type="stmt"/>
        <line num="171" count="0" type="stmt"/>
        <line num="173" count="0" type="stmt"/>
        <line num="175" count="5" type="cond" truecount="1" falsecount="1"/>
        <line num="176" count="0" type="stmt"/>
        <line num="177" count="0" type="stmt"/>
        <line num="179" count="5" type="stmt"/>
        <line num="182" count="5" type="stmt"/>
        <line num="184" count="5" type="cond" truecount="2" falsecount="0"/>
        <line num="186" count="1" type="stmt"/>
        <line num="187" count="1" type="stmt"/>
        <line num="192" count="1" type="stmt"/>
        <line num="197" count="4" type="stmt"/>
        <line num="202" count="4" type="stmt"/>
        <line num="208" count="0" type="stmt"/>
        <line num="209" count="0" type="stmt"/>
        <line num="214" count="14" type="stmt"/>
        <line num="215" count="3" type="stmt"/>
        <line num="216" count="3" type="stmt"/>
        <line num="217" count="3" type="stmt"/>
        <line num="218" count="3" type="stmt"/>
        <line num="221" count="3" type="cond" truecount="4" falsecount="0"/>
        <line num="222" count="1" type="stmt"/>
        <line num="225" count="2" type="stmt"/>
        <line num="229" count="2" type="cond" truecount="2" falsecount="0"/>
        <line num="230" count="1" type="stmt"/>
        <line num="233" count="1" type="stmt"/>
        <line num="238" count="0" type="stmt"/>
        <line num="239" count="0" type="stmt"/>
        <line num="244" count="14" type="stmt"/>
        <line num="245" count="2" type="stmt"/>
        <line num="246" count="2" type="stmt"/>
        <line num="247" count="2" type="stmt"/>
        <line num="249" count="2" type="stmt"/>
        <line num="253" count="2" type="cond" truecount="2" falsecount="0"/>
        <line num="254" count="1" type="stmt"/>
        <line num="256" count="1" type="stmt"/>
        <line num="261" count="0" type="stmt"/>
        <line num="262" count="0" type="stmt"/>
        <line num="266" count="14" type="stmt"/>
        <line num="267" count="1" type="stmt"/>
        <line num="268" count="1" type="stmt"/>
        <line num="270" count="1" type="stmt"/>
        <line num="275" count="1" type="stmt"/>
        <line num="281" count="0" type="stmt"/>
        <line num="282" count="0" type="stmt"/>
        <line num="287" count="14" type="stmt"/>
        <line num="288" count="5" type="stmt"/>
        <line num="289" count="5" type="stmt"/>
        <line num="291" count="5" type="cond" truecount="2" falsecount="0"/>
        <line num="296" count="1" type="stmt"/>
        <line num="299" count="4" type="stmt"/>
        <line num="300" count="4" type="cond" truecount="4" falsecount="0"/>
        <line num="301" count="2" type="stmt"/>
        <line num="302" count="2" type="stmt"/>
        <line num="304" count="2" type="stmt"/>
        <line num="305" count="2" type="cond" truecount="2" falsecount="0"/>
        <line num="306" count="1" type="stmt"/>
        <line num="309" count="1" type="stmt"/>
        <line num="310" count="1" type="stmt"/>
        <line num="313" count="3" type="cond" truecount="1" falsecount="1"/>
        <line num="314" count="0" type="stmt"/>
        <line num="316" count="3" type="cond" truecount="2" falsecount="0"/>
        <line num="317" count="1" type="stmt"/>
        <line num="318" count="1" type="stmt"/>
        <line num="320" count="3" type="cond" truecount="2" falsecount="0"/>
        <line num="321" count="1" type="stmt"/>
        <line num="323" count="3" type="cond" truecount="2" falsecount="0"/>
        <line num="324" count="1" type="stmt"/>
        <line num="326" count="3" type="cond" truecount="1" falsecount="1"/>
        <line num="327" count="0" type="stmt"/>
        <line num="329" count="3" type="cond" truecount="2" falsecount="0"/>
        <line num="330" count="2" type="stmt"/>
        <line num="332" count="3" type="cond" truecount="1" falsecount="1"/>
        <line num="333" count="0" type="stmt"/>
        <line num="335" count="3" type="cond" truecount="1" falsecount="1"/>
        <line num="336" count="0" type="stmt"/>
        <line num="338" count="3" type="cond" truecount="1" falsecount="1"/>
        <line num="339" count="0" type="stmt"/>
        <line num="341" count="3" type="cond" truecount="1" falsecount="1"/>
        <line num="342" count="0" type="stmt"/>
        <line num="344" count="3" type="cond" truecount="1" falsecount="1"/>
        <line num="345" count="0" type="stmt"/>
        <line num="348" count="3" type="stmt"/>
        <line num="350" count="0" type="stmt"/>
        <line num="351" count="0" type="stmt"/>
        <line num="356" count="14" type="stmt"/>
        <line num="357" count="0" type="stmt"/>
        <line num="359" count="0" type="cond" truecount="0" falsecount="5"/>
        <line num="360" count="0" type="stmt"/>
        <line num="363" count="0" type="stmt"/>
        <line num="364" count="0" type="stmt"/>
        <line num="368" count="0" type="stmt"/>
        <line num="370" count="0" type="stmt"/>
        <line num="371" count="0" type="stmt"/>
        <line num="375" count="14" type="stmt"/>
        <line num="376" count="0" type="stmt"/>
        <line num="378" count="0" type="cond" truecount="0" falsecount="4"/>
        <line num="379" count="0" type="stmt"/>
        <line num="382" count="0" type="stmt"/>
        <line num="383" count="0" type="stmt"/>
        <line num="388" count="0" type="stmt"/>
        <line num="390" count="0" type="stmt"/>
        <line num="391" count="0" type="stmt"/>
        <line num="395" count="14" type="stmt"/>
        <line num="396" count="0" type="stmt"/>
        <line num="397" count="0" type="stmt"/>
        <line num="409" count="0" type="stmt"/>
        <line num="411" count="0" type="stmt"/>
        <line num="412" count="0" type="stmt"/>
        <line num="416" count="14" type="stmt"/>
        <line num="417" count="0" type="stmt"/>
        <line num="418" count="0" type="cond" truecount="0" falsecount="4"/>
        <line num="419" count="0" type="stmt"/>
        <line num="422" count="0" type="stmt"/>
        <line num="423" count="0" type="stmt"/>
        <line num="427" count="0" type="stmt"/>
        <line num="429" count="0" type="stmt"/>
        <line num="430" count="0" type="stmt"/>
        <line num="434" count="14" type="stmt"/>
        <line num="435" count="5" type="stmt"/>
        <line num="437" count="5" type="cond" truecount="4" falsecount="0"/>
        <line num="438" count="1" type="stmt"/>
        <line num="441" count="4" type="stmt"/>
        <line num="442" count="4" type="stmt"/>
        <line num="448" count="4" type="cond" truecount="2" falsecount="0"/>
        <line num="449" count="2" type="stmt"/>
        <line num="451" count="2" type="stmt"/>
        <line num="454" count="0" type="stmt"/>
        <line num="455" count="0" type="stmt"/>
        <line num="461" count="14" type="stmt"/>
        <line num="462" count="2" type="stmt"/>
        <line num="463" count="2" type="stmt"/>
        <line num="466" count="2" type="cond" truecount="2" falsecount="0"/>
        <line num="467" count="1" type="stmt"/>
        <line num="468" count="1" type="stmt"/>
        <line num="470" count="1" type="stmt"/>
        <line num="471" count="1" type="stmt"/>
        <line num="474" count="2" type="stmt"/>
        <line num="475" count="2" type="stmt"/>
        <line num="477" count="0" type="stmt"/>
        <line num="478" count="0" type="stmt"/>
        <line num="483" count="14" type="stmt"/>
        <line num="484" count="2" type="stmt"/>
        <line num="485" count="2" type="stmt"/>
        <line num="486" count="2" type="stmt"/>
        <line num="491" count="2" type="cond" truecount="2" falsecount="0"/>
        <line num="492" count="1" type="stmt"/>
        <line num="495" count="1" type="stmt"/>
        <line num="497" count="0" type="stmt"/>
        <line num="498" count="0" type="stmt"/>
        <line num="503" count="14" type="stmt"/>
        <line num="504" count="1" type="stmt"/>
        <line num="505" count="1" type="stmt"/>
        <line num="508" count="1" type="stmt"/>
        <line num="510" count="0" type="stmt"/>
        <line num="511" count="0" type="stmt"/>
        <line num="516" count="14" type="stmt"/>
        <line num="517" count="2" type="stmt"/>
        <line num="518" count="2" type="stmt"/>
        <line num="519" count="2" type="stmt"/>
        <line num="524" count="2" type="cond" truecount="2" falsecount="0"/>
        <line num="525" count="1" type="stmt"/>
        <line num="528" count="1" type="stmt"/>
        <line num="530" count="0" type="stmt"/>
        <line num="531" count="0" type="stmt"/>
        <line num="536" count="14" type="stmt"/>
        <line num="537" count="1" type="stmt"/>
        <line num="538" count="1" type="stmt"/>
        <line num="541" count="1" type="stmt"/>
        <line num="546" count="1" type="cond" truecount="1" falsecount="1"/>
        <line num="547" count="0" type="stmt"/>
        <line num="551" count="1" type="stmt"/>
        <line num="559" count="1" type="stmt"/>
        <line num="562" count="1" type="cond" truecount="1" falsecount="1"/>
        <line num="563" count="0" type="stmt"/>
        <line num="564" count="0" type="stmt"/>
        <line num="566" count="0" type="cond" truecount="0" falsecount="4"/>
        <line num="567" count="0" type="stmt"/>
        <line num="580" count="1" type="stmt"/>
        <line num="585" count="1" type="stmt"/>
        <line num="587" count="0" type="stmt"/>
        <line num="588" count="0" type="stmt"/>
        <line num="593" count="14" type="stmt"/>
        <line num="594" count="2" type="stmt"/>
        <line num="596" count="2" type="cond" truecount="5" falsecount="0"/>
        <line num="597" count="1" type="stmt"/>
        <line num="600" count="1" type="stmt"/>
        <line num="601" count="1" type="stmt"/>
        <line num="606" count="1" type="stmt"/>
        <line num="608" count="0" type="stmt"/>
        <line num="609" count="0" type="stmt"/>
        <line num="614" count="14" type="stmt"/>
        <line num="615" count="1" type="stmt"/>
        <line num="616" count="1" type="stmt"/>
        <line num="619" count="1" type="stmt"/>
        <line num="624" count="1" type="cond" truecount="1" falsecount="1"/>
        <line num="626" count="1" type="stmt"/>
        <line num="632" count="1" type="stmt"/>
        <line num="637" count="0" type="stmt"/>
        <line num="638" count="0" type="stmt"/>
        <line num="643" count="14" type="stmt"/>
        <line num="644" count="2" type="stmt"/>
        <line num="645" count="2" type="stmt"/>
        <line num="646" count="2" type="stmt"/>
        <line num="648" count="2" type="cond" truecount="4" falsecount="0"/>
        <line num="649" count="1" type="stmt"/>
        <line num="652" count="1" type="stmt"/>
        <line num="660" count="1" type="cond" truecount="1" falsecount="1"/>
        <line num="662" count="0" type="stmt"/>
        <line num="666" count="0" type="stmt"/>
        <line num="672" count="1" type="stmt"/>
        <line num="679" count="0" type="stmt"/>
        <line num="680" count="0" type="stmt"/>
        <line num="685" count="14" type="stmt"/>
        <line num="686" count="3" type="stmt"/>
        <line num="688" count="3" type="stmt"/>
        <line num="689" count="3" type="stmt"/>
        <line num="691" count="3" type="stmt"/>
        <line num="710" count="3" type="stmt"/>
        <line num="713" count="3" type="cond" truecount="9" falsecount="0"/>
        <line num="714" count="1" type="stmt"/>
        <line num="718" count="2" type="stmt"/>
        <line num="723" count="2" type="cond" truecount="1" falsecount="1"/>
        <line num="725" count="0" type="stmt"/>
        <line num="729" count="0" type="stmt"/>
        <line num="735" count="2" type="stmt"/>
        <line num="737" count="2" type="cond" truecount="2" falsecount="0"/>
        <line num="738" count="1" type="stmt"/>
        <line num="747" count="1" type="stmt"/>
        <line num="750" count="1" type="stmt"/>
        <line num="772" count="1" type="stmt"/>
        <line num="773" count="1" type="stmt"/>
        <line num="776" count="1" type="stmt"/>
        <line num="782" count="1" type="stmt"/>
        <line num="783" count="1" type="stmt"/>
        <line num="795" count="1" type="stmt"/>
        <line num="805" count="1" type="stmt"/>
        <line num="807" count="1" type="stmt"/>
        <line num="810" count="1" type="stmt"/>
        <line num="815" count="1" type="stmt"/>
        <line num="831" count="0" type="stmt"/>
        <line num="832" count="0" type="stmt"/>
        <line num="833" count="0" type="stmt"/>
        <line num="834" count="0" type="stmt"/>
        <line num="836" count="3" type="stmt"/>
        <line num="841" count="14" type="stmt"/>
        <line num="842" count="2" type="stmt"/>
        <line num="843" count="2" type="stmt"/>
        <line num="844" count="2" type="stmt"/>
        <line num="846" count="2" type="stmt"/>
        <line num="853" count="2" type="cond" truecount="2" falsecount="0"/>
        <line num="854" count="1" type="stmt"/>
        <line num="858" count="1" type="stmt"/>
        <line num="860" count="1" type="stmt"/>
        <line num="869" count="1" type="stmt"/>
        <line num="871" count="0" type="stmt"/>
        <line num="872" count="0" type="stmt"/>
        <line num="896" count="14" type="stmt"/>
        <line num="897" count="0" type="stmt"/>
        <line num="898" count="0" type="stmt"/>
        <line num="900" count="0" type="cond" truecount="0" falsecount="7"/>
        <line num="901" count="0" type="stmt"/>
        <line num="902" count="0" type="stmt"/>
        <line num="905" count="0" type="cond" truecount="0" falsecount="2"/>
        <line num="906" count="0" type="stmt"/>
        <line num="907" count="0" type="stmt"/>
        <line num="910" count="0" type="stmt"/>
        <line num="911" count="0" type="stmt"/>
        <line num="912" count="0" type="stmt"/>
        <line num="914" count="0" type="stmt"/>
        <line num="921" count="0" type="stmt"/>
        <line num="923" count="0" type="stmt"/>
        <line num="925" count="0" type="stmt"/>
        <line num="926" count="0" type="stmt"/>
        <line num="931" count="14" type="stmt"/>
        <line num="932" count="9" type="stmt"/>
        <line num="934" count="9" type="stmt"/>
        <line num="935" count="9" type="stmt"/>
        <line num="936" count="9" type="cond" truecount="2" falsecount="0"/>
        <line num="937" count="1" type="stmt"/>
        <line num="940" count="8" type="stmt"/>
        <line num="941" count="8" type="cond" truecount="2" falsecount="0"/>
        <line num="942" count="3" type="stmt"/>
        <line num="945" count="5" type="stmt"/>
        <line num="947" count="5" type="stmt"/>
        <line num="949" count="0" type="stmt"/>
        <line num="950" count="0" type="stmt"/>
        <line num="954" count="14" type="stmt"/>
        <line num="955" count="1" type="stmt"/>
        <line num="956" count="1" type="cond" truecount="3" falsecount="1"/>
        <line num="957" count="0" type="stmt"/>
        <line num="960" count="1" type="stmt"/>
        <line num="961" count="1" type="stmt"/>
        <line num="965" count="1" type="stmt"/>
        <line num="967" count="0" type="stmt"/>
        <line num="968" count="0" type="stmt"/>
        <line num="972" count="14" type="stmt"/>
        <line num="973" count="1" type="stmt"/>
        <line num="975" count="1" type="cond" truecount="1" falsecount="1"/>
        <line num="976" count="0" type="stmt"/>
        <line num="979" count="1" type="stmt"/>
        <line num="980" count="1" type="stmt"/>
        <line num="996" count="1" type="cond" truecount="1" falsecount="1"/>
        <line num="997" count="0" type="stmt"/>
        <line num="1000" count="1" type="stmt"/>
        <line num="1002" count="0" type="stmt"/>
        <line num="1003" count="0" type="stmt"/>
        <line num="1008" count="14" type="stmt"/>
        <line num="1009" count="1" type="stmt"/>
        <line num="1010" count="1" type="stmt"/>
        <line num="1011" count="1" type="stmt"/>
        <line num="1016" count="1" type="stmt"/>
        <line num="1018" count="0" type="stmt"/>
        <line num="1019" count="0" type="stmt"/>
        <line num="1024" count="14" type="stmt"/>
        <line num="1025" count="1" type="stmt"/>
        <line num="1026" count="1" type="stmt"/>
        <line num="1037" count="1" type="stmt"/>
        <line num="1039" count="0" type="stmt"/>
        <line num="1040" count="0" type="stmt"/>
        <line num="1044" count="14" type="stmt"/>
        <line num="1045" count="2" type="stmt"/>
        <line num="1046" count="2" type="stmt"/>
        <line num="1047" count="2" type="stmt"/>
        <line num="1048" count="2" type="stmt"/>
        <line num="1049" count="2" type="stmt"/>
        <line num="1053" count="2" type="cond" truecount="2" falsecount="0"/>
        <line num="1054" count="1" type="stmt"/>
        <line num="1055" count="1" type="stmt"/>
        <line num="1057" count="1" type="stmt"/>
        <line num="1058" count="1" type="stmt"/>
        <line num="1060" count="0" type="stmt"/>
        <line num="1061" count="0" type="stmt"/>
        <line num="1062" count="0" type="cond" truecount="0" falsecount="2"/>
        <line num="1068" count="14" type="stmt"/>
        <line num="1069" count="4" type="stmt"/>
        <line num="1070" count="4" type="stmt"/>
        <line num="1079" count="2" type="stmt"/>
        <line num="1081" count="2" type="stmt"/>
        <line num="1082" count="2" type="stmt"/>
        <line num="1087" count="14" type="stmt"/>
        <line num="1088" count="6" type="stmt"/>
        <line num="1089" count="6" type="stmt"/>
        <line num="1090" count="6" type="stmt"/>
        <line num="1094" count="4" type="cond" truecount="2" falsecount="0"/>
        <line num="1095" count="2" type="stmt"/>
        <line num="1097" count="2" type="stmt"/>
        <line num="1099" count="2" type="stmt"/>
        <line num="1100" count="2" type="stmt"/>
        <line num="1105" count="4" type="stmt"/>
        <line num="1109" count="4" type="cond" truecount="4" falsecount="0"/>
        <line num="1111" count="2" type="stmt"/>
        <line num="1112" count="2" type="stmt"/>
        <line num="1116" count="2" type="stmt"/>
        <line num="1117" count="2" type="stmt"/>
        <line num="1119" count="2" type="stmt"/>
        <line num="1120" count="2" type="stmt"/>
        <line num="1121" count="2" type="stmt"/>
        <line num="1122" count="2" type="cond" truecount="1" falsecount="1"/>
        <line num="1123" count="2" type="stmt"/>
        <line num="1124" count="2" type="cond" truecount="1" falsecount="1"/>
        <line num="1125" count="2" type="stmt"/>
        <line num="1126" count="2" type="cond" truecount="1" falsecount="1"/>
        <line num="1129" count="2" type="stmt"/>
        <line num="1138" count="14" type="stmt"/>
        <line num="1139" count="1" type="stmt"/>
        <line num="1140" count="1" type="stmt"/>
        <line num="1156" count="1" type="stmt"/>
        <line num="1158" count="0" type="stmt"/>
        <line num="1159" count="0" type="stmt"/>
        <line num="1164" count="14" type="stmt"/>
        <line num="1165" count="2" type="stmt"/>
        <line num="1166" count="2" type="stmt"/>
        <line num="1167" count="2" type="stmt"/>
        <line num="1168" count="2" type="stmt"/>
        <line num="1185" count="2" type="stmt"/>
        <line num="1187" count="0" type="stmt"/>
        <line num="1188" count="0" type="stmt"/>
        <line num="1195" count="14" type="stmt"/>
        <line num="1196" count="1" type="stmt"/>
        <line num="1198" count="1" type="stmt"/>
        <line num="1200" count="1" type="cond" truecount="1" falsecount="3"/>
        <line num="1202" count="1" type="stmt"/>
        <line num="1203" count="1" type="stmt"/>
        <line num="1205" count="0" type="stmt"/>
        <line num="1206" count="0" type="stmt"/>
        <line num="1208" count="0" type="stmt"/>
        <line num="1209" count="0" type="stmt"/>
        <line num="1211" count="0" type="stmt"/>
        <line num="1214" count="1" type="stmt"/>
        <line num="1224" count="1" type="stmt"/>
        <line num="1225" count="1" type="stmt"/>
        <line num="1232" count="0" type="stmt"/>
        <line num="1233" count="0" type="stmt"/>
        <line num="1238" count="14" type="stmt"/>
        <line num="1239" count="1" type="stmt"/>
        <line num="1240" count="1" type="stmt"/>
        <line num="1254" count="1" type="stmt"/>
        <line num="1255" count="10" type="stmt"/>
        <line num="1264" count="0" type="stmt"/>
        <line num="1265" count="0" type="stmt"/>
        <line num="1270" count="14" type="stmt"/>
        <line num="1271" count="1" type="stmt"/>
        <line num="1273" count="1" type="stmt"/>
        <line num="1281" count="1" type="stmt"/>
        <line num="1289" count="1" type="stmt"/>
        <line num="1297" count="1" type="stmt"/>
        <line num="1302" count="1" type="stmt"/>
        <line num="1309" count="0" type="stmt"/>
        <line num="1310" count="0" type="stmt"/>
        <line num="1315" count="14" type="stmt"/>
        <line num="1316" count="3" type="stmt"/>
        <line num="1317" count="3" type="stmt"/>
        <line num="1318" count="3" type="stmt"/>
        <line num="1319" count="3" type="stmt"/>
        <line num="1327" count="3" type="cond" truecount="2" falsecount="0"/>
        <line num="1328" count="1" type="stmt"/>
        <line num="1330" count="2" type="stmt"/>
        <line num="1333" count="2" type="stmt"/>
        <line num="1334" count="1" type="stmt"/>
        <line num="1336" count="2" type="stmt"/>
        <line num="1338" count="0" type="stmt"/>
        <line num="1339" count="0" type="stmt"/>
        <line num="1344" count="14" type="stmt"/>
        <line num="1345" count="1" type="stmt"/>
        <line num="1346" count="1" type="stmt"/>
        <line num="1362" count="1" type="stmt"/>
        <line num="1364" count="0" type="stmt"/>
        <line num="1365" count="0" type="stmt"/>
        <line num="1370" count="14" type="stmt"/>
        <line num="1371" count="1" type="stmt"/>
        <line num="1372" count="1" type="stmt"/>
        <line num="1373" count="1" type="stmt"/>
        <line num="1374" count="1" type="stmt"/>
        <line num="1375" count="1" type="stmt"/>
        <line num="1381" count="1" type="stmt"/>
        <line num="1382" count="1" type="cond" truecount="3" falsecount="1"/>
        <line num="1383" count="1" type="stmt"/>
        <line num="1384" count="1" type="stmt"/>
        <line num="1390" count="1" type="stmt"/>
        <line num="1391" count="1" type="stmt"/>
        <line num="1393" count="0" type="stmt"/>
        <line num="1394" count="0" type="stmt"/>
        <line num="1395" count="0" type="stmt"/>
        <line num="1397" count="1" type="stmt"/>
        <line num="1402" count="14" type="stmt"/>
        <line num="1403" count="1" type="stmt"/>
        <line num="1404" count="1" type="stmt"/>
        <line num="1405" count="1" type="stmt"/>
        <line num="1412" count="1" type="stmt"/>
        <line num="1414" count="0" type="stmt"/>
        <line num="1415" count="0" type="stmt"/>
        <line num="1419" count="14" type="stmt"/>
        <line num="1420" count="2" type="stmt"/>
        <line num="1424" count="2" type="stmt"/>
        <line num="1425" count="2" type="cond" truecount="1" falsecount="1"/>
        <line num="1426" count="2" type="stmt"/>
        <line num="1427" count="2" type="cond" truecount="3" falsecount="0"/>
        <line num="1428" count="1" type="stmt"/>
        <line num="1433" count="2" type="stmt"/>
        <line num="1434" count="2" type="stmt"/>
        <line num="1435" count="2" type="stmt"/>
        <line num="1436" count="2" type="stmt"/>
        <line num="1454" count="1" type="cond" truecount="1" falsecount="1"/>
        <line num="1455" count="0" type="stmt"/>
        <line num="1456" count="0" type="stmt"/>
        <line num="1458" count="1" type="stmt"/>
        <line num="1459" count="1" type="stmt"/>
        <line num="1460" count="1" type="stmt"/>
        <line num="1466" count="1" type="stmt"/>
        <line num="1467" count="1" type="stmt"/>
        <line num="1469" count="1" type="stmt"/>
        <line num="1471" count="1" type="stmt"/>
        <line num="1472" count="1" type="stmt"/>
        <line num="1473" count="1" type="stmt"/>
        <line num="1475" count="2" type="stmt"/>
        <line num="1481" count="14" type="stmt"/>
        <line num="1482" count="1" type="stmt"/>
        <line num="1483" count="1" type="stmt"/>
        <line num="1484" count="1" type="stmt"/>
        <line num="1485" count="1" type="stmt"/>
        <line num="1489" count="1" type="cond" truecount="1" falsecount="1"/>
        <line num="1490" count="0" type="stmt"/>
        <line num="1492" count="1" type="stmt"/>
        <line num="1494" count="0" type="stmt"/>
        <line num="1495" count="0" type="stmt"/>
        <line num="1499" count="14" type="stmt"/>
        <line num="1500" count="1" type="stmt"/>
        <line num="1502" count="1" type="stmt"/>
        <line num="1507" count="1" type="cond" truecount="1" falsecount="1"/>
        <line num="1508" count="1" type="stmt"/>
        <line num="1509" count="1" type="cond" truecount="4" falsecount="1"/>
        <line num="1510" count="0" type="stmt"/>
        <line num="1512" count="1" type="stmt"/>
        <line num="1516" count="1" type="stmt"/>
        <line num="1519" count="0" type="stmt"/>
        <line num="1520" count="0" type="stmt"/>
        <line num="1524" count="0" type="stmt"/>
        <line num="1525" count="0" type="stmt"/>
        <line num="1527" count="0" type="stmt"/>
        <line num="1528" count="0" type="stmt"/>
        <line num="1529" count="0" type="stmt"/>
        <line num="1530" count="0" type="cond" truecount="0" falsecount="2"/>
        <line num="1531" count="0" type="stmt"/>
        <line num="1533" count="0" type="stmt"/>
        <line num="1534" count="0" type="cond" truecount="0" falsecount="2"/>
        <line num="1535" count="0" type="stmt"/>
        <line num="1536" count="0" type="cond" truecount="0" falsecount="2"/>
        <line num="1539" count="0" type="stmt"/>
        <line num="1543" count="0" type="stmt"/>
        <line num="1547" count="14" type="stmt"/>
        <line num="1548" count="4" type="stmt"/>
        <line num="1549" count="4" type="stmt"/>
        <line num="1550" count="4" type="stmt"/>
        <line num="1553" count="4" type="stmt"/>
        <line num="1556" count="4" type="cond" truecount="2" falsecount="0"/>
        <line num="1557" count="1" type="stmt"/>
        <line num="1559" count="3" type="stmt"/>
        <line num="1560" count="2" type="stmt"/>
        <line num="1562" count="3" type="stmt"/>
        <line num="1564" count="0" type="stmt"/>
        <line num="1565" count="0" type="stmt"/>
        <line num="1571" count="14" type="stmt"/>
        <line num="1572" count="1" type="stmt"/>
        <line num="1573" count="1" type="stmt"/>
        <line num="1574" count="1" type="stmt"/>
        <line num="1582" count="1" type="stmt"/>
        <line num="1583" count="1" type="stmt"/>
        <line num="1585" count="1" type="cond" truecount="2" falsecount="2"/>
        <line num="1586" count="0" type="stmt"/>
        <line num="1587" count="0" type="stmt"/>
        <line num="1590" count="1" type="cond" truecount="2" falsecount="2"/>
        <line num="1591" count="0" type="stmt"/>
        <line num="1603" count="0" type="stmt"/>
        <line num="1604" count="0" type="stmt"/>
        <line num="1606" count="1" type="stmt"/>
        <line num="1608" count="1" type="stmt"/>
        <line num="1609" count="1" type="stmt"/>
        <line num="1611" count="0" type="stmt"/>
        <line num="1612" count="0" type="stmt"/>
        <line num="1617" count="14" type="stmt"/>
        <line num="1618" count="0" type="stmt"/>
        <line num="1619" count="0" type="cond" truecount="0" falsecount="2"/>
        <line num="1621" count="0" type="stmt"/>
        <line num="1622" count="0" type="stmt"/>
        <line num="1626" count="0" type="cond" truecount="0" falsecount="2"/>
        <line num="1627" count="0" type="stmt"/>
        <line num="1629" count="0" type="stmt"/>
        <line num="1631" count="0" type="stmt"/>
        <line num="1637" count="0" type="stmt"/>
        <line num="1642" count="0" type="stmt"/>
        <line num="1643" count="0" type="stmt"/>
        <line num="1648" count="14" type="stmt"/>
        <line num="1649" count="0" type="stmt"/>
        <line num="1650" count="0" type="cond" truecount="0" falsecount="2"/>
        <line num="1652" count="0" type="stmt"/>
        <line num="1653" count="0" type="stmt"/>
        <line num="1658" count="0" type="stmt"/>
        <line num="1660" count="0" type="stmt"/>
        <line num="1661" count="0" type="stmt"/>
        <line num="1666" count="14" type="stmt"/>
        <line num="1667" count="0" type="stmt"/>
        <line num="1668" count="0" type="stmt"/>
        <line num="1670" count="0" type="cond" truecount="0" falsecount="4"/>
        <line num="1671" count="0" type="stmt"/>
        <line num="1674" count="0" type="stmt"/>
        <line num="1675" count="0" type="stmt"/>
        <line num="1679" count="0" type="stmt"/>
        <line num="1681" count="0" type="stmt"/>
        <line num="1682" count="0" type="stmt"/>
        <line num="1686" count="14" type="stmt"/>
        <line num="1687" count="0" type="stmt"/>
        <line num="1689" count="0" type="stmt"/>
        <line num="1691" count="0" type="cond" truecount="0" falsecount="4"/>
        <line num="1693" count="0" type="stmt"/>
        <line num="1694" count="0" type="stmt"/>
        <line num="1696" count="0" type="stmt"/>
        <line num="1697" count="0" type="stmt"/>
        <line num="1699" count="0" type="stmt"/>
        <line num="1700" count="0" type="stmt"/>
        <line num="1702" count="0" type="stmt"/>
        <line num="1705" count="0" type="stmt"/>
        <line num="1715" count="0" type="stmt"/>
        <line num="1716" count="0" type="stmt"/>
        <line num="1723" count="0" type="stmt"/>
        <line num="1724" count="0" type="stmt"/>
        <line num="1729" count="14" type="stmt"/>
        <line num="1730" count="0" type="stmt"/>
        <line num="1731" count="0" type="stmt"/>
        <line num="1746" count="0" type="stmt"/>
        <line num="1747" count="0" type="stmt"/>
        <line num="1756" count="0" type="stmt"/>
        <line num="1757" count="0" type="stmt"/>
        <line num="1762" count="14" type="stmt"/>
        <line num="1763" count="0" type="stmt"/>
        <line num="1765" count="0" type="stmt"/>
        <line num="1773" count="0" type="stmt"/>
        <line num="1781" count="0" type="stmt"/>
        <line num="1789" count="0" type="stmt"/>
        <line num="1794" count="0" type="stmt"/>
        <line num="1801" count="0" type="stmt"/>
        <line num="1802" count="0" type="stmt"/>
        <line num="1807" count="14" type="cond" truecount="1" falsecount="1"/>
        <line num="1808" count="0" type="stmt"/>
        <line num="1809" count="0" type="stmt"/>
      </file>
    </package>
    <package name="backend.scripts">
      <metrics statements="1" coveredstatements="1" conditionals="0" coveredconditionals="0" methods="0" coveredmethods="0"/>
      <file name="package-compositions.js" path="/Users/ashleylin/term-group-project-c01s25-project-my-dormstore/backend/scripts/package-compositions.js">
        <metrics statements="1" coveredstatements="1" conditionals="0" coveredconditionals="0" methods="0" coveredmethods="0"/>
        <line num="3" count="14" type="stmt"/>
      </file>
    </package>
  </project>
</coverage>
