<?xml version="1.0" encoding="UTF-8"?>
<coverage generated="1754245751852" clover="3.2.0">
  <project timestamp="1754245751852" name="All files">
    <metrics statements="872" coveredstatements="714" conditionals="404" coveredconditionals="320" methods="75" coveredmethods="69" elements="1351" coveredelements="1103" complexity="0" loc="872" ncloc="872" packages="1" files="1" classes="1"/>
    <file name="server.js" path="/Users/ashleylin/term-group-project-c01s25-project-my-dormstore/backend/server.js">
      <metrics statements="872" coveredstatements="714" conditionals="404" coveredconditionals="320" methods="75" coveredmethods="69"/>
      <line num="9" count="23" type="stmt"/>
      <line num="10" count="23" type="stmt"/>
      <line num="11" count="23" type="cond" truecount="1" falsecount="1"/>
      <line num="14" count="23" type="stmt"/>
      <line num="20" count="23" type="stmt"/>
      <line num="25" count="23" type="stmt"/>
      <line num="26" count="23" type="stmt"/>
      <line num="34" count="1" type="stmt"/>
      <line num="37" count="23" type="stmt"/>
      <line num="41" count="106" type="stmt"/>
      <line num="42" count="106" type="cond" truecount="2" falsecount="0"/>
      <line num="44" count="106" type="cond" truecount="2" falsecount="0"/>
      <line num="45" count="6" type="stmt"/>
      <line num="48" count="100" type="stmt"/>
      <line num="49" count="100" type="cond" truecount="2" falsecount="0"/>
      <line num="50" count="2" type="stmt"/>
      <line num="52" count="98" type="stmt"/>
      <line num="53" count="98" type="stmt"/>
      <line num="58" count="23" type="stmt"/>
      <line num="59" count="22" type="stmt"/>
      <line num="64" count="23" type="stmt"/>
      <line num="65" count="13" type="stmt"/>
      <line num="66" count="13" type="stmt"/>
      <line num="69" count="13" type="cond" truecount="4" falsecount="0"/>
      <line num="70" count="1" type="stmt"/>
      <line num="75" count="12" type="stmt"/>
      <line num="76" count="12" type="stmt"/>
      <line num="81" count="10" type="stmt"/>
      <line num="82" count="10" type="stmt"/>
      <line num="84" count="2" type="stmt"/>
      <line num="89" count="23" type="stmt"/>
      <line num="90" count="5" type="stmt"/>
      <line num="91" count="5" type="stmt"/>
      <line num="94" count="5" type="cond" truecount="4" falsecount="0"/>
      <line num="95" count="1" type="stmt"/>
      <line num="100" count="4" type="stmt"/>
      <line num="101" count="3" type="stmt"/>
      <line num="103" count="3" type="cond" truecount="4" falsecount="0"/>
      <line num="104" count="2" type="stmt"/>
      <line num="106" count="2" type="stmt"/>
      <line num="108" count="1" type="stmt"/>
      <line num="111" count="1" type="stmt"/>
      <line num="115" count="23" type="stmt"/>
      <line num="116" count="7" type="stmt"/>
      <line num="117" count="7" type="stmt"/>
      <line num="118" count="7" type="stmt"/>
      <line num="123" count="6" type="cond" truecount="2" falsecount="0"/>
      <line num="124" count="1" type="stmt"/>
      <line num="127" count="5" type="stmt"/>
      <line num="129" count="1" type="stmt"/>
      <line num="130" count="1" type="stmt"/>
      <line num="135" count="23" type="stmt"/>
      <line num="136" count="9" type="stmt"/>
      <line num="137" count="9" type="stmt"/>
      <line num="138" count="9" type="cond" truecount="2" falsecount="0"/>
      <line num="140" count="9" type="cond" truecount="2" falsecount="0"/>
      <line num="142" count="8" type="stmt"/>
      <line num="143" count="8" type="stmt"/>
      <line num="144" count="8" type="stmt"/>
      <line num="147" count="8" type="stmt"/>
      <line num="153" count="6" type="stmt"/>
      <line num="154" count="6" type="stmt"/>
      <line num="156" count="6" type="stmt"/>
      <line num="157" count="5" type="stmt"/>
      <line num="160" count="5" type="cond" truecount="4" falsecount="0"/>
      <line num="161" count="1" type="stmt"/>
      <line num="165" count="1" type="stmt"/>
      <line num="166" count="4" type="cond" truecount="3" falsecount="1"/>
      <line num="168" count="4" type="stmt"/>
      <line num="175" count="5" type="cond" truecount="4" falsecount="0"/>
      <line num="176" count="1" type="stmt"/>
      <line num="177" count="1" type="stmt"/>
      <line num="181" count="1" type="stmt"/>
      <line num="184" count="4" type="stmt"/>
      <line num="186" count="4" type="cond" truecount="2" falsecount="0"/>
      <line num="188" count="1" type="stmt"/>
      <line num="189" count="1" type="stmt"/>
      <line num="191" count="3" type="cond" truecount="2" falsecount="0"/>
      <line num="193" count="1" type="stmt"/>
      <line num="197" count="1" type="stmt"/>
      <line num="198" count="1" type="stmt"/>
      <line num="202" count="1" type="stmt"/>
      <line num="205" count="2" type="stmt"/>
      <line num="209" count="6" type="stmt"/>
      <line num="215" count="2" type="stmt"/>
      <line num="222" count="1" type="stmt"/>
      <line num="228" count="0" type="stmt"/>
      <line num="229" count="0" type="stmt"/>
      <line num="235" count="23" type="stmt"/>
      <line num="236" count="20" type="stmt"/>
      <line num="237" count="20" type="cond" truecount="0" falsecount="1"/>
      <line num="238" count="20" type="stmt"/>
      <line num="240" count="20" type="stmt"/>
      <line num="241" count="20" type="cond" truecount="4" falsecount="0"/>
      <line num="242" count="1" type="stmt"/>
      <line num="244" count="19" type="cond" truecount="2" falsecount="0"/>
      <line num="245" count="1" type="stmt"/>
      <line num="249" count="18" type="cond" truecount="2" falsecount="0"/>
      <line num="251" count="6" type="stmt"/>
      <line num="256" count="6" type="cond" truecount="2" falsecount="0"/>
      <line num="257" count="1" type="stmt"/>
      <line num="260" count="5" type="stmt"/>
      <line num="261" count="5" type="cond" truecount="2" falsecount="0"/>
      <line num="262" count="1" type="stmt"/>
      <line num="269" count="12" type="cond" truecount="1" falsecount="1"/>
      <line num="271" count="12" type="stmt"/>
      <line num="276" count="12" type="cond" truecount="2" falsecount="0"/>
      <line num="277" count="2" type="stmt"/>
      <line num="280" count="10" type="stmt"/>
      <line num="281" count="10" type="cond" truecount="1" falsecount="1"/>
      <line num="282" count="0" type="stmt"/>
      <line num="293" count="14" type="cond" truecount="2" falsecount="0"/>
      <line num="295" count="4" type="stmt"/>
      <line num="296" count="4" type="stmt"/>
      <line num="298" count="4" type="cond" truecount="2" falsecount="0"/>
      <line num="299" count="2" type="stmt"/>
      <line num="300" count="2" type="stmt"/>
      <line num="302" count="2" type="cond" truecount="2" falsecount="0"/>
      <line num="303" count="1" type="stmt"/>
      <line num="304" count="1" type="stmt"/>
      <line num="306" count="1" type="stmt"/>
      <line num="308" count="2" type="cond" truecount="2" falsecount="0"/>
      <line num="309" count="1" type="stmt"/>
      <line num="310" count="1" type="stmt"/>
      <line num="312" count="1" type="stmt"/>
      <line num="315" count="4" type="stmt"/>
      <line num="316" count="4" type="cond" truecount="4" falsecount="0"/>
      <line num="319" count="10" type="stmt"/>
      <line num="320" count="10" type="stmt"/>
      <line num="322" count="10" type="cond" truecount="2" falsecount="0"/>
      <line num="323" count="1" type="stmt"/>
      <line num="324" count="1" type="stmt"/>
      <line num="326" count="1" type="cond" truecount="1" falsecount="1"/>
      <line num="327" count="0" type="stmt"/>
      <line num="328" count="0" type="stmt"/>
      <line num="330" count="1" type="stmt"/>
      <line num="332" count="9" type="cond" truecount="1" falsecount="1"/>
      <line num="333" count="0" type="stmt"/>
      <line num="334" count="0" type="stmt"/>
      <line num="336" count="9" type="stmt"/>
      <line num="339" count="10" type="stmt"/>
      <line num="340" count="10" type="cond" truecount="4" falsecount="0"/>
      <line num="343" count="14" type="stmt"/>
      <line num="345" count="14" type="cond" truecount="2" falsecount="0"/>
      <line num="347" count="1" type="stmt"/>
      <line num="351" count="1" type="cond" truecount="1" falsecount="1"/>
      <line num="352" count="0" type="stmt"/>
      <line num="356" count="0" type="stmt"/>
      <line num="358" count="1" type="stmt"/>
      <line num="362" count="1" type="stmt"/>
      <line num="366" count="1" type="cond" truecount="1" falsecount="1"/>
      <line num="367" count="0" type="stmt"/>
      <line num="377" count="1" type="stmt"/>
      <line num="382" count="1" type="stmt"/>
      <line num="387" count="13" type="stmt"/>
      <line num="388" count="13" type="stmt"/>
      <line num="395" count="0" type="stmt"/>
      <line num="396" count="0" type="stmt"/>
      <line num="402" count="23" type="stmt"/>
      <line num="403" count="3" type="stmt"/>
      <line num="404" count="3" type="stmt"/>
      <line num="405" count="3" type="stmt"/>
      <line num="406" count="3" type="stmt"/>
      <line num="409" count="3" type="cond" truecount="4" falsecount="0"/>
      <line num="410" count="1" type="stmt"/>
      <line num="414" count="2" type="cond" truecount="1" falsecount="1"/>
      <line num="415" count="0" type="stmt"/>
      <line num="416" count="0" type="stmt"/>
      <line num="423" count="2" type="stmt"/>
      <line num="428" count="2" type="cond" truecount="2" falsecount="0"/>
      <line num="429" count="1" type="stmt"/>
      <line num="432" count="1" type="stmt"/>
      <line num="436" count="1" type="cond" truecount="2" falsecount="2"/>
      <line num="437" count="0" type="stmt"/>
      <line num="442" count="0" type="cond" truecount="0" falsecount="2"/>
      <line num="443" count="0" type="stmt"/>
      <line num="446" count="0" type="stmt"/>
      <line num="447" count="1" type="cond" truecount="3" falsecount="1"/>
      <line num="448" count="1" type="stmt"/>
      <line num="453" count="1" type="cond" truecount="1" falsecount="1"/>
      <line num="454" count="0" type="stmt"/>
      <line num="457" count="1" type="stmt"/>
      <line num="459" count="0" type="stmt"/>
      <line num="463" count="1" type="cond" truecount="1" falsecount="1"/>
      <line num="464" count="0" type="stmt"/>
      <line num="472" count="1" type="stmt"/>
      <line num="476" count="1" type="cond" truecount="1" falsecount="1"/>
      <line num="477" count="0" type="stmt"/>
      <line num="480" count="1" type="stmt"/>
      <line num="485" count="0" type="stmt"/>
      <line num="486" count="0" type="stmt"/>
      <line num="491" count="23" type="stmt"/>
      <line num="492" count="2" type="stmt"/>
      <line num="493" count="2" type="stmt"/>
      <line num="494" count="2" type="stmt"/>
      <line num="496" count="2" type="stmt"/>
      <line num="500" count="2" type="cond" truecount="2" falsecount="0"/>
      <line num="501" count="1" type="stmt"/>
      <line num="503" count="1" type="stmt"/>
      <line num="508" count="0" type="stmt"/>
      <line num="509" count="0" type="stmt"/>
      <line num="513" count="23" type="stmt"/>
      <line num="514" count="2" type="stmt"/>
      <line num="515" count="2" type="stmt"/>
      <line num="517" count="2" type="stmt"/>
      <line num="522" count="1" type="stmt"/>
      <line num="528" count="1" type="stmt"/>
      <line num="529" count="1" type="stmt"/>
      <line num="534" count="23" type="stmt"/>
      <line num="535" count="9" type="stmt"/>
      <line num="536" count="9" type="stmt"/>
      <line num="537" count="9" type="cond" truecount="2" falsecount="0"/>
      <line num="538" count="9" type="cond" truecount="0" falsecount="1"/>
      <line num="540" count="9" type="cond" truecount="2" falsecount="0"/>
      <line num="541" count="1" type="stmt"/>
      <line num="543" count="8" type="cond" truecount="2" falsecount="0"/>
      <line num="544" count="1" type="stmt"/>
      <line num="547" count="7" type="cond" truecount="1" falsecount="1"/>
      <line num="549" count="7" type="stmt"/>
      <line num="550" count="7" type="stmt"/>
      <line num="551" count="6" type="stmt"/>
      <line num="554" count="6" type="stmt"/>
      <line num="559" count="6" type="cond" truecount="2" falsecount="0"/>
      <line num="561" count="4" type="stmt"/>
      <line num="562" count="4" type="stmt"/>
      <line num="567" count="4" type="stmt"/>
      <line num="572" count="2" type="stmt"/>
      <line num="577" count="2" type="stmt"/>
      <line num="584" count="1" type="stmt"/>
      <line num="588" count="0" type="stmt"/>
      <line num="598" count="0" type="stmt"/>
      <line num="599" count="0" type="stmt"/>
      <line num="604" count="23" type="stmt"/>
      <line num="605" count="2" type="stmt"/>
      <line num="606" count="2" type="stmt"/>
      <line num="607" count="2" type="stmt"/>
      <line num="608" count="2" type="stmt"/>
      <line num="610" count="2" type="cond" truecount="3" falsecount="1"/>
      <line num="611" count="0" type="stmt"/>
      <line num="614" count="2" type="stmt"/>
      <line num="618" count="1" type="cond" truecount="1" falsecount="1"/>
      <line num="619" count="0" type="stmt"/>
      <line num="622" count="1" type="stmt"/>
      <line num="627" count="1" type="stmt"/>
      <line num="628" count="1" type="stmt"/>
      <line num="633" count="23" type="stmt"/>
      <line num="634" count="2" type="stmt"/>
      <line num="635" count="2" type="stmt"/>
      <line num="636" count="2" type="stmt"/>
      <line num="638" count="2" type="stmt"/>
      <line num="642" count="1" type="cond" truecount="1" falsecount="1"/>
      <line num="643" count="0" type="stmt"/>
      <line num="645" count="1" type="stmt"/>
      <line num="650" count="1" type="stmt"/>
      <line num="651" count="1" type="stmt"/>
      <line num="656" count="23" type="stmt"/>
      <line num="657" count="1" type="stmt"/>
      <line num="658" count="1" type="stmt"/>
      <line num="660" count="1" type="stmt"/>
      <line num="665" count="0" type="stmt"/>
      <line num="671" count="1" type="stmt"/>
      <line num="672" count="1" type="stmt"/>
      <line num="677" count="23" type="stmt"/>
      <line num="678" count="8" type="stmt"/>
      <line num="679" count="8" type="stmt"/>
      <line num="681" count="8" type="cond" truecount="2" falsecount="0"/>
      <line num="686" count="2" type="stmt"/>
      <line num="689" count="6" type="stmt"/>
      <line num="690" count="6" type="cond" truecount="4" falsecount="0"/>
      <line num="691" count="2" type="stmt"/>
      <line num="692" count="2" type="stmt"/>
      <line num="694" count="2" type="stmt"/>
      <line num="695" count="2" type="cond" truecount="2" falsecount="0"/>
      <line num="696" count="1" type="stmt"/>
      <line num="699" count="1" type="stmt"/>
      <line num="700" count="1" type="stmt"/>
      <line num="703" count="5" type="cond" truecount="2" falsecount="0"/>
      <line num="704" count="1" type="stmt"/>
      <line num="706" count="4" type="cond" truecount="2" falsecount="0"/>
      <line num="707" count="2" type="stmt"/>
      <line num="708" count="2" type="stmt"/>
      <line num="710" count="4" type="cond" truecount="2" falsecount="0"/>
      <line num="711" count="1" type="stmt"/>
      <line num="713" count="4" type="cond" truecount="2" falsecount="0"/>
      <line num="714" count="1" type="stmt"/>
      <line num="716" count="4" type="cond" truecount="1" falsecount="1"/>
      <line num="717" count="0" type="stmt"/>
      <line num="719" count="4" type="cond" truecount="2" falsecount="0"/>
      <line num="720" count="2" type="stmt"/>
      <line num="722" count="4" type="cond" truecount="1" falsecount="1"/>
      <line num="723" count="0" type="stmt"/>
      <line num="725" count="4" type="cond" truecount="1" falsecount="1"/>
      <line num="726" count="0" type="stmt"/>
      <line num="728" count="4" type="cond" truecount="1" falsecount="1"/>
      <line num="729" count="0" type="stmt"/>
      <line num="731" count="4" type="cond" truecount="1" falsecount="1"/>
      <line num="732" count="0" type="stmt"/>
      <line num="734" count="4" type="cond" truecount="1" falsecount="1"/>
      <line num="735" count="0" type="stmt"/>
      <line num="738" count="4" type="stmt"/>
      <line num="740" count="1" type="stmt"/>
      <line num="741" count="1" type="stmt"/>
      <line num="746" count="23" type="stmt"/>
      <line num="747" count="3" type="stmt"/>
      <line num="749" count="3" type="cond" truecount="5" falsecount="0"/>
      <line num="750" count="1" type="stmt"/>
      <line num="753" count="2" type="stmt"/>
      <line num="754" count="2" type="stmt"/>
      <line num="758" count="1" type="stmt"/>
      <line num="760" count="1" type="stmt"/>
      <line num="761" count="1" type="stmt"/>
      <line num="765" count="23" type="stmt"/>
      <line num="766" count="3" type="stmt"/>
      <line num="768" count="3" type="cond" truecount="4" falsecount="0"/>
      <line num="769" count="1" type="stmt"/>
      <line num="772" count="2" type="stmt"/>
      <line num="773" count="2" type="stmt"/>
      <line num="778" count="1" type="stmt"/>
      <line num="780" count="1" type="stmt"/>
      <line num="781" count="1" type="stmt"/>
      <line num="785" count="23" type="stmt"/>
      <line num="786" count="2" type="stmt"/>
      <line num="787" count="2" type="stmt"/>
      <line num="799" count="1" type="stmt"/>
      <line num="801" count="1" type="stmt"/>
      <line num="802" count="1" type="stmt"/>
      <line num="806" count="23" type="stmt"/>
      <line num="807" count="3" type="stmt"/>
      <line num="808" count="3" type="cond" truecount="4" falsecount="0"/>
      <line num="809" count="1" type="stmt"/>
      <line num="812" count="2" type="stmt"/>
      <line num="813" count="2" type="stmt"/>
      <line num="817" count="1" type="stmt"/>
      <line num="819" count="1" type="stmt"/>
      <line num="820" count="1" type="stmt"/>
      <line num="824" count="23" type="stmt"/>
      <line num="825" count="7" type="stmt"/>
      <line num="827" count="7" type="cond" truecount="4" falsecount="0"/>
      <line num="828" count="1" type="stmt"/>
      <line num="831" count="6" type="stmt"/>
      <line num="832" count="6" type="stmt"/>
      <line num="838" count="5" type="cond" truecount="2" falsecount="0"/>
      <line num="839" count="3" type="stmt"/>
      <line num="841" count="2" type="stmt"/>
      <line num="844" count="1" type="stmt"/>
      <line num="845" count="1" type="stmt"/>
      <line num="851" count="23" type="stmt"/>
      <line num="852" count="3" type="stmt"/>
      <line num="853" count="3" type="stmt"/>
      <line num="856" count="3" type="cond" truecount="2" falsecount="0"/>
      <line num="857" count="1" type="stmt"/>
      <line num="858" count="1" type="stmt"/>
      <line num="861" count="2" type="stmt"/>
      <line num="863" count="2" type="stmt"/>
      <line num="866" count="3" type="stmt"/>
      <line num="867" count="2" type="stmt"/>
      <line num="869" count="1" type="stmt"/>
      <line num="870" count="1" type="stmt"/>
      <line num="875" count="23" type="stmt"/>
      <line num="876" count="3" type="stmt"/>
      <line num="877" count="3" type="stmt"/>
      <line num="878" count="3" type="stmt"/>
      <line num="883" count="2" type="cond" truecount="2" falsecount="0"/>
      <line num="884" count="1" type="stmt"/>
      <line num="887" count="1" type="stmt"/>
      <line num="889" count="1" type="stmt"/>
      <line num="890" count="1" type="stmt"/>
      <line num="895" count="23" type="stmt"/>
      <line num="896" count="2" type="stmt"/>
      <line num="897" count="2" type="stmt"/>
      <line num="900" count="1" type="stmt"/>
      <line num="902" count="1" type="stmt"/>
      <line num="903" count="1" type="stmt"/>
      <line num="908" count="23" type="stmt"/>
      <line num="909" count="3" type="stmt"/>
      <line num="910" count="3" type="stmt"/>
      <line num="911" count="3" type="stmt"/>
      <line num="916" count="2" type="cond" truecount="2" falsecount="0"/>
      <line num="917" count="1" type="stmt"/>
      <line num="920" count="1" type="stmt"/>
      <line num="922" count="1" type="stmt"/>
      <line num="923" count="1" type="stmt"/>
      <line num="928" count="23" type="stmt"/>
      <line num="929" count="3" type="stmt"/>
      <line num="930" count="3" type="stmt"/>
      <line num="933" count="3" type="stmt"/>
      <line num="938" count="3" type="cond" truecount="2" falsecount="0"/>
      <line num="939" count="1" type="stmt"/>
      <line num="943" count="2" type="stmt"/>
      <line num="951" count="2" type="stmt"/>
      <line num="954" count="2" type="cond" truecount="2" falsecount="0"/>
      <line num="955" count="1" type="stmt"/>
      <line num="956" count="1" type="stmt"/>
      <line num="958" count="1" type="cond" truecount="3" falsecount="1"/>
      <line num="959" count="2" type="stmt"/>
      <line num="972" count="2" type="stmt"/>
      <line num="977" count="2" type="stmt"/>
      <line num="979" count="0" type="stmt"/>
      <line num="980" count="0" type="stmt"/>
      <line num="985" count="23" type="stmt"/>
      <line num="986" count="3" type="stmt"/>
      <line num="988" count="3" type="cond" truecount="5" falsecount="0"/>
      <line num="989" count="1" type="stmt"/>
      <line num="992" count="2" type="stmt"/>
      <line num="993" count="2" type="stmt"/>
      <line num="998" count="1" type="stmt"/>
      <line num="1000" count="1" type="stmt"/>
      <line num="1001" count="1" type="stmt"/>
      <line num="1006" count="23" type="stmt"/>
      <line num="1007" count="2" type="stmt"/>
      <line num="1008" count="2" type="stmt"/>
      <line num="1011" count="2" type="stmt"/>
      <line num="1016" count="1" type="cond" truecount="1" falsecount="1"/>
      <line num="1018" count="1" type="stmt"/>
      <line num="1024" count="1" type="stmt"/>
      <line num="1029" count="1" type="stmt"/>
      <line num="1030" count="1" type="stmt"/>
      <line num="1035" count="23" type="stmt"/>
      <line num="1036" count="2" type="stmt"/>
      <line num="1037" count="2" type="stmt"/>
      <line num="1038" count="2" type="stmt"/>
      <line num="1040" count="2" type="cond" truecount="4" falsecount="0"/>
      <line num="1041" count="1" type="stmt"/>
      <line num="1044" count="1" type="stmt"/>
      <line num="1052" count="1" type="cond" truecount="1" falsecount="1"/>
      <line num="1054" count="0" type="stmt"/>
      <line num="1058" count="0" type="stmt"/>
      <line num="1064" count="1" type="stmt"/>
      <line num="1071" count="0" type="stmt"/>
      <line num="1072" count="0" type="stmt"/>
      <line num="1077" count="23" type="stmt"/>
      <line num="1078" count="7" type="stmt"/>
      <line num="1080" count="7" type="stmt"/>
      <line num="1081" count="7" type="stmt"/>
      <line num="1084" count="7" type="stmt"/>
      <line num="1085" count="7" type="cond" truecount="2" falsecount="0"/>
      <line num="1086" count="7" type="stmt"/>
      <line num="1088" count="7" type="cond" truecount="1" falsecount="1"/>
      <line num="1089" count="7" type="stmt"/>
      <line num="1090" count="7" type="stmt"/>
      <line num="1091" count="7" type="stmt"/>
      <line num="1094" count="0" type="stmt"/>
      <line num="1099" count="7" type="cond" truecount="1" falsecount="1"/>
      <line num="1101" count="0" type="stmt"/>
      <line num="1121" count="7" type="stmt"/>
      <line num="1124" count="7" type="cond" truecount="9" falsecount="0"/>
      <line num="1125" count="1" type="stmt"/>
      <line num="1129" count="6" type="cond" truecount="1" falsecount="1"/>
      <line num="1130" count="6" type="stmt"/>
      <line num="1135" count="6" type="cond" truecount="1" falsecount="1"/>
      <line num="1137" count="0" type="stmt"/>
      <line num="1141" count="0" type="stmt"/>
      <line num="1147" count="6" type="stmt"/>
      <line num="1149" count="6" type="cond" truecount="2" falsecount="0"/>
      <line num="1150" count="2" type="stmt"/>
      <line num="1159" count="0" type="stmt"/>
      <line num="1163" count="4" type="stmt"/>
      <line num="1166" count="4" type="stmt"/>
      <line num="1188" count="4" type="stmt"/>
      <line num="1189" count="4" type="stmt"/>
      <line num="1192" count="4" type="stmt"/>
      <line num="1194" count="4" type="cond" truecount="1" falsecount="1"/>
      <line num="1196" count="4" type="stmt"/>
      <line num="1207" count="4" type="stmt"/>
      <line num="1210" count="0" type="cond" truecount="0" falsecount="2"/>
      <line num="1211" count="0" type="stmt"/>
      <line num="1216" count="4" type="stmt"/>
      <line num="1217" count="1" type="cond" truecount="1" falsecount="1"/>
      <line num="1218" count="1" type="stmt"/>
      <line num="1220" count="1" type="cond" truecount="1" falsecount="1"/>
      <line num="1221" count="0" type="stmt"/>
      <line num="1224" count="1" type="stmt"/>
      <line num="1227" count="1" type="stmt"/>
      <line num="1238" count="1" type="stmt"/>
      <line num="1245" count="0" type="cond" truecount="0" falsecount="2"/>
      <line num="1246" count="0" type="stmt"/>
      <line num="1248" count="0" type="cond" truecount="0" falsecount="2"/>
      <line num="1249" count="0" type="stmt"/>
      <line num="1252" count="0" type="stmt"/>
      <line num="1255" count="0" type="stmt"/>
      <line num="1266" count="4" type="cond" truecount="2" falsecount="2"/>
      <line num="1267" count="0" type="stmt"/>
      <line num="1269" count="0" type="stmt"/>
      <line num="1281" count="4" type="cond" truecount="1" falsecount="1"/>
      <line num="1282" count="4" type="stmt"/>
      <line num="1292" count="4" type="stmt"/>
      <line num="1294" count="0" type="stmt"/>
      <line num="1297" count="4" type="stmt"/>
      <line num="1300" count="4" type="stmt"/>
      <line num="1312" count="4" type="cond" truecount="1" falsecount="1"/>
      <line num="1313" count="4" type="stmt"/>
      <line num="1318" count="4" type="stmt"/>
      <line num="1323" count="0" type="stmt"/>
      <line num="1326" count="4" type="stmt"/>
      <line num="1329" count="0" type="stmt"/>
      <line num="1330" count="0" type="stmt"/>
      <line num="1331" count="0" type="stmt"/>
      <line num="1332" count="0" type="stmt"/>
      <line num="1334" count="7" type="stmt"/>
      <line num="1339" count="23" type="stmt"/>
      <line num="1340" count="3" type="stmt"/>
      <line num="1341" count="3" type="stmt"/>
      <line num="1342" count="3" type="stmt"/>
      <line num="1344" count="3" type="stmt"/>
      <line num="1351" count="2" type="cond" truecount="2" falsecount="0"/>
      <line num="1352" count="1" type="stmt"/>
      <line num="1356" count="1" type="stmt"/>
      <line num="1358" count="1" type="stmt"/>
      <line num="1367" count="1" type="stmt"/>
      <line num="1369" count="1" type="stmt"/>
      <line num="1370" count="1" type="stmt"/>
      <line num="1394" count="23" type="stmt"/>
      <line num="1395" count="4" type="stmt"/>
      <line num="1396" count="4" type="stmt"/>
      <line num="1398" count="4" type="cond" truecount="7" falsecount="0"/>
      <line num="1399" count="1" type="stmt"/>
      <line num="1400" count="1" type="stmt"/>
      <line num="1403" count="3" type="cond" truecount="2" falsecount="0"/>
      <line num="1404" count="1" type="stmt"/>
      <line num="1405" count="1" type="stmt"/>
      <line num="1408" count="2" type="stmt"/>
      <line num="1409" count="2" type="stmt"/>
      <line num="1410" count="2" type="stmt"/>
      <line num="1412" count="2" type="stmt"/>
      <line num="1419" count="1" type="stmt"/>
      <line num="1421" count="1" type="stmt"/>
      <line num="1423" count="1" type="stmt"/>
      <line num="1424" count="1" type="stmt"/>
      <line num="1429" count="23" type="stmt"/>
      <line num="1430" count="10" type="stmt"/>
      <line num="1432" count="10" type="stmt"/>
      <line num="1433" count="10" type="stmt"/>
      <line num="1434" count="10" type="cond" truecount="2" falsecount="0"/>
      <line num="1435" count="1" type="stmt"/>
      <line num="1438" count="9" type="stmt"/>
      <line num="1439" count="9" type="cond" truecount="2" falsecount="0"/>
      <line num="1440" count="3" type="stmt"/>
      <line num="1443" count="6" type="stmt"/>
      <line num="1445" count="6" type="stmt"/>
      <line num="1447" count="0" type="stmt"/>
      <line num="1448" count="0" type="stmt"/>
      <line num="1452" count="23" type="stmt"/>
      <line num="1453" count="1" type="stmt"/>
      <line num="1454" count="1" type="cond" truecount="3" falsecount="1"/>
      <line num="1455" count="0" type="stmt"/>
      <line num="1458" count="1" type="stmt"/>
      <line num="1459" count="1" type="stmt"/>
      <line num="1463" count="1" type="stmt"/>
      <line num="1465" count="0" type="stmt"/>
      <line num="1466" count="0" type="stmt"/>
      <line num="1470" count="23" type="stmt"/>
      <line num="1471" count="4" type="stmt"/>
      <line num="1473" count="4" type="cond" truecount="1" falsecount="1"/>
      <line num="1474" count="0" type="stmt"/>
      <line num="1477" count="4" type="stmt"/>
      <line num="1478" count="4" type="stmt"/>
      <line num="1483" count="3" type="cond" truecount="2" falsecount="0"/>
      <line num="1484" count="1" type="stmt"/>
      <line num="1487" count="2" type="stmt"/>
      <line num="1489" count="2" type="stmt"/>
      <line num="1491" count="2" type="stmt"/>
      <line num="1498" count="2" type="stmt"/>
      <line num="1506" count="2" type="stmt"/>
      <line num="1508" count="2" type="stmt"/>
      <line num="1510" count="1" type="stmt"/>
      <line num="1511" count="1" type="stmt"/>
      <line num="1516" count="23" type="stmt"/>
      <line num="1517" count="1" type="stmt"/>
      <line num="1518" count="1" type="stmt"/>
      <line num="1519" count="1" type="stmt"/>
      <line num="1524" count="1" type="stmt"/>
      <line num="1526" count="0" type="stmt"/>
      <line num="1527" count="0" type="stmt"/>
      <line num="1532" count="23" type="stmt"/>
      <line num="1533" count="1" type="stmt"/>
      <line num="1534" count="1" type="stmt"/>
      <line num="1545" count="1" type="stmt"/>
      <line num="1547" count="0" type="stmt"/>
      <line num="1548" count="0" type="stmt"/>
      <line num="1552" count="23" type="stmt"/>
      <line num="1553" count="2" type="stmt"/>
      <line num="1554" count="2" type="stmt"/>
      <line num="1555" count="2" type="stmt"/>
      <line num="1556" count="2" type="stmt"/>
      <line num="1557" count="2" type="stmt"/>
      <line num="1561" count="2" type="cond" truecount="2" falsecount="0"/>
      <line num="1562" count="1" type="stmt"/>
      <line num="1563" count="1" type="stmt"/>
      <line num="1565" count="1" type="stmt"/>
      <line num="1566" count="1" type="stmt"/>
      <line num="1568" count="0" type="stmt"/>
      <line num="1569" count="0" type="stmt"/>
      <line num="1570" count="0" type="cond" truecount="0" falsecount="2"/>
      <line num="1576" count="23" type="stmt"/>
      <line num="1577" count="2" type="stmt"/>
      <line num="1578" count="2" type="stmt"/>
      <line num="1587" count="1" type="stmt"/>
      <line num="1589" count="1" type="stmt"/>
      <line num="1590" count="1" type="stmt"/>
      <line num="1595" count="23" type="stmt"/>
      <line num="1596" count="3" type="stmt"/>
      <line num="1597" count="3" type="stmt"/>
      <line num="1598" count="3" type="stmt"/>
      <line num="1602" count="2" type="cond" truecount="2" falsecount="0"/>
      <line num="1603" count="1" type="stmt"/>
      <line num="1605" count="1" type="stmt"/>
      <line num="1607" count="1" type="stmt"/>
      <line num="1608" count="1" type="stmt"/>
      <line num="1613" count="6" type="cond" truecount="2" falsecount="0"/>
      <line num="1614" count="6" type="stmt"/>
      <line num="1615" count="6" type="cond" truecount="2" falsecount="0"/>
      <line num="1617" count="6" type="stmt"/>
      <line num="1618" count="6" type="stmt"/>
      <line num="1625" count="6" type="cond" truecount="2" falsecount="0"/>
      <line num="1626" count="2" type="stmt"/>
      <line num="1629" count="6" type="stmt"/>
      <line num="1630" count="4" type="stmt"/>
      <line num="1632" count="0" type="stmt"/>
      <line num="1634" count="6" type="cond" truecount="2" falsecount="0"/>
      <line num="1639" count="23" type="stmt"/>
      <line num="1640" count="1" type="stmt"/>
      <line num="1641" count="1" type="stmt"/>
      <line num="1657" count="1" type="stmt"/>
      <line num="1659" count="0" type="stmt"/>
      <line num="1660" count="0" type="stmt"/>
      <line num="1665" count="23" type="stmt"/>
      <line num="1666" count="2" type="stmt"/>
      <line num="1667" count="2" type="stmt"/>
      <line num="1668" count="2" type="stmt"/>
      <line num="1669" count="2" type="stmt"/>
      <line num="1686" count="2" type="stmt"/>
      <line num="1688" count="0" type="stmt"/>
      <line num="1689" count="0" type="stmt"/>
      <line num="1696" count="23" type="stmt"/>
      <line num="1697" count="6" type="stmt"/>
      <line num="1699" count="6" type="stmt"/>
      <line num="1701" count="6" type="cond" truecount="4" falsecount="0"/>
      <line num="1703" count="3" type="stmt"/>
      <line num="1704" count="3" type="stmt"/>
      <line num="1706" count="1" type="stmt"/>
      <line num="1707" count="1" type="stmt"/>
      <line num="1709" count="1" type="stmt"/>
      <line num="1710" count="1" type="stmt"/>
      <line num="1712" count="1" type="stmt"/>
      <line num="1715" count="6" type="stmt"/>
      <line num="1725" count="5" type="stmt"/>
      <line num="1726" count="5" type="stmt"/>
      <line num="1733" count="1" type="stmt"/>
      <line num="1734" count="1" type="stmt"/>
      <line num="1739" count="23" type="stmt"/>
      <line num="1740" count="1" type="stmt"/>
      <line num="1741" count="1" type="stmt"/>
      <line num="1755" count="1" type="stmt"/>
      <line num="1756" count="7" type="stmt"/>
      <line num="1765" count="0" type="stmt"/>
      <line num="1766" count="0" type="stmt"/>
      <line num="1771" count="23" type="stmt"/>
      <line num="1772" count="1" type="stmt"/>
      <line num="1774" count="1" type="stmt"/>
      <line num="1782" count="1" type="stmt"/>
      <line num="1790" count="1" type="stmt"/>
      <line num="1798" count="1" type="stmt"/>
      <line num="1803" count="1" type="stmt"/>
      <line num="1810" count="0" type="stmt"/>
      <line num="1811" count="0" type="stmt"/>
      <line num="1816" count="2" type="stmt"/>
      <line num="1817" count="2" type="stmt"/>
      <line num="1818" count="2" type="stmt"/>
      <line num="1823" count="2" type="stmt"/>
      <line num="1824" count="1" type="stmt"/>
      <line num="1827" count="0" type="stmt"/>
      <line num="1829" count="2" type="stmt"/>
      <line num="1834" count="23" type="stmt"/>
      <line num="1835" count="3" type="stmt"/>
      <line num="1846" count="3" type="stmt"/>
      <line num="1848" count="3" type="stmt"/>
      <line num="1849" count="3" type="stmt"/>
      <line num="1866" count="3" type="cond" truecount="2" falsecount="0"/>
      <line num="1867" count="1" type="stmt"/>
      <line num="1870" count="2" type="stmt"/>
      <line num="1872" count="2" type="stmt"/>
      <line num="1874" count="0" type="stmt"/>
      <line num="1875" count="0" type="stmt"/>
      <line num="1881" count="23" type="stmt"/>
      <line num="1882" count="1" type="stmt"/>
      <line num="1883" count="1" type="stmt"/>
      <line num="1899" count="1" type="stmt"/>
      <line num="1901" count="0" type="stmt"/>
      <line num="1902" count="0" type="stmt"/>
      <line num="1906" count="23" type="stmt"/>
      <line num="1910" count="3" type="stmt"/>
      <line num="1912" count="3" type="cond" truecount="1" falsecount="1"/>
      <line num="1914" count="2" type="cond" truecount="3" falsecount="0"/>
      <line num="1915" count="2" type="stmt"/>
      <line num="1921" count="3" type="stmt"/>
      <line num="1922" count="3" type="stmt"/>
      <line num="1923" count="3" type="stmt"/>
      <line num="1924" count="3" type="stmt"/>
      <line num="1925" count="3" type="stmt"/>
      <line num="1947" count="3" type="stmt"/>
      <line num="1948" count="3" type="cond" truecount="2" falsecount="0"/>
      <line num="1949" count="2" type="stmt"/>
      <line num="1950" count="2" type="stmt"/>
      <line num="1957" count="2" type="stmt"/>
      <line num="1960" count="3" type="stmt"/>
      <line num="1961" count="3" type="stmt"/>
      <line num="1968" count="3" type="stmt"/>
      <line num="1971" count="0" type="stmt"/>
      <line num="1972" count="0" type="stmt"/>
      <line num="1973" count="0" type="stmt"/>
      <line num="1975" count="3" type="stmt"/>
      <line num="1981" count="23" type="stmt"/>
      <line num="1982" count="1" type="stmt"/>
      <line num="1983" count="1" type="stmt"/>
      <line num="1984" count="1" type="stmt"/>
      <line num="1991" count="1" type="stmt"/>
      <line num="1993" count="0" type="stmt"/>
      <line num="1994" count="0" type="stmt"/>
      <line num="1998" count="23" type="stmt"/>
      <line num="1999" count="2" type="stmt"/>
      <line num="2003" count="2" type="stmt"/>
      <line num="2004" count="2" type="cond" truecount="1" falsecount="1"/>
      <line num="2005" count="2" type="stmt"/>
      <line num="2006" count="2" type="cond" truecount="3" falsecount="0"/>
      <line num="2007" count="1" type="stmt"/>
      <line num="2012" count="2" type="stmt"/>
      <line num="2013" count="2" type="stmt"/>
      <line num="2014" count="2" type="stmt"/>
      <line num="2015" count="2" type="stmt"/>
      <line num="2033" count="1" type="cond" truecount="1" falsecount="1"/>
      <line num="2034" count="0" type="stmt"/>
      <line num="2035" count="0" type="stmt"/>
      <line num="2037" count="1" type="stmt"/>
      <line num="2038" count="1" type="stmt"/>
      <line num="2039" count="1" type="stmt"/>
      <line num="2045" count="1" type="stmt"/>
      <line num="2046" count="1" type="stmt"/>
      <line num="2048" count="1" type="stmt"/>
      <line num="2050" count="1" type="stmt"/>
      <line num="2051" count="1" type="stmt"/>
      <line num="2052" count="1" type="stmt"/>
      <line num="2054" count="2" type="stmt"/>
      <line num="2060" count="23" type="stmt"/>
      <line num="2061" count="1" type="stmt"/>
      <line num="2062" count="1" type="stmt"/>
      <line num="2063" count="1" type="stmt"/>
      <line num="2064" count="1" type="stmt"/>
      <line num="2068" count="1" type="cond" truecount="1" falsecount="1"/>
      <line num="2069" count="0" type="stmt"/>
      <line num="2071" count="1" type="stmt"/>
      <line num="2073" count="0" type="stmt"/>
      <line num="2074" count="0" type="stmt"/>
      <line num="2078" count="23" type="stmt"/>
      <line num="2079" count="5" type="stmt"/>
      <line num="2081" count="5" type="stmt"/>
      <line num="2086" count="5" type="cond" truecount="2" falsecount="0"/>
      <line num="2087" count="1" type="stmt"/>
      <line num="2088" count="1" type="cond" truecount="4" falsecount="1"/>
      <line num="2089" count="0" type="stmt"/>
      <line num="2091" count="1" type="stmt"/>
      <line num="2095" count="1" type="stmt"/>
      <line num="2098" count="4" type="stmt"/>
      <line num="2099" count="4" type="stmt"/>
      <line num="2103" count="4" type="stmt"/>
      <line num="2104" count="4" type="stmt"/>
      <line num="2106" count="4" type="stmt"/>
      <line num="2107" count="4" type="stmt"/>
      <line num="2108" count="4" type="stmt"/>
      <line num="2109" count="4" type="cond" truecount="1" falsecount="1"/>
      <line num="2110" count="0" type="stmt"/>
      <line num="2112" count="4" type="stmt"/>
      <line num="2113" count="4" type="cond" truecount="2" falsecount="0"/>
      <line num="2114" count="3" type="stmt"/>
      <line num="2115" count="3" type="cond" truecount="1" falsecount="1"/>
      <line num="2118" count="3" type="stmt"/>
      <line num="2122" count="3" type="stmt"/>
      <line num="2126" count="23" type="stmt"/>
      <line num="2127" count="4" type="stmt"/>
      <line num="2128" count="4" type="stmt"/>
      <line num="2129" count="4" type="stmt"/>
      <line num="2132" count="4" type="stmt"/>
      <line num="2135" count="4" type="cond" truecount="2" falsecount="0"/>
      <line num="2136" count="1" type="stmt"/>
      <line num="2138" count="3" type="stmt"/>
      <line num="2139" count="2" type="stmt"/>
      <line num="2141" count="3" type="stmt"/>
      <line num="2143" count="0" type="stmt"/>
      <line num="2144" count="0" type="stmt"/>
      <line num="2150" count="23" type="stmt"/>
      <line num="2151" count="1" type="stmt"/>
      <line num="2152" count="1" type="stmt"/>
      <line num="2153" count="1" type="stmt"/>
      <line num="2161" count="1" type="stmt"/>
      <line num="2162" count="1" type="stmt"/>
      <line num="2164" count="1" type="cond" truecount="2" falsecount="2"/>
      <line num="2165" count="0" type="stmt"/>
      <line num="2166" count="0" type="stmt"/>
      <line num="2169" count="1" type="cond" truecount="2" falsecount="2"/>
      <line num="2170" count="0" type="stmt"/>
      <line num="2182" count="0" type="stmt"/>
      <line num="2183" count="0" type="stmt"/>
      <line num="2185" count="1" type="stmt"/>
      <line num="2187" count="1" type="stmt"/>
      <line num="2188" count="1" type="stmt"/>
      <line num="2190" count="0" type="stmt"/>
      <line num="2191" count="0" type="stmt"/>
      <line num="2196" count="23" type="stmt"/>
      <line num="2197" count="0" type="stmt"/>
      <line num="2198" count="0" type="cond" truecount="0" falsecount="2"/>
      <line num="2200" count="0" type="stmt"/>
      <line num="2201" count="0" type="stmt"/>
      <line num="2205" count="0" type="cond" truecount="0" falsecount="2"/>
      <line num="2206" count="0" type="stmt"/>
      <line num="2208" count="0" type="stmt"/>
      <line num="2211" count="0" type="stmt"/>
      <line num="2218" count="0" type="stmt"/>
      <line num="2232" count="0" type="stmt"/>
      <line num="2238" count="0" type="stmt"/>
      <line num="2239" count="0" type="stmt"/>
      <line num="2245" count="23" type="stmt"/>
      <line num="2246" count="4" type="stmt"/>
      <line num="2247" count="4" type="cond" truecount="2" falsecount="0"/>
      <line num="2249" count="3" type="stmt"/>
      <line num="2250" count="3" type="stmt"/>
      <line num="2255" count="2" type="stmt"/>
      <line num="2257" count="1" type="stmt"/>
      <line num="2258" count="1" type="stmt"/>
      <line num="2263" count="23" type="stmt"/>
      <line num="2264" count="3" type="stmt"/>
      <line num="2265" count="3" type="stmt"/>
      <line num="2267" count="3" type="cond" truecount="4" falsecount="0"/>
      <line num="2268" count="1" type="stmt"/>
      <line num="2271" count="2" type="stmt"/>
      <line num="2272" count="2" type="stmt"/>
      <line num="2276" count="1" type="stmt"/>
      <line num="2278" count="1" type="stmt"/>
      <line num="2279" count="1" type="stmt"/>
      <line num="2283" count="23" type="stmt"/>
      <line num="2284" count="0" type="stmt"/>
      <line num="2286" count="0" type="stmt"/>
      <line num="2288" count="0" type="cond" truecount="0" falsecount="4"/>
      <line num="2290" count="0" type="stmt"/>
      <line num="2291" count="0" type="stmt"/>
      <line num="2293" count="0" type="stmt"/>
      <line num="2294" count="0" type="stmt"/>
      <line num="2296" count="0" type="stmt"/>
      <line num="2297" count="0" type="stmt"/>
      <line num="2299" count="0" type="stmt"/>
      <line num="2302" count="0" type="stmt"/>
      <line num="2312" count="0" type="stmt"/>
      <line num="2313" count="0" type="stmt"/>
      <line num="2320" count="0" type="stmt"/>
      <line num="2321" count="0" type="stmt"/>
      <line num="2326" count="23" type="stmt"/>
      <line num="2327" count="0" type="stmt"/>
      <line num="2328" count="0" type="stmt"/>
      <line num="2343" count="0" type="stmt"/>
      <line num="2344" count="0" type="stmt"/>
      <line num="2353" count="0" type="stmt"/>
      <line num="2354" count="0" type="stmt"/>
      <line num="2359" count="23" type="stmt"/>
      <line num="2360" count="0" type="stmt"/>
      <line num="2362" count="0" type="stmt"/>
      <line num="2370" count="0" type="stmt"/>
      <line num="2378" count="0" type="stmt"/>
      <line num="2386" count="0" type="stmt"/>
      <line num="2391" count="0" type="stmt"/>
      <line num="2398" count="0" type="stmt"/>
      <line num="2399" count="0" type="stmt"/>
      <line num="2404" count="23" type="cond" truecount="1" falsecount="1"/>
      <line num="2405" count="0" type="stmt"/>
      <line num="2406" count="0" type="stmt"/>
    </file>
  </project>
</coverage>
