{"/Users/ashleylin/term-group-project-c01s25-project-my-dormstore/backend/server.js": {"path":"/Users/ashleylin/term-group-project-c01s25-project-my-dormstore/backend/server.js","statementMap":{"0":{"start":{"line":9,"column":17},"end":{"line":9,"column":19}},"1":{"start":{"line":10,"column":12},"end":{"line":10,"column":21}},"2":{"start":{"line":11,"column":13},"end":{"line":11,"column":37}},"3":{"start":{"line":14,"column":0},"end":{"line":17,"column":4}},"4":{"start":{"line":20,"column":0},"end":{"line":20,"column":24}},"5":{"start":{"line":25,"column":2},"end":{"line":35,"column":3}},"6":{"start":{"line":26,"column":4},"end":{"line":32,"column":7}},"7":{"start":{"line":34,"column":4},"end":{"line":34,"column":60}},"8":{"start":{"line":37,"column":0},"end":{"line":37,"column":14}},"9":{"start":{"line":40,"column":21},"end":{"line":40,"column":49}},"10":{"start":{"line":41,"column":16},"end":{"line":41,"column":54}},"11":{"start":{"line":43,"column":2},"end":{"line":45,"column":3}},"12":{"start":{"line":44,"column":4},"end":{"line":44,"column":60}},"13":{"start":{"line":47,"column":2},"end":{"line":53,"column":5}},"14":{"start":{"line":48,"column":4},"end":{"line":50,"column":5}},"15":{"start":{"line":49,"column":6},"end":{"line":49,"column":62}},"16":{"start":{"line":51,"column":4},"end":{"line":51,"column":20}},"17":{"start":{"line":52,"column":4},"end":{"line":52,"column":11}},"18":{"start":{"line":57,"column":0},"end":{"line":59,"column":3}},"19":{"start":{"line":58,"column":4},"end":{"line":58,"column":65}},"20":{"start":{"line":63,"column":0},"end":{"line":85,"column":5}},"21":{"start":{"line":64,"column":4},"end":{"line":84,"column":5}},"22":{"start":{"line":65,"column":36},"end":{"line":65,"column":44}},"23":{"start":{"line":68,"column":8},"end":{"line":72,"column":9}},"24":{"start":{"line":69,"column":12},"end":{"line":71,"column":76}},"25":{"start":{"line":74,"column":31},"end":{"line":74,"column":62}},"26":{"start":{"line":75,"column":23},"end":{"line":78,"column":9}},"27":{"start":{"line":80,"column":22},"end":{"line":80,"column":96}},"28":{"start":{"line":81,"column":8},"end":{"line":81,"column":83}},"29":{"start":{"line":83,"column":8},"end":{"line":83,"column":55}},"30":{"start":{"line":88,"column":0},"end":{"line":112,"column":5}},"31":{"start":{"line":89,"column":4},"end":{"line":111,"column":5}},"32":{"start":{"line":90,"column":34},"end":{"line":90,"column":42}},"33":{"start":{"line":93,"column":6},"end":{"line":97,"column":7}},"34":{"start":{"line":94,"column":8},"end":{"line":96,"column":71}},"35":{"start":{"line":99,"column":21},"end":{"line":99,"column":86}},"36":{"start":{"line":100,"column":19},"end":{"line":100,"column":33}},"37":{"start":{"line":102,"column":6},"end":{"line":108,"column":7}},"38":{"start":{"line":103,"column":22},"end":{"line":103,"column":87}},"39":{"start":{"line":105,"column":8},"end":{"line":105,"column":76}},"40":{"start":{"line":107,"column":8},"end":{"line":107,"column":66}},"41":{"start":{"line":110,"column":6},"end":{"line":110,"column":53}},"42":{"start":{"line":114,"column":2},"end":{"line":131,"column":5}},"43":{"start":{"line":115,"column":4},"end":{"line":130,"column":5}},"44":{"start":{"line":116,"column":21},"end":{"line":116,"column":36}},"45":{"start":{"line":117,"column":21},"end":{"line":120,"column":7}},"46":{"start":{"line":122,"column":6},"end":{"line":124,"column":7}},"47":{"start":{"line":123,"column":8},"end":{"line":123,"column":65}},"48":{"start":{"line":126,"column":6},"end":{"line":126,"column":31}},"49":{"start":{"line":128,"column":6},"end":{"line":128,"column":25}},"50":{"start":{"line":129,"column":6},"end":{"line":129,"column":62}},"51":{"start":{"line":134,"column":0},"end":{"line":146,"column":3}},"52":{"start":{"line":135,"column":2},"end":{"line":145,"column":3}},"53":{"start":{"line":136,"column":19},"end":{"line":136,"column":34}},"54":{"start":{"line":137,"column":19},"end":{"line":140,"column":5}},"55":{"start":{"line":141,"column":4},"end":{"line":141,"column":41}},"56":{"start":{"line":143,"column":4},"end":{"line":143,"column":25}},"57":{"start":{"line":144,"column":4},"end":{"line":144,"column":69}},"58":{"start":{"line":149,"column":0},"end":{"line":211,"column":3}},"59":{"start":{"line":150,"column":2},"end":{"line":210,"column":3}},"60":{"start":{"line":151,"column":19},"end":{"line":151,"column":34}},"61":{"start":{"line":152,"column":72},"end":{"line":152,"column":80}},"62":{"start":{"line":154,"column":4},"end":{"line":156,"column":5}},"63":{"start":{"line":155,"column":6},"end":{"line":155,"column":71}},"64":{"start":{"line":157,"column":4},"end":{"line":159,"column":5}},"65":{"start":{"line":158,"column":6},"end":{"line":158,"column":76}},"66":{"start":{"line":162,"column":28},"end":{"line":162,"column":104}},"67":{"start":{"line":163,"column":22},"end":{"line":163,"column":42}},"68":{"start":{"line":165,"column":4},"end":{"line":180,"column":5}},"69":{"start":{"line":166,"column":6},"end":{"line":166,"column":53}},"70":{"start":{"line":167,"column":6},"end":{"line":167,"column":38}},"71":{"start":{"line":169,"column":6},"end":{"line":174,"column":7}},"72":{"start":{"line":170,"column":8},"end":{"line":170,"column":56}},"73":{"start":{"line":171,"column":8},"end":{"line":171,"column":41}},"74":{"start":{"line":173,"column":8},"end":{"line":173,"column":59}},"75":{"start":{"line":175,"column":11},"end":{"line":180,"column":5}},"76":{"start":{"line":176,"column":6},"end":{"line":176,"column":80}},"77":{"start":{"line":177,"column":6},"end":{"line":177,"column":39}},"78":{"start":{"line":179,"column":6},"end":{"line":179,"column":83}},"79":{"start":{"line":182,"column":25},"end":{"line":182,"column":73}},"80":{"start":{"line":184,"column":4},"end":{"line":206,"column":5}},"81":{"start":{"line":186,"column":26},"end":{"line":186,"column":66}},"82":{"start":{"line":187,"column":21},"end":{"line":190,"column":7}},"83":{"start":{"line":192,"column":6},"end":{"line":195,"column":9}},"84":{"start":{"line":197,"column":21},"end":{"line":200,"column":7}},"85":{"start":{"line":202,"column":6},"end":{"line":205,"column":9}},"86":{"start":{"line":208,"column":4},"end":{"line":208,"column":25}},"87":{"start":{"line":209,"column":4},"end":{"line":209,"column":66}},"88":{"start":{"line":214,"column":0},"end":{"line":241,"column":3}},"89":{"start":{"line":215,"column":2},"end":{"line":240,"column":3}},"90":{"start":{"line":216,"column":19},"end":{"line":216,"column":34}},"91":{"start":{"line":217,"column":19},"end":{"line":217,"column":46}},"92":{"start":{"line":218,"column":25},"end":{"line":218,"column":33}},"93":{"start":{"line":221,"column":4},"end":{"line":223,"column":5}},"94":{"start":{"line":222,"column":6},"end":{"line":222,"column":76}},"95":{"start":{"line":225,"column":19},"end":{"line":228,"column":5}},"96":{"start":{"line":229,"column":4},"end":{"line":231,"column":5}},"97":{"start":{"line":230,"column":6},"end":{"line":230,"column":86}},"98":{"start":{"line":233,"column":4},"end":{"line":236,"column":7}},"99":{"start":{"line":238,"column":4},"end":{"line":238,"column":25}},"100":{"start":{"line":239,"column":4},"end":{"line":239,"column":66}},"101":{"start":{"line":244,"column":0},"end":{"line":264,"column":3}},"102":{"start":{"line":245,"column":2},"end":{"line":263,"column":3}},"103":{"start":{"line":246,"column":19},"end":{"line":246,"column":34}},"104":{"start":{"line":247,"column":19},"end":{"line":247,"column":46}},"105":{"start":{"line":249,"column":19},"end":{"line":252,"column":5}},"106":{"start":{"line":253,"column":4},"end":{"line":255,"column":5}},"107":{"start":{"line":254,"column":6},"end":{"line":254,"column":86}},"108":{"start":{"line":256,"column":4},"end":{"line":259,"column":7}},"109":{"start":{"line":261,"column":4},"end":{"line":261,"column":25}},"110":{"start":{"line":262,"column":4},"end":{"line":262,"column":66}},"111":{"start":{"line":266,"column":0},"end":{"line":284,"column":3}},"112":{"start":{"line":267,"column":2},"end":{"line":283,"column":3}},"113":{"start":{"line":268,"column":19},"end":{"line":268,"column":34}},"114":{"start":{"line":270,"column":19},"end":{"line":273,"column":5}},"115":{"start":{"line":275,"column":4},"end":{"line":279,"column":7}},"116":{"start":{"line":281,"column":4},"end":{"line":281,"column":25}},"117":{"start":{"line":282,"column":4},"end":{"line":282,"column":60}},"118":{"start":{"line":287,"column":2},"end":{"line":345,"column":5}},"119":{"start":{"line":288,"column":131},"end":{"line":288,"column":139}},"120":{"start":{"line":289,"column":19},"end":{"line":289,"column":34}},"121":{"start":{"line":291,"column":4},"end":{"line":344,"column":5}},"122":{"start":{"line":292,"column":6},"end":{"line":303,"column":7}},"123":{"start":{"line":293,"column":27},"end":{"line":293,"column":97}},"124":{"start":{"line":294,"column":21},"end":{"line":294,"column":39}},"125":{"start":{"line":296,"column":24},"end":{"line":296,"column":76}},"126":{"start":{"line":297,"column":8},"end":{"line":299,"column":9}},"127":{"start":{"line":298,"column":10},"end":{"line":298,"column":100}},"128":{"start":{"line":301,"column":23},"end":{"line":301,"column":54}},"129":{"start":{"line":302,"column":8},"end":{"line":302,"column":91}},"130":{"start":{"line":305,"column":6},"end":{"line":307,"column":7}},"131":{"start":{"line":306,"column":8},"end":{"line":306,"column":87}},"132":{"start":{"line":308,"column":6},"end":{"line":311,"column":7}},"133":{"start":{"line":309,"column":23},"end":{"line":309,"column":54}},"134":{"start":{"line":310,"column":8},"end":{"line":310,"column":91}},"135":{"start":{"line":312,"column":6},"end":{"line":314,"column":7}},"136":{"start":{"line":313,"column":8},"end":{"line":313,"column":85}},"137":{"start":{"line":315,"column":6},"end":{"line":317,"column":7}},"138":{"start":{"line":316,"column":8},"end":{"line":316,"column":97}},"139":{"start":{"line":318,"column":6},"end":{"line":320,"column":7}},"140":{"start":{"line":319,"column":8},"end":{"line":319,"column":95}},"141":{"start":{"line":321,"column":6},"end":{"line":323,"column":7}},"142":{"start":{"line":322,"column":8},"end":{"line":322,"column":89}},"143":{"start":{"line":324,"column":6},"end":{"line":326,"column":7}},"144":{"start":{"line":325,"column":8},"end":{"line":325,"column":87}},"145":{"start":{"line":327,"column":6},"end":{"line":329,"column":7}},"146":{"start":{"line":328,"column":8},"end":{"line":328,"column":91}},"147":{"start":{"line":330,"column":6},"end":{"line":332,"column":7}},"148":{"start":{"line":331,"column":8},"end":{"line":331,"column":85}},"149":{"start":{"line":333,"column":6},"end":{"line":335,"column":7}},"150":{"start":{"line":334,"column":8},"end":{"line":334,"column":93}},"151":{"start":{"line":336,"column":6},"end":{"line":338,"column":7}},"152":{"start":{"line":337,"column":8},"end":{"line":337,"column":99}},"153":{"start":{"line":340,"column":6},"end":{"line":340,"column":72}},"154":{"start":{"line":342,"column":6},"end":{"line":342,"column":27}},"155":{"start":{"line":343,"column":6},"end":{"line":343,"column":63}},"156":{"start":{"line":348,"column":2},"end":{"line":365,"column":5}},"157":{"start":{"line":349,"column":43},"end":{"line":349,"column":51}},"158":{"start":{"line":351,"column":4},"end":{"line":353,"column":5}},"159":{"start":{"line":352,"column":6},"end":{"line":352,"column":72}},"160":{"start":{"line":355,"column":4},"end":{"line":364,"column":5}},"161":{"start":{"line":356,"column":6},"end":{"line":359,"column":8}},"162":{"start":{"line":360,"column":6},"end":{"line":360,"column":56}},"163":{"start":{"line":362,"column":6},"end":{"line":362,"column":51}},"164":{"start":{"line":363,"column":6},"end":{"line":363,"column":56}},"165":{"start":{"line":367,"column":2},"end":{"line":385,"column":5}},"166":{"start":{"line":368,"column":35},"end":{"line":368,"column":44}},"167":{"start":{"line":370,"column":4},"end":{"line":372,"column":5}},"168":{"start":{"line":371,"column":6},"end":{"line":371,"column":78}},"169":{"start":{"line":374,"column":4},"end":{"line":384,"column":5}},"170":{"start":{"line":375,"column":21},"end":{"line":378,"column":7}},"171":{"start":{"line":380,"column":6},"end":{"line":380,"column":41}},"172":{"start":{"line":382,"column":6},"end":{"line":382,"column":50}},"173":{"start":{"line":383,"column":6},"end":{"line":383,"column":65}},"174":{"start":{"line":387,"column":2},"end":{"line":406,"column":5}},"175":{"start":{"line":388,"column":4},"end":{"line":405,"column":5}},"176":{"start":{"line":389,"column":21},"end":{"line":399,"column":7}},"177":{"start":{"line":401,"column":6},"end":{"line":401,"column":38}},"178":{"start":{"line":403,"column":6},"end":{"line":403,"column":50}},"179":{"start":{"line":404,"column":6},"end":{"line":404,"column":71}},"180":{"start":{"line":408,"column":2},"end":{"line":424,"column":5}},"181":{"start":{"line":409,"column":27},"end":{"line":409,"column":35}},"182":{"start":{"line":410,"column":4},"end":{"line":412,"column":5}},"183":{"start":{"line":411,"column":6},"end":{"line":411,"column":69}},"184":{"start":{"line":414,"column":4},"end":{"line":423,"column":5}},"185":{"start":{"line":415,"column":6},"end":{"line":418,"column":8}},"186":{"start":{"line":419,"column":6},"end":{"line":419,"column":66}},"187":{"start":{"line":421,"column":6},"end":{"line":421,"column":49}},"188":{"start":{"line":422,"column":6},"end":{"line":422,"column":65}},"189":{"start":{"line":426,"column":2},"end":{"line":449,"column":5}},"190":{"start":{"line":427,"column":42},"end":{"line":427,"column":51}},"191":{"start":{"line":429,"column":4},"end":{"line":431,"column":5}},"192":{"start":{"line":430,"column":6},"end":{"line":430,"column":102}},"193":{"start":{"line":433,"column":4},"end":{"line":448,"column":5}},"194":{"start":{"line":434,"column":21},"end":{"line":438,"column":7}},"195":{"start":{"line":440,"column":6},"end":{"line":444,"column":7}},"196":{"start":{"line":441,"column":8},"end":{"line":441,"column":70}},"197":{"start":{"line":443,"column":8},"end":{"line":443,"column":77}},"198":{"start":{"line":446,"column":6},"end":{"line":446,"column":44}},"199":{"start":{"line":447,"column":6},"end":{"line":447,"column":70}},"200":{"start":{"line":453,"column":0},"end":{"line":472,"column":3}},"201":{"start":{"line":454,"column":2},"end":{"line":471,"column":3}},"202":{"start":{"line":455,"column":25},"end":{"line":455,"column":34}},"203":{"start":{"line":458,"column":4},"end":{"line":464,"column":5}},"204":{"start":{"line":459,"column":6},"end":{"line":459,"column":166}},"205":{"start":{"line":460,"column":6},"end":{"line":460,"column":26}},"206":{"start":{"line":462,"column":6},"end":{"line":462,"column":146}},"207":{"start":{"line":463,"column":6},"end":{"line":463,"column":18}},"208":{"start":{"line":466,"column":19},"end":{"line":466,"column":50}},"209":{"start":{"line":467,"column":4},"end":{"line":467,"column":40}},"210":{"start":{"line":469,"column":4},"end":{"line":469,"column":53}},"211":{"start":{"line":470,"column":4},"end":{"line":470,"column":64}},"212":{"start":{"line":475,"column":0},"end":{"line":492,"column":3}},"213":{"start":{"line":476,"column":2},"end":{"line":491,"column":3}},"214":{"start":{"line":477,"column":22},"end":{"line":477,"column":45}},"215":{"start":{"line":478,"column":19},"end":{"line":481,"column":5}},"216":{"start":{"line":483,"column":4},"end":{"line":485,"column":5}},"217":{"start":{"line":484,"column":6},"end":{"line":484,"column":66}},"218":{"start":{"line":487,"column":4},"end":{"line":487,"column":42}},"219":{"start":{"line":489,"column":4},"end":{"line":489,"column":52}},"220":{"start":{"line":490,"column":4},"end":{"line":490,"column":63}},"221":{"start":{"line":495,"column":0},"end":{"line":505,"column":3}},"222":{"start":{"line":496,"column":2},"end":{"line":504,"column":3}},"223":{"start":{"line":497,"column":19},"end":{"line":499,"column":5}},"224":{"start":{"line":500,"column":4},"end":{"line":500,"column":40}},"225":{"start":{"line":502,"column":4},"end":{"line":502,"column":53}},"226":{"start":{"line":503,"column":4},"end":{"line":503,"column":64}},"227":{"start":{"line":508,"column":0},"end":{"line":525,"column":3}},"228":{"start":{"line":509,"column":2},"end":{"line":524,"column":3}},"229":{"start":{"line":510,"column":22},"end":{"line":510,"column":45}},"230":{"start":{"line":511,"column":19},"end":{"line":514,"column":5}},"231":{"start":{"line":516,"column":4},"end":{"line":518,"column":5}},"232":{"start":{"line":517,"column":6},"end":{"line":517,"column":66}},"233":{"start":{"line":520,"column":4},"end":{"line":520,"column":29}},"234":{"start":{"line":522,"column":4},"end":{"line":522,"column":52}},"235":{"start":{"line":523,"column":4},"end":{"line":523,"column":63}},"236":{"start":{"line":528,"column":0},"end":{"line":582,"column":3}},"237":{"start":{"line":529,"column":2},"end":{"line":581,"column":3}},"238":{"start":{"line":530,"column":22},"end":{"line":530,"column":45}},"239":{"start":{"line":533,"column":26},"end":{"line":536,"column":5}},"240":{"start":{"line":538,"column":4},"end":{"line":540,"column":5}},"241":{"start":{"line":539,"column":6},"end":{"line":539,"column":66}},"242":{"start":{"line":543,"column":27},"end":{"line":549,"column":19}},"243":{"start":{"line":551,"column":27},"end":{"line":551,"column":46}},"244":{"start":{"line":554,"column":4},"end":{"line":570,"column":5}},"245":{"start":{"line":555,"column":26},"end":{"line":555,"column":52}},"246":{"start":{"line":556,"column":26},"end":{"line":556,"column":92}},"247":{"start":{"line":556,"column":59},"end":{"line":556,"column":91}},"248":{"start":{"line":558,"column":6},"end":{"line":569,"column":7}},"249":{"start":{"line":559,"column":8},"end":{"line":568,"column":12}},"250":{"start":{"line":559,"column":73},"end":{"line":568,"column":9}},"251":{"start":{"line":572,"column":24},"end":{"line":575,"column":5}},"252":{"start":{"line":577,"column":4},"end":{"line":577,"column":39}},"253":{"start":{"line":579,"column":4},"end":{"line":579,"column":60}},"254":{"start":{"line":580,"column":4},"end":{"line":580,"column":71}},"255":{"start":{"line":585,"column":2},"end":{"line":603,"column":3}},"256":{"start":{"line":586,"column":42},"end":{"line":586,"column":50}},"257":{"start":{"line":588,"column":2},"end":{"line":590,"column":3}},"258":{"start":{"line":589,"column":4},"end":{"line":589,"column":70}},"259":{"start":{"line":592,"column":2},"end":{"line":602,"column":3}},"260":{"start":{"line":593,"column":19},"end":{"line":596,"column":5}},"261":{"start":{"line":598,"column":4},"end":{"line":598,"column":81}},"262":{"start":{"line":600,"column":4},"end":{"line":600,"column":56}},"263":{"start":{"line":601,"column":4},"end":{"line":601,"column":54}},"264":{"start":{"line":606,"column":0},"end":{"line":632,"column":3}},"265":{"start":{"line":607,"column":2},"end":{"line":631,"column":3}},"266":{"start":{"line":608,"column":19},"end":{"line":608,"column":34}},"267":{"start":{"line":611,"column":17},"end":{"line":614,"column":5}},"268":{"start":{"line":616,"column":4},"end":{"line":622,"column":5}},"269":{"start":{"line":618,"column":6},"end":{"line":621,"column":8}},"270":{"start":{"line":624,"column":4},"end":{"line":627,"column":7}},"271":{"start":{"line":629,"column":4},"end":{"line":629,"column":57}},"272":{"start":{"line":630,"column":4},"end":{"line":630,"column":63}},"273":{"start":{"line":635,"column":0},"end":{"line":674,"column":3}},"274":{"start":{"line":636,"column":2},"end":{"line":673,"column":3}},"275":{"start":{"line":637,"column":19},"end":{"line":637,"column":34}},"276":{"start":{"line":638,"column":23},"end":{"line":638,"column":31}},"277":{"start":{"line":640,"column":4},"end":{"line":642,"column":5}},"278":{"start":{"line":641,"column":6},"end":{"line":641,"column":63}},"279":{"start":{"line":644,"column":19},"end":{"line":650,"column":5}},"280":{"start":{"line":652,"column":4},"end":{"line":669,"column":5}},"281":{"start":{"line":654,"column":6},"end":{"line":657,"column":8}},"282":{"start":{"line":658,"column":6},"end":{"line":662,"column":9}},"283":{"start":{"line":664,"column":6},"end":{"line":668,"column":9}},"284":{"start":{"line":671,"column":4},"end":{"line":671,"column":52}},"285":{"start":{"line":672,"column":4},"end":{"line":672,"column":64}},"286":{"start":{"line":677,"column":0},"end":{"line":830,"column":3}},"287":{"start":{"line":678,"column":17},"end":{"line":678,"column":37}},"288":{"start":{"line":680,"column":2},"end":{"line":829,"column":3}},"289":{"start":{"line":681,"column":4},"end":{"line":681,"column":32}},"290":{"start":{"line":683,"column":19},"end":{"line":683,"column":34}},"291":{"start":{"line":702,"column":8},"end":{"line":702,"column":16}},"292":{"start":{"line":705,"column":4},"end":{"line":707,"column":5}},"293":{"start":{"line":706,"column":6},"end":{"line":706,"column":72}},"294":{"start":{"line":710,"column":24},"end":{"line":713,"column":5}},"295":{"start":{"line":715,"column":4},"end":{"line":725,"column":5}},"296":{"start":{"line":717,"column":6},"end":{"line":720,"column":8}},"297":{"start":{"line":721,"column":6},"end":{"line":724,"column":8}},"298":{"start":{"line":727,"column":27},"end":{"line":727,"column":68}},"299":{"start":{"line":729,"column":4},"end":{"line":736,"column":5}},"300":{"start":{"line":730,"column":6},"end":{"line":735,"column":9}},"301":{"start":{"line":739,"column":24},"end":{"line":739,"column":79}},"302":{"start":{"line":742,"column":24},"end":{"line":762,"column":5}},"303":{"start":{"line":764,"column":20},"end":{"line":764,"column":42}},"304":{"start":{"line":765,"column":33},"end":{"line":765,"column":65}},"305":{"start":{"line":768,"column":23},"end":{"line":771,"column":5}},"306":{"start":{"line":774,"column":4},"end":{"line":784,"column":5}},"307":{"start":{"line":775,"column":6},"end":{"line":783,"column":8}},"308":{"start":{"line":787,"column":4},"end":{"line":794,"column":6}},"309":{"start":{"line":797,"column":4},"end":{"line":797,"column":78}},"310":{"start":{"line":799,"column":4},"end":{"line":799,"column":33}},"311":{"start":{"line":802,"column":33},"end":{"line":805,"column":5}},"312":{"start":{"line":807,"column":4},"end":{"line":820,"column":7}},"313":{"start":{"line":823,"column":4},"end":{"line":823,"column":35}},"314":{"start":{"line":824,"column":4},"end":{"line":824,"column":50}},"315":{"start":{"line":825,"column":4},"end":{"line":825,"column":45}},"316":{"start":{"line":826,"column":4},"end":{"line":826,"column":62}},"317":{"start":{"line":828,"column":4},"end":{"line":828,"column":21}},"318":{"start":{"line":833,"column":0},"end":{"line":866,"column":3}},"319":{"start":{"line":834,"column":2},"end":{"line":865,"column":3}},"320":{"start":{"line":835,"column":20},"end":{"line":835,"column":48}},"321":{"start":{"line":836,"column":19},"end":{"line":836,"column":34}},"322":{"start":{"line":838,"column":24},"end":{"line":843,"column":5}},"323":{"start":{"line":845,"column":4},"end":{"line":847,"column":5}},"324":{"start":{"line":846,"column":6},"end":{"line":846,"column":64}},"325":{"start":{"line":850,"column":18},"end":{"line":859,"column":5}},"326":{"start":{"line":852,"column":42},"end":{"line":858,"column":7}},"327":{"start":{"line":861,"column":4},"end":{"line":861,"column":24}},"328":{"start":{"line":863,"column":4},"end":{"line":863,"column":50}},"329":{"start":{"line":864,"column":4},"end":{"line":864,"column":61}},"330":{"start":{"line":888,"column":0},"end":{"line":920,"column":3}},"331":{"start":{"line":889,"column":68},"end":{"line":889,"column":76}},"332":{"start":{"line":890,"column":2},"end":{"line":890,"column":45}},"333":{"start":{"line":892,"column":2},"end":{"line":895,"column":3}},"334":{"start":{"line":893,"column":4},"end":{"line":893,"column":34}},"335":{"start":{"line":894,"column":4},"end":{"line":894,"column":71}},"336":{"start":{"line":897,"column":2},"end":{"line":900,"column":3}},"337":{"start":{"line":898,"column":4},"end":{"line":898,"column":42}},"338":{"start":{"line":899,"column":4},"end":{"line":899,"column":70}},"339":{"start":{"line":902,"column":2},"end":{"line":919,"column":3}},"340":{"start":{"line":903,"column":27},"end":{"line":903,"column":58}},"341":{"start":{"line":904,"column":4},"end":{"line":904,"column":35}},"342":{"start":{"line":906,"column":19},"end":{"line":911,"column":5}},"343":{"start":{"line":913,"column":4},"end":{"line":913,"column":56}},"344":{"start":{"line":915,"column":4},"end":{"line":915,"column":91}},"345":{"start":{"line":917,"column":4},"end":{"line":917,"column":57}},"346":{"start":{"line":918,"column":4},"end":{"line":918,"column":69}},"347":{"start":{"line":923,"column":0},"end":{"line":944,"column":3}},"348":{"start":{"line":924,"column":30},"end":{"line":924,"column":38}},"349":{"start":{"line":926,"column":2},"end":{"line":943,"column":3}},"350":{"start":{"line":927,"column":19},"end":{"line":927,"column":90}},"351":{"start":{"line":928,"column":4},"end":{"line":930,"column":5}},"352":{"start":{"line":929,"column":6},"end":{"line":929,"column":65}},"353":{"start":{"line":932,"column":18},"end":{"line":932,"column":32}},"354":{"start":{"line":933,"column":4},"end":{"line":935,"column":5}},"355":{"start":{"line":934,"column":6},"end":{"line":934,"column":68}},"356":{"start":{"line":937,"column":18},"end":{"line":937,"column":84}},"357":{"start":{"line":939,"column":4},"end":{"line":939,"column":59}},"358":{"start":{"line":941,"column":4},"end":{"line":941,"column":45}},"359":{"start":{"line":942,"column":4},"end":{"line":942,"column":52}},"360":{"start":{"line":946,"column":0},"end":{"line":962,"column":3}},"361":{"start":{"line":947,"column":34},"end":{"line":947,"column":42}},"362":{"start":{"line":948,"column":2},"end":{"line":950,"column":3}},"363":{"start":{"line":949,"column":4},"end":{"line":949,"column":61}},"364":{"start":{"line":952,"column":2},"end":{"line":961,"column":3}},"365":{"start":{"line":953,"column":4},"end":{"line":956,"column":6}},"366":{"start":{"line":957,"column":4},"end":{"line":957,"column":62}},"367":{"start":{"line":959,"column":4},"end":{"line":959,"column":40}},"368":{"start":{"line":960,"column":4},"end":{"line":960,"column":63}},"369":{"start":{"line":964,"column":0},"end":{"line":997,"column":3}},"370":{"start":{"line":965,"column":26},"end":{"line":965,"column":36}},"371":{"start":{"line":967,"column":2},"end":{"line":969,"column":3}},"372":{"start":{"line":968,"column":4},"end":{"line":968,"column":67}},"373":{"start":{"line":971,"column":2},"end":{"line":996,"column":3}},"374":{"start":{"line":972,"column":19},"end":{"line":986,"column":5}},"375":{"start":{"line":988,"column":4},"end":{"line":990,"column":5}},"376":{"start":{"line":989,"column":6},"end":{"line":989,"column":64}},"377":{"start":{"line":992,"column":4},"end":{"line":992,"column":40}},"378":{"start":{"line":994,"column":4},"end":{"line":994,"column":58}},"379":{"start":{"line":995,"column":4},"end":{"line":995,"column":69}},"380":{"start":{"line":1000,"column":0},"end":{"line":1013,"column":3}},"381":{"start":{"line":1001,"column":2},"end":{"line":1012,"column":3}},"382":{"start":{"line":1002,"column":19},"end":{"line":1002,"column":34}},"383":{"start":{"line":1003,"column":19},"end":{"line":1006,"column":5}},"384":{"start":{"line":1008,"column":4},"end":{"line":1008,"column":38}},"385":{"start":{"line":1010,"column":4},"end":{"line":1010,"column":58}},"386":{"start":{"line":1011,"column":4},"end":{"line":1011,"column":61}},"387":{"start":{"line":1016,"column":0},"end":{"line":1034,"column":3}},"388":{"start":{"line":1017,"column":2},"end":{"line":1033,"column":3}},"389":{"start":{"line":1018,"column":19},"end":{"line":1028,"column":6}},"390":{"start":{"line":1029,"column":4},"end":{"line":1029,"column":26}},"391":{"start":{"line":1031,"column":4},"end":{"line":1031,"column":48}},"392":{"start":{"line":1032,"column":4},"end":{"line":1032,"column":61}},"393":{"start":{"line":1036,"column":0},"end":{"line":1056,"column":3}},"394":{"start":{"line":1037,"column":13},"end":{"line":1037,"column":27}},"395":{"start":{"line":1038,"column":2},"end":{"line":1055,"column":3}},"396":{"start":{"line":1039,"column":4},"end":{"line":1039,"column":30}},"397":{"start":{"line":1040,"column":4},"end":{"line":1040,"column":68}},"398":{"start":{"line":1041,"column":19},"end":{"line":1044,"column":5}},"399":{"start":{"line":1045,"column":4},"end":{"line":1048,"column":5}},"400":{"start":{"line":1046,"column":6},"end":{"line":1046,"column":35}},"401":{"start":{"line":1047,"column":6},"end":{"line":1047,"column":63}},"402":{"start":{"line":1049,"column":4},"end":{"line":1049,"column":31}},"403":{"start":{"line":1050,"column":4},"end":{"line":1050,"column":61}},"404":{"start":{"line":1052,"column":4},"end":{"line":1052,"column":33}},"405":{"start":{"line":1053,"column":4},"end":{"line":1053,"column":64}},"406":{"start":{"line":1054,"column":4},"end":{"line":1054,"column":75}},"407":{"start":{"line":1060,"column":0},"end":{"line":1076,"column":3}},"408":{"start":{"line":1061,"column":2},"end":{"line":1075,"column":3}},"409":{"start":{"line":1062,"column":19},"end":{"line":1070,"column":6}},"410":{"start":{"line":1071,"column":4},"end":{"line":1071,"column":26}},"411":{"start":{"line":1073,"column":4},"end":{"line":1073,"column":54}},"412":{"start":{"line":1074,"column":4},"end":{"line":1074,"column":67}},"413":{"start":{"line":1079,"column":0},"end":{"line":1094,"column":3}},"414":{"start":{"line":1080,"column":13},"end":{"line":1080,"column":40}},"415":{"start":{"line":1081,"column":2},"end":{"line":1093,"column":3}},"416":{"start":{"line":1082,"column":19},"end":{"line":1085,"column":5}},"417":{"start":{"line":1086,"column":4},"end":{"line":1088,"column":5}},"418":{"start":{"line":1087,"column":6},"end":{"line":1087,"column":69}},"419":{"start":{"line":1089,"column":4},"end":{"line":1089,"column":61}},"420":{"start":{"line":1091,"column":4},"end":{"line":1091,"column":63}},"421":{"start":{"line":1092,"column":4},"end":{"line":1092,"column":67}},"422":{"start":{"line":1097,"column":22},"end":{"line":1100,"column":3}},"423":{"start":{"line":1101,"column":2},"end":{"line":1101,"column":65}},"424":{"start":{"line":1101,"column":58},"end":{"line":1101,"column":65}},"425":{"start":{"line":1103,"column":21},"end":{"line":1103,"column":64}},"426":{"start":{"line":1103,"column":49},"end":{"line":1103,"column":63}},"427":{"start":{"line":1104,"column":22},"end":{"line":1107,"column":3}},"428":{"start":{"line":1108,"column":19},"end":{"line":1108,"column":21}},"429":{"start":{"line":1109,"column":2},"end":{"line":1109,"column":75}},"430":{"start":{"line":1109,"column":38},"end":{"line":1109,"column":75}},"431":{"start":{"line":1111,"column":20},"end":{"line":1111,"column":28}},"432":{"start":{"line":1112,"column":2},"end":{"line":1119,"column":3}},"433":{"start":{"line":1113,"column":19},"end":{"line":1113,"column":44}},"434":{"start":{"line":1114,"column":4},"end":{"line":1114,"column":37}},"435":{"start":{"line":1114,"column":30},"end":{"line":1114,"column":37}},"436":{"start":{"line":1115,"column":17},"end":{"line":1115,"column":38}},"437":{"start":{"line":1116,"column":4},"end":{"line":1116,"column":22}},"438":{"start":{"line":1116,"column":15},"end":{"line":1116,"column":22}},"439":{"start":{"line":1117,"column":20},"end":{"line":1117,"column":45}},"440":{"start":{"line":1118,"column":4},"end":{"line":1118,"column":53}},"441":{"start":{"line":1118,"column":31},"end":{"line":1118,"column":53}},"442":{"start":{"line":1121,"column":2},"end":{"line":1124,"column":4}},"443":{"start":{"line":1130,"column":0},"end":{"line":1153,"column":3}},"444":{"start":{"line":1131,"column":2},"end":{"line":1152,"column":3}},"445":{"start":{"line":1132,"column":19},"end":{"line":1147,"column":6}},"446":{"start":{"line":1148,"column":4},"end":{"line":1148,"column":26}},"447":{"start":{"line":1150,"column":4},"end":{"line":1150,"column":51}},"448":{"start":{"line":1151,"column":4},"end":{"line":1151,"column":64}},"449":{"start":{"line":1156,"column":0},"end":{"line":1181,"column":3}},"450":{"start":{"line":1157,"column":88},"end":{"line":1157,"column":96}},"451":{"start":{"line":1158,"column":2},"end":{"line":1180,"column":3}},"452":{"start":{"line":1159,"column":19},"end":{"line":1175,"column":5}},"453":{"start":{"line":1176,"column":4},"end":{"line":1176,"column":41}},"454":{"start":{"line":1178,"column":4},"end":{"line":1178,"column":52}},"455":{"start":{"line":1179,"column":4},"end":{"line":1179,"column":61}},"456":{"start":{"line":1186,"column":0},"end":{"line":1226,"column":3}},"457":{"start":{"line":1187,"column":20},"end":{"line":1187,"column":29}},"458":{"start":{"line":1189,"column":2},"end":{"line":1225,"column":3}},"459":{"start":{"line":1191,"column":4},"end":{"line":1203,"column":5}},"460":{"start":{"line":1193,"column":8},"end":{"line":1193,"column":70}},"461":{"start":{"line":1194,"column":8},"end":{"line":1194,"column":14}},"462":{"start":{"line":1196,"column":8},"end":{"line":1196,"column":71}},"463":{"start":{"line":1197,"column":8},"end":{"line":1197,"column":14}},"464":{"start":{"line":1199,"column":8},"end":{"line":1199,"column":72}},"465":{"start":{"line":1200,"column":8},"end":{"line":1200,"column":14}},"466":{"start":{"line":1202,"column":8},"end":{"line":1202,"column":70}},"467":{"start":{"line":1205,"column":19},"end":{"line":1213,"column":5}},"468":{"start":{"line":1215,"column":24},"end":{"line":1215,"column":38}},"469":{"start":{"line":1216,"column":4},"end":{"line":1221,"column":7}},"470":{"start":{"line":1223,"column":4},"end":{"line":1223,"column":57}},"471":{"start":{"line":1224,"column":4},"end":{"line":1224,"column":68}},"472":{"start":{"line":1229,"column":0},"end":{"line":1258,"column":3}},"473":{"start":{"line":1230,"column":2},"end":{"line":1257,"column":3}},"474":{"start":{"line":1231,"column":19},"end":{"line":1243,"column":5}},"475":{"start":{"line":1245,"column":4},"end":{"line":1253,"column":7}},"476":{"start":{"line":1246,"column":46},"end":{"line":1252,"column":7}},"477":{"start":{"line":1255,"column":4},"end":{"line":1255,"column":58}},"478":{"start":{"line":1256,"column":4},"end":{"line":1256,"column":69}},"479":{"start":{"line":1261,"column":0},"end":{"line":1303,"column":3}},"480":{"start":{"line":1262,"column":2},"end":{"line":1302,"column":3}},"481":{"start":{"line":1264,"column":25},"end":{"line":1269,"column":5}},"482":{"start":{"line":1272,"column":24},"end":{"line":1277,"column":5}},"483":{"start":{"line":1280,"column":26},"end":{"line":1285,"column":5}},"484":{"start":{"line":1288,"column":23},"end":{"line":1291,"column":5}},"485":{"start":{"line":1293,"column":4},"end":{"line":1298,"column":7}},"486":{"start":{"line":1300,"column":4},"end":{"line":1300,"column":62}},"487":{"start":{"line":1301,"column":4},"end":{"line":1301,"column":73}},"488":{"start":{"line":1306,"column":0},"end":{"line":1332,"column":3}},"489":{"start":{"line":1307,"column":13},"end":{"line":1307,"column":40}},"490":{"start":{"line":1308,"column":88},"end":{"line":1308,"column":96}},"491":{"start":{"line":1309,"column":2},"end":{"line":1331,"column":3}},"492":{"start":{"line":1310,"column":19},"end":{"line":1317,"column":5}},"493":{"start":{"line":1318,"column":4},"end":{"line":1320,"column":5}},"494":{"start":{"line":1319,"column":6},"end":{"line":1319,"column":66}},"495":{"start":{"line":1321,"column":25},"end":{"line":1323,"column":5}},"496":{"start":{"line":1324,"column":4},"end":{"line":1326,"column":5}},"497":{"start":{"line":1325,"column":6},"end":{"line":1325,"column":51}},"498":{"start":{"line":1327,"column":4},"end":{"line":1327,"column":29}},"499":{"start":{"line":1329,"column":4},"end":{"line":1329,"column":55}},"500":{"start":{"line":1330,"column":4},"end":{"line":1330,"column":64}},"501":{"start":{"line":1335,"column":0},"end":{"line":1358,"column":3}},"502":{"start":{"line":1336,"column":2},"end":{"line":1357,"column":3}},"503":{"start":{"line":1337,"column":19},"end":{"line":1352,"column":6}},"504":{"start":{"line":1353,"column":4},"end":{"line":1353,"column":26}},"505":{"start":{"line":1355,"column":4},"end":{"line":1355,"column":51}},"506":{"start":{"line":1356,"column":4},"end":{"line":1356,"column":64}},"507":{"start":{"line":1361,"column":0},"end":{"line":1390,"column":3}},"508":{"start":{"line":1362,"column":103},"end":{"line":1362,"column":111}},"509":{"start":{"line":1363,"column":17},"end":{"line":1363,"column":37}},"510":{"start":{"line":1364,"column":2},"end":{"line":1389,"column":3}},"511":{"start":{"line":1365,"column":4},"end":{"line":1365,"column":32}},"512":{"start":{"line":1366,"column":22},"end":{"line":1371,"column":5}},"513":{"start":{"line":1372,"column":22},"end":{"line":1372,"column":42}},"514":{"start":{"line":1373,"column":4},"end":{"line":1380,"column":5}},"515":{"start":{"line":1374,"column":6},"end":{"line":1379,"column":7}},"516":{"start":{"line":1375,"column":8},"end":{"line":1378,"column":10}},"517":{"start":{"line":1381,"column":4},"end":{"line":1381,"column":33}},"518":{"start":{"line":1382,"column":4},"end":{"line":1382,"column":44}},"519":{"start":{"line":1384,"column":4},"end":{"line":1384,"column":35}},"520":{"start":{"line":1385,"column":4},"end":{"line":1385,"column":52}},"521":{"start":{"line":1386,"column":4},"end":{"line":1386,"column":61}},"522":{"start":{"line":1388,"column":4},"end":{"line":1388,"column":21}},"523":{"start":{"line":1393,"column":0},"end":{"line":1408,"column":3}},"524":{"start":{"line":1394,"column":20},"end":{"line":1394,"column":47}},"525":{"start":{"line":1395,"column":2},"end":{"line":1407,"column":3}},"526":{"start":{"line":1396,"column":19},"end":{"line":1402,"column":5}},"527":{"start":{"line":1403,"column":4},"end":{"line":1403,"column":26}},"528":{"start":{"line":1405,"column":4},"end":{"line":1405,"column":67}},"529":{"start":{"line":1406,"column":4},"end":{"line":1406,"column":69}},"530":{"start":{"line":1410,"column":0},"end":{"line":1468,"column":3}},"531":{"start":{"line":1411,"column":13},"end":{"line":1411,"column":40}},"532":{"start":{"line":1415,"column":6},"end":{"line":1415,"column":14}},"533":{"start":{"line":1416,"column":2},"end":{"line":1416,"column":40}},"534":{"start":{"line":1416,"column":29},"end":{"line":1416,"column":40}},"535":{"start":{"line":1417,"column":2},"end":{"line":1422,"column":8}},"536":{"start":{"line":1418,"column":17},"end":{"line":1418,"column":52}},"537":{"start":{"line":1419,"column":15},"end":{"line":1422,"column":5}},"538":{"start":{"line":1424,"column":17},"end":{"line":1424,"column":37}},"539":{"start":{"line":1425,"column":2},"end":{"line":1467,"column":3}},"540":{"start":{"line":1426,"column":4},"end":{"line":1426,"column":32}},"541":{"start":{"line":1427,"column":19},"end":{"line":1444,"column":5}},"542":{"start":{"line":1445,"column":4},"end":{"line":1448,"column":5}},"543":{"start":{"line":1446,"column":6},"end":{"line":1446,"column":37}},"544":{"start":{"line":1447,"column":6},"end":{"line":1447,"column":66}},"545":{"start":{"line":1449,"column":4},"end":{"line":1449,"column":80}},"546":{"start":{"line":1450,"column":4},"end":{"line":1456,"column":5}},"547":{"start":{"line":1451,"column":6},"end":{"line":1455,"column":8}},"548":{"start":{"line":1457,"column":4},"end":{"line":1457,"column":33}},"549":{"start":{"line":1458,"column":4},"end":{"line":1458,"column":37}},"550":{"start":{"line":1460,"column":4},"end":{"line":1460,"column":29}},"551":{"start":{"line":1462,"column":4},"end":{"line":1462,"column":35}},"552":{"start":{"line":1463,"column":4},"end":{"line":1463,"column":55}},"553":{"start":{"line":1464,"column":4},"end":{"line":1464,"column":64}},"554":{"start":{"line":1466,"column":4},"end":{"line":1466,"column":21}},"555":{"start":{"line":1472,"column":0},"end":{"line":1488,"column":3}},"556":{"start":{"line":1473,"column":13},"end":{"line":1473,"column":40}},"557":{"start":{"line":1474,"column":2},"end":{"line":1487,"column":3}},"558":{"start":{"line":1475,"column":4},"end":{"line":1475,"column":78}},"559":{"start":{"line":1476,"column":19},"end":{"line":1479,"column":5}},"560":{"start":{"line":1480,"column":4},"end":{"line":1482,"column":5}},"561":{"start":{"line":1481,"column":6},"end":{"line":1481,"column":66}},"562":{"start":{"line":1483,"column":4},"end":{"line":1483,"column":68}},"563":{"start":{"line":1485,"column":4},"end":{"line":1485,"column":58}},"564":{"start":{"line":1486,"column":4},"end":{"line":1486,"column":64}},"565":{"start":{"line":1490,"column":0},"end":{"line":1535,"column":3}},"566":{"start":{"line":1491,"column":20},"end":{"line":1491,"column":47}},"567":{"start":{"line":1493,"column":22},"end":{"line":1496,"column":3}},"568":{"start":{"line":1498,"column":2},"end":{"line":1508,"column":3}},"569":{"start":{"line":1499,"column":22},"end":{"line":1499,"column":30}},"570":{"start":{"line":1500,"column":4},"end":{"line":1502,"column":5}},"571":{"start":{"line":1501,"column":6},"end":{"line":1501,"column":69}},"572":{"start":{"line":1503,"column":19},"end":{"line":1506,"column":5}},"573":{"start":{"line":1507,"column":4},"end":{"line":1507,"column":36}},"574":{"start":{"line":1510,"column":21},"end":{"line":1510,"column":64}},"575":{"start":{"line":1510,"column":49},"end":{"line":1510,"column":63}},"576":{"start":{"line":1511,"column":22},"end":{"line":1514,"column":3}},"577":{"start":{"line":1515,"column":19},"end":{"line":1515,"column":21}},"578":{"start":{"line":1516,"column":2},"end":{"line":1516,"column":75}},"579":{"start":{"line":1516,"column":38},"end":{"line":1516,"column":75}},"580":{"start":{"line":1518,"column":20},"end":{"line":1518,"column":28}},"581":{"start":{"line":1519,"column":2},"end":{"line":1528,"column":3}},"582":{"start":{"line":1520,"column":19},"end":{"line":1520,"column":44}},"583":{"start":{"line":1521,"column":4},"end":{"line":1523,"column":5}},"584":{"start":{"line":1522,"column":6},"end":{"line":1522,"column":88}},"585":{"start":{"line":1524,"column":17},"end":{"line":1524,"column":38}},"586":{"start":{"line":1525,"column":4},"end":{"line":1525,"column":87}},"587":{"start":{"line":1525,"column":15},"end":{"line":1525,"column":87}},"588":{"start":{"line":1526,"column":20},"end":{"line":1526,"column":45}},"589":{"start":{"line":1527,"column":4},"end":{"line":1527,"column":53}},"590":{"start":{"line":1527,"column":31},"end":{"line":1527,"column":53}},"591":{"start":{"line":1530,"column":17},"end":{"line":1533,"column":3}},"592":{"start":{"line":1534,"column":2},"end":{"line":1534,"column":93}},"593":{"start":{"line":1538,"column":0},"end":{"line":1558,"column":3}},"594":{"start":{"line":1539,"column":13},"end":{"line":1539,"column":40}},"595":{"start":{"line":1540,"column":2},"end":{"line":1557,"column":3}},"596":{"start":{"line":1541,"column":25},"end":{"line":1543,"column":5}},"597":{"start":{"line":1544,"column":19},"end":{"line":1546,"column":5}},"598":{"start":{"line":1547,"column":4},"end":{"line":1549,"column":5}},"599":{"start":{"line":1548,"column":6},"end":{"line":1548,"column":66}},"600":{"start":{"line":1550,"column":4},"end":{"line":1552,"column":5}},"601":{"start":{"line":1551,"column":6},"end":{"line":1551,"column":51}},"602":{"start":{"line":1553,"column":4},"end":{"line":1553,"column":68}},"603":{"start":{"line":1555,"column":4},"end":{"line":1555,"column":58}},"604":{"start":{"line":1556,"column":4},"end":{"line":1556,"column":64}},"605":{"start":{"line":1562,"column":0},"end":{"line":1605,"column":3}},"606":{"start":{"line":1563,"column":2},"end":{"line":1604,"column":3}},"607":{"start":{"line":1564,"column":31},"end":{"line":1564,"column":40}},"608":{"start":{"line":1565,"column":16},"end":{"line":1572,"column":5}},"609":{"start":{"line":1573,"column":19},"end":{"line":1573,"column":21}},"610":{"start":{"line":1574,"column":19},"end":{"line":1574,"column":20}},"611":{"start":{"line":1576,"column":4},"end":{"line":1579,"column":5}},"612":{"start":{"line":1577,"column":6},"end":{"line":1577,"column":54}},"613":{"start":{"line":1578,"column":6},"end":{"line":1578,"column":26}},"614":{"start":{"line":1581,"column":4},"end":{"line":1596,"column":5}},"615":{"start":{"line":1582,"column":6},"end":{"line":1593,"column":9}},"616":{"start":{"line":1594,"column":6},"end":{"line":1594,"column":47}},"617":{"start":{"line":1595,"column":6},"end":{"line":1595,"column":17}},"618":{"start":{"line":1597,"column":4},"end":{"line":1597,"column":43}},"619":{"start":{"line":1599,"column":19},"end":{"line":1599,"column":50}},"620":{"start":{"line":1600,"column":4},"end":{"line":1600,"column":26}},"621":{"start":{"line":1602,"column":4},"end":{"line":1602,"column":49}},"622":{"start":{"line":1603,"column":4},"end":{"line":1603,"column":62}},"623":{"start":{"line":1608,"column":0},"end":{"line":1636,"column":3}},"624":{"start":{"line":1609,"column":18},"end":{"line":1609,"column":45}},"625":{"start":{"line":1610,"column":2},"end":{"line":1610,"column":75}},"626":{"start":{"line":1610,"column":16},"end":{"line":1610,"column":75}},"627":{"start":{"line":1612,"column":2},"end":{"line":1635,"column":3}},"628":{"start":{"line":1613,"column":24},"end":{"line":1616,"column":5}},"629":{"start":{"line":1617,"column":4},"end":{"line":1619,"column":5}},"630":{"start":{"line":1618,"column":6},"end":{"line":1618,"column":64}},"631":{"start":{"line":1620,"column":18},"end":{"line":1620,"column":37}},"632":{"start":{"line":1622,"column":24},"end":{"line":1626,"column":5}},"633":{"start":{"line":1628,"column":4},"end":{"line":1631,"column":7}},"634":{"start":{"line":1633,"column":4},"end":{"line":1633,"column":48}},"635":{"start":{"line":1634,"column":4},"end":{"line":1634,"column":61}},"636":{"start":{"line":1639,"column":0},"end":{"line":1654,"column":3}},"637":{"start":{"line":1640,"column":23},"end":{"line":1640,"column":32}},"638":{"start":{"line":1641,"column":2},"end":{"line":1641,"column":86}},"639":{"start":{"line":1641,"column":17},"end":{"line":1641,"column":86}},"640":{"start":{"line":1643,"column":2},"end":{"line":1653,"column":3}},"641":{"start":{"line":1644,"column":19},"end":{"line":1648,"column":5}},"642":{"start":{"line":1649,"column":4},"end":{"line":1649,"column":26}},"643":{"start":{"line":1651,"column":4},"end":{"line":1651,"column":54}},"644":{"start":{"line":1652,"column":4},"end":{"line":1652,"column":54}},"645":{"start":{"line":1657,"column":0},"end":{"line":1675,"column":3}},"646":{"start":{"line":1658,"column":18},"end":{"line":1658,"column":45}},"647":{"start":{"line":1659,"column":27},"end":{"line":1659,"column":35}},"648":{"start":{"line":1661,"column":2},"end":{"line":1663,"column":3}},"649":{"start":{"line":1662,"column":4},"end":{"line":1662,"column":73}},"650":{"start":{"line":1665,"column":2},"end":{"line":1674,"column":3}},"651":{"start":{"line":1666,"column":4},"end":{"line":1669,"column":6}},"652":{"start":{"line":1670,"column":4},"end":{"line":1670,"column":50}},"653":{"start":{"line":1672,"column":4},"end":{"line":1672,"column":55}},"654":{"start":{"line":1673,"column":4},"end":{"line":1673,"column":69}},"655":{"start":{"line":1677,"column":0},"end":{"line":1717,"column":3}},"656":{"start":{"line":1678,"column":20},"end":{"line":1678,"column":29}},"657":{"start":{"line":1680,"column":2},"end":{"line":1716,"column":3}},"658":{"start":{"line":1682,"column":4},"end":{"line":1694,"column":5}},"659":{"start":{"line":1684,"column":8},"end":{"line":1684,"column":70}},"660":{"start":{"line":1685,"column":8},"end":{"line":1685,"column":14}},"661":{"start":{"line":1687,"column":8},"end":{"line":1687,"column":71}},"662":{"start":{"line":1688,"column":8},"end":{"line":1688,"column":14}},"663":{"start":{"line":1690,"column":8},"end":{"line":1690,"column":72}},"664":{"start":{"line":1691,"column":8},"end":{"line":1691,"column":14}},"665":{"start":{"line":1693,"column":8},"end":{"line":1693,"column":70}},"666":{"start":{"line":1696,"column":19},"end":{"line":1704,"column":5}},"667":{"start":{"line":1706,"column":24},"end":{"line":1706,"column":38}},"668":{"start":{"line":1707,"column":4},"end":{"line":1712,"column":7}},"669":{"start":{"line":1714,"column":4},"end":{"line":1714,"column":57}},"670":{"start":{"line":1715,"column":4},"end":{"line":1715,"column":68}},"671":{"start":{"line":1720,"column":0},"end":{"line":1750,"column":3}},"672":{"start":{"line":1721,"column":2},"end":{"line":1749,"column":3}},"673":{"start":{"line":1722,"column":19},"end":{"line":1735,"column":5}},"674":{"start":{"line":1737,"column":4},"end":{"line":1745,"column":7}},"675":{"start":{"line":1738,"column":46},"end":{"line":1744,"column":7}},"676":{"start":{"line":1747,"column":4},"end":{"line":1747,"column":58}},"677":{"start":{"line":1748,"column":4},"end":{"line":1748,"column":69}},"678":{"start":{"line":1753,"column":0},"end":{"line":1795,"column":3}},"679":{"start":{"line":1754,"column":2},"end":{"line":1794,"column":3}},"680":{"start":{"line":1756,"column":25},"end":{"line":1761,"column":5}},"681":{"start":{"line":1764,"column":24},"end":{"line":1769,"column":5}},"682":{"start":{"line":1772,"column":26},"end":{"line":1777,"column":5}},"683":{"start":{"line":1780,"column":23},"end":{"line":1783,"column":5}},"684":{"start":{"line":1785,"column":4},"end":{"line":1790,"column":7}},"685":{"start":{"line":1792,"column":4},"end":{"line":1792,"column":62}},"686":{"start":{"line":1793,"column":4},"end":{"line":1793,"column":73}},"687":{"start":{"line":1798,"column":0},"end":{"line":1802,"column":1}},"688":{"start":{"line":1799,"column":2},"end":{"line":1801,"column":5}},"689":{"start":{"line":1800,"column":4},"end":{"line":1800,"column":65}}},"fnMap":{"0":{"name":"connectToPG","decl":{"start":{"line":24,"column":15},"end":{"line":24,"column":26}},"loc":{"start":{"line":24,"column":29},"end":{"line":36,"column":1}},"line":24},"1":{"name":"authenticateToken","decl":{"start":{"line":39,"column":9},"end":{"line":39,"column":26}},"loc":{"start":{"line":39,"column":43},"end":{"line":54,"column":1}},"line":39},"2":{"name":"(anonymous_2)","decl":{"start":{"line":47,"column":34},"end":{"line":47,"column":35}},"loc":{"start":{"line":47,"column":49},"end":{"line":53,"column":3}},"line":47},"3":{"name":"(anonymous_3)","decl":{"start":{"line":57,"column":17},"end":{"line":57,"column":18}},"loc":{"start":{"line":57,"column":23},"end":{"line":59,"column":1}},"line":57},"4":{"name":"(anonymous_4)","decl":{"start":{"line":63,"column":26},"end":{"line":63,"column":27}},"loc":{"start":{"line":63,"column":46},"end":{"line":85,"column":3}},"line":63},"5":{"name":"(anonymous_5)","decl":{"start":{"line":88,"column":23},"end":{"line":88,"column":24}},"loc":{"start":{"line":88,"column":43},"end":{"line":112,"column":3}},"line":88},"6":{"name":"(anonymous_6)","decl":{"start":{"line":114,"column":36},"end":{"line":114,"column":37}},"loc":{"start":{"line":114,"column":56},"end":{"line":131,"column":3}},"line":114},"7":{"name":"(anonymous_7)","decl":{"start":{"line":134,"column":36},"end":{"line":134,"column":37}},"loc":{"start":{"line":134,"column":56},"end":{"line":146,"column":1}},"line":134},"8":{"name":"(anonymous_8)","decl":{"start":{"line":149,"column":37},"end":{"line":149,"column":38}},"loc":{"start":{"line":149,"column":57},"end":{"line":211,"column":1}},"line":149},"9":{"name":"(anonymous_9)","decl":{"start":{"line":214,"column":44},"end":{"line":214,"column":45}},"loc":{"start":{"line":214,"column":64},"end":{"line":241,"column":1}},"line":214},"10":{"name":"(anonymous_10)","decl":{"start":{"line":244,"column":47},"end":{"line":244,"column":48}},"loc":{"start":{"line":244,"column":67},"end":{"line":264,"column":1}},"line":244},"11":{"name":"(anonymous_11)","decl":{"start":{"line":266,"column":39},"end":{"line":266,"column":40}},"loc":{"start":{"line":266,"column":59},"end":{"line":284,"column":1}},"line":266},"12":{"name":"(anonymous_12)","decl":{"start":{"line":287,"column":49},"end":{"line":287,"column":50}},"loc":{"start":{"line":287,"column":69},"end":{"line":345,"column":3}},"line":287},"13":{"name":"(anonymous_13)","decl":{"start":{"line":348,"column":39},"end":{"line":348,"column":40}},"loc":{"start":{"line":348,"column":59},"end":{"line":365,"column":3}},"line":348},"14":{"name":"(anonymous_14)","decl":{"start":{"line":367,"column":32},"end":{"line":367,"column":33}},"loc":{"start":{"line":367,"column":52},"end":{"line":385,"column":3}},"line":367},"15":{"name":"(anonymous_15)","decl":{"start":{"line":387,"column":42},"end":{"line":387,"column":43}},"loc":{"start":{"line":387,"column":62},"end":{"line":406,"column":3}},"line":387},"16":{"name":"(anonymous_16)","decl":{"start":{"line":408,"column":40},"end":{"line":408,"column":41}},"loc":{"start":{"line":408,"column":60},"end":{"line":424,"column":3}},"line":408},"17":{"name":"(anonymous_17)","decl":{"start":{"line":426,"column":33},"end":{"line":426,"column":34}},"loc":{"start":{"line":426,"column":53},"end":{"line":449,"column":3}},"line":426},"18":{"name":"(anonymous_18)","decl":{"start":{"line":453,"column":25},"end":{"line":453,"column":26}},"loc":{"start":{"line":453,"column":45},"end":{"line":472,"column":1}},"line":453},"19":{"name":"(anonymous_19)","decl":{"start":{"line":475,"column":29},"end":{"line":475,"column":30}},"loc":{"start":{"line":475,"column":49},"end":{"line":492,"column":1}},"line":475},"20":{"name":"(anonymous_20)","decl":{"start":{"line":495,"column":25},"end":{"line":495,"column":26}},"loc":{"start":{"line":495,"column":45},"end":{"line":505,"column":1}},"line":495},"21":{"name":"(anonymous_21)","decl":{"start":{"line":508,"column":29},"end":{"line":508,"column":30}},"loc":{"start":{"line":508,"column":49},"end":{"line":525,"column":1}},"line":508},"22":{"name":"(anonymous_22)","decl":{"start":{"line":528,"column":37},"end":{"line":528,"column":38}},"loc":{"start":{"line":528,"column":57},"end":{"line":582,"column":1}},"line":528},"23":{"name":"(anonymous_23)","decl":{"start":{"line":556,"column":51},"end":{"line":556,"column":52}},"loc":{"start":{"line":556,"column":59},"end":{"line":556,"column":91}},"line":556},"24":{"name":"(anonymous_24)","decl":{"start":{"line":559,"column":52},"end":{"line":559,"column":53}},"loc":{"start":{"line":559,"column":73},"end":{"line":568,"column":9}},"line":559},"25":{"name":"(anonymous_25)","decl":{"start":{"line":585,"column":27},"end":{"line":585,"column":28}},"loc":{"start":{"line":585,"column":47},"end":{"line":603,"column":1}},"line":585},"26":{"name":"(anonymous_26)","decl":{"start":{"line":606,"column":48},"end":{"line":606,"column":49}},"loc":{"start":{"line":606,"column":68},"end":{"line":632,"column":1}},"line":606},"27":{"name":"(anonymous_27)","decl":{"start":{"line":635,"column":53},"end":{"line":635,"column":54}},"loc":{"start":{"line":635,"column":73},"end":{"line":674,"column":1}},"line":635},"28":{"name":"(anonymous_28)","decl":{"start":{"line":677,"column":43},"end":{"line":677,"column":44}},"loc":{"start":{"line":677,"column":63},"end":{"line":830,"column":1}},"line":677},"29":{"name":"(anonymous_29)","decl":{"start":{"line":833,"column":51},"end":{"line":833,"column":52}},"loc":{"start":{"line":833,"column":71},"end":{"line":866,"column":1}},"line":833},"30":{"name":"(anonymous_30)","decl":{"start":{"line":852,"column":34},"end":{"line":852,"column":35}},"loc":{"start":{"line":852,"column":42},"end":{"line":858,"column":7}},"line":852},"31":{"name":"(anonymous_31)","decl":{"start":{"line":888,"column":37},"end":{"line":888,"column":38}},"loc":{"start":{"line":888,"column":57},"end":{"line":920,"column":1}},"line":888},"32":{"name":"(anonymous_32)","decl":{"start":{"line":923,"column":29},"end":{"line":923,"column":30}},"loc":{"start":{"line":923,"column":49},"end":{"line":944,"column":1}},"line":923},"33":{"name":"(anonymous_33)","decl":{"start":{"line":946,"column":29},"end":{"line":946,"column":30}},"loc":{"start":{"line":946,"column":49},"end":{"line":962,"column":1}},"line":946},"34":{"name":"(anonymous_34)","decl":{"start":{"line":964,"column":43},"end":{"line":964,"column":44}},"loc":{"start":{"line":964,"column":63},"end":{"line":997,"column":1}},"line":964},"35":{"name":"(anonymous_35)","decl":{"start":{"line":1000,"column":49},"end":{"line":1000,"column":50}},"loc":{"start":{"line":1000,"column":69},"end":{"line":1013,"column":1}},"line":1000},"36":{"name":"(anonymous_36)","decl":{"start":{"line":1016,"column":47},"end":{"line":1016,"column":48}},"loc":{"start":{"line":1016,"column":67},"end":{"line":1034,"column":1}},"line":1016},"37":{"name":"(anonymous_37)","decl":{"start":{"line":1036,"column":54},"end":{"line":1036,"column":55}},"loc":{"start":{"line":1036,"column":74},"end":{"line":1056,"column":1}},"line":1036},"38":{"name":"(anonymous_38)","decl":{"start":{"line":1060,"column":53},"end":{"line":1060,"column":54}},"loc":{"start":{"line":1060,"column":73},"end":{"line":1076,"column":1}},"line":1060},"39":{"name":"(anonymous_39)","decl":{"start":{"line":1079,"column":60},"end":{"line":1079,"column":61}},"loc":{"start":{"line":1079,"column":80},"end":{"line":1094,"column":1}},"line":1079},"40":{"name":"autoUpdatePackageStock","decl":{"start":{"line":1096,"column":22},"end":{"line":1096,"column":44}},"loc":{"start":{"line":1096,"column":56},"end":{"line":1125,"column":1}},"line":1096},"41":{"name":"(anonymous_41)","decl":{"start":{"line":1103,"column":42},"end":{"line":1103,"column":43}},"loc":{"start":{"line":1103,"column":49},"end":{"line":1103,"column":63}},"line":1103},"42":{"name":"(anonymous_42)","decl":{"start":{"line":1130,"column":50},"end":{"line":1130,"column":51}},"loc":{"start":{"line":1130,"column":70},"end":{"line":1153,"column":1}},"line":1130},"43":{"name":"(anonymous_43)","decl":{"start":{"line":1156,"column":51},"end":{"line":1156,"column":52}},"loc":{"start":{"line":1156,"column":71},"end":{"line":1181,"column":1}},"line":1156},"44":{"name":"(anonymous_44)","decl":{"start":{"line":1186,"column":49},"end":{"line":1186,"column":50}},"loc":{"start":{"line":1186,"column":69},"end":{"line":1226,"column":1}},"line":1186},"45":{"name":"(anonymous_45)","decl":{"start":{"line":1229,"column":55},"end":{"line":1229,"column":56}},"loc":{"start":{"line":1229,"column":75},"end":{"line":1258,"column":1}},"line":1229},"46":{"name":"(anonymous_46)","decl":{"start":{"line":1246,"column":36},"end":{"line":1246,"column":37}},"loc":{"start":{"line":1246,"column":46},"end":{"line":1252,"column":7}},"line":1246},"47":{"name":"(anonymous_47)","decl":{"start":{"line":1261,"column":59},"end":{"line":1261,"column":60}},"loc":{"start":{"line":1261,"column":79},"end":{"line":1303,"column":1}},"line":1261},"48":{"name":"(anonymous_48)","decl":{"start":{"line":1306,"column":54},"end":{"line":1306,"column":55}},"loc":{"start":{"line":1306,"column":74},"end":{"line":1332,"column":1}},"line":1306},"49":{"name":"(anonymous_49)","decl":{"start":{"line":1335,"column":50},"end":{"line":1335,"column":51}},"loc":{"start":{"line":1335,"column":70},"end":{"line":1358,"column":1}},"line":1335},"50":{"name":"(anonymous_50)","decl":{"start":{"line":1361,"column":51},"end":{"line":1361,"column":52}},"loc":{"start":{"line":1361,"column":71},"end":{"line":1390,"column":1}},"line":1361},"51":{"name":"(anonymous_51)","decl":{"start":{"line":1393,"column":60},"end":{"line":1393,"column":61}},"loc":{"start":{"line":1393,"column":80},"end":{"line":1408,"column":1}},"line":1393},"52":{"name":"(anonymous_52)","decl":{"start":{"line":1410,"column":54},"end":{"line":1410,"column":55}},"loc":{"start":{"line":1410,"column":74},"end":{"line":1468,"column":1}},"line":1410},"53":{"name":"(anonymous_53)","decl":{"start":{"line":1418,"column":12},"end":{"line":1418,"column":13}},"loc":{"start":{"line":1418,"column":17},"end":{"line":1418,"column":52}},"line":1418},"54":{"name":"(anonymous_54)","decl":{"start":{"line":1419,"column":9},"end":{"line":1419,"column":10}},"loc":{"start":{"line":1419,"column":15},"end":{"line":1422,"column":5}},"line":1419},"55":{"name":"(anonymous_55)","decl":{"start":{"line":1472,"column":57},"end":{"line":1472,"column":58}},"loc":{"start":{"line":1472,"column":77},"end":{"line":1488,"column":1}},"line":1472},"56":{"name":"(anonymous_56)","decl":{"start":{"line":1490,"column":60},"end":{"line":1490,"column":61}},"loc":{"start":{"line":1490,"column":80},"end":{"line":1535,"column":1}},"line":1490},"57":{"name":"(anonymous_57)","decl":{"start":{"line":1510,"column":42},"end":{"line":1510,"column":43}},"loc":{"start":{"line":1510,"column":49},"end":{"line":1510,"column":63}},"line":1510},"58":{"name":"(anonymous_58)","decl":{"start":{"line":1538,"column":57},"end":{"line":1538,"column":58}},"loc":{"start":{"line":1538,"column":77},"end":{"line":1558,"column":1}},"line":1538},"59":{"name":"(anonymous_59)","decl":{"start":{"line":1562,"column":29},"end":{"line":1562,"column":30}},"loc":{"start":{"line":1562,"column":49},"end":{"line":1605,"column":1}},"line":1562},"60":{"name":"(anonymous_60)","decl":{"start":{"line":1608,"column":33},"end":{"line":1608,"column":34}},"loc":{"start":{"line":1608,"column":53},"end":{"line":1636,"column":1}},"line":1608},"61":{"name":"(anonymous_61)","decl":{"start":{"line":1639,"column":34},"end":{"line":1639,"column":35}},"loc":{"start":{"line":1639,"column":54},"end":{"line":1654,"column":1}},"line":1639},"62":{"name":"(anonymous_62)","decl":{"start":{"line":1657,"column":40},"end":{"line":1657,"column":41}},"loc":{"start":{"line":1657,"column":60},"end":{"line":1675,"column":1}},"line":1657},"63":{"name":"(anonymous_63)","decl":{"start":{"line":1677,"column":49},"end":{"line":1677,"column":50}},"loc":{"start":{"line":1677,"column":69},"end":{"line":1717,"column":1}},"line":1677},"64":{"name":"(anonymous_64)","decl":{"start":{"line":1720,"column":55},"end":{"line":1720,"column":56}},"loc":{"start":{"line":1720,"column":75},"end":{"line":1750,"column":1}},"line":1720},"65":{"name":"(anonymous_65)","decl":{"start":{"line":1738,"column":36},"end":{"line":1738,"column":37}},"loc":{"start":{"line":1738,"column":46},"end":{"line":1744,"column":7}},"line":1738},"66":{"name":"(anonymous_66)","decl":{"start":{"line":1753,"column":59},"end":{"line":1753,"column":60}},"loc":{"start":{"line":1753,"column":79},"end":{"line":1795,"column":1}},"line":1753},"67":{"name":"(anonymous_67)","decl":{"start":{"line":1799,"column":19},"end":{"line":1799,"column":20}},"loc":{"start":{"line":1799,"column":25},"end":{"line":1801,"column":3}},"line":1799}},"branchMap":{"0":{"loc":{"start":{"line":11,"column":13},"end":{"line":11,"column":37}},"type":"binary-expr","locations":[{"start":{"line":11,"column":13},"end":{"line":11,"column":29}},{"start":{"line":11,"column":33},"end":{"line":11,"column":37}}],"line":11},"1":{"loc":{"start":{"line":41,"column":16},"end":{"line":41,"column":54}},"type":"binary-expr","locations":[{"start":{"line":41,"column":16},"end":{"line":41,"column":26}},{"start":{"line":41,"column":30},"end":{"line":41,"column":54}}],"line":41},"2":{"loc":{"start":{"line":43,"column":2},"end":{"line":45,"column":3}},"type":"if","locations":[{"start":{"line":43,"column":2},"end":{"line":45,"column":3}},{"start":{},"end":{}}],"line":43},"3":{"loc":{"start":{"line":48,"column":4},"end":{"line":50,"column":5}},"type":"if","locations":[{"start":{"line":48,"column":4},"end":{"line":50,"column":5}},{"start":{},"end":{}}],"line":48},"4":{"loc":{"start":{"line":68,"column":8},"end":{"line":72,"column":9}},"type":"if","locations":[{"start":{"line":68,"column":8},"end":{"line":72,"column":9}},{"start":{},"end":{}}],"line":68},"5":{"loc":{"start":{"line":68,"column":12},"end":{"line":68,"column":31}},"type":"binary-expr","locations":[{"start":{"line":68,"column":12},"end":{"line":68,"column":18}},{"start":{"line":68,"column":22},"end":{"line":68,"column":31}}],"line":68},"6":{"loc":{"start":{"line":93,"column":6},"end":{"line":97,"column":7}},"type":"if","locations":[{"start":{"line":93,"column":6},"end":{"line":97,"column":7}},{"start":{},"end":{}}],"line":93},"7":{"loc":{"start":{"line":93,"column":10},"end":{"line":93,"column":29}},"type":"binary-expr","locations":[{"start":{"line":93,"column":10},"end":{"line":93,"column":16}},{"start":{"line":93,"column":20},"end":{"line":93,"column":29}}],"line":93},"8":{"loc":{"start":{"line":102,"column":6},"end":{"line":108,"column":7}},"type":"if","locations":[{"start":{"line":102,"column":6},"end":{"line":108,"column":7}},{"start":{"line":106,"column":13},"end":{"line":108,"column":7}}],"line":102},"9":{"loc":{"start":{"line":102,"column":10},"end":{"line":102,"column":65}},"type":"binary-expr","locations":[{"start":{"line":102,"column":10},"end":{"line":102,"column":14}},{"start":{"line":102,"column":19},"end":{"line":102,"column":64}}],"line":102},"10":{"loc":{"start":{"line":122,"column":6},"end":{"line":124,"column":7}},"type":"if","locations":[{"start":{"line":122,"column":6},"end":{"line":124,"column":7}},{"start":{},"end":{}}],"line":122},"11":{"loc":{"start":{"line":152,"column":24},"end":{"line":152,"column":36}},"type":"default-arg","locations":[{"start":{"line":152,"column":35},"end":{"line":152,"column":36}}],"line":152},"12":{"loc":{"start":{"line":154,"column":4},"end":{"line":156,"column":5}},"type":"if","locations":[{"start":{"line":154,"column":4},"end":{"line":156,"column":5}},{"start":{},"end":{}}],"line":154},"13":{"loc":{"start":{"line":157,"column":4},"end":{"line":159,"column":5}},"type":"if","locations":[{"start":{"line":157,"column":4},"end":{"line":159,"column":5}},{"start":{},"end":{}}],"line":157},"14":{"loc":{"start":{"line":165,"column":4},"end":{"line":180,"column":5}},"type":"if","locations":[{"start":{"line":165,"column":4},"end":{"line":180,"column":5}},{"start":{"line":175,"column":11},"end":{"line":180,"column":5}}],"line":165},"15":{"loc":{"start":{"line":169,"column":6},"end":{"line":174,"column":7}},"type":"if","locations":[{"start":{"line":169,"column":6},"end":{"line":174,"column":7}},{"start":{"line":172,"column":13},"end":{"line":174,"column":7}}],"line":169},"16":{"loc":{"start":{"line":175,"column":11},"end":{"line":180,"column":5}},"type":"if","locations":[{"start":{"line":175,"column":11},"end":{"line":180,"column":5}},{"start":{"line":178,"column":11},"end":{"line":180,"column":5}}],"line":175},"17":{"loc":{"start":{"line":184,"column":4},"end":{"line":206,"column":5}},"type":"if","locations":[{"start":{"line":184,"column":4},"end":{"line":206,"column":5}},{"start":{"line":196,"column":11},"end":{"line":206,"column":5}}],"line":184},"18":{"loc":{"start":{"line":199,"column":39},"end":{"line":199,"column":60}},"type":"binary-expr","locations":[{"start":{"line":199,"column":39},"end":{"line":199,"column":52}},{"start":{"line":199,"column":56},"end":{"line":199,"column":60}}],"line":199},"19":{"loc":{"start":{"line":199,"column":62},"end":{"line":199,"column":84}},"type":"binary-expr","locations":[{"start":{"line":199,"column":62},"end":{"line":199,"column":76}},{"start":{"line":199,"column":80},"end":{"line":199,"column":84}}],"line":199},"20":{"loc":{"start":{"line":221,"column":4},"end":{"line":223,"column":5}},"type":"if","locations":[{"start":{"line":221,"column":4},"end":{"line":223,"column":5}},{"start":{},"end":{}}],"line":221},"21":{"loc":{"start":{"line":221,"column":8},"end":{"line":221,"column":33}},"type":"binary-expr","locations":[{"start":{"line":221,"column":8},"end":{"line":221,"column":17}},{"start":{"line":221,"column":21},"end":{"line":221,"column":33}}],"line":221},"22":{"loc":{"start":{"line":229,"column":4},"end":{"line":231,"column":5}},"type":"if","locations":[{"start":{"line":229,"column":4},"end":{"line":231,"column":5}},{"start":{},"end":{}}],"line":229},"23":{"loc":{"start":{"line":253,"column":4},"end":{"line":255,"column":5}},"type":"if","locations":[{"start":{"line":253,"column":4},"end":{"line":255,"column":5}},{"start":{},"end":{}}],"line":253},"24":{"loc":{"start":{"line":292,"column":6},"end":{"line":303,"column":7}},"type":"if","locations":[{"start":{"line":292,"column":6},"end":{"line":303,"column":7}},{"start":{},"end":{}}],"line":292},"25":{"loc":{"start":{"line":292,"column":10},"end":{"line":292,"column":37}},"type":"binary-expr","locations":[{"start":{"line":292,"column":10},"end":{"line":292,"column":18}},{"start":{"line":292,"column":22},"end":{"line":292,"column":37}}],"line":292},"26":{"loc":{"start":{"line":297,"column":8},"end":{"line":299,"column":9}},"type":"if","locations":[{"start":{"line":297,"column":8},"end":{"line":299,"column":9}},{"start":{},"end":{}}],"line":297},"27":{"loc":{"start":{"line":305,"column":6},"end":{"line":307,"column":7}},"type":"if","locations":[{"start":{"line":305,"column":6},"end":{"line":307,"column":7}},{"start":{},"end":{}}],"line":305},"28":{"loc":{"start":{"line":308,"column":6},"end":{"line":311,"column":7}},"type":"if","locations":[{"start":{"line":308,"column":6},"end":{"line":311,"column":7}},{"start":{},"end":{}}],"line":308},"29":{"loc":{"start":{"line":312,"column":6},"end":{"line":314,"column":7}},"type":"if","locations":[{"start":{"line":312,"column":6},"end":{"line":314,"column":7}},{"start":{},"end":{}}],"line":312},"30":{"loc":{"start":{"line":315,"column":6},"end":{"line":317,"column":7}},"type":"if","locations":[{"start":{"line":315,"column":6},"end":{"line":317,"column":7}},{"start":{},"end":{}}],"line":315},"31":{"loc":{"start":{"line":318,"column":6},"end":{"line":320,"column":7}},"type":"if","locations":[{"start":{"line":318,"column":6},"end":{"line":320,"column":7}},{"start":{},"end":{}}],"line":318},"32":{"loc":{"start":{"line":321,"column":6},"end":{"line":323,"column":7}},"type":"if","locations":[{"start":{"line":321,"column":6},"end":{"line":323,"column":7}},{"start":{},"end":{}}],"line":321},"33":{"loc":{"start":{"line":324,"column":6},"end":{"line":326,"column":7}},"type":"if","locations":[{"start":{"line":324,"column":6},"end":{"line":326,"column":7}},{"start":{},"end":{}}],"line":324},"34":{"loc":{"start":{"line":327,"column":6},"end":{"line":329,"column":7}},"type":"if","locations":[{"start":{"line":327,"column":6},"end":{"line":329,"column":7}},{"start":{},"end":{}}],"line":327},"35":{"loc":{"start":{"line":330,"column":6},"end":{"line":332,"column":7}},"type":"if","locations":[{"start":{"line":330,"column":6},"end":{"line":332,"column":7}},{"start":{},"end":{}}],"line":330},"36":{"loc":{"start":{"line":333,"column":6},"end":{"line":335,"column":7}},"type":"if","locations":[{"start":{"line":333,"column":6},"end":{"line":335,"column":7}},{"start":{},"end":{}}],"line":333},"37":{"loc":{"start":{"line":336,"column":6},"end":{"line":338,"column":7}},"type":"if","locations":[{"start":{"line":336,"column":6},"end":{"line":338,"column":7}},{"start":{},"end":{}}],"line":336},"38":{"loc":{"start":{"line":351,"column":4},"end":{"line":353,"column":5}},"type":"if","locations":[{"start":{"line":351,"column":4},"end":{"line":353,"column":5}},{"start":{},"end":{}}],"line":351},"39":{"loc":{"start":{"line":351,"column":8},"end":{"line":351,"column":41}},"type":"binary-expr","locations":[{"start":{"line":351,"column":8},"end":{"line":351,"column":20}},{"start":{"line":351,"column":24},"end":{"line":351,"column":30}},{"start":{"line":351,"column":34},"end":{"line":351,"column":41}}],"line":351},"40":{"loc":{"start":{"line":370,"column":4},"end":{"line":372,"column":5}},"type":"if","locations":[{"start":{"line":370,"column":4},"end":{"line":372,"column":5}},{"start":{},"end":{}}],"line":370},"41":{"loc":{"start":{"line":370,"column":8},"end":{"line":370,"column":30}},"type":"binary-expr","locations":[{"start":{"line":370,"column":8},"end":{"line":370,"column":20}},{"start":{"line":370,"column":24},"end":{"line":370,"column":30}}],"line":370},"42":{"loc":{"start":{"line":410,"column":4},"end":{"line":412,"column":5}},"type":"if","locations":[{"start":{"line":410,"column":4},"end":{"line":412,"column":5}},{"start":{},"end":{}}],"line":410},"43":{"loc":{"start":{"line":410,"column":8},"end":{"line":410,"column":22}},"type":"binary-expr","locations":[{"start":{"line":410,"column":8},"end":{"line":410,"column":11}},{"start":{"line":410,"column":15},"end":{"line":410,"column":22}}],"line":410},"44":{"loc":{"start":{"line":429,"column":4},"end":{"line":431,"column":5}},"type":"if","locations":[{"start":{"line":429,"column":4},"end":{"line":431,"column":5}},{"start":{},"end":{}}],"line":429},"45":{"loc":{"start":{"line":429,"column":8},"end":{"line":429,"column":37}},"type":"binary-expr","locations":[{"start":{"line":429,"column":8},"end":{"line":429,"column":20}},{"start":{"line":429,"column":24},"end":{"line":429,"column":37}}],"line":429},"46":{"loc":{"start":{"line":440,"column":6},"end":{"line":444,"column":7}},"type":"if","locations":[{"start":{"line":440,"column":6},"end":{"line":444,"column":7}},{"start":{"line":442,"column":13},"end":{"line":444,"column":7}}],"line":440},"47":{"loc":{"start":{"line":458,"column":4},"end":{"line":464,"column":5}},"type":"if","locations":[{"start":{"line":458,"column":4},"end":{"line":464,"column":5}},{"start":{"line":461,"column":11},"end":{"line":464,"column":5}}],"line":458},"48":{"loc":{"start":{"line":483,"column":4},"end":{"line":485,"column":5}},"type":"if","locations":[{"start":{"line":483,"column":4},"end":{"line":485,"column":5}},{"start":{},"end":{}}],"line":483},"49":{"loc":{"start":{"line":516,"column":4},"end":{"line":518,"column":5}},"type":"if","locations":[{"start":{"line":516,"column":4},"end":{"line":518,"column":5}},{"start":{},"end":{}}],"line":516},"50":{"loc":{"start":{"line":538,"column":4},"end":{"line":540,"column":5}},"type":"if","locations":[{"start":{"line":538,"column":4},"end":{"line":540,"column":5}},{"start":{},"end":{}}],"line":538},"51":{"loc":{"start":{"line":554,"column":4},"end":{"line":570,"column":5}},"type":"if","locations":[{"start":{"line":554,"column":4},"end":{"line":570,"column":5}},{"start":{},"end":{}}],"line":554},"52":{"loc":{"start":{"line":558,"column":6},"end":{"line":569,"column":7}},"type":"if","locations":[{"start":{"line":558,"column":6},"end":{"line":569,"column":7}},{"start":{},"end":{}}],"line":558},"53":{"loc":{"start":{"line":558,"column":10},"end":{"line":558,"column":56}},"type":"binary-expr","locations":[{"start":{"line":558,"column":10},"end":{"line":558,"column":21}},{"start":{"line":558,"column":25},"end":{"line":558,"column":56}}],"line":558},"54":{"loc":{"start":{"line":588,"column":2},"end":{"line":590,"column":3}},"type":"if","locations":[{"start":{"line":588,"column":2},"end":{"line":590,"column":3}},{"start":{},"end":{}}],"line":588},"55":{"loc":{"start":{"line":588,"column":6},"end":{"line":588,"column":33}},"type":"binary-expr","locations":[{"start":{"line":588,"column":6},"end":{"line":588,"column":11}},{"start":{"line":588,"column":15},"end":{"line":588,"column":21}},{"start":{"line":588,"column":25},"end":{"line":588,"column":33}}],"line":588},"56":{"loc":{"start":{"line":616,"column":4},"end":{"line":622,"column":5}},"type":"if","locations":[{"start":{"line":616,"column":4},"end":{"line":622,"column":5}},{"start":{},"end":{}}],"line":616},"57":{"loc":{"start":{"line":640,"column":4},"end":{"line":642,"column":5}},"type":"if","locations":[{"start":{"line":640,"column":4},"end":{"line":642,"column":5}},{"start":{},"end":{}}],"line":640},"58":{"loc":{"start":{"line":640,"column":8},"end":{"line":640,"column":30}},"type":"binary-expr","locations":[{"start":{"line":640,"column":8},"end":{"line":640,"column":15}},{"start":{"line":640,"column":19},"end":{"line":640,"column":30}}],"line":640},"59":{"loc":{"start":{"line":652,"column":4},"end":{"line":669,"column":5}},"type":"if","locations":[{"start":{"line":652,"column":4},"end":{"line":669,"column":5}},{"start":{"line":663,"column":11},"end":{"line":669,"column":5}}],"line":652},"60":{"loc":{"start":{"line":705,"column":4},"end":{"line":707,"column":5}},"type":"if","locations":[{"start":{"line":705,"column":4},"end":{"line":707,"column":5}},{"start":{},"end":{}}],"line":705},"61":{"loc":{"start":{"line":705,"column":8},"end":{"line":705,"column":90}},"type":"binary-expr","locations":[{"start":{"line":705,"column":8},"end":{"line":705,"column":14}},{"start":{"line":705,"column":18},"end":{"line":705,"column":28}},{"start":{"line":705,"column":32},"end":{"line":705,"column":41}},{"start":{"line":705,"column":45},"end":{"line":705,"column":53}},{"start":{"line":705,"column":57},"end":{"line":705,"column":62}},{"start":{"line":705,"column":66},"end":{"line":705,"column":75}},{"start":{"line":705,"column":79},"end":{"line":705,"column":90}}],"line":705},"62":{"loc":{"start":{"line":715,"column":4},"end":{"line":725,"column":5}},"type":"if","locations":[{"start":{"line":715,"column":4},"end":{"line":725,"column":5}},{"start":{},"end":{}}],"line":715},"63":{"loc":{"start":{"line":729,"column":4},"end":{"line":736,"column":5}},"type":"if","locations":[{"start":{"line":729,"column":4},"end":{"line":736,"column":5}},{"start":{},"end":{}}],"line":729},"64":{"loc":{"start":{"line":753,"column":23},"end":{"line":753,"column":47}},"type":"binary-expr","locations":[{"start":{"line":753,"column":23},"end":{"line":753,"column":35}},{"start":{"line":753,"column":39},"end":{"line":753,"column":47}}],"line":753},"65":{"loc":{"start":{"line":755,"column":8},"end":{"line":755,"column":41}},"type":"binary-expr","locations":[{"start":{"line":755,"column":8},"end":{"line":755,"column":33}},{"start":{"line":755,"column":37},"end":{"line":755,"column":41}}],"line":755},"66":{"loc":{"start":{"line":756,"column":8},"end":{"line":756,"column":40}},"type":"binary-expr","locations":[{"start":{"line":756,"column":8},"end":{"line":756,"column":32}},{"start":{"line":756,"column":36},"end":{"line":756,"column":40}}],"line":756},"67":{"loc":{"start":{"line":757,"column":8},"end":{"line":757,"column":39}},"type":"binary-expr","locations":[{"start":{"line":757,"column":8},"end":{"line":757,"column":31}},{"start":{"line":757,"column":35},"end":{"line":757,"column":39}}],"line":757},"68":{"loc":{"start":{"line":758,"column":8},"end":{"line":758,"column":36}},"type":"binary-expr","locations":[{"start":{"line":758,"column":8},"end":{"line":758,"column":28}},{"start":{"line":758,"column":32},"end":{"line":758,"column":36}}],"line":758},"69":{"loc":{"start":{"line":759,"column":8},"end":{"line":759,"column":40}},"type":"binary-expr","locations":[{"start":{"line":759,"column":8},"end":{"line":759,"column":32}},{"start":{"line":759,"column":36},"end":{"line":759,"column":40}}],"line":759},"70":{"loc":{"start":{"line":760,"column":8},"end":{"line":760,"column":42}},"type":"binary-expr","locations":[{"start":{"line":760,"column":8},"end":{"line":760,"column":34}},{"start":{"line":760,"column":38},"end":{"line":760,"column":42}}],"line":760},"71":{"loc":{"start":{"line":814,"column":22},"end":{"line":814,"column":46}},"type":"binary-expr","locations":[{"start":{"line":814,"column":22},"end":{"line":814,"column":34}},{"start":{"line":814,"column":38},"end":{"line":814,"column":46}}],"line":814},"72":{"loc":{"start":{"line":845,"column":4},"end":{"line":847,"column":5}},"type":"if","locations":[{"start":{"line":845,"column":4},"end":{"line":847,"column":5}},{"start":{},"end":{}}],"line":845},"73":{"loc":{"start":{"line":892,"column":2},"end":{"line":895,"column":3}},"type":"if","locations":[{"start":{"line":892,"column":2},"end":{"line":895,"column":3}},{"start":{},"end":{}}],"line":892},"74":{"loc":{"start":{"line":892,"column":6},"end":{"line":892,"column":72}},"type":"binary-expr","locations":[{"start":{"line":892,"column":6},"end":{"line":892,"column":16}},{"start":{"line":892,"column":20},"end":{"line":892,"column":29}},{"start":{"line":892,"column":33},"end":{"line":892,"column":39}},{"start":{"line":892,"column":43},"end":{"line":892,"column":52}},{"start":{"line":892,"column":56},"end":{"line":892,"column":72}}],"line":892},"75":{"loc":{"start":{"line":897,"column":2},"end":{"line":900,"column":3}},"type":"if","locations":[{"start":{"line":897,"column":2},"end":{"line":900,"column":3}},{"start":{},"end":{}}],"line":897},"76":{"loc":{"start":{"line":928,"column":4},"end":{"line":930,"column":5}},"type":"if","locations":[{"start":{"line":928,"column":4},"end":{"line":930,"column":5}},{"start":{},"end":{}}],"line":928},"77":{"loc":{"start":{"line":933,"column":4},"end":{"line":935,"column":5}},"type":"if","locations":[{"start":{"line":933,"column":4},"end":{"line":935,"column":5}},{"start":{},"end":{}}],"line":933},"78":{"loc":{"start":{"line":948,"column":2},"end":{"line":950,"column":3}},"type":"if","locations":[{"start":{"line":948,"column":2},"end":{"line":950,"column":3}},{"start":{},"end":{}}],"line":948},"79":{"loc":{"start":{"line":948,"column":6},"end":{"line":948,"column":29}},"type":"binary-expr","locations":[{"start":{"line":948,"column":6},"end":{"line":948,"column":18}},{"start":{"line":948,"column":22},"end":{"line":948,"column":29}}],"line":948},"80":{"loc":{"start":{"line":967,"column":2},"end":{"line":969,"column":3}},"type":"if","locations":[{"start":{"line":967,"column":2},"end":{"line":969,"column":3}},{"start":{},"end":{}}],"line":967},"81":{"loc":{"start":{"line":988,"column":4},"end":{"line":990,"column":5}},"type":"if","locations":[{"start":{"line":988,"column":4},"end":{"line":990,"column":5}},{"start":{},"end":{}}],"line":988},"82":{"loc":{"start":{"line":1045,"column":4},"end":{"line":1048,"column":5}},"type":"if","locations":[{"start":{"line":1045,"column":4},"end":{"line":1048,"column":5}},{"start":{},"end":{}}],"line":1045},"83":{"loc":{"start":{"line":1054,"column":34},"end":{"line":1054,"column":71}},"type":"binary-expr","locations":[{"start":{"line":1054,"column":34},"end":{"line":1054,"column":44}},{"start":{"line":1054,"column":48},"end":{"line":1054,"column":71}}],"line":1054},"84":{"loc":{"start":{"line":1086,"column":4},"end":{"line":1088,"column":5}},"type":"if","locations":[{"start":{"line":1086,"column":4},"end":{"line":1088,"column":5}},{"start":{},"end":{}}],"line":1086},"85":{"loc":{"start":{"line":1101,"column":2},"end":{"line":1101,"column":65}},"type":"if","locations":[{"start":{"line":1101,"column":2},"end":{"line":1101,"column":65}},{"start":{},"end":{}}],"line":1101},"86":{"loc":{"start":{"line":1101,"column":6},"end":{"line":1101,"column":56}},"type":"binary-expr","locations":[{"start":{"line":1101,"column":6},"end":{"line":1101,"column":23}},{"start":{"line":1101,"column":27},"end":{"line":1101,"column":56}}],"line":1101},"87":{"loc":{"start":{"line":1114,"column":4},"end":{"line":1114,"column":37}},"type":"if","locations":[{"start":{"line":1114,"column":4},"end":{"line":1114,"column":37}},{"start":{},"end":{}}],"line":1114},"88":{"loc":{"start":{"line":1116,"column":4},"end":{"line":1116,"column":22}},"type":"if","locations":[{"start":{"line":1116,"column":4},"end":{"line":1116,"column":22}},{"start":{},"end":{}}],"line":1116},"89":{"loc":{"start":{"line":1118,"column":4},"end":{"line":1118,"column":53}},"type":"if","locations":[{"start":{"line":1118,"column":4},"end":{"line":1118,"column":53}},{"start":{},"end":{}}],"line":1118},"90":{"loc":{"start":{"line":1174,"column":67},"end":{"line":1174,"column":77}},"type":"binary-expr","locations":[{"start":{"line":1174,"column":67},"end":{"line":1174,"column":72}},{"start":{"line":1174,"column":76},"end":{"line":1174,"column":77}}],"line":1174},"91":{"loc":{"start":{"line":1174,"column":79},"end":{"line":1174,"column":93}},"type":"binary-expr","locations":[{"start":{"line":1174,"column":79},"end":{"line":1174,"column":85}},{"start":{"line":1174,"column":89},"end":{"line":1174,"column":93}}],"line":1174},"92":{"loc":{"start":{"line":1191,"column":4},"end":{"line":1203,"column":5}},"type":"switch","locations":[{"start":{"line":1192,"column":6},"end":{"line":1194,"column":14}},{"start":{"line":1195,"column":6},"end":{"line":1197,"column":14}},{"start":{"line":1198,"column":6},"end":{"line":1200,"column":14}},{"start":{"line":1201,"column":6},"end":{"line":1202,"column":70}}],"line":1191},"93":{"loc":{"start":{"line":1316,"column":67},"end":{"line":1316,"column":77}},"type":"binary-expr","locations":[{"start":{"line":1316,"column":67},"end":{"line":1316,"column":72}},{"start":{"line":1316,"column":76},"end":{"line":1316,"column":77}}],"line":1316},"94":{"loc":{"start":{"line":1316,"column":79},"end":{"line":1316,"column":93}},"type":"binary-expr","locations":[{"start":{"line":1316,"column":79},"end":{"line":1316,"column":85}},{"start":{"line":1316,"column":89},"end":{"line":1316,"column":93}}],"line":1316},"95":{"loc":{"start":{"line":1318,"column":4},"end":{"line":1320,"column":5}},"type":"if","locations":[{"start":{"line":1318,"column":4},"end":{"line":1320,"column":5}},{"start":{},"end":{}}],"line":1318},"96":{"loc":{"start":{"line":1370,"column":54},"end":{"line":1370,"column":65}},"type":"binary-expr","locations":[{"start":{"line":1370,"column":54},"end":{"line":1370,"column":60}},{"start":{"line":1370,"column":64},"end":{"line":1370,"column":65}}],"line":1370},"97":{"loc":{"start":{"line":1370,"column":80},"end":{"line":1370,"column":90}},"type":"binary-expr","locations":[{"start":{"line":1370,"column":80},"end":{"line":1370,"column":85}},{"start":{"line":1370,"column":89},"end":{"line":1370,"column":90}}],"line":1370},"98":{"loc":{"start":{"line":1370,"column":92},"end":{"line":1370,"column":106}},"type":"binary-expr","locations":[{"start":{"line":1370,"column":92},"end":{"line":1370,"column":98}},{"start":{"line":1370,"column":102},"end":{"line":1370,"column":106}}],"line":1370},"99":{"loc":{"start":{"line":1373,"column":4},"end":{"line":1380,"column":5}},"type":"if","locations":[{"start":{"line":1373,"column":4},"end":{"line":1380,"column":5}},{"start":{},"end":{}}],"line":1373},"100":{"loc":{"start":{"line":1373,"column":8},"end":{"line":1373,"column":48}},"type":"binary-expr","locations":[{"start":{"line":1373,"column":8},"end":{"line":1373,"column":28}},{"start":{"line":1373,"column":32},"end":{"line":1373,"column":48}}],"line":1373},"101":{"loc":{"start":{"line":1416,"column":2},"end":{"line":1416,"column":40}},"type":"if","locations":[{"start":{"line":1416,"column":2},"end":{"line":1416,"column":40}},{"start":{},"end":{}}],"line":1416},"102":{"loc":{"start":{"line":1418,"column":17},"end":{"line":1418,"column":52}},"type":"binary-expr","locations":[{"start":{"line":1418,"column":17},"end":{"line":1418,"column":18}},{"start":{"line":1418,"column":22},"end":{"line":1418,"column":34}},{"start":{"line":1418,"column":38},"end":{"line":1418,"column":52}}],"line":1418},"103":{"loc":{"start":{"line":1443,"column":54},"end":{"line":1443,"column":65}},"type":"binary-expr","locations":[{"start":{"line":1443,"column":54},"end":{"line":1443,"column":60}},{"start":{"line":1443,"column":64},"end":{"line":1443,"column":65}}],"line":1443},"104":{"loc":{"start":{"line":1443,"column":80},"end":{"line":1443,"column":90}},"type":"binary-expr","locations":[{"start":{"line":1443,"column":80},"end":{"line":1443,"column":85}},{"start":{"line":1443,"column":89},"end":{"line":1443,"column":90}}],"line":1443},"105":{"loc":{"start":{"line":1443,"column":92},"end":{"line":1443,"column":106}},"type":"binary-expr","locations":[{"start":{"line":1443,"column":92},"end":{"line":1443,"column":98}},{"start":{"line":1443,"column":102},"end":{"line":1443,"column":106}}],"line":1443},"106":{"loc":{"start":{"line":1445,"column":4},"end":{"line":1448,"column":5}},"type":"if","locations":[{"start":{"line":1445,"column":4},"end":{"line":1448,"column":5}},{"start":{},"end":{}}],"line":1445},"107":{"loc":{"start":{"line":1480,"column":4},"end":{"line":1482,"column":5}},"type":"if","locations":[{"start":{"line":1480,"column":4},"end":{"line":1482,"column":5}},{"start":{},"end":{}}],"line":1480},"108":{"loc":{"start":{"line":1498,"column":2},"end":{"line":1508,"column":3}},"type":"if","locations":[{"start":{"line":1498,"column":2},"end":{"line":1508,"column":3}},{"start":{},"end":{}}],"line":1498},"109":{"loc":{"start":{"line":1500,"column":4},"end":{"line":1502,"column":5}},"type":"if","locations":[{"start":{"line":1500,"column":4},"end":{"line":1502,"column":5}},{"start":{},"end":{}}],"line":1500},"110":{"loc":{"start":{"line":1500,"column":8},"end":{"line":1500,"column":64}},"type":"binary-expr","locations":[{"start":{"line":1500,"column":8},"end":{"line":1500,"column":27}},{"start":{"line":1500,"column":31},"end":{"line":1500,"column":51}},{"start":{"line":1500,"column":55},"end":{"line":1500,"column":64}}],"line":1500},"111":{"loc":{"start":{"line":1521,"column":4},"end":{"line":1523,"column":5}},"type":"if","locations":[{"start":{"line":1521,"column":4},"end":{"line":1523,"column":5}},{"start":{},"end":{}}],"line":1521},"112":{"loc":{"start":{"line":1525,"column":4},"end":{"line":1525,"column":87}},"type":"if","locations":[{"start":{"line":1525,"column":4},"end":{"line":1525,"column":87}},{"start":{},"end":{}}],"line":1525},"113":{"loc":{"start":{"line":1527,"column":4},"end":{"line":1527,"column":53}},"type":"if","locations":[{"start":{"line":1527,"column":4},"end":{"line":1527,"column":53}},{"start":{},"end":{}}],"line":1527},"114":{"loc":{"start":{"line":1547,"column":4},"end":{"line":1549,"column":5}},"type":"if","locations":[{"start":{"line":1547,"column":4},"end":{"line":1549,"column":5}},{"start":{},"end":{}}],"line":1547},"115":{"loc":{"start":{"line":1576,"column":4},"end":{"line":1579,"column":5}},"type":"if","locations":[{"start":{"line":1576,"column":4},"end":{"line":1579,"column":5}},{"start":{},"end":{}}],"line":1576},"116":{"loc":{"start":{"line":1576,"column":8},"end":{"line":1576,"column":34}},"type":"binary-expr","locations":[{"start":{"line":1576,"column":8},"end":{"line":1576,"column":14}},{"start":{"line":1576,"column":18},"end":{"line":1576,"column":34}}],"line":1576},"117":{"loc":{"start":{"line":1581,"column":4},"end":{"line":1596,"column":5}},"type":"if","locations":[{"start":{"line":1581,"column":4},"end":{"line":1596,"column":5}},{"start":{},"end":{}}],"line":1581},"118":{"loc":{"start":{"line":1581,"column":8},"end":{"line":1581,"column":42}},"type":"binary-expr","locations":[{"start":{"line":1581,"column":8},"end":{"line":1581,"column":14}},{"start":{"line":1581,"column":18},"end":{"line":1581,"column":42}}],"line":1581},"119":{"loc":{"start":{"line":1610,"column":2},"end":{"line":1610,"column":75}},"type":"if","locations":[{"start":{"line":1610,"column":2},"end":{"line":1610,"column":75}},{"start":{},"end":{}}],"line":1610},"120":{"loc":{"start":{"line":1617,"column":4},"end":{"line":1619,"column":5}},"type":"if","locations":[{"start":{"line":1617,"column":4},"end":{"line":1619,"column":5}},{"start":{},"end":{}}],"line":1617},"121":{"loc":{"start":{"line":1641,"column":2},"end":{"line":1641,"column":86}},"type":"if","locations":[{"start":{"line":1641,"column":2},"end":{"line":1641,"column":86}},{"start":{},"end":{}}],"line":1641},"122":{"loc":{"start":{"line":1661,"column":2},"end":{"line":1663,"column":3}},"type":"if","locations":[{"start":{"line":1661,"column":2},"end":{"line":1663,"column":3}},{"start":{},"end":{}}],"line":1661},"123":{"loc":{"start":{"line":1661,"column":6},"end":{"line":1661,"column":31}},"type":"binary-expr","locations":[{"start":{"line":1661,"column":6},"end":{"line":1661,"column":14}},{"start":{"line":1661,"column":18},"end":{"line":1661,"column":31}}],"line":1661},"124":{"loc":{"start":{"line":1682,"column":4},"end":{"line":1694,"column":5}},"type":"switch","locations":[{"start":{"line":1683,"column":6},"end":{"line":1685,"column":14}},{"start":{"line":1686,"column":6},"end":{"line":1688,"column":14}},{"start":{"line":1689,"column":6},"end":{"line":1691,"column":14}},{"start":{"line":1692,"column":6},"end":{"line":1693,"column":70}}],"line":1682},"125":{"loc":{"start":{"line":1798,"column":0},"end":{"line":1802,"column":1}},"type":"if","locations":[{"start":{"line":1798,"column":0},"end":{"line":1802,"column":1}},{"start":{},"end":{}}],"line":1798}},"s":{"0":5,"1":5,"2":5,"3":5,"4":5,"5":5,"6":5,"7":0,"8":5,"9":22,"10":22,"11":22,"12":4,"13":18,"14":18,"15":0,"16":18,"17":18,"18":5,"19":5,"20":5,"21":0,"22":0,"23":0,"24":0,"25":0,"26":0,"27":0,"28":0,"29":0,"30":5,"31":0,"32":0,"33":0,"34":0,"35":0,"36":0,"37":0,"38":0,"39":0,"40":0,"41":0,"42":5,"43":0,"44":0,"45":0,"46":0,"47":0,"48":0,"49":0,"50":0,"51":5,"52":0,"53":0,"54":0,"55":0,"56":0,"57":0,"58":5,"59":0,"60":0,"61":0,"62":0,"63":0,"64":0,"65":0,"66":0,"67":0,"68":0,"69":0,"70":0,"71":0,"72":0,"73":0,"74":0,"75":0,"76":0,"77":0,"78":0,"79":0,"80":0,"81":0,"82":0,"83":0,"84":0,"85":0,"86":0,"87":0,"88":5,"89":0,"90":0,"91":0,"92":0,"93":0,"94":0,"95":0,"96":0,"97":0,"98":0,"99":0,"100":0,"101":5,"102":0,"103":0,"104":0,"105":0,"106":0,"107":0,"108":0,"109":0,"110":0,"111":5,"112":0,"113":0,"114":0,"115":0,"116":0,"117":0,"118":5,"119":0,"120":0,"121":0,"122":0,"123":0,"124":0,"125":0,"126":0,"127":0,"128":0,"129":0,"130":0,"131":0,"132":0,"133":0,"134":0,"135":0,"136":0,"137":0,"138":0,"139":0,"140":0,"141":0,"142":0,"143":0,"144":0,"145":0,"146":0,"147":0,"148":0,"149":0,"150":0,"151":0,"152":0,"153":0,"154":0,"155":0,"156":5,"157":0,"158":0,"159":0,"160":0,"161":0,"162":0,"163":0,"164":0,"165":5,"166":0,"167":0,"168":0,"169":0,"170":0,"171":0,"172":0,"173":0,"174":5,"175":0,"176":0,"177":0,"178":0,"179":0,"180":5,"181":0,"182":0,"183":0,"184":0,"185":0,"186":0,"187":0,"188":0,"189":5,"190":3,"191":3,"192":1,"193":2,"194":2,"195":2,"196":1,"197":1,"198":0,"199":0,"200":5,"201":0,"202":0,"203":0,"204":0,"205":0,"206":0,"207":0,"208":0,"209":0,"210":0,"211":0,"212":5,"213":0,"214":0,"215":0,"216":0,"217":0,"218":0,"219":0,"220":0,"221":5,"222":0,"223":0,"224":0,"225":0,"226":0,"227":5,"228":0,"229":0,"230":0,"231":0,"232":0,"233":0,"234":0,"235":0,"236":5,"237":0,"238":0,"239":0,"240":0,"241":0,"242":0,"243":0,"244":0,"245":0,"246":0,"247":0,"248":0,"249":0,"250":0,"251":0,"252":0,"253":0,"254":0,"255":5,"256":0,"257":0,"258":0,"259":0,"260":0,"261":0,"262":0,"263":0,"264":5,"265":0,"266":0,"267":0,"268":0,"269":0,"270":0,"271":0,"272":0,"273":5,"274":0,"275":0,"276":0,"277":0,"278":0,"279":0,"280":0,"281":0,"282":0,"283":0,"284":0,"285":0,"286":5,"287":0,"288":0,"289":0,"290":0,"291":0,"292":0,"293":0,"294":0,"295":0,"296":0,"297":0,"298":0,"299":0,"300":0,"301":0,"302":0,"303":0,"304":0,"305":0,"306":0,"307":0,"308":0,"309":0,"310":0,"311":0,"312":0,"313":0,"314":0,"315":0,"316":0,"317":0,"318":5,"319":0,"320":0,"321":0,"322":0,"323":0,"324":0,"325":0,"326":0,"327":0,"328":0,"329":0,"330":5,"331":0,"332":0,"333":0,"334":0,"335":0,"336":0,"337":0,"338":0,"339":0,"340":0,"341":0,"342":0,"343":0,"344":0,"345":0,"346":0,"347":5,"348":4,"349":4,"350":4,"351":4,"352":1,"353":3,"354":3,"355":2,"356":1,"357":1,"358":0,"359":0,"360":5,"361":0,"362":0,"363":0,"364":0,"365":0,"366":0,"367":0,"368":0,"369":5,"370":0,"371":0,"372":0,"373":0,"374":0,"375":0,"376":0,"377":0,"378":0,"379":0,"380":5,"381":0,"382":0,"383":0,"384":0,"385":0,"386":0,"387":5,"388":0,"389":0,"390":0,"391":0,"392":0,"393":5,"394":0,"395":0,"396":0,"397":0,"398":0,"399":0,"400":0,"401":0,"402":0,"403":0,"404":0,"405":0,"406":0,"407":5,"408":4,"409":4,"410":2,"411":2,"412":2,"413":5,"414":6,"415":6,"416":6,"417":4,"418":2,"419":2,"420":2,"421":2,"422":3,"423":3,"424":2,"425":1,"426":1,"427":1,"428":1,"429":1,"430":1,"431":1,"432":1,"433":1,"434":1,"435":0,"436":1,"437":1,"438":0,"439":1,"440":1,"441":1,"442":1,"443":5,"444":1,"445":1,"446":1,"447":0,"448":0,"449":5,"450":1,"451":1,"452":1,"453":1,"454":0,"455":0,"456":5,"457":0,"458":0,"459":0,"460":0,"461":0,"462":0,"463":0,"464":0,"465":0,"466":0,"467":0,"468":0,"469":0,"470":0,"471":0,"472":5,"473":0,"474":0,"475":0,"476":0,"477":0,"478":0,"479":5,"480":0,"481":0,"482":0,"483":0,"484":0,"485":0,"486":0,"487":0,"488":5,"489":1,"490":1,"491":1,"492":1,"493":1,"494":0,"495":1,"496":1,"497":1,"498":1,"499":0,"500":0,"501":5,"502":1,"503":1,"504":1,"505":0,"506":0,"507":5,"508":0,"509":0,"510":0,"511":0,"512":0,"513":0,"514":0,"515":0,"516":0,"517":0,"518":0,"519":0,"520":0,"521":0,"522":0,"523":5,"524":1,"525":1,"526":1,"527":1,"528":0,"529":0,"530":5,"531":0,"532":0,"533":0,"534":0,"535":0,"536":0,"537":0,"538":0,"539":0,"540":0,"541":0,"542":0,"543":0,"544":0,"545":0,"546":0,"547":0,"548":0,"549":0,"550":0,"551":0,"552":0,"553":0,"554":0,"555":5,"556":0,"557":0,"558":0,"559":0,"560":0,"561":0,"562":0,"563":0,"564":0,"565":5,"566":1,"567":1,"568":1,"569":1,"570":1,"571":0,"572":1,"573":1,"574":0,"575":0,"576":0,"577":0,"578":0,"579":0,"580":0,"581":0,"582":0,"583":0,"584":0,"585":0,"586":0,"587":0,"588":0,"589":0,"590":0,"591":0,"592":0,"593":5,"594":2,"595":2,"596":2,"597":2,"598":2,"599":0,"600":2,"601":2,"602":2,"603":0,"604":0,"605":5,"606":0,"607":0,"608":0,"609":0,"610":0,"611":0,"612":0,"613":0,"614":0,"615":0,"616":0,"617":0,"618":0,"619":0,"620":0,"621":0,"622":0,"623":5,"624":0,"625":0,"626":0,"627":0,"628":0,"629":0,"630":0,"631":0,"632":0,"633":0,"634":0,"635":0,"636":5,"637":0,"638":0,"639":0,"640":0,"641":0,"642":0,"643":0,"644":0,"645":5,"646":0,"647":0,"648":0,"649":0,"650":0,"651":0,"652":0,"653":0,"654":0,"655":5,"656":0,"657":0,"658":0,"659":0,"660":0,"661":0,"662":0,"663":0,"664":0,"665":0,"666":0,"667":0,"668":0,"669":0,"670":0,"671":5,"672":0,"673":0,"674":0,"675":0,"676":0,"677":0,"678":5,"679":0,"680":0,"681":0,"682":0,"683":0,"684":0,"685":0,"686":0,"687":5,"688":0,"689":0},"f":{"0":5,"1":22,"2":18,"3":5,"4":0,"5":0,"6":0,"7":0,"8":0,"9":0,"10":0,"11":0,"12":0,"13":0,"14":0,"15":0,"16":0,"17":3,"18":0,"19":0,"20":0,"21":0,"22":0,"23":0,"24":0,"25":0,"26":0,"27":0,"28":0,"29":0,"30":0,"31":0,"32":4,"33":0,"34":0,"35":0,"36":0,"37":0,"38":4,"39":6,"40":3,"41":1,"42":1,"43":1,"44":0,"45":0,"46":0,"47":0,"48":1,"49":1,"50":0,"51":1,"52":0,"53":0,"54":0,"55":0,"56":1,"57":0,"58":2,"59":0,"60":0,"61":0,"62":0,"63":0,"64":0,"65":0,"66":0,"67":0},"b":{"0":[5,0],"1":[22,18],"2":[4,18],"3":[0,18],"4":[0,0],"5":[0,0],"6":[0,0],"7":[0,0],"8":[0,0],"9":[0,0],"10":[0,0],"11":[0],"12":[0,0],"13":[0,0],"14":[0,0],"15":[0,0],"16":[0,0],"17":[0,0],"18":[0,0],"19":[0,0],"20":[0,0],"21":[0,0],"22":[0,0],"23":[0,0],"24":[0,0],"25":[0,0],"26":[0,0],"27":[0,0],"28":[0,0],"29":[0,0],"30":[0,0],"31":[0,0],"32":[0,0],"33":[0,0],"34":[0,0],"35":[0,0],"36":[0,0],"37":[0,0],"38":[0,0],"39":[0,0,0],"40":[0,0],"41":[0,0],"42":[0,0],"43":[0,0],"44":[1,2],"45":[3,2],"46":[1,1],"47":[0,0],"48":[0,0],"49":[0,0],"50":[0,0],"51":[0,0],"52":[0,0],"53":[0,0],"54":[0,0],"55":[0,0,0],"56":[0,0],"57":[0,0],"58":[0,0],"59":[0,0],"60":[0,0],"61":[0,0,0,0,0,0,0],"62":[0,0],"63":[0,0],"64":[0,0],"65":[0,0],"66":[0,0],"67":[0,0],"68":[0,0],"69":[0,0],"70":[0,0],"71":[0,0],"72":[0,0],"73":[0,0],"74":[0,0,0,0,0],"75":[0,0],"76":[1,3],"77":[2,1],"78":[0,0],"79":[0,0],"80":[0,0],"81":[0,0],"82":[0,0],"83":[0,0],"84":[2,2],"85":[2,1],"86":[3,1],"87":[0,1],"88":[0,1],"89":[1,0],"90":[1,0],"91":[1,0],"92":[0,0,0,0],"93":[1,0],"94":[1,0],"95":[0,1],"96":[0,0],"97":[0,0],"98":[0,0],"99":[0,0],"100":[0,0],"101":[0,0],"102":[0,0,0],"103":[0,0],"104":[0,0],"105":[0,0],"106":[0,0],"107":[0,0],"108":[1,0],"109":[0,1],"110":[1,1,1],"111":[0,0],"112":[0,0],"113":[0,0],"114":[0,2],"115":[0,0],"116":[0,0],"117":[0,0],"118":[0,0],"119":[0,0],"120":[0,0],"121":[0,0],"122":[0,0],"123":[0,0],"124":[0,0,0,0],"125":[0,5]},"inputSourceMap":null,"_coverageSchema":"1a1c01bbd47fc00a2c39e90264f33305004495a9","hash":"c259735c7b492b49a958d82937429d57c2782b9c"}
,"/Users/ashleylin/term-group-project-c01s25-project-my-dormstore/backend/scripts/package-compositions.js": {"path":"/Users/ashleylin/term-group-project-c01s25-project-my-dormstore/backend/scripts/package-compositions.js","statementMap":{"0":{"start":{"line":3,"column":35},"end":{"line":161,"column":1}}},"fnMap":{},"branchMap":{},"s":{"0":5},"f":{},"b":{},"inputSourceMap":null,"_coverageSchema":"1a1c01bbd47fc00a2c39e90264f33305004495a9","hash":"f2e0b993b472d49c760692cb39a4890f59fe54c5"}
}
