TN:
SF:server.js
FN:24,connectToPG
FN:40,authenticateToken
FN:48,(anonymous_2)
FN:58,(anonymous_3)
FN:64,(anonymous_4)
FN:89,(anonymous_5)
FN:115,(anonymous_6)
FN:135,(anonymous_7)
FN:235,(anonymous_8)
FN:402,(anonymous_9)
FN:491,(anonymous_10)
FN:513,(anonymous_11)
FN:534,(anonymous_12)
FN:604,(anonymous_13)
FN:633,(anonymous_14)
FN:656,(anonymous_15)
FN:677,(anonymous_16)
FN:746,(anonymous_17)
FN:765,(anonymous_18)
FN:785,(anonymous_19)
FN:806,(anonymous_20)
FN:824,(anonymous_21)
FN:851,(anonymous_22)
FN:875,(anonymous_23)
FN:895,(anonymous_24)
FN:908,(anonymous_25)
FN:928,(anonymous_26)
FN:956,(anonymous_27)
FN:959,(anonymous_28)
FN:985,(anonymous_29)
FN:1006,(anonymous_30)
FN:1035,(anonymous_31)
FN:1077,(anonymous_32)
FN:1339,(anonymous_33)
FN:1358,(anonymous_34)
FN:1394,(anonymous_35)
FN:1429,(anonymous_36)
FN:1452,(anonymous_37)
FN:1470,(anonymous_38)
FN:1516,(anonymous_39)
FN:1532,(anonymous_40)
FN:1552,(anonymous_41)
FN:1576,(anonymous_42)
FN:1595,(anonymous_43)
FN:1612,autoUpdatePackageStock
FN:1629,(anonymous_45)
FN:1639,(anonymous_46)
FN:1665,(anonymous_47)
FN:1696,(anonymous_48)
FN:1739,(anonymous_49)
FN:1756,(anonymous_50)
FN:1771,(anonymous_51)
FN:1815,updateAllRelatedPackageStocks
FN:1834,(anonymous_53)
FN:1881,(anonymous_54)
FN:1906,(anonymous_55)
FN:1914,(anonymous_56)
FN:1915,(anonymous_57)
FN:1981,(anonymous_58)
FN:1998,(anonymous_59)
FN:2006,(anonymous_60)
FN:2007,(anonymous_61)
FN:2060,(anonymous_62)
FN:2078,(anonymous_63)
FN:2098,(anonymous_64)
FN:2126,(anonymous_65)
FN:2150,(anonymous_66)
FN:2196,(anonymous_67)
FN:2245,(anonymous_68)
FN:2263,(anonymous_69)
FN:2283,(anonymous_70)
FN:2326,(anonymous_71)
FN:2344,(anonymous_72)
FN:2359,(anonymous_73)
FN:2405,(anonymous_74)
FNF:75
FNH:55
FNDA:16,connectToPG
FNDA:77,authenticateToken
FNDA:70,(anonymous_2)
FNDA:16,(anonymous_3)
FNDA:8,(anonymous_4)
FNDA:3,(anonymous_5)
FNDA:6,(anonymous_6)
FNDA:2,(anonymous_7)
FNDA:9,(anonymous_8)
FNDA:3,(anonymous_9)
FNDA:2,(anonymous_10)
FNDA:1,(anonymous_11)
FNDA:0,(anonymous_12)
FNDA:0,(anonymous_13)
FNDA:0,(anonymous_14)
FNDA:0,(anonymous_15)
FNDA:8,(anonymous_16)
FNDA:0,(anonymous_17)
FNDA:0,(anonymous_18)
FNDA:0,(anonymous_19)
FNDA:0,(anonymous_20)
FNDA:5,(anonymous_21)
FNDA:2,(anonymous_22)
FNDA:2,(anonymous_23)
FNDA:1,(anonymous_24)
FNDA:2,(anonymous_25)
FNDA:1,(anonymous_26)
FNDA:0,(anonymous_27)
FNDA:0,(anonymous_28)
FNDA:2,(anonymous_29)
FNDA:1,(anonymous_30)
FNDA:2,(anonymous_31)
FNDA:3,(anonymous_32)
FNDA:2,(anonymous_33)
FNDA:1,(anonymous_34)
FNDA:0,(anonymous_35)
FNDA:9,(anonymous_36)
FNDA:1,(anonymous_37)
FNDA:1,(anonymous_38)
FNDA:1,(anonymous_39)
FNDA:1,(anonymous_40)
FNDA:2,(anonymous_41)
FNDA:4,(anonymous_42)
FNDA:6,(anonymous_43)
FNDA:4,autoUpdatePackageStock
FNDA:2,(anonymous_45)
FNDA:1,(anonymous_46)
FNDA:2,(anonymous_47)
FNDA:1,(anonymous_48)
FNDA:1,(anonymous_49)
FNDA:10,(anonymous_50)
FNDA:1,(anonymous_51)
FNDA:2,updateAllRelatedPackageStocks
FNDA:3,(anonymous_53)
FNDA:1,(anonymous_54)
FNDA:1,(anonymous_55)
FNDA:1,(anonymous_56)
FNDA:1,(anonymous_57)
FNDA:1,(anonymous_58)
FNDA:2,(anonymous_59)
FNDA:2,(anonymous_60)
FNDA:1,(anonymous_61)
FNDA:1,(anonymous_62)
FNDA:1,(anonymous_63)
FNDA:0,(anonymous_64)
FNDA:4,(anonymous_65)
FNDA:1,(anonymous_66)
FNDA:0,(anonymous_67)
FNDA:0,(anonymous_68)
FNDA:0,(anonymous_69)
FNDA:0,(anonymous_70)
FNDA:0,(anonymous_71)
FNDA:0,(anonymous_72)
FNDA:0,(anonymous_73)
FNDA:0,(anonymous_74)
DA:9,16
DA:10,16
DA:11,16
DA:14,16
DA:20,16
DA:25,16
DA:26,16
DA:34,0
DA:37,16
DA:41,77
DA:42,77
DA:44,77
DA:45,7
DA:48,70
DA:49,70
DA:50,2
DA:52,68
DA:53,68
DA:58,16
DA:59,16
DA:64,16
DA:65,8
DA:66,8
DA:69,8
DA:70,1
DA:75,7
DA:76,7
DA:81,6
DA:82,6
DA:84,1
DA:89,16
DA:90,3
DA:91,3
DA:94,3
DA:95,1
DA:100,2
DA:101,2
DA:103,2
DA:104,1
DA:106,1
DA:108,1
DA:111,0
DA:115,16
DA:116,6
DA:117,6
DA:118,6
DA:123,5
DA:124,0
DA:127,5
DA:129,1
DA:130,1
DA:135,16
DA:136,2
DA:137,2
DA:138,2
DA:140,2
DA:142,1
DA:143,1
DA:144,1
DA:147,1
DA:153,1
DA:154,1
DA:156,1
DA:157,0
DA:160,0
DA:161,0
DA:165,0
DA:166,0
DA:168,0
DA:175,0
DA:176,0
DA:177,0
DA:181,0
DA:184,0
DA:186,0
DA:188,0
DA:189,0
DA:191,0
DA:193,0
DA:197,0
DA:198,0
DA:202,0
DA:205,0
DA:209,1
DA:215,0
DA:222,1
DA:228,0
DA:229,0
DA:235,16
DA:236,9
DA:237,9
DA:238,9
DA:240,9
DA:241,9
DA:242,1
DA:244,8
DA:245,1
DA:249,7
DA:251,0
DA:256,0
DA:257,0
DA:260,0
DA:261,0
DA:262,0
DA:269,7
DA:271,7
DA:276,6
DA:277,1
DA:280,5
DA:281,5
DA:282,0
DA:293,5
DA:295,0
DA:296,0
DA:298,0
DA:299,0
DA:300,0
DA:302,0
DA:303,0
DA:304,0
DA:306,0
DA:308,0
DA:309,0
DA:310,0
DA:312,0
DA:315,0
DA:316,0
DA:319,5
DA:320,5
DA:322,5
DA:323,0
DA:324,0
DA:326,0
DA:327,0
DA:328,0
DA:330,0
DA:332,5
DA:333,0
DA:334,0
DA:336,5
DA:339,5
DA:340,5
DA:343,5
DA:345,5
DA:347,1
DA:351,1
DA:352,0
DA:356,0
DA:358,1
DA:362,1
DA:366,1
DA:367,0
DA:377,1
DA:382,1
DA:387,4
DA:388,4
DA:395,1
DA:396,1
DA:402,16
DA:403,3
DA:404,3
DA:405,3
DA:406,3
DA:409,3
DA:410,1
DA:414,2
DA:415,0
DA:416,0
DA:423,2
DA:428,2
DA:429,1
DA:432,1
DA:436,1
DA:437,0
DA:442,0
DA:443,0
DA:446,0
DA:447,1
DA:448,1
DA:453,1
DA:454,0
DA:457,1
DA:459,0
DA:463,1
DA:464,0
DA:472,1
DA:476,1
DA:477,0
DA:480,1
DA:485,0
DA:486,0
DA:491,16
DA:492,2
DA:493,2
DA:494,2
DA:496,2
DA:500,2
DA:501,1
DA:503,1
DA:508,0
DA:509,0
DA:513,16
DA:514,1
DA:515,1
DA:517,1
DA:522,1
DA:528,0
DA:529,0
DA:534,16
DA:535,0
DA:536,0
DA:537,0
DA:538,0
DA:540,0
DA:541,0
DA:543,0
DA:544,0
DA:547,0
DA:549,0
DA:550,0
DA:551,0
DA:554,0
DA:559,0
DA:561,0
DA:562,0
DA:567,0
DA:572,0
DA:577,0
DA:584,0
DA:588,0
DA:598,0
DA:599,0
DA:604,16
DA:605,0
DA:606,0
DA:607,0
DA:608,0
DA:610,0
DA:611,0
DA:614,0
DA:618,0
DA:619,0
DA:622,0
DA:627,0
DA:628,0
DA:633,16
DA:634,0
DA:635,0
DA:636,0
DA:638,0
DA:642,0
DA:643,0
DA:645,0
DA:650,0
DA:651,0
DA:656,16
DA:657,0
DA:658,0
DA:660,0
DA:665,0
DA:671,0
DA:672,0
DA:677,16
DA:678,8
DA:679,8
DA:681,8
DA:686,2
DA:689,6
DA:690,6
DA:691,2
DA:692,2
DA:694,2
DA:695,2
DA:696,1
DA:699,1
DA:700,1
DA:703,5
DA:704,1
DA:706,4
DA:707,2
DA:708,2
DA:710,4
DA:711,1
DA:713,4
DA:714,1
DA:716,4
DA:717,0
DA:719,4
DA:720,2
DA:722,4
DA:723,0
DA:725,4
DA:726,0
DA:728,4
DA:729,0
DA:731,4
DA:732,0
DA:734,4
DA:735,0
DA:738,4
DA:740,1
DA:741,1
DA:746,16
DA:747,0
DA:749,0
DA:750,0
DA:753,0
DA:754,0
DA:758,0
DA:760,0
DA:761,0
DA:765,16
DA:766,0
DA:768,0
DA:769,0
DA:772,0
DA:773,0
DA:778,0
DA:780,0
DA:781,0
DA:785,16
DA:786,0
DA:787,0
DA:799,0
DA:801,0
DA:802,0
DA:806,16
DA:807,0
DA:808,0
DA:809,0
DA:812,0
DA:813,0
DA:817,0
DA:819,0
DA:820,0
DA:824,16
DA:825,5
DA:827,5
DA:828,1
DA:831,4
DA:832,4
DA:838,4
DA:839,2
DA:841,2
DA:844,0
DA:845,0
DA:851,16
DA:852,2
DA:853,2
DA:856,2
DA:857,1
DA:858,1
DA:861,1
DA:863,1
DA:866,2
DA:867,2
DA:869,0
DA:870,0
DA:875,16
DA:876,2
DA:877,2
DA:878,2
DA:883,2
DA:884,1
DA:887,1
DA:889,0
DA:890,0
DA:895,16
DA:896,1
DA:897,1
DA:900,1
DA:902,0
DA:903,0
DA:908,16
DA:909,2
DA:910,2
DA:911,2
DA:916,2
DA:917,1
DA:920,1
DA:922,0
DA:923,0
DA:928,16
DA:929,1
DA:930,1
DA:933,1
DA:938,1
DA:939,0
DA:943,1
DA:951,1
DA:954,1
DA:955,0
DA:956,0
DA:958,0
DA:959,0
DA:972,1
DA:977,1
DA:979,0
DA:980,0
DA:985,16
DA:986,2
DA:988,2
DA:989,1
DA:992,1
DA:993,1
DA:998,1
DA:1000,0
DA:1001,0
DA:1006,16
DA:1007,1
DA:1008,1
DA:1011,1
DA:1016,1
DA:1018,1
DA:1024,1
DA:1029,0
DA:1030,0
DA:1035,16
DA:1036,2
DA:1037,2
DA:1038,2
DA:1040,2
DA:1041,1
DA:1044,1
DA:1052,1
DA:1054,0
DA:1058,0
DA:1064,1
DA:1071,0
DA:1072,0
DA:1077,16
DA:1078,3
DA:1080,3
DA:1081,3
DA:1084,3
DA:1085,3
DA:1086,3
DA:1088,3
DA:1089,3
DA:1090,3
DA:1091,3
DA:1094,0
DA:1099,3
DA:1101,0
DA:1121,3
DA:1124,3
DA:1125,1
DA:1129,2
DA:1130,2
DA:1135,2
DA:1137,0
DA:1141,0
DA:1147,2
DA:1149,2
DA:1150,1
DA:1159,0
DA:1163,1
DA:1166,1
DA:1188,1
DA:1189,1
DA:1192,1
DA:1194,1
DA:1196,1
DA:1207,1
DA:1210,0
DA:1211,0
DA:1216,1
DA:1217,1
DA:1218,1
DA:1220,1
DA:1221,0
DA:1224,1
DA:1227,1
DA:1238,1
DA:1245,0
DA:1246,0
DA:1248,0
DA:1249,0
DA:1252,0
DA:1255,0
DA:1266,1
DA:1267,0
DA:1269,0
DA:1281,1
DA:1282,1
DA:1292,1
DA:1294,0
DA:1297,1
DA:1300,1
DA:1312,1
DA:1313,1
DA:1318,1
DA:1323,0
DA:1326,1
DA:1329,0
DA:1330,0
DA:1331,0
DA:1332,0
DA:1334,3
DA:1339,16
DA:1340,2
DA:1341,2
DA:1342,2
DA:1344,2
DA:1351,2
DA:1352,1
DA:1356,1
DA:1358,1
DA:1367,1
DA:1369,0
DA:1370,0
DA:1394,16
DA:1395,0
DA:1396,0
DA:1398,0
DA:1399,0
DA:1400,0
DA:1403,0
DA:1404,0
DA:1405,0
DA:1408,0
DA:1409,0
DA:1410,0
DA:1412,0
DA:1419,0
DA:1421,0
DA:1423,0
DA:1424,0
DA:1429,16
DA:1430,9
DA:1432,9
DA:1433,9
DA:1434,9
DA:1435,1
DA:1438,8
DA:1439,8
DA:1440,3
DA:1443,5
DA:1445,5
DA:1447,0
DA:1448,0
DA:1452,16
DA:1453,1
DA:1454,1
DA:1455,0
DA:1458,1
DA:1459,1
DA:1463,1
DA:1465,0
DA:1466,0
DA:1470,16
DA:1471,1
DA:1473,1
DA:1474,0
DA:1477,1
DA:1478,1
DA:1483,1
DA:1484,0
DA:1487,1
DA:1489,1
DA:1491,1
DA:1498,1
DA:1506,1
DA:1508,1
DA:1510,0
DA:1511,0
DA:1516,16
DA:1517,1
DA:1518,1
DA:1519,1
DA:1524,1
DA:1526,0
DA:1527,0
DA:1532,16
DA:1533,1
DA:1534,1
DA:1545,1
DA:1547,0
DA:1548,0
DA:1552,16
DA:1553,2
DA:1554,2
DA:1555,2
DA:1556,2
DA:1557,2
DA:1561,2
DA:1562,1
DA:1563,1
DA:1565,1
DA:1566,1
DA:1568,0
DA:1569,0
DA:1570,0
DA:1576,16
DA:1577,4
DA:1578,4
DA:1587,2
DA:1589,2
DA:1590,2
DA:1595,16
DA:1596,6
DA:1597,6
DA:1598,6
DA:1602,4
DA:1603,2
DA:1605,2
DA:1607,2
DA:1608,2
DA:1613,4
DA:1614,4
DA:1615,4
DA:1617,4
DA:1618,4
DA:1625,4
DA:1626,2
DA:1629,2
DA:1630,2
DA:1632,0
DA:1634,4
DA:1639,16
DA:1640,1
DA:1641,1
DA:1657,1
DA:1659,0
DA:1660,0
DA:1665,16
DA:1666,2
DA:1667,2
DA:1668,2
DA:1669,2
DA:1686,2
DA:1688,0
DA:1689,0
DA:1696,16
DA:1697,1
DA:1699,1
DA:1701,1
DA:1703,1
DA:1704,1
DA:1706,0
DA:1707,0
DA:1709,0
DA:1710,0
DA:1712,0
DA:1715,1
DA:1725,1
DA:1726,1
DA:1733,0
DA:1734,0
DA:1739,16
DA:1740,1
DA:1741,1
DA:1755,1
DA:1756,10
DA:1765,0
DA:1766,0
DA:1771,16
DA:1772,1
DA:1774,1
DA:1782,1
DA:1790,1
DA:1798,1
DA:1803,1
DA:1810,0
DA:1811,0
DA:1816,2
DA:1817,2
DA:1818,2
DA:1823,2
DA:1824,0
DA:1827,0
DA:1829,2
DA:1834,16
DA:1835,3
DA:1846,3
DA:1848,3
DA:1849,3
DA:1866,3
DA:1867,1
DA:1870,2
DA:1872,2
DA:1874,0
DA:1875,0
DA:1881,16
DA:1882,1
DA:1883,1
DA:1899,1
DA:1901,0
DA:1902,0
DA:1906,16
DA:1910,1
DA:1912,1
DA:1914,1
DA:1915,1
DA:1921,1
DA:1922,1
DA:1923,1
DA:1924,1
DA:1925,1
DA:1947,1
DA:1948,1
DA:1949,1
DA:1950,1
DA:1957,1
DA:1960,1
DA:1961,1
DA:1968,1
DA:1971,0
DA:1972,0
DA:1973,0
DA:1975,1
DA:1981,16
DA:1982,1
DA:1983,1
DA:1984,1
DA:1991,1
DA:1993,0
DA:1994,0
DA:1998,16
DA:1999,2
DA:2003,2
DA:2004,2
DA:2005,2
DA:2006,2
DA:2007,1
DA:2012,2
DA:2013,2
DA:2014,2
DA:2015,2
DA:2033,1
DA:2034,0
DA:2035,0
DA:2037,1
DA:2038,1
DA:2039,1
DA:2045,1
DA:2046,1
DA:2048,1
DA:2050,1
DA:2051,1
DA:2052,1
DA:2054,2
DA:2060,16
DA:2061,1
DA:2062,1
DA:2063,1
DA:2064,1
DA:2068,1
DA:2069,0
DA:2071,1
DA:2073,0
DA:2074,0
DA:2078,16
DA:2079,1
DA:2081,1
DA:2086,1
DA:2087,1
DA:2088,1
DA:2089,0
DA:2091,1
DA:2095,1
DA:2098,0
DA:2099,0
DA:2103,0
DA:2104,0
DA:2106,0
DA:2107,0
DA:2108,0
DA:2109,0
DA:2110,0
DA:2112,0
DA:2113,0
DA:2114,0
DA:2115,0
DA:2118,0
DA:2122,0
DA:2126,16
DA:2127,4
DA:2128,4
DA:2129,4
DA:2132,4
DA:2135,4
DA:2136,1
DA:2138,3
DA:2139,2
DA:2141,3
DA:2143,0
DA:2144,0
DA:2150,16
DA:2151,1
DA:2152,1
DA:2153,1
DA:2161,1
DA:2162,1
DA:2164,1
DA:2165,0
DA:2166,0
DA:2169,1
DA:2170,0
DA:2182,0
DA:2183,0
DA:2185,1
DA:2187,1
DA:2188,1
DA:2190,0
DA:2191,0
DA:2196,16
DA:2197,0
DA:2198,0
DA:2200,0
DA:2201,0
DA:2205,0
DA:2206,0
DA:2208,0
DA:2211,0
DA:2218,0
DA:2232,0
DA:2238,0
DA:2239,0
DA:2245,16
DA:2246,0
DA:2247,0
DA:2249,0
DA:2250,0
DA:2255,0
DA:2257,0
DA:2258,0
DA:2263,16
DA:2264,0
DA:2265,0
DA:2267,0
DA:2268,0
DA:2271,0
DA:2272,0
DA:2276,0
DA:2278,0
DA:2279,0
DA:2283,16
DA:2284,0
DA:2286,0
DA:2288,0
DA:2290,0
DA:2291,0
DA:2293,0
DA:2294,0
DA:2296,0
DA:2297,0
DA:2299,0
DA:2302,0
DA:2312,0
DA:2313,0
DA:2320,0
DA:2321,0
DA:2326,16
DA:2327,0
DA:2328,0
DA:2343,0
DA:2344,0
DA:2353,0
DA:2354,0
DA:2359,16
DA:2360,0
DA:2362,0
DA:2370,0
DA:2378,0
DA:2386,0
DA:2391,0
DA:2398,0
DA:2399,0
DA:2404,16
DA:2405,0
DA:2406,0
LF:872
LH:515
BRDA:11,0,0,16
BRDA:11,0,1,0
BRDA:42,1,0,77
BRDA:42,1,1,70
BRDA:44,2,0,7
BRDA:44,2,1,70
BRDA:49,3,0,2
BRDA:49,3,1,68
BRDA:69,4,0,1
BRDA:69,4,1,7
BRDA:69,5,0,8
BRDA:69,5,1,7
BRDA:94,6,0,1
BRDA:94,6,1,2
BRDA:94,7,0,3
BRDA:94,7,1,2
BRDA:103,8,0,1
BRDA:103,8,1,1
BRDA:103,9,0,2
BRDA:103,9,1,2
BRDA:123,10,0,0
BRDA:123,10,1,5
BRDA:138,11,0,2
BRDA:138,11,1,1
BRDA:140,12,0,1
BRDA:140,12,1,1
BRDA:160,13,0,0
BRDA:160,13,1,0
BRDA:160,14,0,0
BRDA:160,14,1,0
BRDA:166,15,0,0
BRDA:166,15,1,0
BRDA:166,16,0,0
BRDA:166,16,1,0
BRDA:175,17,0,0
BRDA:175,17,1,0
BRDA:175,18,0,0
BRDA:175,18,1,0
BRDA:178,19,0,0
BRDA:178,19,1,0
BRDA:178,20,0,0
BRDA:178,20,1,0
BRDA:179,21,0,0
BRDA:179,21,1,0
BRDA:186,22,0,0
BRDA:186,22,1,0
BRDA:191,23,0,0
BRDA:191,23,1,0
BRDA:237,24,0,0
BRDA:241,25,0,1
BRDA:241,25,1,8
BRDA:241,26,0,9
BRDA:241,26,1,1
BRDA:244,27,0,1
BRDA:244,27,1,7
BRDA:249,28,0,0
BRDA:249,28,1,7
BRDA:256,29,0,0
BRDA:256,29,1,0
BRDA:261,30,0,0
BRDA:261,30,1,0
BRDA:269,31,0,7
BRDA:269,31,1,0
BRDA:276,32,0,1
BRDA:276,32,1,5
BRDA:281,33,0,0
BRDA:281,33,1,5
BRDA:293,34,0,0
BRDA:293,34,1,5
BRDA:298,35,0,0
BRDA:298,35,1,0
BRDA:302,36,0,0
BRDA:302,36,1,0
BRDA:308,37,0,0
BRDA:308,37,1,0
BRDA:316,38,0,0
BRDA:316,38,1,0
BRDA:316,39,0,0
BRDA:316,39,1,0
BRDA:322,40,0,0
BRDA:322,40,1,5
BRDA:326,41,0,0
BRDA:326,41,1,0
BRDA:332,42,0,0
BRDA:332,42,1,5
BRDA:340,43,0,5
BRDA:340,43,1,5
BRDA:340,44,0,5
BRDA:340,44,1,5
BRDA:345,45,0,1
BRDA:345,45,1,4
BRDA:351,46,0,0
BRDA:351,46,1,1
BRDA:366,47,0,0
BRDA:366,47,1,1
BRDA:409,48,0,1
BRDA:409,48,1,2
BRDA:409,49,0,3
BRDA:409,49,1,2
BRDA:414,50,0,0
BRDA:414,50,1,2
BRDA:428,51,0,1
BRDA:428,51,1,1
BRDA:436,52,0,0
BRDA:436,52,1,1
BRDA:436,53,0,1
BRDA:436,53,1,0
BRDA:442,54,0,0
BRDA:442,54,1,0
BRDA:447,55,0,1
BRDA:447,55,1,0
BRDA:447,56,0,1
BRDA:447,56,1,1
BRDA:453,57,0,0
BRDA:453,57,1,1
BRDA:463,58,0,0
BRDA:463,58,1,1
BRDA:476,59,0,0
BRDA:476,59,1,1
BRDA:500,60,0,1
BRDA:500,60,1,1
BRDA:537,61,0,0
BRDA:537,61,1,0
BRDA:538,62,0,0
BRDA:540,63,0,0
BRDA:540,63,1,0
BRDA:543,64,0,0
BRDA:543,64,1,0
BRDA:547,65,0,0
BRDA:547,65,1,0
BRDA:559,66,0,0
BRDA:559,66,1,0
BRDA:610,67,0,0
BRDA:610,67,1,0
BRDA:610,68,0,0
BRDA:610,68,1,0
BRDA:618,69,0,0
BRDA:618,69,1,0
BRDA:642,70,0,0
BRDA:642,70,1,0
BRDA:681,71,0,2
BRDA:681,71,1,6
BRDA:682,72,0,8
BRDA:682,72,1,7
BRDA:682,72,2,4
BRDA:682,72,3,3
BRDA:682,72,4,2
BRDA:682,72,5,2
BRDA:682,72,6,2
BRDA:682,72,7,2
BRDA:682,72,8,2
BRDA:682,72,9,2
BRDA:682,72,10,2
BRDA:690,73,0,2
BRDA:690,73,1,4
BRDA:690,74,0,6
BRDA:690,74,1,3
BRDA:695,75,0,1
BRDA:695,75,1,1
BRDA:703,76,0,1
BRDA:703,76,1,4
BRDA:706,77,0,2
BRDA:706,77,1,2
BRDA:710,78,0,1
BRDA:710,78,1,3
BRDA:713,79,0,1
BRDA:713,79,1,3
BRDA:716,80,0,0
BRDA:716,80,1,4
BRDA:719,81,0,2
BRDA:719,81,1,2
BRDA:722,82,0,0
BRDA:722,82,1,4
BRDA:725,83,0,0
BRDA:725,83,1,4
BRDA:728,84,0,0
BRDA:728,84,1,4
BRDA:731,85,0,0
BRDA:731,85,1,4
BRDA:734,86,0,0
BRDA:734,86,1,4
BRDA:749,87,0,0
BRDA:749,87,1,0
BRDA:749,88,0,0
BRDA:749,88,1,0
BRDA:749,88,2,0
BRDA:768,89,0,0
BRDA:768,89,1,0
BRDA:768,90,0,0
BRDA:768,90,1,0
BRDA:808,91,0,0
BRDA:808,91,1,0
BRDA:808,92,0,0
BRDA:808,92,1,0
BRDA:827,93,0,1
BRDA:827,93,1,4
BRDA:827,94,0,5
BRDA:827,94,1,4
BRDA:838,95,0,2
BRDA:838,95,1,2
BRDA:856,96,0,1
BRDA:856,96,1,1
BRDA:883,97,0,1
BRDA:883,97,1,1
BRDA:916,98,0,1
BRDA:916,98,1,1
BRDA:938,99,0,0
BRDA:938,99,1,1
BRDA:954,100,0,0
BRDA:954,100,1,1
BRDA:958,101,0,0
BRDA:958,101,1,0
BRDA:958,102,0,0
BRDA:958,102,1,0
BRDA:988,103,0,1
BRDA:988,103,1,1
BRDA:988,104,0,2
BRDA:988,104,1,1
BRDA:988,104,2,1
BRDA:1016,105,0,1
BRDA:1016,105,1,0
BRDA:1040,106,0,1
BRDA:1040,106,1,1
BRDA:1040,107,0,2
BRDA:1040,107,1,1
BRDA:1052,108,0,0
BRDA:1052,108,1,1
BRDA:1085,109,0,3
BRDA:1085,109,1,3
BRDA:1088,110,0,3
BRDA:1088,110,1,0
BRDA:1099,111,0,0
BRDA:1099,111,1,3
BRDA:1124,112,0,1
BRDA:1124,112,1,2
BRDA:1124,113,0,3
BRDA:1124,113,1,3
BRDA:1124,113,2,3
BRDA:1124,113,3,3
BRDA:1124,113,4,2
BRDA:1124,113,5,2
BRDA:1124,113,6,2
BRDA:1129,114,0,2
BRDA:1129,114,1,0
BRDA:1135,115,0,0
BRDA:1135,115,1,2
BRDA:1149,116,0,1
BRDA:1149,116,1,1
BRDA:1177,117,0,1
BRDA:1177,117,1,0
BRDA:1179,118,0,1
BRDA:1179,118,1,0
BRDA:1180,119,0,1
BRDA:1180,119,1,0
BRDA:1181,120,0,1
BRDA:1181,120,1,0
BRDA:1182,121,0,1
BRDA:1182,121,1,0
BRDA:1183,122,0,1
BRDA:1183,122,1,0
BRDA:1184,123,0,1
BRDA:1184,123,1,0
BRDA:1194,124,0,1
BRDA:1194,124,1,0
BRDA:1210,125,0,0
BRDA:1210,125,1,0
BRDA:1217,126,0,1
BRDA:1217,126,1,0
BRDA:1220,127,0,0
BRDA:1220,127,1,1
BRDA:1245,128,0,0
BRDA:1245,128,1,0
BRDA:1248,129,0,0
BRDA:1248,129,1,0
BRDA:1266,130,0,0
BRDA:1266,130,1,1
BRDA:1266,131,0,1
BRDA:1266,131,1,0
BRDA:1281,132,0,1
BRDA:1281,132,1,0
BRDA:1307,133,0,1
BRDA:1307,133,1,0
BRDA:1312,134,0,1
BRDA:1312,134,1,0
BRDA:1351,135,0,1
BRDA:1351,135,1,1
BRDA:1398,136,0,0
BRDA:1398,136,1,0
BRDA:1398,137,0,0
BRDA:1398,137,1,0
BRDA:1398,137,2,0
BRDA:1398,137,3,0
BRDA:1398,137,4,0
BRDA:1403,138,0,0
BRDA:1403,138,1,0
BRDA:1434,139,0,1
BRDA:1434,139,1,8
BRDA:1439,140,0,3
BRDA:1439,140,1,5
BRDA:1454,141,0,0
BRDA:1454,141,1,1
BRDA:1454,142,0,1
BRDA:1454,142,1,1
BRDA:1473,143,0,0
BRDA:1473,143,1,1
BRDA:1483,144,0,0
BRDA:1483,144,1,1
BRDA:1561,145,0,1
BRDA:1561,145,1,1
BRDA:1570,146,0,0
BRDA:1570,146,1,0
BRDA:1602,147,0,2
BRDA:1602,147,1,2
BRDA:1613,148,0,4
BRDA:1613,148,1,3
BRDA:1615,149,0,3
BRDA:1615,149,1,1
BRDA:1625,150,0,2
BRDA:1625,150,1,2
BRDA:1634,151,0,3
BRDA:1634,151,1,1
BRDA:1684,152,0,2
BRDA:1684,152,1,0
BRDA:1684,153,0,2
BRDA:1684,153,1,0
BRDA:1701,154,0,1
BRDA:1701,154,1,0
BRDA:1701,154,2,0
BRDA:1701,154,3,0
BRDA:1863,155,0,3
BRDA:1863,155,1,0
BRDA:1863,156,0,3
BRDA:1863,156,1,0
BRDA:1866,157,0,1
BRDA:1866,157,1,2
BRDA:1912,158,0,1
BRDA:1912,158,1,0
BRDA:1914,159,0,1
BRDA:1914,159,1,1
BRDA:1914,159,2,1
BRDA:1939,160,0,1
BRDA:1939,160,1,0
BRDA:1942,161,0,1
BRDA:1942,161,1,0
BRDA:1942,162,0,0
BRDA:1942,162,1,0
BRDA:1943,163,0,1
BRDA:1943,163,1,0
BRDA:1948,164,0,1
BRDA:1948,164,1,0
BRDA:2004,165,0,0
BRDA:2004,165,1,2
BRDA:2006,166,0,2
BRDA:2006,166,1,2
BRDA:2006,166,2,1
BRDA:2031,167,0,2
BRDA:2031,167,1,1
BRDA:2031,168,0,2
BRDA:2031,168,1,1
BRDA:2031,169,0,2
BRDA:2031,169,1,1
BRDA:2033,170,0,0
BRDA:2033,170,1,1
BRDA:2068,171,0,0
BRDA:2068,171,1,1
BRDA:2086,172,0,1
BRDA:2086,172,1,0
BRDA:2088,173,0,0
BRDA:2088,173,1,1
BRDA:2088,174,0,1
BRDA:2088,174,1,1
BRDA:2088,174,2,1
BRDA:2109,175,0,0
BRDA:2109,175,1,0
BRDA:2113,176,0,0
BRDA:2113,176,1,0
BRDA:2115,177,0,0
BRDA:2115,177,1,0
BRDA:2135,178,0,1
BRDA:2135,178,1,3
BRDA:2164,179,0,0
BRDA:2164,179,1,1
BRDA:2164,180,0,1
BRDA:2164,180,1,0
BRDA:2169,181,0,0
BRDA:2169,181,1,1
BRDA:2169,182,0,1
BRDA:2169,182,1,0
BRDA:2198,183,0,0
BRDA:2198,183,1,0
BRDA:2205,184,0,0
BRDA:2205,184,1,0
BRDA:2247,185,0,0
BRDA:2247,185,1,0
BRDA:2267,186,0,0
BRDA:2267,186,1,0
BRDA:2267,187,0,0
BRDA:2267,187,1,0
BRDA:2288,188,0,0
BRDA:2288,188,1,0
BRDA:2288,188,2,0
BRDA:2288,188,3,0
BRDA:2404,189,0,0
BRDA:2404,189,1,16
BRF:404
BRH:217
end_of_record
TN:
SF:scripts/package-compositions.js
FNF:0
FNH:0
DA:3,16
LF:1
LH:1
BRF:0
BRH:0
end_of_record
