TN:
SF:server.js
FN:24,connectToPG
FN:39,authenticateToken
FN:47,(anonymous_2)
FN:57,(anonymous_3)
FN:63,(anonymous_4)
FN:88,(anonymous_5)
FN:114,(anonymous_6)
FN:134,(anonymous_7)
FN:149,(anonymous_8)
FN:214,(anonymous_9)
FN:244,(anonymous_10)
FN:266,(anonymous_11)
FN:287,(anonymous_12)
FN:355,(anonymous_13)
FN:374,(anonymous_14)
FN:394,(anonymous_15)
FN:415,(anonymous_16)
FN:433,(anonymous_17)
FN:460,(anonymous_18)
FN:482,(anonymous_19)
FN:502,(anonymous_20)
FN:515,(anonymous_21)
FN:535,(anonymous_22)
FN:563,(anonymous_23)
FN:566,(anonymous_24)
FN:592,(anonymous_25)
FN:613,(anonymous_26)
FN:642,(anonymous_27)
FN:684,(anonymous_28)
FN:840,(anonymous_29)
FN:859,(anonymous_30)
FN:895,(anonymous_31)
FN:930,(anonymous_32)
FN:953,(anonymous_33)
FN:971,(anonymous_34)
FN:1007,(anonymous_35)
FN:1023,(anonymous_36)
FN:1043,(anonymous_37)
FN:1067,(anonymous_38)
FN:1086,(anonymous_39)
FN:1103,autoUpdatePackageStock
FN:1110,(anonymous_41)
FN:1137,(anonymous_42)
FN:1163,(anonymous_43)
FN:1194,(anonymous_44)
FN:1237,(anonymous_45)
FN:1254,(anonymous_46)
FN:1269,(anonymous_47)
FN:1314,(anonymous_48)
FN:1343,(anonymous_49)
FN:1369,(anonymous_50)
FN:1401,(anonymous_51)
FN:1418,(anonymous_52)
FN:1426,(anonymous_53)
FN:1427,(anonymous_54)
FN:1480,(anonymous_55)
FN:1498,(anonymous_56)
FN:1518,(anonymous_57)
FN:1546,(anonymous_58)
FN:1570,(anonymous_59)
FN:1616,(anonymous_60)
FN:1647,(anonymous_61)
FN:1665,(anonymous_62)
FN:1685,(anonymous_63)
FN:1728,(anonymous_64)
FN:1746,(anonymous_65)
FN:1761,(anonymous_66)
FN:1807,(anonymous_67)
FNF:68
FNH:52
FNDA:14,connectToPG
FNDA:76,authenticateToken
FNDA:69,(anonymous_2)
FNDA:14,(anonymous_3)
FNDA:7,(anonymous_4)
FNDA:3,(anonymous_5)
FNDA:6,(anonymous_6)
FNDA:1,(anonymous_7)
FNDA:7,(anonymous_8)
FNDA:3,(anonymous_9)
FNDA:2,(anonymous_10)
FNDA:1,(anonymous_11)
FNDA:5,(anonymous_12)
FNDA:0,(anonymous_13)
FNDA:0,(anonymous_14)
FNDA:0,(anonymous_15)
FNDA:0,(anonymous_16)
FNDA:5,(anonymous_17)
FNDA:2,(anonymous_18)
FNDA:2,(anonymous_19)
FNDA:1,(anonymous_20)
FNDA:2,(anonymous_21)
FNDA:1,(anonymous_22)
FNDA:0,(anonymous_23)
FNDA:0,(anonymous_24)
FNDA:2,(anonymous_25)
FNDA:1,(anonymous_26)
FNDA:2,(anonymous_27)
FNDA:3,(anonymous_28)
FNDA:2,(anonymous_29)
FNDA:1,(anonymous_30)
FNDA:0,(anonymous_31)
FNDA:9,(anonymous_32)
FNDA:1,(anonymous_33)
FNDA:1,(anonymous_34)
FNDA:1,(anonymous_35)
FNDA:1,(anonymous_36)
FNDA:2,(anonymous_37)
FNDA:4,(anonymous_38)
FNDA:6,(anonymous_39)
FNDA:4,autoUpdatePackageStock
FNDA:2,(anonymous_41)
FNDA:1,(anonymous_42)
FNDA:2,(anonymous_43)
FNDA:1,(anonymous_44)
FNDA:1,(anonymous_45)
FNDA:10,(anonymous_46)
FNDA:1,(anonymous_47)
FNDA:3,(anonymous_48)
FNDA:1,(anonymous_49)
FNDA:1,(anonymous_50)
FNDA:1,(anonymous_51)
FNDA:2,(anonymous_52)
FNDA:2,(anonymous_53)
FNDA:1,(anonymous_54)
FNDA:1,(anonymous_55)
FNDA:1,(anonymous_56)
FNDA:0,(anonymous_57)
FNDA:4,(anonymous_58)
FNDA:1,(anonymous_59)
FNDA:0,(anonymous_60)
FNDA:0,(anonymous_61)
FNDA:0,(anonymous_62)
FNDA:0,(anonymous_63)
FNDA:0,(anonymous_64)
FNDA:0,(anonymous_65)
FNDA:0,(anonymous_66)
FNDA:0,(anonymous_67)
DA:9,14
DA:10,14
DA:11,14
DA:14,14
DA:20,14
DA:25,14
DA:26,14
DA:34,0
DA:37,14
DA:40,76
DA:41,76
DA:43,76
DA:44,7
DA:47,69
DA:48,69
DA:49,2
DA:51,67
DA:52,67
DA:57,14
DA:58,14
DA:63,14
DA:64,7
DA:65,7
DA:68,7
DA:69,1
DA:74,6
DA:75,6
DA:80,5
DA:81,5
DA:83,1
DA:88,14
DA:89,3
DA:90,3
DA:93,3
DA:94,1
DA:99,2
DA:100,2
DA:102,2
DA:103,1
DA:105,1
DA:107,1
DA:110,0
DA:114,14
DA:115,6
DA:116,6
DA:117,6
DA:122,5
DA:123,0
DA:126,5
DA:128,1
DA:129,1
DA:134,14
DA:135,1
DA:136,1
DA:137,1
DA:141,1
DA:143,0
DA:144,0
DA:149,14
DA:150,7
DA:151,7
DA:152,7
DA:154,7
DA:155,1
DA:157,6
DA:158,1
DA:162,5
DA:163,5
DA:165,5
DA:166,0
DA:167,0
DA:169,0
DA:170,0
DA:171,0
DA:173,0
DA:175,5
DA:176,0
DA:177,0
DA:179,5
DA:182,5
DA:184,5
DA:186,1
DA:187,1
DA:192,1
DA:197,4
DA:202,4
DA:208,0
DA:209,0
DA:214,14
DA:215,3
DA:216,3
DA:217,3
DA:218,3
DA:221,3
DA:222,1
DA:225,2
DA:229,2
DA:230,1
DA:233,1
DA:238,0
DA:239,0
DA:244,14
DA:245,2
DA:246,2
DA:247,2
DA:249,2
DA:253,2
DA:254,1
DA:256,1
DA:261,0
DA:262,0
DA:266,14
DA:267,1
DA:268,1
DA:270,1
DA:275,1
DA:281,0
DA:282,0
DA:287,14
DA:288,5
DA:289,5
DA:291,5
DA:296,1
DA:298,4
DA:299,4
DA:300,2
DA:301,2
DA:303,2
DA:304,2
DA:305,1
DA:308,1
DA:309,1
DA:312,3
DA:313,0
DA:315,3
DA:316,1
DA:317,1
DA:319,3
DA:320,1
DA:322,3
DA:323,1
DA:325,3
DA:326,0
DA:328,3
DA:329,2
DA:331,3
DA:332,0
DA:334,3
DA:335,0
DA:337,3
DA:338,0
DA:340,3
DA:341,0
DA:343,3
DA:344,0
DA:347,3
DA:349,0
DA:350,0
DA:355,14
DA:356,0
DA:358,0
DA:359,0
DA:362,0
DA:363,0
DA:367,0
DA:369,0
DA:370,0
DA:374,14
DA:375,0
DA:377,0
DA:378,0
DA:381,0
DA:382,0
DA:387,0
DA:389,0
DA:390,0
DA:394,14
DA:395,0
DA:396,0
DA:408,0
DA:410,0
DA:411,0
DA:415,14
DA:416,0
DA:417,0
DA:418,0
DA:421,0
DA:422,0
DA:426,0
DA:428,0
DA:429,0
DA:433,14
DA:434,5
DA:436,5
DA:437,1
DA:440,4
DA:441,4
DA:447,4
DA:448,2
DA:450,2
DA:453,0
DA:454,0
DA:460,14
DA:461,2
DA:462,2
DA:465,2
DA:466,1
DA:467,1
DA:469,1
DA:470,1
DA:473,2
DA:474,2
DA:476,0
DA:477,0
DA:482,14
DA:483,2
DA:484,2
DA:485,2
DA:490,2
DA:491,1
DA:494,1
DA:496,0
DA:497,0
DA:502,14
DA:503,1
DA:504,1
DA:507,1
DA:509,0
DA:510,0
DA:515,14
DA:516,2
DA:517,2
DA:518,2
DA:523,2
DA:524,1
DA:527,1
DA:529,0
DA:530,0
DA:535,14
DA:536,1
DA:537,1
DA:540,1
DA:545,1
DA:546,0
DA:550,1
DA:558,1
DA:561,1
DA:562,0
DA:563,0
DA:565,0
DA:566,0
DA:579,1
DA:584,1
DA:586,0
DA:587,0
DA:592,14
DA:593,2
DA:595,2
DA:596,1
DA:599,1
DA:600,1
DA:605,1
DA:607,0
DA:608,0
DA:613,14
DA:614,1
DA:615,1
DA:618,1
DA:623,1
DA:625,1
DA:631,1
DA:636,0
DA:637,0
DA:642,14
DA:643,2
DA:644,2
DA:645,2
DA:647,2
DA:648,1
DA:651,1
DA:659,1
DA:661,0
DA:665,0
DA:671,1
DA:678,0
DA:679,0
DA:684,14
DA:685,3
DA:687,3
DA:688,3
DA:690,3
DA:709,3
DA:712,3
DA:713,1
DA:717,2
DA:722,2
DA:724,0
DA:728,0
DA:734,2
DA:736,2
DA:737,1
DA:746,1
DA:749,1
DA:771,1
DA:772,1
DA:775,1
DA:781,1
DA:782,1
DA:794,1
DA:804,1
DA:806,1
DA:809,1
DA:814,1
DA:830,0
DA:831,0
DA:832,0
DA:833,0
DA:835,3
DA:840,14
DA:841,2
DA:842,2
DA:843,2
DA:845,2
DA:852,2
DA:853,1
DA:857,1
DA:859,1
DA:868,1
DA:870,0
DA:871,0
DA:895,14
DA:896,0
DA:897,0
DA:899,0
DA:900,0
DA:901,0
DA:904,0
DA:905,0
DA:906,0
DA:909,0
DA:910,0
DA:911,0
DA:913,0
DA:920,0
DA:922,0
DA:924,0
DA:925,0
DA:930,14
DA:931,9
DA:933,9
DA:934,9
DA:935,9
DA:936,1
DA:939,8
DA:940,8
DA:941,3
DA:944,5
DA:946,5
DA:948,0
DA:949,0
DA:953,14
DA:954,1
DA:955,1
DA:956,0
DA:959,1
DA:960,1
DA:964,1
DA:966,0
DA:967,0
DA:971,14
DA:972,1
DA:974,1
DA:975,0
DA:978,1
DA:979,1
DA:995,1
DA:996,0
DA:999,1
DA:1001,0
DA:1002,0
DA:1007,14
DA:1008,1
DA:1009,1
DA:1010,1
DA:1015,1
DA:1017,0
DA:1018,0
DA:1023,14
DA:1024,1
DA:1025,1
DA:1036,1
DA:1038,0
DA:1039,0
DA:1043,14
DA:1044,2
DA:1045,2
DA:1046,2
DA:1047,2
DA:1048,2
DA:1052,2
DA:1053,1
DA:1054,1
DA:1056,1
DA:1057,1
DA:1059,0
DA:1060,0
DA:1061,0
DA:1067,14
DA:1068,4
DA:1069,4
DA:1078,2
DA:1080,2
DA:1081,2
DA:1086,14
DA:1087,6
DA:1088,6
DA:1089,6
DA:1093,4
DA:1094,2
DA:1096,2
DA:1098,2
DA:1099,2
DA:1104,4
DA:1108,4
DA:1110,2
DA:1111,2
DA:1115,2
DA:1116,2
DA:1118,2
DA:1119,2
DA:1120,2
DA:1121,2
DA:1122,2
DA:1123,2
DA:1124,2
DA:1125,2
DA:1128,2
DA:1137,14
DA:1138,1
DA:1139,1
DA:1155,1
DA:1157,0
DA:1158,0
DA:1163,14
DA:1164,2
DA:1165,2
DA:1166,2
DA:1167,2
DA:1184,2
DA:1186,0
DA:1187,0
DA:1194,14
DA:1195,1
DA:1197,1
DA:1199,1
DA:1201,1
DA:1202,1
DA:1204,0
DA:1205,0
DA:1207,0
DA:1208,0
DA:1210,0
DA:1213,1
DA:1223,1
DA:1224,1
DA:1231,0
DA:1232,0
DA:1237,14
DA:1238,1
DA:1239,1
DA:1253,1
DA:1254,10
DA:1263,0
DA:1264,0
DA:1269,14
DA:1270,1
DA:1272,1
DA:1280,1
DA:1288,1
DA:1296,1
DA:1301,1
DA:1308,0
DA:1309,0
DA:1314,14
DA:1315,3
DA:1316,3
DA:1317,3
DA:1318,3
DA:1326,3
DA:1327,1
DA:1329,2
DA:1332,2
DA:1333,1
DA:1335,2
DA:1337,0
DA:1338,0
DA:1343,14
DA:1344,1
DA:1345,1
DA:1361,1
DA:1363,0
DA:1364,0
DA:1369,14
DA:1370,1
DA:1371,1
DA:1372,1
DA:1373,1
DA:1374,1
DA:1380,1
DA:1381,1
DA:1382,1
DA:1383,1
DA:1389,1
DA:1390,1
DA:1392,0
DA:1393,0
DA:1394,0
DA:1396,1
DA:1401,14
DA:1402,1
DA:1403,1
DA:1404,1
DA:1411,1
DA:1413,0
DA:1414,0
DA:1418,14
DA:1419,2
DA:1423,2
DA:1424,2
DA:1425,2
DA:1426,2
DA:1427,1
DA:1432,2
DA:1433,2
DA:1434,2
DA:1435,2
DA:1453,1
DA:1454,0
DA:1455,0
DA:1457,1
DA:1458,1
DA:1459,1
DA:1465,1
DA:1466,1
DA:1468,1
DA:1470,1
DA:1471,1
DA:1472,1
DA:1474,2
DA:1480,14
DA:1481,1
DA:1482,1
DA:1483,1
DA:1484,1
DA:1488,1
DA:1489,0
DA:1491,1
DA:1493,0
DA:1494,0
DA:1498,14
DA:1499,1
DA:1501,1
DA:1506,1
DA:1507,1
DA:1508,1
DA:1509,0
DA:1511,1
DA:1515,1
DA:1518,0
DA:1519,0
DA:1523,0
DA:1524,0
DA:1526,0
DA:1527,0
DA:1528,0
DA:1529,0
DA:1530,0
DA:1532,0
DA:1533,0
DA:1534,0
DA:1535,0
DA:1538,0
DA:1542,0
DA:1546,14
DA:1547,4
DA:1548,4
DA:1549,4
DA:1552,4
DA:1555,4
DA:1556,1
DA:1558,3
DA:1559,2
DA:1561,3
DA:1563,0
DA:1564,0
DA:1570,14
DA:1571,1
DA:1572,1
DA:1573,1
DA:1581,1
DA:1582,1
DA:1584,1
DA:1585,1
DA:1586,1
DA:1589,1
DA:1590,0
DA:1602,0
DA:1603,0
DA:1605,1
DA:1607,1
DA:1608,1
DA:1610,0
DA:1611,0
DA:1616,14
DA:1617,0
DA:1618,0
DA:1620,0
DA:1621,0
DA:1625,0
DA:1626,0
DA:1628,0
DA:1630,0
DA:1636,0
DA:1641,0
DA:1642,0
DA:1647,14
DA:1648,0
DA:1649,0
DA:1651,0
DA:1652,0
DA:1657,0
DA:1659,0
DA:1660,0
DA:1665,14
DA:1666,0
DA:1667,0
DA:1669,0
DA:1670,0
DA:1673,0
DA:1674,0
DA:1678,0
DA:1680,0
DA:1681,0
DA:1685,14
DA:1686,0
DA:1688,0
DA:1690,0
DA:1692,0
DA:1693,0
DA:1695,0
DA:1696,0
DA:1698,0
DA:1699,0
DA:1701,0
DA:1704,0
DA:1714,0
DA:1715,0
DA:1722,0
DA:1723,0
DA:1728,14
DA:1729,0
DA:1730,0
DA:1745,0
DA:1746,0
DA:1755,0
DA:1756,0
DA:1761,14
DA:1762,0
DA:1764,0
DA:1772,0
DA:1780,0
DA:1788,0
DA:1793,0
DA:1800,0
DA:1801,0
DA:1806,14
DA:1807,0
DA:1808,0
LF:678
LH:444
BRDA:11,0,0,14
BRDA:11,0,1,0
BRDA:41,1,0,76
BRDA:41,1,1,69
BRDA:43,2,0,7
BRDA:43,2,1,69
BRDA:48,3,0,2
BRDA:48,3,1,67
BRDA:68,4,0,1
BRDA:68,4,1,6
BRDA:68,5,0,7
BRDA:68,5,1,6
BRDA:93,6,0,1
BRDA:93,6,1,2
BRDA:93,7,0,3
BRDA:93,7,1,2
BRDA:102,8,0,1
BRDA:102,8,1,1
BRDA:102,9,0,2
BRDA:102,9,1,2
BRDA:122,10,0,0
BRDA:122,10,1,5
BRDA:152,11,0,0
BRDA:154,12,0,1
BRDA:154,12,1,6
BRDA:157,13,0,1
BRDA:157,13,1,5
BRDA:165,14,0,0
BRDA:165,14,1,5
BRDA:169,15,0,0
BRDA:169,15,1,0
BRDA:175,16,0,0
BRDA:175,16,1,5
BRDA:184,17,0,1
BRDA:184,17,1,4
BRDA:199,18,0,4
BRDA:199,18,1,4
BRDA:199,19,0,4
BRDA:199,19,1,4
BRDA:221,20,0,1
BRDA:221,20,1,2
BRDA:221,21,0,3
BRDA:221,21,1,2
BRDA:229,22,0,1
BRDA:229,22,1,1
BRDA:253,23,0,1
BRDA:253,23,1,1
BRDA:291,24,0,1
BRDA:291,24,1,4
BRDA:292,25,0,5
BRDA:292,25,1,5
BRDA:292,25,2,3
BRDA:292,25,3,3
BRDA:292,25,4,2
BRDA:292,25,5,1
BRDA:292,25,6,1
BRDA:292,25,7,1
BRDA:292,25,8,1
BRDA:292,25,9,1
BRDA:292,25,10,1
BRDA:292,25,11,1
BRDA:299,26,0,2
BRDA:299,26,1,2
BRDA:299,27,0,4
BRDA:299,27,1,2
BRDA:304,28,0,1
BRDA:304,28,1,1
BRDA:312,29,0,0
BRDA:312,29,1,3
BRDA:315,30,0,1
BRDA:315,30,1,2
BRDA:319,31,0,1
BRDA:319,31,1,2
BRDA:322,32,0,1
BRDA:322,32,1,2
BRDA:325,33,0,0
BRDA:325,33,1,3
BRDA:328,34,0,2
BRDA:328,34,1,1
BRDA:331,35,0,0
BRDA:331,35,1,3
BRDA:334,36,0,0
BRDA:334,36,1,3
BRDA:337,37,0,0
BRDA:337,37,1,3
BRDA:340,38,0,0
BRDA:340,38,1,3
BRDA:343,39,0,0
BRDA:343,39,1,3
BRDA:358,40,0,0
BRDA:358,40,1,0
BRDA:358,41,0,0
BRDA:358,41,1,0
BRDA:358,41,2,0
BRDA:377,42,0,0
BRDA:377,42,1,0
BRDA:377,43,0,0
BRDA:377,43,1,0
BRDA:417,44,0,0
BRDA:417,44,1,0
BRDA:417,45,0,0
BRDA:417,45,1,0
BRDA:436,46,0,1
BRDA:436,46,1,4
BRDA:436,47,0,5
BRDA:436,47,1,4
BRDA:447,48,0,2
BRDA:447,48,1,2
BRDA:465,49,0,1
BRDA:465,49,1,1
BRDA:490,50,0,1
BRDA:490,50,1,1
BRDA:523,51,0,1
BRDA:523,51,1,1
BRDA:545,52,0,0
BRDA:545,52,1,1
BRDA:561,53,0,0
BRDA:561,53,1,1
BRDA:565,54,0,0
BRDA:565,54,1,0
BRDA:565,55,0,0
BRDA:565,55,1,0
BRDA:595,56,0,1
BRDA:595,56,1,1
BRDA:595,57,0,2
BRDA:595,57,1,1
BRDA:595,57,2,1
BRDA:623,58,0,1
BRDA:623,58,1,0
BRDA:647,59,0,1
BRDA:647,59,1,1
BRDA:647,60,0,2
BRDA:647,60,1,1
BRDA:659,61,0,0
BRDA:659,61,1,1
BRDA:712,62,0,1
BRDA:712,62,1,2
BRDA:712,63,0,3
BRDA:712,63,1,3
BRDA:712,63,2,3
BRDA:712,63,3,3
BRDA:712,63,4,2
BRDA:712,63,5,2
BRDA:712,63,6,2
BRDA:722,64,0,0
BRDA:722,64,1,2
BRDA:736,65,0,1
BRDA:736,65,1,1
BRDA:760,66,0,1
BRDA:760,66,1,0
BRDA:762,67,0,1
BRDA:762,67,1,0
BRDA:763,68,0,1
BRDA:763,68,1,0
BRDA:764,69,0,1
BRDA:764,69,1,0
BRDA:765,70,0,1
BRDA:765,70,1,0
BRDA:766,71,0,1
BRDA:766,71,1,0
BRDA:767,72,0,1
BRDA:767,72,1,0
BRDA:821,73,0,1
BRDA:821,73,1,0
BRDA:852,74,0,1
BRDA:852,74,1,1
BRDA:899,75,0,0
BRDA:899,75,1,0
BRDA:899,76,0,0
BRDA:899,76,1,0
BRDA:899,76,2,0
BRDA:899,76,3,0
BRDA:899,76,4,0
BRDA:904,77,0,0
BRDA:904,77,1,0
BRDA:935,78,0,1
BRDA:935,78,1,8
BRDA:940,79,0,3
BRDA:940,79,1,5
BRDA:955,80,0,0
BRDA:955,80,1,1
BRDA:955,81,0,1
BRDA:955,81,1,1
BRDA:974,82,0,0
BRDA:974,82,1,1
BRDA:995,83,0,0
BRDA:995,83,1,1
BRDA:1052,84,0,1
BRDA:1052,84,1,1
BRDA:1061,85,0,0
BRDA:1061,85,1,0
BRDA:1093,86,0,2
BRDA:1093,86,1,2
BRDA:1108,87,0,2
BRDA:1108,87,1,2
BRDA:1108,88,0,4
BRDA:1108,88,1,2
BRDA:1121,89,0,0
BRDA:1121,89,1,2
BRDA:1123,90,0,0
BRDA:1123,90,1,2
BRDA:1125,91,0,2
BRDA:1125,91,1,0
BRDA:1182,92,0,2
BRDA:1182,92,1,0
BRDA:1182,93,0,2
BRDA:1182,93,1,0
BRDA:1199,94,0,1
BRDA:1199,94,1,0
BRDA:1199,94,2,0
BRDA:1199,94,3,0
BRDA:1324,95,0,3
BRDA:1324,95,1,0
BRDA:1324,96,0,3
BRDA:1324,96,1,0
BRDA:1326,97,0,1
BRDA:1326,97,1,2
BRDA:1378,98,0,1
BRDA:1378,98,1,0
BRDA:1378,99,0,1
BRDA:1378,99,1,0
BRDA:1378,100,0,1
BRDA:1378,100,1,0
BRDA:1381,101,0,1
BRDA:1381,101,1,0
BRDA:1381,102,0,1
BRDA:1381,102,1,1
BRDA:1424,103,0,0
BRDA:1424,103,1,2
BRDA:1426,104,0,2
BRDA:1426,104,1,2
BRDA:1426,104,2,1
BRDA:1451,105,0,2
BRDA:1451,105,1,1
BRDA:1451,106,0,2
BRDA:1451,106,1,1
BRDA:1451,107,0,2
BRDA:1451,107,1,1
BRDA:1453,108,0,0
BRDA:1453,108,1,1
BRDA:1488,109,0,0
BRDA:1488,109,1,1
BRDA:1506,110,0,1
BRDA:1506,110,1,0
BRDA:1508,111,0,0
BRDA:1508,111,1,1
BRDA:1508,112,0,1
BRDA:1508,112,1,1
BRDA:1508,112,2,1
BRDA:1529,113,0,0
BRDA:1529,113,1,0
BRDA:1533,114,0,0
BRDA:1533,114,1,0
BRDA:1535,115,0,0
BRDA:1535,115,1,0
BRDA:1555,116,0,1
BRDA:1555,116,1,3
BRDA:1584,117,0,1
BRDA:1584,117,1,0
BRDA:1584,118,0,1
BRDA:1584,118,1,1
BRDA:1589,119,0,0
BRDA:1589,119,1,1
BRDA:1589,120,0,1
BRDA:1589,120,1,0
BRDA:1618,121,0,0
BRDA:1618,121,1,0
BRDA:1625,122,0,0
BRDA:1625,122,1,0
BRDA:1649,123,0,0
BRDA:1649,123,1,0
BRDA:1669,124,0,0
BRDA:1669,124,1,0
BRDA:1669,125,0,0
BRDA:1669,125,1,0
BRDA:1690,126,0,0
BRDA:1690,126,1,0
BRDA:1690,126,2,0
BRDA:1690,126,3,0
BRDA:1806,127,0,0
BRDA:1806,127,1,14
BRF:281
BRH:180
end_of_record
TN:
SF:scripts/package-compositions.js
FNF:0
FNH:0
DA:3,14
LF:1
LH:1
BRF:0
BRH:0
end_of_record
