{"/Users/ashleylin/term-group-project-c01s25-project-my-dormstore/backend/jest.config.js": {"path":"/Users/ashleylin/term-group-project-c01s25-project-my-dormstore/backend/jest.config.js","statementMap":{},"fnMap":{},"branchMap":{},"s":{},"f":{},"b":{}}
,"/Users/ashleylin/term-group-project-c01s25-project-my-dormstore/backend/server.js": {"path":"/Users/ashleylin/term-group-project-c01s25-project-my-dormstore/backend/server.js","statementMap":{"0":{"start":{"line":9,"column":17},"end":{"line":9,"column":19}},"1":{"start":{"line":10,"column":12},"end":{"line":10,"column":21}},"2":{"start":{"line":11,"column":13},"end":{"line":11,"column":37}},"3":{"start":{"line":14,"column":0},"end":{"line":17,"column":4}},"4":{"start":{"line":20,"column":0},"end":{"line":20,"column":24}},"5":{"start":{"line":25,"column":2},"end":{"line":35,"column":3}},"6":{"start":{"line":26,"column":4},"end":{"line":32,"column":7}},"7":{"start":{"line":34,"column":4},"end":{"line":34,"column":60}},"8":{"start":{"line":37,"column":0},"end":{"line":37,"column":14}},"9":{"start":{"line":41,"column":21},"end":{"line":41,"column":49}},"10":{"start":{"line":42,"column":16},"end":{"line":42,"column":54}},"11":{"start":{"line":44,"column":2},"end":{"line":46,"column":3}},"12":{"start":{"line":45,"column":4},"end":{"line":45,"column":60}},"13":{"start":{"line":48,"column":2},"end":{"line":54,"column":5}},"14":{"start":{"line":49,"column":4},"end":{"line":51,"column":5}},"15":{"start":{"line":50,"column":6},"end":{"line":50,"column":62}},"16":{"start":{"line":52,"column":4},"end":{"line":52,"column":20}},"17":{"start":{"line":53,"column":4},"end":{"line":53,"column":11}},"18":{"start":{"line":58,"column":0},"end":{"line":60,"column":3}},"19":{"start":{"line":59,"column":4},"end":{"line":59,"column":65}},"20":{"start":{"line":64,"column":0},"end":{"line":86,"column":5}},"21":{"start":{"line":65,"column":4},"end":{"line":85,"column":5}},"22":{"start":{"line":66,"column":36},"end":{"line":66,"column":44}},"23":{"start":{"line":69,"column":8},"end":{"line":73,"column":9}},"24":{"start":{"line":70,"column":12},"end":{"line":72,"column":76}},"25":{"start":{"line":75,"column":31},"end":{"line":75,"column":62}},"26":{"start":{"line":76,"column":23},"end":{"line":79,"column":9}},"27":{"start":{"line":81,"column":22},"end":{"line":81,"column":96}},"28":{"start":{"line":82,"column":8},"end":{"line":82,"column":83}},"29":{"start":{"line":84,"column":8},"end":{"line":84,"column":55}},"30":{"start":{"line":89,"column":0},"end":{"line":113,"column":5}},"31":{"start":{"line":90,"column":4},"end":{"line":112,"column":5}},"32":{"start":{"line":91,"column":34},"end":{"line":91,"column":42}},"33":{"start":{"line":94,"column":6},"end":{"line":98,"column":7}},"34":{"start":{"line":95,"column":8},"end":{"line":97,"column":71}},"35":{"start":{"line":100,"column":21},"end":{"line":100,"column":86}},"36":{"start":{"line":101,"column":19},"end":{"line":101,"column":33}},"37":{"start":{"line":103,"column":6},"end":{"line":109,"column":7}},"38":{"start":{"line":104,"column":22},"end":{"line":104,"column":87}},"39":{"start":{"line":106,"column":8},"end":{"line":106,"column":76}},"40":{"start":{"line":108,"column":8},"end":{"line":108,"column":66}},"41":{"start":{"line":111,"column":6},"end":{"line":111,"column":53}},"42":{"start":{"line":115,"column":2},"end":{"line":132,"column":5}},"43":{"start":{"line":116,"column":4},"end":{"line":131,"column":5}},"44":{"start":{"line":117,"column":21},"end":{"line":117,"column":36}},"45":{"start":{"line":118,"column":21},"end":{"line":121,"column":7}},"46":{"start":{"line":123,"column":6},"end":{"line":125,"column":7}},"47":{"start":{"line":124,"column":8},"end":{"line":124,"column":65}},"48":{"start":{"line":127,"column":6},"end":{"line":127,"column":31}},"49":{"start":{"line":129,"column":6},"end":{"line":129,"column":25}},"50":{"start":{"line":130,"column":6},"end":{"line":130,"column":62}},"51":{"start":{"line":135,"column":0},"end":{"line":231,"column":3}},"52":{"start":{"line":136,"column":2},"end":{"line":230,"column":3}},"53":{"start":{"line":137,"column":23},"end":{"line":137,"column":51}},"54":{"start":{"line":138,"column":18},"end":{"line":138,"column":56}},"55":{"start":{"line":140,"column":4},"end":{"line":226,"column":5}},"56":{"start":{"line":142,"column":6},"end":{"line":219,"column":7}},"57":{"start":{"line":143,"column":21},"end":{"line":143,"column":52}},"58":{"start":{"line":144,"column":23},"end":{"line":144,"column":34}},"59":{"start":{"line":147,"column":27},"end":{"line":150,"column":9}},"60":{"start":{"line":153,"column":26},"end":{"line":153,"column":28}},"61":{"start":{"line":154,"column":29},"end":{"line":154,"column":31}},"62":{"start":{"line":156,"column":8},"end":{"line":207,"column":9}},"63":{"start":{"line":157,"column":41},"end":{"line":157,"column":46}},"64":{"start":{"line":160,"column":10},"end":{"line":172,"column":11}},"65":{"start":{"line":161,"column":12},"end":{"line":164,"column":14}},"66":{"start":{"line":165,"column":12},"end":{"line":165,"column":29}},"67":{"start":{"line":166,"column":17},"end":{"line":172,"column":11}},"68":{"start":{"line":168,"column":12},"end":{"line":171,"column":14}},"69":{"start":{"line":175,"column":10},"end":{"line":182,"column":11}},"70":{"start":{"line":176,"column":12},"end":{"line":176,"column":80}},"71":{"start":{"line":177,"column":12},"end":{"line":180,"column":15}},"72":{"start":{"line":181,"column":12},"end":{"line":181,"column":21}},"73":{"start":{"line":184,"column":26},"end":{"line":184,"column":47}},"74":{"start":{"line":186,"column":10},"end":{"line":206,"column":11}},"75":{"start":{"line":188,"column":12},"end":{"line":188,"column":80}},"76":{"start":{"line":189,"column":12},"end":{"line":189,"column":78}},"77":{"start":{"line":191,"column":15},"end":{"line":206,"column":11}},"78":{"start":{"line":193,"column":12},"end":{"line":196,"column":14}},"79":{"start":{"line":197,"column":12},"end":{"line":197,"column":42}},"80":{"start":{"line":198,"column":12},"end":{"line":201,"column":15}},"81":{"start":{"line":202,"column":12},"end":{"line":202,"column":33}},"82":{"start":{"line":205,"column":12},"end":{"line":205,"column":33}},"83":{"start":{"line":209,"column":8},"end":{"line":212,"column":11}},"84":{"start":{"line":215,"column":8},"end":{"line":218,"column":11}},"85":{"start":{"line":222,"column":6},"end":{"line":225,"column":9}},"86":{"start":{"line":228,"column":4},"end":{"line":228,"column":25}},"87":{"start":{"line":229,"column":4},"end":{"line":229,"column":69}},"88":{"start":{"line":235,"column":0},"end":{"line":398,"column":3}},"89":{"start":{"line":236,"column":17},"end":{"line":236,"column":32}},"90":{"start":{"line":237,"column":82},"end":{"line":237,"column":90}},"91":{"start":{"line":238,"column":2},"end":{"line":238,"column":45}},"92":{"start":{"line":240,"column":2},"end":{"line":397,"column":3}},"93":{"start":{"line":241,"column":4},"end":{"line":243,"column":5}},"94":{"start":{"line":242,"column":6},"end":{"line":242,"column":85}},"95":{"start":{"line":244,"column":4},"end":{"line":246,"column":5}},"96":{"start":{"line":245,"column":6},"end":{"line":245,"column":76}},"97":{"start":{"line":249,"column":4},"end":{"line":289,"column":5}},"98":{"start":{"line":251,"column":28},"end":{"line":254,"column":7}},"99":{"start":{"line":256,"column":6},"end":{"line":258,"column":7}},"100":{"start":{"line":257,"column":8},"end":{"line":257,"column":68}},"101":{"start":{"line":260,"column":29},"end":{"line":260,"column":56}},"102":{"start":{"line":261,"column":6},"end":{"line":268,"column":7}},"103":{"start":{"line":262,"column":8},"end":{"line":267,"column":11}},"104":{"start":{"line":269,"column":11},"end":{"line":289,"column":5}},"105":{"start":{"line":271,"column":26},"end":{"line":274,"column":7}},"106":{"start":{"line":276,"column":6},"end":{"line":278,"column":7}},"107":{"start":{"line":277,"column":8},"end":{"line":277,"column":68}},"108":{"start":{"line":280,"column":29},"end":{"line":280,"column":56}},"109":{"start":{"line":281,"column":6},"end":{"line":288,"column":7}},"110":{"start":{"line":282,"column":8},"end":{"line":287,"column":11}},"111":{"start":{"line":293,"column":4},"end":{"line":341,"column":5}},"112":{"start":{"line":295,"column":6},"end":{"line":295,"column":129}},"113":{"start":{"line":296,"column":6},"end":{"line":296,"column":41}},"114":{"start":{"line":298,"column":6},"end":{"line":313,"column":7}},"115":{"start":{"line":299,"column":8},"end":{"line":299,"column":55}},"116":{"start":{"line":300,"column":8},"end":{"line":300,"column":40}},"117":{"start":{"line":302,"column":8},"end":{"line":307,"column":9}},"118":{"start":{"line":303,"column":10},"end":{"line":303,"column":58}},"119":{"start":{"line":304,"column":10},"end":{"line":304,"column":43}},"120":{"start":{"line":306,"column":10},"end":{"line":306,"column":61}},"121":{"start":{"line":308,"column":13},"end":{"line":313,"column":7}},"122":{"start":{"line":309,"column":8},"end":{"line":309,"column":82}},"123":{"start":{"line":310,"column":8},"end":{"line":310,"column":41}},"124":{"start":{"line":312,"column":8},"end":{"line":312,"column":85}},"125":{"start":{"line":315,"column":6},"end":{"line":315,"column":170}},"126":{"start":{"line":316,"column":6},"end":{"line":316,"column":99}},"127":{"start":{"line":319,"column":6},"end":{"line":319,"column":129}},"128":{"start":{"line":320,"column":6},"end":{"line":320,"column":41}},"129":{"start":{"line":322,"column":6},"end":{"line":337,"column":7}},"130":{"start":{"line":323,"column":8},"end":{"line":323,"column":55}},"131":{"start":{"line":324,"column":8},"end":{"line":324,"column":40}},"132":{"start":{"line":326,"column":8},"end":{"line":331,"column":9}},"133":{"start":{"line":327,"column":10},"end":{"line":327,"column":58}},"134":{"start":{"line":328,"column":10},"end":{"line":328,"column":43}},"135":{"start":{"line":330,"column":10},"end":{"line":330,"column":61}},"136":{"start":{"line":332,"column":13},"end":{"line":337,"column":7}},"137":{"start":{"line":333,"column":8},"end":{"line":333,"column":82}},"138":{"start":{"line":334,"column":8},"end":{"line":334,"column":41}},"139":{"start":{"line":336,"column":8},"end":{"line":336,"column":85}},"140":{"start":{"line":339,"column":6},"end":{"line":339,"column":170}},"141":{"start":{"line":340,"column":6},"end":{"line":340,"column":99}},"142":{"start":{"line":343,"column":25},"end":{"line":343,"column":73}},"143":{"start":{"line":345,"column":4},"end":{"line":392,"column":5}},"144":{"start":{"line":347,"column":26},"end":{"line":347,"column":66}},"145":{"start":{"line":351,"column":6},"end":{"line":363,"column":7}},"146":{"start":{"line":352,"column":30},"end":{"line":355,"column":9}},"147":{"start":{"line":356,"column":8},"end":{"line":356,"column":53}},"148":{"start":{"line":358,"column":30},"end":{"line":361,"column":9}},"149":{"start":{"line":362,"column":8},"end":{"line":362,"column":53}},"150":{"start":{"line":366,"column":6},"end":{"line":375,"column":7}},"151":{"start":{"line":367,"column":8},"end":{"line":374,"column":11}},"152":{"start":{"line":377,"column":21},"end":{"line":380,"column":7}},"153":{"start":{"line":382,"column":6},"end":{"line":385,"column":9}},"154":{"start":{"line":387,"column":21},"end":{"line":387,"column":64}},"155":{"start":{"line":388,"column":6},"end":{"line":391,"column":9}},"156":{"start":{"line":395,"column":4},"end":{"line":395,"column":25}},"157":{"start":{"line":396,"column":4},"end":{"line":396,"column":66}},"158":{"start":{"line":402,"column":0},"end":{"line":488,"column":3}},"159":{"start":{"line":403,"column":2},"end":{"line":487,"column":3}},"160":{"start":{"line":404,"column":19},"end":{"line":404,"column":34}},"161":{"start":{"line":405,"column":19},"end":{"line":405,"column":46}},"162":{"start":{"line":406,"column":25},"end":{"line":406,"column":33}},"163":{"start":{"line":409,"column":4},"end":{"line":411,"column":5}},"164":{"start":{"line":410,"column":6},"end":{"line":410,"column":76}},"165":{"start":{"line":414,"column":4},"end":{"line":420,"column":5}},"166":{"start":{"line":415,"column":6},"end":{"line":415,"column":98}},"167":{"start":{"line":416,"column":6},"end":{"line":419,"column":9}},"168":{"start":{"line":423,"column":27},"end":{"line":426,"column":5}},"169":{"start":{"line":428,"column":4},"end":{"line":430,"column":5}},"170":{"start":{"line":429,"column":6},"end":{"line":429,"column":86}},"171":{"start":{"line":432,"column":21},"end":{"line":432,"column":43}},"172":{"start":{"line":436,"column":4},"end":{"line":460,"column":5}},"173":{"start":{"line":437,"column":6},"end":{"line":440,"column":8}},"174":{"start":{"line":442,"column":6},"end":{"line":444,"column":7}},"175":{"start":{"line":443,"column":8},"end":{"line":443,"column":68}},"176":{"start":{"line":446,"column":6},"end":{"line":446,"column":51}},"177":{"start":{"line":447,"column":11},"end":{"line":460,"column":5}},"178":{"start":{"line":448,"column":6},"end":{"line":451,"column":8}},"179":{"start":{"line":453,"column":6},"end":{"line":455,"column":7}},"180":{"start":{"line":454,"column":8},"end":{"line":454,"column":68}},"181":{"start":{"line":457,"column":6},"end":{"line":457,"column":51}},"182":{"start":{"line":459,"column":6},"end":{"line":459,"column":71}},"183":{"start":{"line":463,"column":4},"end":{"line":470,"column":5}},"184":{"start":{"line":464,"column":6},"end":{"line":469,"column":9}},"185":{"start":{"line":472,"column":19},"end":{"line":475,"column":5}},"186":{"start":{"line":476,"column":4},"end":{"line":478,"column":5}},"187":{"start":{"line":477,"column":6},"end":{"line":477,"column":86}},"188":{"start":{"line":480,"column":4},"end":{"line":483,"column":7}},"189":{"start":{"line":485,"column":4},"end":{"line":485,"column":25}},"190":{"start":{"line":486,"column":4},"end":{"line":486,"column":66}},"191":{"start":{"line":491,"column":0},"end":{"line":511,"column":3}},"192":{"start":{"line":492,"column":2},"end":{"line":510,"column":3}},"193":{"start":{"line":493,"column":19},"end":{"line":493,"column":34}},"194":{"start":{"line":494,"column":19},"end":{"line":494,"column":46}},"195":{"start":{"line":496,"column":19},"end":{"line":499,"column":5}},"196":{"start":{"line":500,"column":4},"end":{"line":502,"column":5}},"197":{"start":{"line":501,"column":6},"end":{"line":501,"column":86}},"198":{"start":{"line":503,"column":4},"end":{"line":506,"column":7}},"199":{"start":{"line":508,"column":4},"end":{"line":508,"column":25}},"200":{"start":{"line":509,"column":4},"end":{"line":509,"column":66}},"201":{"start":{"line":513,"column":0},"end":{"line":531,"column":3}},"202":{"start":{"line":514,"column":2},"end":{"line":530,"column":3}},"203":{"start":{"line":515,"column":19},"end":{"line":515,"column":34}},"204":{"start":{"line":517,"column":19},"end":{"line":520,"column":5}},"205":{"start":{"line":522,"column":4},"end":{"line":526,"column":7}},"206":{"start":{"line":528,"column":4},"end":{"line":528,"column":25}},"207":{"start":{"line":529,"column":4},"end":{"line":529,"column":60}},"208":{"start":{"line":534,"column":0},"end":{"line":601,"column":3}},"209":{"start":{"line":535,"column":2},"end":{"line":600,"column":3}},"210":{"start":{"line":536,"column":23},"end":{"line":536,"column":51}},"211":{"start":{"line":537,"column":18},"end":{"line":537,"column":56}},"212":{"start":{"line":538,"column":41},"end":{"line":538,"column":49}},"213":{"start":{"line":540,"column":4},"end":{"line":542,"column":5}},"214":{"start":{"line":541,"column":6},"end":{"line":541,"column":71}},"215":{"start":{"line":543,"column":4},"end":{"line":545,"column":5}},"216":{"start":{"line":544,"column":6},"end":{"line":544,"column":76}},"217":{"start":{"line":547,"column":4},"end":{"line":596,"column":5}},"218":{"start":{"line":549,"column":6},"end":{"line":585,"column":7}},"219":{"start":{"line":550,"column":21},"end":{"line":550,"column":52}},"220":{"start":{"line":551,"column":23},"end":{"line":551,"column":34}},"221":{"start":{"line":554,"column":29},"end":{"line":557,"column":9}},"222":{"start":{"line":559,"column":8},"end":{"line":581,"column":9}},"223":{"start":{"line":561,"column":30},"end":{"line":561,"column":70}},"224":{"start":{"line":562,"column":25},"end":{"line":565,"column":11}},"225":{"start":{"line":567,"column":10},"end":{"line":570,"column":13}},"226":{"start":{"line":572,"column":25},"end":{"line":575,"column":11}},"227":{"start":{"line":577,"column":10},"end":{"line":580,"column":13}},"228":{"start":{"line":584,"column":8},"end":{"line":584,"column":57}},"229":{"start":{"line":588,"column":6},"end":{"line":595,"column":9}},"230":{"start":{"line":598,"column":4},"end":{"line":598,"column":25}},"231":{"start":{"line":599,"column":4},"end":{"line":599,"column":69}},"232":{"start":{"line":604,"column":0},"end":{"line":630,"column":3}},"233":{"start":{"line":605,"column":2},"end":{"line":629,"column":3}},"234":{"start":{"line":606,"column":19},"end":{"line":606,"column":34}},"235":{"start":{"line":607,"column":19},"end":{"line":607,"column":46}},"236":{"start":{"line":608,"column":25},"end":{"line":608,"column":33}},"237":{"start":{"line":610,"column":4},"end":{"line":612,"column":5}},"238":{"start":{"line":611,"column":6},"end":{"line":611,"column":76}},"239":{"start":{"line":614,"column":19},"end":{"line":617,"column":5}},"240":{"start":{"line":618,"column":4},"end":{"line":620,"column":5}},"241":{"start":{"line":619,"column":6},"end":{"line":619,"column":94}},"242":{"start":{"line":622,"column":4},"end":{"line":625,"column":7}},"243":{"start":{"line":627,"column":4},"end":{"line":627,"column":25}},"244":{"start":{"line":628,"column":4},"end":{"line":628,"column":74}},"245":{"start":{"line":633,"column":0},"end":{"line":653,"column":3}},"246":{"start":{"line":634,"column":2},"end":{"line":652,"column":3}},"247":{"start":{"line":635,"column":19},"end":{"line":635,"column":34}},"248":{"start":{"line":636,"column":19},"end":{"line":636,"column":46}},"249":{"start":{"line":638,"column":19},"end":{"line":641,"column":5}},"250":{"start":{"line":642,"column":4},"end":{"line":644,"column":5}},"251":{"start":{"line":643,"column":6},"end":{"line":643,"column":94}},"252":{"start":{"line":645,"column":4},"end":{"line":648,"column":7}},"253":{"start":{"line":650,"column":4},"end":{"line":650,"column":25}},"254":{"start":{"line":651,"column":4},"end":{"line":651,"column":74}},"255":{"start":{"line":656,"column":0},"end":{"line":674,"column":3}},"256":{"start":{"line":657,"column":2},"end":{"line":673,"column":3}},"257":{"start":{"line":658,"column":19},"end":{"line":658,"column":34}},"258":{"start":{"line":660,"column":19},"end":{"line":663,"column":5}},"259":{"start":{"line":665,"column":4},"end":{"line":669,"column":7}},"260":{"start":{"line":671,"column":4},"end":{"line":671,"column":25}},"261":{"start":{"line":672,"column":4},"end":{"line":672,"column":68}},"262":{"start":{"line":677,"column":2},"end":{"line":743,"column":5}},"263":{"start":{"line":678,"column":131},"end":{"line":678,"column":139}},"264":{"start":{"line":679,"column":19},"end":{"line":679,"column":34}},"265":{"start":{"line":681,"column":4},"end":{"line":687,"column":5}},"266":{"start":{"line":686,"column":6},"end":{"line":686,"column":67}},"267":{"start":{"line":689,"column":4},"end":{"line":742,"column":5}},"268":{"start":{"line":690,"column":6},"end":{"line":701,"column":7}},"269":{"start":{"line":691,"column":27},"end":{"line":691,"column":97}},"270":{"start":{"line":692,"column":21},"end":{"line":692,"column":39}},"271":{"start":{"line":694,"column":24},"end":{"line":694,"column":76}},"272":{"start":{"line":695,"column":8},"end":{"line":697,"column":9}},"273":{"start":{"line":696,"column":10},"end":{"line":696,"column":100}},"274":{"start":{"line":699,"column":23},"end":{"line":699,"column":54}},"275":{"start":{"line":700,"column":8},"end":{"line":700,"column":91}},"276":{"start":{"line":703,"column":6},"end":{"line":705,"column":7}},"277":{"start":{"line":704,"column":8},"end":{"line":704,"column":87}},"278":{"start":{"line":706,"column":6},"end":{"line":709,"column":7}},"279":{"start":{"line":707,"column":23},"end":{"line":707,"column":54}},"280":{"start":{"line":708,"column":8},"end":{"line":708,"column":91}},"281":{"start":{"line":710,"column":6},"end":{"line":712,"column":7}},"282":{"start":{"line":711,"column":8},"end":{"line":711,"column":85}},"283":{"start":{"line":713,"column":6},"end":{"line":715,"column":7}},"284":{"start":{"line":714,"column":8},"end":{"line":714,"column":97}},"285":{"start":{"line":716,"column":6},"end":{"line":718,"column":7}},"286":{"start":{"line":717,"column":8},"end":{"line":717,"column":95}},"287":{"start":{"line":719,"column":6},"end":{"line":721,"column":7}},"288":{"start":{"line":720,"column":8},"end":{"line":720,"column":89}},"289":{"start":{"line":722,"column":6},"end":{"line":724,"column":7}},"290":{"start":{"line":723,"column":8},"end":{"line":723,"column":87}},"291":{"start":{"line":725,"column":6},"end":{"line":727,"column":7}},"292":{"start":{"line":726,"column":8},"end":{"line":726,"column":91}},"293":{"start":{"line":728,"column":6},"end":{"line":730,"column":7}},"294":{"start":{"line":729,"column":8},"end":{"line":729,"column":85}},"295":{"start":{"line":731,"column":6},"end":{"line":733,"column":7}},"296":{"start":{"line":732,"column":8},"end":{"line":732,"column":93}},"297":{"start":{"line":734,"column":6},"end":{"line":736,"column":7}},"298":{"start":{"line":735,"column":8},"end":{"line":735,"column":99}},"299":{"start":{"line":738,"column":6},"end":{"line":738,"column":72}},"300":{"start":{"line":740,"column":6},"end":{"line":740,"column":27}},"301":{"start":{"line":741,"column":6},"end":{"line":741,"column":63}},"302":{"start":{"line":746,"column":2},"end":{"line":763,"column":5}},"303":{"start":{"line":747,"column":43},"end":{"line":747,"column":51}},"304":{"start":{"line":749,"column":4},"end":{"line":751,"column":5}},"305":{"start":{"line":750,"column":6},"end":{"line":750,"column":72}},"306":{"start":{"line":753,"column":4},"end":{"line":762,"column":5}},"307":{"start":{"line":754,"column":6},"end":{"line":757,"column":8}},"308":{"start":{"line":758,"column":6},"end":{"line":758,"column":56}},"309":{"start":{"line":760,"column":6},"end":{"line":760,"column":51}},"310":{"start":{"line":761,"column":6},"end":{"line":761,"column":56}},"311":{"start":{"line":765,"column":2},"end":{"line":783,"column":5}},"312":{"start":{"line":766,"column":35},"end":{"line":766,"column":44}},"313":{"start":{"line":768,"column":4},"end":{"line":770,"column":5}},"314":{"start":{"line":769,"column":6},"end":{"line":769,"column":78}},"315":{"start":{"line":772,"column":4},"end":{"line":782,"column":5}},"316":{"start":{"line":773,"column":21},"end":{"line":776,"column":7}},"317":{"start":{"line":778,"column":6},"end":{"line":778,"column":41}},"318":{"start":{"line":780,"column":6},"end":{"line":780,"column":50}},"319":{"start":{"line":781,"column":6},"end":{"line":781,"column":65}},"320":{"start":{"line":785,"column":2},"end":{"line":804,"column":5}},"321":{"start":{"line":786,"column":4},"end":{"line":803,"column":5}},"322":{"start":{"line":787,"column":21},"end":{"line":797,"column":7}},"323":{"start":{"line":799,"column":6},"end":{"line":799,"column":38}},"324":{"start":{"line":801,"column":6},"end":{"line":801,"column":50}},"325":{"start":{"line":802,"column":6},"end":{"line":802,"column":71}},"326":{"start":{"line":806,"column":2},"end":{"line":822,"column":5}},"327":{"start":{"line":807,"column":27},"end":{"line":807,"column":35}},"328":{"start":{"line":808,"column":4},"end":{"line":810,"column":5}},"329":{"start":{"line":809,"column":6},"end":{"line":809,"column":69}},"330":{"start":{"line":812,"column":4},"end":{"line":821,"column":5}},"331":{"start":{"line":813,"column":6},"end":{"line":816,"column":8}},"332":{"start":{"line":817,"column":6},"end":{"line":817,"column":66}},"333":{"start":{"line":819,"column":6},"end":{"line":819,"column":49}},"334":{"start":{"line":820,"column":6},"end":{"line":820,"column":65}},"335":{"start":{"line":824,"column":2},"end":{"line":847,"column":5}},"336":{"start":{"line":825,"column":42},"end":{"line":825,"column":51}},"337":{"start":{"line":827,"column":4},"end":{"line":829,"column":5}},"338":{"start":{"line":828,"column":6},"end":{"line":828,"column":102}},"339":{"start":{"line":831,"column":4},"end":{"line":846,"column":5}},"340":{"start":{"line":832,"column":21},"end":{"line":836,"column":7}},"341":{"start":{"line":838,"column":6},"end":{"line":842,"column":7}},"342":{"start":{"line":839,"column":8},"end":{"line":839,"column":70}},"343":{"start":{"line":841,"column":8},"end":{"line":841,"column":77}},"344":{"start":{"line":844,"column":6},"end":{"line":844,"column":44}},"345":{"start":{"line":845,"column":6},"end":{"line":845,"column":70}},"346":{"start":{"line":851,"column":0},"end":{"line":872,"column":3}},"347":{"start":{"line":852,"column":2},"end":{"line":871,"column":3}},"348":{"start":{"line":853,"column":25},"end":{"line":853,"column":34}},"349":{"start":{"line":856,"column":4},"end":{"line":864,"column":5}},"350":{"start":{"line":857,"column":6},"end":{"line":857,"column":173}},"351":{"start":{"line":858,"column":6},"end":{"line":858,"column":26}},"352":{"start":{"line":861,"column":6},"end":{"line":861,"column":153}},"353":{"start":{"line":863,"column":6},"end":{"line":863,"column":18}},"354":{"start":{"line":866,"column":19},"end":{"line":866,"column":50}},"355":{"start":{"line":867,"column":4},"end":{"line":867,"column":40}},"356":{"start":{"line":869,"column":4},"end":{"line":869,"column":53}},"357":{"start":{"line":870,"column":4},"end":{"line":870,"column":64}},"358":{"start":{"line":875,"column":0},"end":{"line":892,"column":3}},"359":{"start":{"line":876,"column":2},"end":{"line":891,"column":3}},"360":{"start":{"line":877,"column":22},"end":{"line":877,"column":45}},"361":{"start":{"line":878,"column":19},"end":{"line":881,"column":5}},"362":{"start":{"line":883,"column":4},"end":{"line":885,"column":5}},"363":{"start":{"line":884,"column":6},"end":{"line":884,"column":66}},"364":{"start":{"line":887,"column":4},"end":{"line":887,"column":42}},"365":{"start":{"line":889,"column":4},"end":{"line":889,"column":52}},"366":{"start":{"line":890,"column":4},"end":{"line":890,"column":63}},"367":{"start":{"line":895,"column":0},"end":{"line":905,"column":3}},"368":{"start":{"line":896,"column":2},"end":{"line":904,"column":3}},"369":{"start":{"line":897,"column":19},"end":{"line":899,"column":5}},"370":{"start":{"line":900,"column":4},"end":{"line":900,"column":40}},"371":{"start":{"line":902,"column":4},"end":{"line":902,"column":53}},"372":{"start":{"line":903,"column":4},"end":{"line":903,"column":64}},"373":{"start":{"line":908,"column":0},"end":{"line":925,"column":3}},"374":{"start":{"line":909,"column":2},"end":{"line":924,"column":3}},"375":{"start":{"line":910,"column":22},"end":{"line":910,"column":45}},"376":{"start":{"line":911,"column":19},"end":{"line":914,"column":5}},"377":{"start":{"line":916,"column":4},"end":{"line":918,"column":5}},"378":{"start":{"line":917,"column":6},"end":{"line":917,"column":66}},"379":{"start":{"line":920,"column":4},"end":{"line":920,"column":29}},"380":{"start":{"line":922,"column":4},"end":{"line":922,"column":52}},"381":{"start":{"line":923,"column":4},"end":{"line":923,"column":63}},"382":{"start":{"line":928,"column":0},"end":{"line":982,"column":3}},"383":{"start":{"line":929,"column":2},"end":{"line":981,"column":3}},"384":{"start":{"line":930,"column":22},"end":{"line":930,"column":45}},"385":{"start":{"line":933,"column":26},"end":{"line":936,"column":5}},"386":{"start":{"line":938,"column":4},"end":{"line":940,"column":5}},"387":{"start":{"line":939,"column":6},"end":{"line":939,"column":66}},"388":{"start":{"line":943,"column":27},"end":{"line":949,"column":19}},"389":{"start":{"line":951,"column":27},"end":{"line":951,"column":46}},"390":{"start":{"line":954,"column":4},"end":{"line":970,"column":5}},"391":{"start":{"line":955,"column":26},"end":{"line":955,"column":52}},"392":{"start":{"line":956,"column":26},"end":{"line":956,"column":92}},"393":{"start":{"line":956,"column":59},"end":{"line":956,"column":91}},"394":{"start":{"line":958,"column":6},"end":{"line":969,"column":7}},"395":{"start":{"line":959,"column":8},"end":{"line":968,"column":12}},"396":{"start":{"line":959,"column":73},"end":{"line":968,"column":9}},"397":{"start":{"line":972,"column":24},"end":{"line":975,"column":5}},"398":{"start":{"line":977,"column":4},"end":{"line":977,"column":39}},"399":{"start":{"line":979,"column":4},"end":{"line":979,"column":60}},"400":{"start":{"line":980,"column":4},"end":{"line":980,"column":71}},"401":{"start":{"line":985,"column":2},"end":{"line":1003,"column":3}},"402":{"start":{"line":986,"column":42},"end":{"line":986,"column":50}},"403":{"start":{"line":988,"column":2},"end":{"line":990,"column":3}},"404":{"start":{"line":989,"column":4},"end":{"line":989,"column":70}},"405":{"start":{"line":992,"column":2},"end":{"line":1002,"column":3}},"406":{"start":{"line":993,"column":19},"end":{"line":996,"column":5}},"407":{"start":{"line":998,"column":4},"end":{"line":998,"column":81}},"408":{"start":{"line":1000,"column":4},"end":{"line":1000,"column":56}},"409":{"start":{"line":1001,"column":4},"end":{"line":1001,"column":54}},"410":{"start":{"line":1006,"column":0},"end":{"line":1032,"column":3}},"411":{"start":{"line":1007,"column":2},"end":{"line":1031,"column":3}},"412":{"start":{"line":1008,"column":19},"end":{"line":1008,"column":34}},"413":{"start":{"line":1011,"column":17},"end":{"line":1014,"column":5}},"414":{"start":{"line":1016,"column":4},"end":{"line":1022,"column":5}},"415":{"start":{"line":1018,"column":6},"end":{"line":1021,"column":8}},"416":{"start":{"line":1024,"column":4},"end":{"line":1027,"column":7}},"417":{"start":{"line":1029,"column":4},"end":{"line":1029,"column":57}},"418":{"start":{"line":1030,"column":4},"end":{"line":1030,"column":63}},"419":{"start":{"line":1035,"column":0},"end":{"line":1074,"column":3}},"420":{"start":{"line":1036,"column":2},"end":{"line":1073,"column":3}},"421":{"start":{"line":1037,"column":19},"end":{"line":1037,"column":34}},"422":{"start":{"line":1038,"column":23},"end":{"line":1038,"column":31}},"423":{"start":{"line":1040,"column":4},"end":{"line":1042,"column":5}},"424":{"start":{"line":1041,"column":6},"end":{"line":1041,"column":63}},"425":{"start":{"line":1044,"column":19},"end":{"line":1050,"column":5}},"426":{"start":{"line":1052,"column":4},"end":{"line":1069,"column":5}},"427":{"start":{"line":1054,"column":6},"end":{"line":1057,"column":8}},"428":{"start":{"line":1058,"column":6},"end":{"line":1062,"column":9}},"429":{"start":{"line":1064,"column":6},"end":{"line":1068,"column":9}},"430":{"start":{"line":1071,"column":4},"end":{"line":1071,"column":52}},"431":{"start":{"line":1072,"column":4},"end":{"line":1072,"column":64}},"432":{"start":{"line":1077,"column":0},"end":{"line":1336,"column":3}},"433":{"start":{"line":1078,"column":17},"end":{"line":1078,"column":37}},"434":{"start":{"line":1080,"column":2},"end":{"line":1335,"column":3}},"435":{"start":{"line":1081,"column":4},"end":{"line":1081,"column":32}},"436":{"start":{"line":1084,"column":23},"end":{"line":1084,"column":51}},"437":{"start":{"line":1085,"column":18},"end":{"line":1085,"column":56}},"438":{"start":{"line":1086,"column":17},"end":{"line":1086,"column":21}},"439":{"start":{"line":1088,"column":4},"end":{"line":1096,"column":5}},"440":{"start":{"line":1089,"column":6},"end":{"line":1095,"column":7}},"441":{"start":{"line":1090,"column":21},"end":{"line":1090,"column":52}},"442":{"start":{"line":1091,"column":8},"end":{"line":1091,"column":29}},"443":{"start":{"line":1094,"column":8},"end":{"line":1094,"column":22}},"444":{"start":{"line":1099,"column":4},"end":{"line":1102,"column":5}},"445":{"start":{"line":1101,"column":6},"end":{"line":1101,"column":50}},"446":{"start":{"line":1121,"column":8},"end":{"line":1121,"column":16}},"447":{"start":{"line":1124,"column":4},"end":{"line":1126,"column":5}},"448":{"start":{"line":1125,"column":6},"end":{"line":1125,"column":72}},"449":{"start":{"line":1129,"column":4},"end":{"line":1160,"column":5}},"450":{"start":{"line":1130,"column":26},"end":{"line":1133,"column":7}},"451":{"start":{"line":1135,"column":6},"end":{"line":1145,"column":7}},"452":{"start":{"line":1137,"column":8},"end":{"line":1140,"column":10}},"453":{"start":{"line":1141,"column":8},"end":{"line":1144,"column":10}},"454":{"start":{"line":1147,"column":29},"end":{"line":1147,"column":70}},"455":{"start":{"line":1149,"column":6},"end":{"line":1156,"column":7}},"456":{"start":{"line":1150,"column":8},"end":{"line":1155,"column":11}},"457":{"start":{"line":1159,"column":6},"end":{"line":1159,"column":61}},"458":{"start":{"line":1163,"column":24},"end":{"line":1163,"column":79}},"459":{"start":{"line":1166,"column":24},"end":{"line":1186,"column":5}},"460":{"start":{"line":1188,"column":20},"end":{"line":1188,"column":42}},"461":{"start":{"line":1189,"column":33},"end":{"line":1189,"column":65}},"462":{"start":{"line":1192,"column":20},"end":{"line":1192,"column":22}},"463":{"start":{"line":1194,"column":4},"end":{"line":1212,"column":5}},"464":{"start":{"line":1196,"column":25},"end":{"line":1206,"column":7}},"465":{"start":{"line":1207,"column":6},"end":{"line":1207,"column":34}},"466":{"start":{"line":1210,"column":6},"end":{"line":1210,"column":43}},"467":{"start":{"line":1211,"column":6},"end":{"line":1211,"column":101}},"468":{"start":{"line":1216,"column":4},"end":{"line":1263,"column":5}},"469":{"start":{"line":1217,"column":6},"end":{"line":1262,"column":7}},"470":{"start":{"line":1218,"column":27},"end":{"line":1218,"column":114}},"471":{"start":{"line":1220,"column":8},"end":{"line":1222,"column":9}},"472":{"start":{"line":1221,"column":10},"end":{"line":1221,"column":74}},"473":{"start":{"line":1224,"column":61},"end":{"line":1224,"column":79}},"474":{"start":{"line":1227,"column":8},"end":{"line":1235,"column":10}},"475":{"start":{"line":1238,"column":8},"end":{"line":1244,"column":10}},"476":{"start":{"line":1245,"column":13},"end":{"line":1262,"column":7}},"477":{"start":{"line":1246,"column":27},"end":{"line":1246,"column":114}},"478":{"start":{"line":1248,"column":8},"end":{"line":1250,"column":9}},"479":{"start":{"line":1249,"column":10},"end":{"line":1249,"column":74}},"480":{"start":{"line":1252,"column":61},"end":{"line":1252,"column":79}},"481":{"start":{"line":1255,"column":8},"end":{"line":1260,"column":10}},"482":{"start":{"line":1266,"column":4},"end":{"line":1278,"column":5}},"483":{"start":{"line":1267,"column":6},"end":{"line":1277,"column":7}},"484":{"start":{"line":1269,"column":8},"end":{"line":1274,"column":10}},"485":{"start":{"line":1281,"column":4},"end":{"line":1295,"column":5}},"486":{"start":{"line":1282,"column":6},"end":{"line":1289,"column":8}},"487":{"start":{"line":1292,"column":6},"end":{"line":1292,"column":80}},"488":{"start":{"line":1294,"column":6},"end":{"line":1294,"column":83}},"489":{"start":{"line":1297,"column":4},"end":{"line":1297,"column":33}},"490":{"start":{"line":1300,"column":19},"end":{"line":1309,"column":5}},"491":{"start":{"line":1312,"column":4},"end":{"line":1324,"column":5}},"492":{"start":{"line":1313,"column":35},"end":{"line":1316,"column":7}},"493":{"start":{"line":1318,"column":6},"end":{"line":1321,"column":8}},"494":{"start":{"line":1323,"column":6},"end":{"line":1323,"column":60}},"495":{"start":{"line":1326,"column":4},"end":{"line":1326,"column":35}},"496":{"start":{"line":1329,"column":4},"end":{"line":1329,"column":35}},"497":{"start":{"line":1330,"column":4},"end":{"line":1330,"column":50}},"498":{"start":{"line":1331,"column":4},"end":{"line":1331,"column":45}},"499":{"start":{"line":1332,"column":4},"end":{"line":1332,"column":62}},"500":{"start":{"line":1334,"column":4},"end":{"line":1334,"column":21}},"501":{"start":{"line":1339,"column":0},"end":{"line":1372,"column":3}},"502":{"start":{"line":1340,"column":2},"end":{"line":1371,"column":3}},"503":{"start":{"line":1341,"column":20},"end":{"line":1341,"column":48}},"504":{"start":{"line":1342,"column":19},"end":{"line":1342,"column":34}},"505":{"start":{"line":1344,"column":24},"end":{"line":1349,"column":5}},"506":{"start":{"line":1351,"column":4},"end":{"line":1353,"column":5}},"507":{"start":{"line":1352,"column":6},"end":{"line":1352,"column":64}},"508":{"start":{"line":1356,"column":18},"end":{"line":1365,"column":5}},"509":{"start":{"line":1358,"column":42},"end":{"line":1364,"column":7}},"510":{"start":{"line":1367,"column":4},"end":{"line":1367,"column":24}},"511":{"start":{"line":1369,"column":4},"end":{"line":1369,"column":50}},"512":{"start":{"line":1370,"column":4},"end":{"line":1370,"column":61}},"513":{"start":{"line":1394,"column":0},"end":{"line":1426,"column":3}},"514":{"start":{"line":1395,"column":68},"end":{"line":1395,"column":76}},"515":{"start":{"line":1396,"column":2},"end":{"line":1396,"column":45}},"516":{"start":{"line":1398,"column":2},"end":{"line":1401,"column":3}},"517":{"start":{"line":1399,"column":4},"end":{"line":1399,"column":34}},"518":{"start":{"line":1400,"column":4},"end":{"line":1400,"column":71}},"519":{"start":{"line":1403,"column":2},"end":{"line":1406,"column":3}},"520":{"start":{"line":1404,"column":4},"end":{"line":1404,"column":42}},"521":{"start":{"line":1405,"column":4},"end":{"line":1405,"column":70}},"522":{"start":{"line":1408,"column":2},"end":{"line":1425,"column":3}},"523":{"start":{"line":1409,"column":27},"end":{"line":1409,"column":58}},"524":{"start":{"line":1410,"column":4},"end":{"line":1410,"column":35}},"525":{"start":{"line":1412,"column":19},"end":{"line":1417,"column":5}},"526":{"start":{"line":1419,"column":4},"end":{"line":1419,"column":56}},"527":{"start":{"line":1421,"column":4},"end":{"line":1421,"column":91}},"528":{"start":{"line":1423,"column":4},"end":{"line":1423,"column":57}},"529":{"start":{"line":1424,"column":4},"end":{"line":1424,"column":69}},"530":{"start":{"line":1429,"column":0},"end":{"line":1450,"column":3}},"531":{"start":{"line":1430,"column":30},"end":{"line":1430,"column":38}},"532":{"start":{"line":1432,"column":2},"end":{"line":1449,"column":3}},"533":{"start":{"line":1433,"column":19},"end":{"line":1433,"column":90}},"534":{"start":{"line":1434,"column":4},"end":{"line":1436,"column":5}},"535":{"start":{"line":1435,"column":6},"end":{"line":1435,"column":65}},"536":{"start":{"line":1438,"column":18},"end":{"line":1438,"column":32}},"537":{"start":{"line":1439,"column":4},"end":{"line":1441,"column":5}},"538":{"start":{"line":1440,"column":6},"end":{"line":1440,"column":68}},"539":{"start":{"line":1443,"column":18},"end":{"line":1443,"column":84}},"540":{"start":{"line":1445,"column":4},"end":{"line":1445,"column":59}},"541":{"start":{"line":1447,"column":4},"end":{"line":1447,"column":45}},"542":{"start":{"line":1448,"column":4},"end":{"line":1448,"column":52}},"543":{"start":{"line":1452,"column":0},"end":{"line":1468,"column":3}},"544":{"start":{"line":1453,"column":34},"end":{"line":1453,"column":42}},"545":{"start":{"line":1454,"column":2},"end":{"line":1456,"column":3}},"546":{"start":{"line":1455,"column":4},"end":{"line":1455,"column":61}},"547":{"start":{"line":1458,"column":2},"end":{"line":1467,"column":3}},"548":{"start":{"line":1459,"column":4},"end":{"line":1462,"column":6}},"549":{"start":{"line":1463,"column":4},"end":{"line":1463,"column":62}},"550":{"start":{"line":1465,"column":4},"end":{"line":1465,"column":40}},"551":{"start":{"line":1466,"column":4},"end":{"line":1466,"column":63}},"552":{"start":{"line":1470,"column":0},"end":{"line":1513,"column":3}},"553":{"start":{"line":1471,"column":26},"end":{"line":1471,"column":36}},"554":{"start":{"line":1473,"column":2},"end":{"line":1475,"column":3}},"555":{"start":{"line":1474,"column":4},"end":{"line":1474,"column":67}},"556":{"start":{"line":1477,"column":2},"end":{"line":1512,"column":3}},"557":{"start":{"line":1478,"column":21},"end":{"line":1481,"column":5}},"558":{"start":{"line":1483,"column":4},"end":{"line":1485,"column":5}},"559":{"start":{"line":1484,"column":6},"end":{"line":1484,"column":64}},"560":{"start":{"line":1487,"column":18},"end":{"line":1487,"column":34}},"561":{"start":{"line":1489,"column":4},"end":{"line":1489,"column":39}},"562":{"start":{"line":1491,"column":25},"end":{"line":1496,"column":5}},"563":{"start":{"line":1498,"column":25},"end":{"line":1504,"column":5}},"564":{"start":{"line":1506,"column":4},"end":{"line":1506,"column":63}},"565":{"start":{"line":1508,"column":4},"end":{"line":1508,"column":24}},"566":{"start":{"line":1510,"column":4},"end":{"line":1510,"column":58}},"567":{"start":{"line":1511,"column":4},"end":{"line":1511,"column":69}},"568":{"start":{"line":1516,"column":0},"end":{"line":1529,"column":3}},"569":{"start":{"line":1517,"column":2},"end":{"line":1528,"column":3}},"570":{"start":{"line":1518,"column":19},"end":{"line":1518,"column":34}},"571":{"start":{"line":1519,"column":19},"end":{"line":1522,"column":5}},"572":{"start":{"line":1524,"column":4},"end":{"line":1524,"column":38}},"573":{"start":{"line":1526,"column":4},"end":{"line":1526,"column":58}},"574":{"start":{"line":1527,"column":4},"end":{"line":1527,"column":61}},"575":{"start":{"line":1532,"column":0},"end":{"line":1550,"column":3}},"576":{"start":{"line":1533,"column":2},"end":{"line":1549,"column":3}},"577":{"start":{"line":1534,"column":19},"end":{"line":1544,"column":6}},"578":{"start":{"line":1545,"column":4},"end":{"line":1545,"column":26}},"579":{"start":{"line":1547,"column":4},"end":{"line":1547,"column":48}},"580":{"start":{"line":1548,"column":4},"end":{"line":1548,"column":61}},"581":{"start":{"line":1552,"column":0},"end":{"line":1572,"column":3}},"582":{"start":{"line":1553,"column":13},"end":{"line":1553,"column":27}},"583":{"start":{"line":1554,"column":2},"end":{"line":1571,"column":3}},"584":{"start":{"line":1555,"column":4},"end":{"line":1555,"column":30}},"585":{"start":{"line":1556,"column":4},"end":{"line":1556,"column":68}},"586":{"start":{"line":1557,"column":19},"end":{"line":1560,"column":5}},"587":{"start":{"line":1561,"column":4},"end":{"line":1564,"column":5}},"588":{"start":{"line":1562,"column":6},"end":{"line":1562,"column":35}},"589":{"start":{"line":1563,"column":6},"end":{"line":1563,"column":63}},"590":{"start":{"line":1565,"column":4},"end":{"line":1565,"column":31}},"591":{"start":{"line":1566,"column":4},"end":{"line":1566,"column":61}},"592":{"start":{"line":1568,"column":4},"end":{"line":1568,"column":33}},"593":{"start":{"line":1569,"column":4},"end":{"line":1569,"column":64}},"594":{"start":{"line":1570,"column":4},"end":{"line":1570,"column":75}},"595":{"start":{"line":1576,"column":0},"end":{"line":1592,"column":3}},"596":{"start":{"line":1577,"column":2},"end":{"line":1591,"column":3}},"597":{"start":{"line":1578,"column":19},"end":{"line":1586,"column":6}},"598":{"start":{"line":1587,"column":4},"end":{"line":1587,"column":26}},"599":{"start":{"line":1589,"column":4},"end":{"line":1589,"column":54}},"600":{"start":{"line":1590,"column":4},"end":{"line":1590,"column":67}},"601":{"start":{"line":1595,"column":0},"end":{"line":1610,"column":3}},"602":{"start":{"line":1596,"column":13},"end":{"line":1596,"column":40}},"603":{"start":{"line":1597,"column":2},"end":{"line":1609,"column":3}},"604":{"start":{"line":1598,"column":19},"end":{"line":1601,"column":5}},"605":{"start":{"line":1602,"column":4},"end":{"line":1604,"column":5}},"606":{"start":{"line":1603,"column":6},"end":{"line":1603,"column":69}},"607":{"start":{"line":1605,"column":4},"end":{"line":1605,"column":61}},"608":{"start":{"line":1607,"column":4},"end":{"line":1607,"column":63}},"609":{"start":{"line":1608,"column":4},"end":{"line":1608,"column":67}},"610":{"start":{"line":1613,"column":17},"end":{"line":1613,"column":52}},"611":{"start":{"line":1614,"column":22},"end":{"line":1614,"column":27}},"612":{"start":{"line":1615,"column":2},"end":{"line":1615,"column":39}},"613":{"start":{"line":1615,"column":18},"end":{"line":1615,"column":39}},"614":{"start":{"line":1617,"column":2},"end":{"line":1635,"column":3}},"615":{"start":{"line":1618,"column":21},"end":{"line":1623,"column":19}},"616":{"start":{"line":1625,"column":4},"end":{"line":1627,"column":5}},"617":{"start":{"line":1626,"column":6},"end":{"line":1626,"column":13}},"618":{"start":{"line":1629,"column":21},"end":{"line":1629,"column":81}},"619":{"start":{"line":1629,"column":47},"end":{"line":1629,"column":79}},"620":{"start":{"line":1630,"column":4},"end":{"line":1630,"column":94}},"621":{"start":{"line":1632,"column":4},"end":{"line":1632,"column":56}},"622":{"start":{"line":1634,"column":4},"end":{"line":1634,"column":40}},"623":{"start":{"line":1634,"column":23},"end":{"line":1634,"column":40}},"624":{"start":{"line":1639,"column":0},"end":{"line":1662,"column":3}},"625":{"start":{"line":1640,"column":2},"end":{"line":1661,"column":3}},"626":{"start":{"line":1641,"column":19},"end":{"line":1656,"column":6}},"627":{"start":{"line":1657,"column":4},"end":{"line":1657,"column":26}},"628":{"start":{"line":1659,"column":4},"end":{"line":1659,"column":51}},"629":{"start":{"line":1660,"column":4},"end":{"line":1660,"column":64}},"630":{"start":{"line":1665,"column":0},"end":{"line":1691,"column":3}},"631":{"start":{"line":1666,"column":88},"end":{"line":1666,"column":96}},"632":{"start":{"line":1667,"column":28},"end":{"line":1667,"column":94}},"633":{"start":{"line":1668,"column":2},"end":{"line":1690,"column":3}},"634":{"start":{"line":1669,"column":19},"end":{"line":1685,"column":5}},"635":{"start":{"line":1686,"column":4},"end":{"line":1686,"column":41}},"636":{"start":{"line":1688,"column":4},"end":{"line":1688,"column":52}},"637":{"start":{"line":1689,"column":4},"end":{"line":1689,"column":61}},"638":{"start":{"line":1696,"column":0},"end":{"line":1736,"column":3}},"639":{"start":{"line":1697,"column":20},"end":{"line":1697,"column":29}},"640":{"start":{"line":1699,"column":2},"end":{"line":1735,"column":3}},"641":{"start":{"line":1701,"column":4},"end":{"line":1713,"column":5}},"642":{"start":{"line":1703,"column":8},"end":{"line":1703,"column":70}},"643":{"start":{"line":1704,"column":8},"end":{"line":1704,"column":14}},"644":{"start":{"line":1706,"column":8},"end":{"line":1706,"column":71}},"645":{"start":{"line":1707,"column":8},"end":{"line":1707,"column":14}},"646":{"start":{"line":1709,"column":8},"end":{"line":1709,"column":72}},"647":{"start":{"line":1710,"column":8},"end":{"line":1710,"column":14}},"648":{"start":{"line":1712,"column":8},"end":{"line":1712,"column":70}},"649":{"start":{"line":1715,"column":19},"end":{"line":1723,"column":5}},"650":{"start":{"line":1725,"column":24},"end":{"line":1725,"column":38}},"651":{"start":{"line":1726,"column":4},"end":{"line":1731,"column":7}},"652":{"start":{"line":1733,"column":4},"end":{"line":1733,"column":57}},"653":{"start":{"line":1734,"column":4},"end":{"line":1734,"column":68}},"654":{"start":{"line":1739,"column":0},"end":{"line":1768,"column":3}},"655":{"start":{"line":1740,"column":2},"end":{"line":1767,"column":3}},"656":{"start":{"line":1741,"column":19},"end":{"line":1753,"column":5}},"657":{"start":{"line":1755,"column":4},"end":{"line":1763,"column":7}},"658":{"start":{"line":1756,"column":46},"end":{"line":1762,"column":7}},"659":{"start":{"line":1765,"column":4},"end":{"line":1765,"column":58}},"660":{"start":{"line":1766,"column":4},"end":{"line":1766,"column":69}},"661":{"start":{"line":1771,"column":0},"end":{"line":1813,"column":3}},"662":{"start":{"line":1772,"column":2},"end":{"line":1812,"column":3}},"663":{"start":{"line":1774,"column":25},"end":{"line":1779,"column":5}},"664":{"start":{"line":1782,"column":24},"end":{"line":1787,"column":5}},"665":{"start":{"line":1790,"column":26},"end":{"line":1795,"column":5}},"666":{"start":{"line":1798,"column":23},"end":{"line":1801,"column":5}},"667":{"start":{"line":1803,"column":4},"end":{"line":1808,"column":7}},"668":{"start":{"line":1810,"column":4},"end":{"line":1810,"column":62}},"669":{"start":{"line":1811,"column":4},"end":{"line":1811,"column":73}},"670":{"start":{"line":1816,"column":17},"end":{"line":1816,"column":37}},"671":{"start":{"line":1817,"column":2},"end":{"line":1830,"column":3}},"672":{"start":{"line":1818,"column":21},"end":{"line":1821,"column":5}},"673":{"start":{"line":1823,"column":4},"end":{"line":1825,"column":5}},"674":{"start":{"line":1824,"column":6},"end":{"line":1824,"column":51}},"675":{"start":{"line":1827,"column":4},"end":{"line":1827,"column":63}},"676":{"start":{"line":1829,"column":4},"end":{"line":1829,"column":21}},"677":{"start":{"line":1834,"column":0},"end":{"line":1877,"column":3}},"678":{"start":{"line":1835,"column":13},"end":{"line":1835,"column":40}},"679":{"start":{"line":1846,"column":6},"end":{"line":1846,"column":14}},"680":{"start":{"line":1848,"column":2},"end":{"line":1876,"column":3}},"681":{"start":{"line":1849,"column":19},"end":{"line":1864,"column":5}},"682":{"start":{"line":1866,"column":4},"end":{"line":1868,"column":5}},"683":{"start":{"line":1867,"column":6},"end":{"line":1867,"column":66}},"684":{"start":{"line":1870,"column":4},"end":{"line":1870,"column":44}},"685":{"start":{"line":1872,"column":4},"end":{"line":1872,"column":29}},"686":{"start":{"line":1874,"column":4},"end":{"line":1874,"column":61}},"687":{"start":{"line":1875,"column":4},"end":{"line":1875,"column":64}},"688":{"start":{"line":1881,"column":0},"end":{"line":1904,"column":3}},"689":{"start":{"line":1882,"column":2},"end":{"line":1903,"column":3}},"690":{"start":{"line":1883,"column":19},"end":{"line":1898,"column":6}},"691":{"start":{"line":1899,"column":4},"end":{"line":1899,"column":26}},"692":{"start":{"line":1901,"column":4},"end":{"line":1901,"column":51}},"693":{"start":{"line":1902,"column":4},"end":{"line":1902,"column":64}},"694":{"start":{"line":1906,"column":0},"end":{"line":1977,"column":3}},"695":{"start":{"line":1910,"column":6},"end":{"line":1910,"column":14}},"696":{"start":{"line":1912,"column":23},"end":{"line":1919,"column":8}},"697":{"start":{"line":1914,"column":21},"end":{"line":1914,"column":56}},"698":{"start":{"line":1915,"column":19},"end":{"line":1918,"column":9}},"699":{"start":{"line":1921,"column":17},"end":{"line":1921,"column":37}},"700":{"start":{"line":1922,"column":2},"end":{"line":1976,"column":3}},"701":{"start":{"line":1923,"column":4},"end":{"line":1923,"column":32}},"702":{"start":{"line":1924,"column":25},"end":{"line":1924,"column":48}},"703":{"start":{"line":1925,"column":22},"end":{"line":1945,"column":5}},"704":{"start":{"line":1947,"column":22},"end":{"line":1947,"column":42}},"705":{"start":{"line":1948,"column":4},"end":{"line":1958,"column":5}},"706":{"start":{"line":1949,"column":6},"end":{"line":1955,"column":7}},"707":{"start":{"line":1950,"column":8},"end":{"line":1954,"column":10}},"708":{"start":{"line":1957,"column":6},"end":{"line":1957,"column":54}},"709":{"start":{"line":1960,"column":4},"end":{"line":1960,"column":33}},"710":{"start":{"line":1961,"column":24},"end":{"line":1966,"column":5}},"711":{"start":{"line":1968,"column":4},"end":{"line":1968,"column":46}},"712":{"start":{"line":1971,"column":4},"end":{"line":1971,"column":35}},"713":{"start":{"line":1972,"column":4},"end":{"line":1972,"column":52}},"714":{"start":{"line":1973,"column":4},"end":{"line":1973,"column":61}},"715":{"start":{"line":1975,"column":4},"end":{"line":1975,"column":21}},"716":{"start":{"line":1981,"column":0},"end":{"line":1996,"column":3}},"717":{"start":{"line":1982,"column":20},"end":{"line":1982,"column":47}},"718":{"start":{"line":1983,"column":2},"end":{"line":1995,"column":3}},"719":{"start":{"line":1984,"column":19},"end":{"line":1990,"column":5}},"720":{"start":{"line":1991,"column":4},"end":{"line":1991,"column":26}},"721":{"start":{"line":1993,"column":4},"end":{"line":1993,"column":67}},"722":{"start":{"line":1994,"column":4},"end":{"line":1994,"column":69}},"723":{"start":{"line":1998,"column":0},"end":{"line":2056,"column":3}},"724":{"start":{"line":1999,"column":13},"end":{"line":1999,"column":40}},"725":{"start":{"line":2003,"column":6},"end":{"line":2003,"column":14}},"726":{"start":{"line":2004,"column":2},"end":{"line":2004,"column":40}},"727":{"start":{"line":2004,"column":29},"end":{"line":2004,"column":40}},"728":{"start":{"line":2005,"column":2},"end":{"line":2010,"column":8}},"729":{"start":{"line":2006,"column":17},"end":{"line":2006,"column":52}},"730":{"start":{"line":2007,"column":15},"end":{"line":2010,"column":5}},"731":{"start":{"line":2012,"column":17},"end":{"line":2012,"column":37}},"732":{"start":{"line":2013,"column":2},"end":{"line":2055,"column":3}},"733":{"start":{"line":2014,"column":4},"end":{"line":2014,"column":32}},"734":{"start":{"line":2015,"column":19},"end":{"line":2032,"column":5}},"735":{"start":{"line":2033,"column":4},"end":{"line":2036,"column":5}},"736":{"start":{"line":2034,"column":6},"end":{"line":2034,"column":37}},"737":{"start":{"line":2035,"column":6},"end":{"line":2035,"column":66}},"738":{"start":{"line":2037,"column":4},"end":{"line":2037,"column":80}},"739":{"start":{"line":2038,"column":4},"end":{"line":2044,"column":5}},"740":{"start":{"line":2039,"column":6},"end":{"line":2043,"column":8}},"741":{"start":{"line":2045,"column":4},"end":{"line":2045,"column":33}},"742":{"start":{"line":2046,"column":4},"end":{"line":2046,"column":37}},"743":{"start":{"line":2048,"column":4},"end":{"line":2048,"column":29}},"744":{"start":{"line":2050,"column":4},"end":{"line":2050,"column":35}},"745":{"start":{"line":2051,"column":4},"end":{"line":2051,"column":55}},"746":{"start":{"line":2052,"column":4},"end":{"line":2052,"column":64}},"747":{"start":{"line":2054,"column":4},"end":{"line":2054,"column":21}},"748":{"start":{"line":2060,"column":0},"end":{"line":2076,"column":3}},"749":{"start":{"line":2061,"column":13},"end":{"line":2061,"column":40}},"750":{"start":{"line":2062,"column":2},"end":{"line":2075,"column":3}},"751":{"start":{"line":2063,"column":4},"end":{"line":2063,"column":78}},"752":{"start":{"line":2064,"column":19},"end":{"line":2067,"column":5}},"753":{"start":{"line":2068,"column":4},"end":{"line":2070,"column":5}},"754":{"start":{"line":2069,"column":6},"end":{"line":2069,"column":66}},"755":{"start":{"line":2071,"column":4},"end":{"line":2071,"column":68}},"756":{"start":{"line":2073,"column":4},"end":{"line":2073,"column":58}},"757":{"start":{"line":2074,"column":4},"end":{"line":2074,"column":64}},"758":{"start":{"line":2078,"column":0},"end":{"line":2123,"column":3}},"759":{"start":{"line":2079,"column":20},"end":{"line":2079,"column":47}},"760":{"start":{"line":2081,"column":22},"end":{"line":2084,"column":3}},"761":{"start":{"line":2086,"column":2},"end":{"line":2096,"column":3}},"762":{"start":{"line":2087,"column":22},"end":{"line":2087,"column":30}},"763":{"start":{"line":2088,"column":4},"end":{"line":2090,"column":5}},"764":{"start":{"line":2089,"column":6},"end":{"line":2089,"column":69}},"765":{"start":{"line":2091,"column":19},"end":{"line":2094,"column":5}},"766":{"start":{"line":2095,"column":4},"end":{"line":2095,"column":36}},"767":{"start":{"line":2098,"column":21},"end":{"line":2098,"column":64}},"768":{"start":{"line":2098,"column":49},"end":{"line":2098,"column":63}},"769":{"start":{"line":2099,"column":22},"end":{"line":2102,"column":3}},"770":{"start":{"line":2103,"column":19},"end":{"line":2103,"column":21}},"771":{"start":{"line":2104,"column":2},"end":{"line":2104,"column":75}},"772":{"start":{"line":2104,"column":38},"end":{"line":2104,"column":75}},"773":{"start":{"line":2106,"column":20},"end":{"line":2106,"column":28}},"774":{"start":{"line":2107,"column":2},"end":{"line":2116,"column":3}},"775":{"start":{"line":2108,"column":19},"end":{"line":2108,"column":44}},"776":{"start":{"line":2109,"column":4},"end":{"line":2111,"column":5}},"777":{"start":{"line":2110,"column":6},"end":{"line":2110,"column":88}},"778":{"start":{"line":2112,"column":17},"end":{"line":2112,"column":38}},"779":{"start":{"line":2113,"column":4},"end":{"line":2113,"column":87}},"780":{"start":{"line":2113,"column":15},"end":{"line":2113,"column":87}},"781":{"start":{"line":2114,"column":20},"end":{"line":2114,"column":45}},"782":{"start":{"line":2115,"column":4},"end":{"line":2115,"column":53}},"783":{"start":{"line":2115,"column":31},"end":{"line":2115,"column":53}},"784":{"start":{"line":2118,"column":17},"end":{"line":2121,"column":3}},"785":{"start":{"line":2122,"column":2},"end":{"line":2122,"column":93}},"786":{"start":{"line":2126,"column":0},"end":{"line":2146,"column":3}},"787":{"start":{"line":2127,"column":13},"end":{"line":2127,"column":40}},"788":{"start":{"line":2128,"column":2},"end":{"line":2145,"column":3}},"789":{"start":{"line":2129,"column":25},"end":{"line":2131,"column":5}},"790":{"start":{"line":2132,"column":19},"end":{"line":2134,"column":5}},"791":{"start":{"line":2135,"column":4},"end":{"line":2137,"column":5}},"792":{"start":{"line":2136,"column":6},"end":{"line":2136,"column":66}},"793":{"start":{"line":2138,"column":4},"end":{"line":2140,"column":5}},"794":{"start":{"line":2139,"column":6},"end":{"line":2139,"column":51}},"795":{"start":{"line":2141,"column":4},"end":{"line":2141,"column":68}},"796":{"start":{"line":2143,"column":4},"end":{"line":2143,"column":58}},"797":{"start":{"line":2144,"column":4},"end":{"line":2144,"column":64}},"798":{"start":{"line":2150,"column":0},"end":{"line":2193,"column":3}},"799":{"start":{"line":2151,"column":2},"end":{"line":2192,"column":3}},"800":{"start":{"line":2152,"column":31},"end":{"line":2152,"column":40}},"801":{"start":{"line":2153,"column":16},"end":{"line":2160,"column":5}},"802":{"start":{"line":2161,"column":19},"end":{"line":2161,"column":21}},"803":{"start":{"line":2162,"column":19},"end":{"line":2162,"column":20}},"804":{"start":{"line":2164,"column":4},"end":{"line":2167,"column":5}},"805":{"start":{"line":2165,"column":6},"end":{"line":2165,"column":54}},"806":{"start":{"line":2166,"column":6},"end":{"line":2166,"column":26}},"807":{"start":{"line":2169,"column":4},"end":{"line":2184,"column":5}},"808":{"start":{"line":2170,"column":6},"end":{"line":2181,"column":9}},"809":{"start":{"line":2182,"column":6},"end":{"line":2182,"column":47}},"810":{"start":{"line":2183,"column":6},"end":{"line":2183,"column":17}},"811":{"start":{"line":2185,"column":4},"end":{"line":2185,"column":43}},"812":{"start":{"line":2187,"column":19},"end":{"line":2187,"column":50}},"813":{"start":{"line":2188,"column":4},"end":{"line":2188,"column":26}},"814":{"start":{"line":2190,"column":4},"end":{"line":2190,"column":49}},"815":{"start":{"line":2191,"column":4},"end":{"line":2191,"column":62}},"816":{"start":{"line":2196,"column":0},"end":{"line":2241,"column":3}},"817":{"start":{"line":2197,"column":18},"end":{"line":2197,"column":45}},"818":{"start":{"line":2198,"column":2},"end":{"line":2198,"column":75}},"819":{"start":{"line":2198,"column":16},"end":{"line":2198,"column":75}},"820":{"start":{"line":2200,"column":2},"end":{"line":2240,"column":3}},"821":{"start":{"line":2201,"column":24},"end":{"line":2204,"column":5}},"822":{"start":{"line":2205,"column":4},"end":{"line":2207,"column":5}},"823":{"start":{"line":2206,"column":6},"end":{"line":2206,"column":64}},"824":{"start":{"line":2208,"column":18},"end":{"line":2208,"column":37}},"825":{"start":{"line":2211,"column":24},"end":{"line":2215,"column":5}},"826":{"start":{"line":2218,"column":27},"end":{"line":2230,"column":5}},"827":{"start":{"line":2232,"column":4},"end":{"line":2236,"column":7}},"828":{"start":{"line":2238,"column":4},"end":{"line":2238,"column":48}},"829":{"start":{"line":2239,"column":4},"end":{"line":2239,"column":61}},"830":{"start":{"line":2245,"column":0},"end":{"line":2260,"column":3}},"831":{"start":{"line":2246,"column":23},"end":{"line":2246,"column":32}},"832":{"start":{"line":2247,"column":2},"end":{"line":2247,"column":86}},"833":{"start":{"line":2247,"column":17},"end":{"line":2247,"column":86}},"834":{"start":{"line":2249,"column":2},"end":{"line":2259,"column":3}},"835":{"start":{"line":2250,"column":19},"end":{"line":2254,"column":5}},"836":{"start":{"line":2255,"column":4},"end":{"line":2255,"column":26}},"837":{"start":{"line":2257,"column":4},"end":{"line":2257,"column":54}},"838":{"start":{"line":2258,"column":4},"end":{"line":2258,"column":54}},"839":{"start":{"line":2263,"column":0},"end":{"line":2281,"column":3}},"840":{"start":{"line":2264,"column":18},"end":{"line":2264,"column":45}},"841":{"start":{"line":2265,"column":27},"end":{"line":2265,"column":35}},"842":{"start":{"line":2267,"column":2},"end":{"line":2269,"column":3}},"843":{"start":{"line":2268,"column":4},"end":{"line":2268,"column":73}},"844":{"start":{"line":2271,"column":2},"end":{"line":2280,"column":3}},"845":{"start":{"line":2272,"column":4},"end":{"line":2275,"column":6}},"846":{"start":{"line":2276,"column":4},"end":{"line":2276,"column":50}},"847":{"start":{"line":2278,"column":4},"end":{"line":2278,"column":55}},"848":{"start":{"line":2279,"column":4},"end":{"line":2279,"column":69}},"849":{"start":{"line":2283,"column":0},"end":{"line":2323,"column":3}},"850":{"start":{"line":2284,"column":20},"end":{"line":2284,"column":29}},"851":{"start":{"line":2286,"column":2},"end":{"line":2322,"column":3}},"852":{"start":{"line":2288,"column":4},"end":{"line":2300,"column":5}},"853":{"start":{"line":2290,"column":8},"end":{"line":2290,"column":70}},"854":{"start":{"line":2291,"column":8},"end":{"line":2291,"column":14}},"855":{"start":{"line":2293,"column":8},"end":{"line":2293,"column":71}},"856":{"start":{"line":2294,"column":8},"end":{"line":2294,"column":14}},"857":{"start":{"line":2296,"column":8},"end":{"line":2296,"column":72}},"858":{"start":{"line":2297,"column":8},"end":{"line":2297,"column":14}},"859":{"start":{"line":2299,"column":8},"end":{"line":2299,"column":70}},"860":{"start":{"line":2302,"column":19},"end":{"line":2310,"column":5}},"861":{"start":{"line":2312,"column":24},"end":{"line":2312,"column":38}},"862":{"start":{"line":2313,"column":4},"end":{"line":2318,"column":7}},"863":{"start":{"line":2320,"column":4},"end":{"line":2320,"column":57}},"864":{"start":{"line":2321,"column":4},"end":{"line":2321,"column":68}},"865":{"start":{"line":2326,"column":0},"end":{"line":2356,"column":3}},"866":{"start":{"line":2327,"column":2},"end":{"line":2355,"column":3}},"867":{"start":{"line":2328,"column":19},"end":{"line":2341,"column":5}},"868":{"start":{"line":2343,"column":4},"end":{"line":2351,"column":7}},"869":{"start":{"line":2344,"column":46},"end":{"line":2350,"column":7}},"870":{"start":{"line":2353,"column":4},"end":{"line":2353,"column":58}},"871":{"start":{"line":2354,"column":4},"end":{"line":2354,"column":69}},"872":{"start":{"line":2359,"column":0},"end":{"line":2401,"column":3}},"873":{"start":{"line":2360,"column":2},"end":{"line":2400,"column":3}},"874":{"start":{"line":2362,"column":25},"end":{"line":2367,"column":5}},"875":{"start":{"line":2370,"column":24},"end":{"line":2375,"column":5}},"876":{"start":{"line":2378,"column":26},"end":{"line":2383,"column":5}},"877":{"start":{"line":2386,"column":23},"end":{"line":2389,"column":5}},"878":{"start":{"line":2391,"column":4},"end":{"line":2396,"column":7}},"879":{"start":{"line":2398,"column":4},"end":{"line":2398,"column":62}},"880":{"start":{"line":2399,"column":4},"end":{"line":2399,"column":73}},"881":{"start":{"line":2404,"column":0},"end":{"line":2408,"column":1}},"882":{"start":{"line":2405,"column":2},"end":{"line":2407,"column":5}},"883":{"start":{"line":2406,"column":4},"end":{"line":2406,"column":65}}},"fnMap":{"0":{"name":"connectToPG","decl":{"start":{"line":24,"column":15},"end":{"line":24,"column":26}},"loc":{"start":{"line":24,"column":29},"end":{"line":36,"column":1}},"line":24},"1":{"name":"authenticateToken","decl":{"start":{"line":40,"column":9},"end":{"line":40,"column":26}},"loc":{"start":{"line":40,"column":43},"end":{"line":55,"column":1}},"line":40},"2":{"name":"(anonymous_2)","decl":{"start":{"line":48,"column":34},"end":{"line":48,"column":35}},"loc":{"start":{"line":48,"column":49},"end":{"line":54,"column":3}},"line":48},"3":{"name":"(anonymous_3)","decl":{"start":{"line":58,"column":17},"end":{"line":58,"column":18}},"loc":{"start":{"line":58,"column":23},"end":{"line":60,"column":1}},"line":58},"4":{"name":"(anonymous_4)","decl":{"start":{"line":64,"column":26},"end":{"line":64,"column":27}},"loc":{"start":{"line":64,"column":46},"end":{"line":86,"column":3}},"line":64},"5":{"name":"(anonymous_5)","decl":{"start":{"line":89,"column":23},"end":{"line":89,"column":24}},"loc":{"start":{"line":89,"column":43},"end":{"line":113,"column":3}},"line":89},"6":{"name":"(anonymous_6)","decl":{"start":{"line":115,"column":36},"end":{"line":115,"column":37}},"loc":{"start":{"line":115,"column":56},"end":{"line":132,"column":3}},"line":115},"7":{"name":"(anonymous_7)","decl":{"start":{"line":135,"column":17},"end":{"line":135,"column":18}},"loc":{"start":{"line":135,"column":37},"end":{"line":231,"column":1}},"line":135},"8":{"name":"(anonymous_8)","decl":{"start":{"line":235,"column":37},"end":{"line":235,"column":38}},"loc":{"start":{"line":235,"column":57},"end":{"line":398,"column":1}},"line":235},"9":{"name":"(anonymous_9)","decl":{"start":{"line":402,"column":44},"end":{"line":402,"column":45}},"loc":{"start":{"line":402,"column":64},"end":{"line":488,"column":1}},"line":402},"10":{"name":"(anonymous_10)","decl":{"start":{"line":491,"column":47},"end":{"line":491,"column":48}},"loc":{"start":{"line":491,"column":67},"end":{"line":511,"column":1}},"line":491},"11":{"name":"(anonymous_11)","decl":{"start":{"line":513,"column":39},"end":{"line":513,"column":40}},"loc":{"start":{"line":513,"column":59},"end":{"line":531,"column":1}},"line":513},"12":{"name":"(anonymous_12)","decl":{"start":{"line":534,"column":26},"end":{"line":534,"column":27}},"loc":{"start":{"line":534,"column":46},"end":{"line":601,"column":1}},"line":534},"13":{"name":"(anonymous_13)","decl":{"start":{"line":604,"column":52},"end":{"line":604,"column":53}},"loc":{"start":{"line":604,"column":72},"end":{"line":630,"column":1}},"line":604},"14":{"name":"(anonymous_14)","decl":{"start":{"line":633,"column":55},"end":{"line":633,"column":56}},"loc":{"start":{"line":633,"column":75},"end":{"line":653,"column":1}},"line":633},"15":{"name":"(anonymous_15)","decl":{"start":{"line":656,"column":47},"end":{"line":656,"column":48}},"loc":{"start":{"line":656,"column":67},"end":{"line":674,"column":1}},"line":656},"16":{"name":"(anonymous_16)","decl":{"start":{"line":677,"column":49},"end":{"line":677,"column":50}},"loc":{"start":{"line":677,"column":69},"end":{"line":743,"column":3}},"line":677},"17":{"name":"(anonymous_17)","decl":{"start":{"line":746,"column":39},"end":{"line":746,"column":40}},"loc":{"start":{"line":746,"column":59},"end":{"line":763,"column":3}},"line":746},"18":{"name":"(anonymous_18)","decl":{"start":{"line":765,"column":32},"end":{"line":765,"column":33}},"loc":{"start":{"line":765,"column":52},"end":{"line":783,"column":3}},"line":765},"19":{"name":"(anonymous_19)","decl":{"start":{"line":785,"column":42},"end":{"line":785,"column":43}},"loc":{"start":{"line":785,"column":62},"end":{"line":804,"column":3}},"line":785},"20":{"name":"(anonymous_20)","decl":{"start":{"line":806,"column":40},"end":{"line":806,"column":41}},"loc":{"start":{"line":806,"column":60},"end":{"line":822,"column":3}},"line":806},"21":{"name":"(anonymous_21)","decl":{"start":{"line":824,"column":33},"end":{"line":824,"column":34}},"loc":{"start":{"line":824,"column":53},"end":{"line":847,"column":3}},"line":824},"22":{"name":"(anonymous_22)","decl":{"start":{"line":851,"column":25},"end":{"line":851,"column":26}},"loc":{"start":{"line":851,"column":45},"end":{"line":872,"column":1}},"line":851},"23":{"name":"(anonymous_23)","decl":{"start":{"line":875,"column":29},"end":{"line":875,"column":30}},"loc":{"start":{"line":875,"column":49},"end":{"line":892,"column":1}},"line":875},"24":{"name":"(anonymous_24)","decl":{"start":{"line":895,"column":25},"end":{"line":895,"column":26}},"loc":{"start":{"line":895,"column":45},"end":{"line":905,"column":1}},"line":895},"25":{"name":"(anonymous_25)","decl":{"start":{"line":908,"column":29},"end":{"line":908,"column":30}},"loc":{"start":{"line":908,"column":49},"end":{"line":925,"column":1}},"line":908},"26":{"name":"(anonymous_26)","decl":{"start":{"line":928,"column":37},"end":{"line":928,"column":38}},"loc":{"start":{"line":928,"column":57},"end":{"line":982,"column":1}},"line":928},"27":{"name":"(anonymous_27)","decl":{"start":{"line":956,"column":51},"end":{"line":956,"column":52}},"loc":{"start":{"line":956,"column":59},"end":{"line":956,"column":91}},"line":956},"28":{"name":"(anonymous_28)","decl":{"start":{"line":959,"column":52},"end":{"line":959,"column":53}},"loc":{"start":{"line":959,"column":73},"end":{"line":968,"column":9}},"line":959},"29":{"name":"(anonymous_29)","decl":{"start":{"line":985,"column":27},"end":{"line":985,"column":28}},"loc":{"start":{"line":985,"column":47},"end":{"line":1003,"column":1}},"line":985},"30":{"name":"(anonymous_30)","decl":{"start":{"line":1006,"column":48},"end":{"line":1006,"column":49}},"loc":{"start":{"line":1006,"column":68},"end":{"line":1032,"column":1}},"line":1006},"31":{"name":"(anonymous_31)","decl":{"start":{"line":1035,"column":53},"end":{"line":1035,"column":54}},"loc":{"start":{"line":1035,"column":73},"end":{"line":1074,"column":1}},"line":1035},"32":{"name":"(anonymous_32)","decl":{"start":{"line":1077,"column":24},"end":{"line":1077,"column":25}},"loc":{"start":{"line":1077,"column":44},"end":{"line":1336,"column":1}},"line":1077},"33":{"name":"(anonymous_33)","decl":{"start":{"line":1339,"column":51},"end":{"line":1339,"column":52}},"loc":{"start":{"line":1339,"column":71},"end":{"line":1372,"column":1}},"line":1339},"34":{"name":"(anonymous_34)","decl":{"start":{"line":1358,"column":34},"end":{"line":1358,"column":35}},"loc":{"start":{"line":1358,"column":42},"end":{"line":1364,"column":7}},"line":1358},"35":{"name":"(anonymous_35)","decl":{"start":{"line":1394,"column":37},"end":{"line":1394,"column":38}},"loc":{"start":{"line":1394,"column":57},"end":{"line":1426,"column":1}},"line":1394},"36":{"name":"(anonymous_36)","decl":{"start":{"line":1429,"column":29},"end":{"line":1429,"column":30}},"loc":{"start":{"line":1429,"column":49},"end":{"line":1450,"column":1}},"line":1429},"37":{"name":"(anonymous_37)","decl":{"start":{"line":1452,"column":29},"end":{"line":1452,"column":30}},"loc":{"start":{"line":1452,"column":49},"end":{"line":1468,"column":1}},"line":1452},"38":{"name":"(anonymous_38)","decl":{"start":{"line":1470,"column":43},"end":{"line":1470,"column":44}},"loc":{"start":{"line":1470,"column":63},"end":{"line":1513,"column":1}},"line":1470},"39":{"name":"(anonymous_39)","decl":{"start":{"line":1516,"column":49},"end":{"line":1516,"column":50}},"loc":{"start":{"line":1516,"column":69},"end":{"line":1529,"column":1}},"line":1516},"40":{"name":"(anonymous_40)","decl":{"start":{"line":1532,"column":47},"end":{"line":1532,"column":48}},"loc":{"start":{"line":1532,"column":67},"end":{"line":1550,"column":1}},"line":1532},"41":{"name":"(anonymous_41)","decl":{"start":{"line":1552,"column":54},"end":{"line":1552,"column":55}},"loc":{"start":{"line":1552,"column":74},"end":{"line":1572,"column":1}},"line":1552},"42":{"name":"(anonymous_42)","decl":{"start":{"line":1576,"column":53},"end":{"line":1576,"column":54}},"loc":{"start":{"line":1576,"column":73},"end":{"line":1592,"column":1}},"line":1576},"43":{"name":"(anonymous_43)","decl":{"start":{"line":1595,"column":60},"end":{"line":1595,"column":61}},"loc":{"start":{"line":1595,"column":80},"end":{"line":1610,"column":1}},"line":1595},"44":{"name":"autoUpdatePackageStock","decl":{"start":{"line":1612,"column":15},"end":{"line":1612,"column":37}},"loc":{"start":{"line":1612,"column":60},"end":{"line":1636,"column":1}},"line":1612},"45":{"name":"(anonymous_45)","decl":{"start":{"line":1629,"column":42},"end":{"line":1629,"column":43}},"loc":{"start":{"line":1629,"column":47},"end":{"line":1629,"column":79}},"line":1629},"46":{"name":"(anonymous_46)","decl":{"start":{"line":1639,"column":50},"end":{"line":1639,"column":51}},"loc":{"start":{"line":1639,"column":70},"end":{"line":1662,"column":1}},"line":1639},"47":{"name":"(anonymous_47)","decl":{"start":{"line":1665,"column":51},"end":{"line":1665,"column":52}},"loc":{"start":{"line":1665,"column":71},"end":{"line":1691,"column":1}},"line":1665},"48":{"name":"(anonymous_48)","decl":{"start":{"line":1696,"column":49},"end":{"line":1696,"column":50}},"loc":{"start":{"line":1696,"column":69},"end":{"line":1736,"column":1}},"line":1696},"49":{"name":"(anonymous_49)","decl":{"start":{"line":1739,"column":55},"end":{"line":1739,"column":56}},"loc":{"start":{"line":1739,"column":75},"end":{"line":1768,"column":1}},"line":1739},"50":{"name":"(anonymous_50)","decl":{"start":{"line":1756,"column":36},"end":{"line":1756,"column":37}},"loc":{"start":{"line":1756,"column":46},"end":{"line":1762,"column":7}},"line":1756},"51":{"name":"(anonymous_51)","decl":{"start":{"line":1771,"column":59},"end":{"line":1771,"column":60}},"loc":{"start":{"line":1771,"column":79},"end":{"line":1813,"column":1}},"line":1771},"52":{"name":"updateAllRelatedPackageStocks","decl":{"start":{"line":1815,"column":15},"end":{"line":1815,"column":44}},"loc":{"start":{"line":1815,"column":56},"end":{"line":1831,"column":1}},"line":1815},"53":{"name":"(anonymous_53)","decl":{"start":{"line":1834,"column":54},"end":{"line":1834,"column":55}},"loc":{"start":{"line":1834,"column":74},"end":{"line":1877,"column":1}},"line":1834},"54":{"name":"(anonymous_54)","decl":{"start":{"line":1881,"column":50},"end":{"line":1881,"column":51}},"loc":{"start":{"line":1881,"column":70},"end":{"line":1904,"column":1}},"line":1881},"55":{"name":"(anonymous_55)","decl":{"start":{"line":1906,"column":51},"end":{"line":1906,"column":52}},"loc":{"start":{"line":1906,"column":71},"end":{"line":1977,"column":1}},"line":1906},"56":{"name":"(anonymous_56)","decl":{"start":{"line":1914,"column":16},"end":{"line":1914,"column":17}},"loc":{"start":{"line":1914,"column":21},"end":{"line":1914,"column":56}},"line":1914},"57":{"name":"(anonymous_57)","decl":{"start":{"line":1915,"column":13},"end":{"line":1915,"column":14}},"loc":{"start":{"line":1915,"column":19},"end":{"line":1918,"column":9}},"line":1915},"58":{"name":"(anonymous_58)","decl":{"start":{"line":1981,"column":60},"end":{"line":1981,"column":61}},"loc":{"start":{"line":1981,"column":80},"end":{"line":1996,"column":1}},"line":1981},"59":{"name":"(anonymous_59)","decl":{"start":{"line":1998,"column":54},"end":{"line":1998,"column":55}},"loc":{"start":{"line":1998,"column":74},"end":{"line":2056,"column":1}},"line":1998},"60":{"name":"(anonymous_60)","decl":{"start":{"line":2006,"column":12},"end":{"line":2006,"column":13}},"loc":{"start":{"line":2006,"column":17},"end":{"line":2006,"column":52}},"line":2006},"61":{"name":"(anonymous_61)","decl":{"start":{"line":2007,"column":9},"end":{"line":2007,"column":10}},"loc":{"start":{"line":2007,"column":15},"end":{"line":2010,"column":5}},"line":2007},"62":{"name":"(anonymous_62)","decl":{"start":{"line":2060,"column":57},"end":{"line":2060,"column":58}},"loc":{"start":{"line":2060,"column":77},"end":{"line":2076,"column":1}},"line":2060},"63":{"name":"(anonymous_63)","decl":{"start":{"line":2078,"column":60},"end":{"line":2078,"column":61}},"loc":{"start":{"line":2078,"column":80},"end":{"line":2123,"column":1}},"line":2078},"64":{"name":"(anonymous_64)","decl":{"start":{"line":2098,"column":42},"end":{"line":2098,"column":43}},"loc":{"start":{"line":2098,"column":49},"end":{"line":2098,"column":63}},"line":2098},"65":{"name":"(anonymous_65)","decl":{"start":{"line":2126,"column":57},"end":{"line":2126,"column":58}},"loc":{"start":{"line":2126,"column":77},"end":{"line":2146,"column":1}},"line":2126},"66":{"name":"(anonymous_66)","decl":{"start":{"line":2150,"column":29},"end":{"line":2150,"column":30}},"loc":{"start":{"line":2150,"column":49},"end":{"line":2193,"column":1}},"line":2150},"67":{"name":"(anonymous_67)","decl":{"start":{"line":2196,"column":33},"end":{"line":2196,"column":34}},"loc":{"start":{"line":2196,"column":53},"end":{"line":2241,"column":1}},"line":2196},"68":{"name":"(anonymous_68)","decl":{"start":{"line":2245,"column":34},"end":{"line":2245,"column":35}},"loc":{"start":{"line":2245,"column":54},"end":{"line":2260,"column":1}},"line":2245},"69":{"name":"(anonymous_69)","decl":{"start":{"line":2263,"column":40},"end":{"line":2263,"column":41}},"loc":{"start":{"line":2263,"column":60},"end":{"line":2281,"column":1}},"line":2263},"70":{"name":"(anonymous_70)","decl":{"start":{"line":2283,"column":49},"end":{"line":2283,"column":50}},"loc":{"start":{"line":2283,"column":69},"end":{"line":2323,"column":1}},"line":2283},"71":{"name":"(anonymous_71)","decl":{"start":{"line":2326,"column":55},"end":{"line":2326,"column":56}},"loc":{"start":{"line":2326,"column":75},"end":{"line":2356,"column":1}},"line":2326},"72":{"name":"(anonymous_72)","decl":{"start":{"line":2344,"column":36},"end":{"line":2344,"column":37}},"loc":{"start":{"line":2344,"column":46},"end":{"line":2350,"column":7}},"line":2344},"73":{"name":"(anonymous_73)","decl":{"start":{"line":2359,"column":59},"end":{"line":2359,"column":60}},"loc":{"start":{"line":2359,"column":79},"end":{"line":2401,"column":1}},"line":2359},"74":{"name":"(anonymous_74)","decl":{"start":{"line":2405,"column":19},"end":{"line":2405,"column":20}},"loc":{"start":{"line":2405,"column":25},"end":{"line":2407,"column":3}},"line":2405}},"branchMap":{"0":{"loc":{"start":{"line":11,"column":13},"end":{"line":11,"column":37}},"type":"binary-expr","locations":[{"start":{"line":11,"column":13},"end":{"line":11,"column":29}},{"start":{"line":11,"column":33},"end":{"line":11,"column":37}}],"line":11},"1":{"loc":{"start":{"line":42,"column":16},"end":{"line":42,"column":54}},"type":"binary-expr","locations":[{"start":{"line":42,"column":16},"end":{"line":42,"column":26}},{"start":{"line":42,"column":30},"end":{"line":42,"column":54}}],"line":42},"2":{"loc":{"start":{"line":44,"column":2},"end":{"line":46,"column":3}},"type":"if","locations":[{"start":{"line":44,"column":2},"end":{"line":46,"column":3}},{"start":{},"end":{}}],"line":44},"3":{"loc":{"start":{"line":49,"column":4},"end":{"line":51,"column":5}},"type":"if","locations":[{"start":{"line":49,"column":4},"end":{"line":51,"column":5}},{"start":{},"end":{}}],"line":49},"4":{"loc":{"start":{"line":69,"column":8},"end":{"line":73,"column":9}},"type":"if","locations":[{"start":{"line":69,"column":8},"end":{"line":73,"column":9}},{"start":{},"end":{}}],"line":69},"5":{"loc":{"start":{"line":69,"column":12},"end":{"line":69,"column":31}},"type":"binary-expr","locations":[{"start":{"line":69,"column":12},"end":{"line":69,"column":18}},{"start":{"line":69,"column":22},"end":{"line":69,"column":31}}],"line":69},"6":{"loc":{"start":{"line":94,"column":6},"end":{"line":98,"column":7}},"type":"if","locations":[{"start":{"line":94,"column":6},"end":{"line":98,"column":7}},{"start":{},"end":{}}],"line":94},"7":{"loc":{"start":{"line":94,"column":10},"end":{"line":94,"column":29}},"type":"binary-expr","locations":[{"start":{"line":94,"column":10},"end":{"line":94,"column":16}},{"start":{"line":94,"column":20},"end":{"line":94,"column":29}}],"line":94},"8":{"loc":{"start":{"line":103,"column":6},"end":{"line":109,"column":7}},"type":"if","locations":[{"start":{"line":103,"column":6},"end":{"l
[...]
,"/Users/ashleylin/term-group-project-c01s25-project-my-dormstore/backend/scripts/update-order-dates.js": {"path":"/Users/ashleylin/term-group-project-c01s25-project-my-dormstore/backend/scripts/update-order-dates.js","statementMap":{"0":{"start":{"line":2,"column":17},"end":{"line":2,"column":19}},"1":{"start":{"line":4,"column":13},"end":{"line":10,"column":2}},"2":{"start":{"line":13,"column":2},"end":{"line":54,"column":3}},"3":{"start":{"line":14,"column":4},"end":{"line":14,"column":74}},"4":{"start":{"line":17,"column":24},"end":{"line":28,"column":5}},"5":{"start":{"line":30,"column":4},"end":{"line":42,"column":5}},"6":{"start":{"line":31,"column":20},"end":{"line":35,"column":7}},"7":{"start":{"line":37,"column":21},"end":{"line":37,"column":84}},"8":{"start":{"line":39,"column":6},"end":{"line":41,"column":7}},"9":{"start":{"line":40,"column":8},"end":{"line":40,"column":76}},"10":{"start":{"line":44,"column":4},"end":{"line":44,"column":53}},"11":{"start":{"line":45,"column":4},"end":{"line":45,"column":46}},"12":{"start":{"line":46,"column":4},"end":{"line":46,"column":58}},"13":{"start":{"line":47,"column":4},"end":{"line":47,"column":99}},"14":{"start":{"line":48,"column":4},"end":{"line":48,"column":54}},"15":{"start":{"line":51,"column":4},"end":{"line":51,"column":56}},"16":{"start":{"line":53,"column":4},"end":{"line":53,"column":21}},"17":{"start":{"line":57,"column":0},"end":{"line":57,"column":19}}},"fnMap":{"0":{"name":"updateOrderDates","decl":{"start":{"line":12,"column":15},"end":{"line":12,"column":31}},"loc":{"start":{"line":12,"column":34},"end":{"line":55,"column":1}},"line":12}},"branchMap":{"0":{"loc":{"start":{"line":5,"column":8},"end":{"line":5,"column":45}},"type":"binary-expr","locations":[{"start":{"line":5,"column":8},"end":{"line":5,"column":27}},{"start":{"line":5,"column":31},"end":{"line":5,"column":45}}],"line":5},"1":{"loc":{"start":{"line":6,"column":8},"end":{"line":6,"column":42}},"type":"binary-expr","locations":[{"start":{"line":6,"column":8},"end":{"line":6,"column":27}},{"start":{"line":6,"column":31},"end":{"line":6,"column":42}}],"line":6},"2":{"loc":{"start":{"line":7,"column":12},"end":{"line":7,"column":52}},"type":"binary-expr","locations":[{"start":{"line":7,"column":12},"end":{"line":7,"column":35}},{"start":{"line":7,"column":39},"end":{"line":7,"column":52}}],"line":7},"3":{"loc":{"start":{"line":8,"column":12},"end":{"line":8,"column":36}},"type":"binary-expr","locations":[{"start":{"line":8,"column":12},"end":{"line":8,"column":30}},{"start":{"line":8,"column":34},"end":{"line":8,"column":36}}],"line":8},"4":{"loc":{"start":{"line":9,"column":8},"end":{"line":9,"column":35}},"type":"binary-expr","locations":[{"start":{"line":9,"column":8},"end":{"line":9,"column":27}},{"start":{"line":9,"column":31},"end":{"line":9,"column":35}}],"line":9},"5":{"loc":{"start":{"line":39,"column":6},"end":{"line":41,"column":7}},"type":"if","locations":[{"start":{"line":39,"column":6},"end":{"line":41,"column":7}},{"start":{},"end":{}}],"line":39}},"s":{"0":0,"1":0,"2":0,"3":0,"4":0,"5":0,"6":0,"7":0,"8":0,"9":0,"10":0,"11":0,"12":0,"13":0,"14":0,"15":0,"16":0,"17":0},"f":{"0":0},"b":{"0":[0,0],"1":[0,0],"2":[0,0],"3":[0,0],"4":[0,0],"5":[0,0]}}
,"/Users/ashleylin/term-group-project-c01s25-project-my-dormstore/backend/scripts/verify-all-criteria.js": {"path":"/Users/ashleylin/term-group-project-c01s25-project-my-dormstore/backend/scripts/verify-all-criteria.js","statementMap":{"0":{"start":{"line":4,"column":17},"end":{"line":4,"column":19}},"1":{"start":{"line":7,"column":15},"end":{"line":13,"column":4}},"2":{"start":{"line":15,"column":2},"end":{"line":184,"column":3}},"3":{"start":{"line":16,"column":4},"end":{"line":16,"column":75}},"4":{"start":{"line":19,"column":4},"end":{"line":19,"column":52}},"5":{"start":{"line":20,"column":24},"end":{"line":24,"column":6}},"6":{"start":{"line":26,"column":4},"end":{"line":26,"column":79}},"7":{"start":{"line":27,"column":4},"end":{"line":27,"column":67}},"8":{"start":{"line":30,"column":4},"end":{"line":30,"column":65}},"9":{"start":{"line":31,"column":26},"end":{"line":34,"column":6}},"10":{"start":{"line":36,"column":26},"end":{"line":39,"column":6}},"11":{"start":{"line":41,"column":4},"end":{"line":41,"column":80}},"12":{"start":{"line":42,"column":4},"end":{"line":42,"column":80}},"13":{"start":{"line":43,"column":4},"end":{"line":43,"column":70}},"14":{"start":{"line":46,"column":4},"end":{"line":46,"column":67}},"15":{"start":{"line":47,"column":29},"end":{"line":58,"column":6}},"16":{"start":{"line":60,"column":4},"end":{"line":60,"column":65}},"17":{"start":{"line":61,"column":4},"end":{"line":69,"column":7}},"18":{"start":{"line":62,"column":24},"end":{"line":62,"column":72}},"19":{"start":{"line":63,"column":6},"end":{"line":63,"column":65}},"20":{"start":{"line":64,"column":6},"end":{"line":64,"column":72}},"21":{"start":{"line":65,"column":6},"end":{"line":65,"column":72}},"22":{"start":{"line":66,"column":6},"end":{"line":66,"column":72}},"23":{"start":{"line":67,"column":6},"end":{"line":67,"column":114}},"24":{"start":{"line":68,"column":6},"end":{"line":68,"column":22}},"25":{"start":{"line":72,"column":4},"end":{"line":72,"column":53}},"26":{"start":{"line":73,"column":28},"end":{"line":77,"column":6}},"27":{"start":{"line":79,"column":4},"end":{"line":79,"column":88}},"28":{"start":{"line":80,"column":4},"end":{"line":82,"column":7}},"29":{"start":{"line":81,"column":6},"end":{"line":81,"column":85}},"30":{"start":{"line":83,"column":4},"end":{"line":83,"column":54}},"31":{"start":{"line":86,"column":4},"end":{"line":86,"column":69}},"32":{"start":{"line":87,"column":36},"end":{"line":97,"column":6}},"33":{"start":{"line":99,"column":4},"end":{"line":99,"column":53}},"34":{"start":{"line":100,"column":4},"end":{"line":106,"column":7}},"35":{"start":{"line":101,"column":6},"end":{"line":101,"column":57}},"36":{"start":{"line":102,"column":6},"end":{"line":102,"column":68}},"37":{"start":{"line":103,"column":6},"end":{"line":103,"column":71}},"38":{"start":{"line":104,"column":6},"end":{"line":104,"column":92}},"39":{"start":{"line":105,"column":6},"end":{"line":105,"column":22}},"40":{"start":{"line":109,"column":4},"end":{"line":109,"column":56}},"41":{"start":{"line":110,"column":31},"end":{"line":118,"column":6}},"42":{"start":{"line":120,"column":4},"end":{"line":120,"column":64}},"43":{"start":{"line":121,"column":4},"end":{"line":131,"column":5}},"44":{"start":{"line":122,"column":6},"end":{"line":128,"column":9}},"45":{"start":{"line":123,"column":8},"end":{"line":123,"column":59}},"46":{"start":{"line":124,"column":8},"end":{"line":124,"column":62}},"47":{"start":{"line":125,"column":8},"end":{"line":125,"column":73}},"48":{"start":{"line":126,"column":8},"end":{"line":126,"column":61}},"49":{"start":{"line":127,"column":8},"end":{"line":127,"column":24}},"50":{"start":{"line":130,"column":6},"end":{"line":130,"column":59}},"51":{"start":{"line":134,"column":4},"end":{"line":134,"column":51}},"52":{"start":{"line":137,"column":24},"end":{"line":144,"column":6}},"53":{"start":{"line":146,"column":4},"end":{"line":159,"column":5}},"54":{"start":{"line":147,"column":22},"end":{"line":147,"column":41}},"55":{"start":{"line":148,"column":6},"end":{"line":148,"column":77}},"56":{"start":{"line":149,"column":6},"end":{"line":149,"column":96}},"57":{"start":{"line":150,"column":6},"end":{"line":150,"column":75}},"58":{"start":{"line":153,"column":28},"end":{"line":155,"column":30}},"59":{"start":{"line":157,"column":6},"end":{"line":157,"column":88}},"60":{"start":{"line":158,"column":6},"end":{"line":158,"column":68}},"61":{"start":{"line":162,"column":4},"end":{"line":162,"column":59}},"62":{"start":{"line":163,"column":4},"end":{"line":163,"column":50}},"63":{"start":{"line":164,"column":4},"end":{"line":164,"column":73}},"64":{"start":{"line":165,"column":4},"end":{"line":165,"column":63}},"65":{"start":{"line":166,"column":4},"end":{"line":166,"column":53}},"66":{"start":{"line":167,"column":4},"end":{"line":167,"column":79}},"67":{"start":{"line":168,"column":4},"end":{"line":168,"column":80}},"68":{"start":{"line":169,"column":4},"end":{"line":169,"column":58}},"69":{"start":{"line":171,"column":4},"end":{"line":171,"column":60}},"70":{"start":{"line":172,"column":4},"end":{"line":172,"column":78}},"71":{"start":{"line":173,"column":4},"end":{"line":173,"column":55}},"72":{"start":{"line":174,"column":4},"end":{"line":174,"column":55}},"73":{"start":{"line":175,"column":4},"end":{"line":175,"column":54}},"74":{"start":{"line":176,"column":4},"end":{"line":176,"column":65}},"75":{"start":{"line":177,"column":4},"end":{"line":177,"column":78}},"76":{"start":{"line":178,"column":4},"end":{"line":178,"column":73}},"77":{"start":{"line":181,"column":4},"end":{"line":181,"column":45}},"78":{"start":{"line":183,"column":4},"end":{"line":183,"column":21}},"79":{"start":{"line":187,"column":0},"end":{"line":187,"column":20}}},"fnMap":{"0":{"name":"verifyAllCriteria","decl":{"start":{"line":6,"column":15},"end":{"line":6,"column":32}},"loc":{"start":{"line":6,"column":35},"end":{"line":185,"column":1}},"line":6},"1":{"name":"(anonymous_1)","decl":{"start":{"line":61,"column":34},"end":{"line":61,"column":35}},"loc":{"start":{"line":61,"column":45},"end":{"line":69,"column":5}},"line":61},"2":{"name":"(anonymous_2)","decl":{"start":{"line":80,"column":33},"end":{"line":80,"column":34}},"loc":{"start":{"line":80,"column":44},"end":{"line":82,"column":5}},"line":80},"3":{"name":"(anonymous_3)","decl":{"start":{"line":100,"column":41},"end":{"line":100,"column":42}},"loc":{"start":{"line":100,"column":48},"end":{"line":106,"column":5}},"line":100},"4":{"name":"(anonymous_4)","decl":{"start":{"line":122,"column":38},"end":{"line":122,"column":39}},"loc":{"start":{"line":122,"column":45},"end":{"line":128,"column":7}},"line":122}},"branchMap":{"0":{"loc":{"start":{"line":67,"column":29},"end":{"line":67,"column":50}},"type":"cond-expr","locations":[{"start":{"line":67,"column":41},"end":{"line":67,"column":44}},{"start":{"line":67,"column":47},"end":{"line":67,"column":50}}],"line":67},"1":{"loc":{"start":{"line":67,"column":75},"end":{"line":67,"column":110}},"type":"cond-expr","locations":[{"start":{"line":67,"column":87},"end":{"line":67,"column":96}},{"start":{"line":67,"column":99},"end":{"line":67,"column":110}}],"line":67},"2":{"loc":{"start":{"line":121,"column":4},"end":{"line":131,"column":5}},"type":"if","locations":[{"start":{"line":121,"column":4},"end":{"line":131,"column":5}},{"start":{"line":129,"column":11},"end":{"line":131,"column":5}}],"line":121},"3":{"loc":{"start":{"line":146,"column":4},"end":{"line":159,"column":5}},"type":"if","locations":[{"start":{"line":146,"column":4},"end":{"line":159,"column":5}},{"start":{},"end":{}}],"line":146}},"s":{"0":0,"1":0,"2":0,"3":0,"4":0,"5":0,"6":0,"7":0,"8":0,"9":0,"10":0,"11":0,"12":0,"13":0,"14":0,"15":0,"16":0,"17":0,"18":0,"19":0,"20":0,"21":0,"22":0,"23":0,"24":0,"25":0,"26":0,"27":0,"28":0,"29":0,"30":0,"31":0,"32":0,"33":0,"34":0,"35":0,"36":0,"37":0,"38":0,"39":0,"40":0,"41":0,"42":0,"43":0,"44":0,"45":0,"46":0,"47":0,"48":0,"49":0,"50":0,"51":0,"52":0,"53":0,"54":0,"55":0,"56":0,"57":0,"58":0,"59":0,"60":0,"61":0,"62":0,"63":0,"64":0,"65":0,"66":0,"67":0,"68":0,"69":0,"70":0,"71":0,"72":0,"73":0,"74":0,"75":0,"76":0,"77":0,"78":0,"79":0},"f":{"0":0,"1":0,"2":0,"3":0,"4":0},"b":{"0":[0,0],"1":[0,0],"2":[0,0],"3":[0,0]}}
,"/Users/ashleylin/term-group-project-c01s25-project-my-dormstore/backend/scripts/verify-inventory-logic.js": {"path":"/Users/ashleylin/term-group-project-c01s25-project-my-dormstore/backend/scripts/verify-inventory-logic.js","statementMap":{"0":{"start":{"line":4,"column":17},"end":{"line":4,"column":19}},"1":{"start":{"line":7,"column":15},"end":{"line":13,"column":4}},"2":{"start":{"line":15,"column":2},"end":{"line":140,"column":3}},"3":{"start":{"line":16,"column":4},"end":{"line":16,"column":69}},"4":{"start":{"line":19,"column":4},"end":{"line":19,"column":50}},"5":{"start":{"line":20,"column":29},"end":{"line":24,"column":6}},"6":{"start":{"line":26,"column":4},"end":{"line":32,"column":5}},"7":{"start":{"line":27,"column":18},"end":{"line":27,"column":42}},"8":{"start":{"line":28,"column":6},"end":{"line":28,"column":64}},"9":{"start":{"line":29,"column":6},"end":{"line":29,"column":48}},"10":{"start":{"line":30,"column":6},"end":{"line":30,"column":63}},"11":{"start":{"line":31,"column":6},"end":{"line":31,"column":54}},"12":{"start":{"line":35,"column":4},"end":{"line":35,"column":45}},"13":{"start":{"line":36,"column":22},"end":{"line":42,"column":6}},"14":{"start":{"line":44,"column":4},"end":{"line":44,"column":64}},"15":{"start":{"line":45,"column":4},"end":{"line":45,"column":107}},"16":{"start":{"line":45,"column":79},"end":{"line":45,"column":99}},"17":{"start":{"line":48,"column":4},"end":{"line":48,"column":51}},"18":{"start":{"line":49,"column":4},"end":{"line":56,"column":7}},"19":{"start":{"line":50,"column":6},"end":{"line":50,"column":69}},"20":{"start":{"line":51,"column":6},"end":{"line":51,"column":82}},"21":{"start":{"line":52,"column":6},"end":{"line":52,"column":55}},"22":{"start":{"line":53,"column":6},"end":{"line":53,"column":72}},"23":{"start":{"line":54,"column":6},"end":{"line":54,"column":59}},"24":{"start":{"line":55,"column":6},"end":{"line":55,"column":22}},"25":{"start":{"line":59,"column":4},"end":{"line":59,"column":42}},"26":{"start":{"line":60,"column":24},"end":{"line":67,"column":6}},"27":{"start":{"line":69,"column":4},"end":{"line":78,"column":5}},"28":{"start":{"line":70,"column":20},"end":{"line":70,"column":39}},"29":{"start":{"line":71,"column":6},"end":{"line":71,"column":63}},"30":{"start":{"line":72,"column":6},"end":{"line":72,"column":76}},"31":{"start":{"line":73,"column":6},"end":{"line":73,"column":49}},"32":{"start":{"line":74,"column":6},"end":{"line":74,"column":66}},"33":{"start":{"line":75,"column":6},"end":{"line":75,"column":53}},"34":{"start":{"line":77,"column":6},"end":{"line":77,"column":49}},"35":{"start":{"line":81,"column":4},"end":{"line":81,"column":55}},"36":{"start":{"line":82,"column":26},"end":{"line":82,"column":88}},"37":{"start":{"line":82,"column":64},"end":{"line":82,"column":84}},"38":{"start":{"line":83,"column":29},"end":{"line":83,"column":31}},"39":{"start":{"line":84,"column":30},"end":{"line":84,"column":62}},"40":{"start":{"line":85,"column":28},"end":{"line":85,"column":68}},"41":{"start":{"line":87,"column":4},"end":{"line":87,"column":64}},"42":{"start":{"line":88,"column":4},"end":{"line":88,"column":64}},"43":{"start":{"line":89,"column":4},"end":{"line":89,"column":66}},"44":{"start":{"line":90,"column":4},"end":{"line":90,"column":107}},"45":{"start":{"line":91,"column":4},"end":{"line":91,"column":62}},"46":{"start":{"line":93,"column":4},"end":{"line":97,"column":5}},"47":{"start":{"line":94,"column":6},"end":{"line":94,"column":60}},"48":{"start":{"line":96,"column":6},"end":{"line":96,"column":117}},"49":{"start":{"line":100,"column":4},"end":{"line":100,"column":75}},"50":{"start":{"line":101,"column":24},"end":{"line":107,"column":6}},"51":{"start":{"line":109,"column":4},"end":{"line":109,"column":74}},"52":{"start":{"line":110,"column":4},"end":{"line":114,"column":7}},"53":{"start":{"line":111,"column":6},"end":{"line":111,"column":73}},"54":{"start":{"line":112,"column":6},"end":{"line":112,"column":57}},"55":{"start":{"line":113,"column":6},"end":{"line":113,"column":64}},"56":{"start":{"line":117,"column":4},"end":{"line":117,"column":52}},"57":{"start":{"line":118,"column":4},"end":{"line":118,"column":66}},"58":{"start":{"line":119,"column":4},"end":{"line":119,"column":58}},"59":{"start":{"line":120,"column":4},"end":{"line":120,"column":63}},"60":{"start":{"line":121,"column":4},"end":{"line":121,"column":66}},"61":{"start":{"line":122,"column":4},"end":{"line":122,"column":72}},"62":{"start":{"line":124,"column":4},"end":{"line":134,"column":5}},"63":{"start":{"line":125,"column":6},"end":{"line":125,"column":52}},"64":{"start":{"line":126,"column":6},"end":{"line":126,"column":66}},"65":{"start":{"line":127,"column":6},"end":{"line":127,"column":79}},"66":{"start":{"line":128,"column":6},"end":{"line":128,"column":67}},"67":{"start":{"line":129,"column":6},"end":{"line":129,"column":65}},"68":{"start":{"line":130,"column":6},"end":{"line":130,"column":66}},"69":{"start":{"line":132,"column":6},"end":{"line":132,"column":52}},"70":{"start":{"line":133,"column":6},"end":{"line":133,"column":73}},"71":{"start":{"line":137,"column":4},"end":{"line":137,"column":45}},"72":{"start":{"line":139,"column":4},"end":{"line":139,"column":21}},"73":{"start":{"line":143,"column":0},"end":{"line":143,"column":23}}},"fnMap":{"0":{"name":"verifyInventoryLogic","decl":{"start":{"line":6,"column":15},"end":{"line":6,"column":35}},"loc":{"start":{"line":6,"column":38},"end":{"line":141,"column":1}},"line":6},"1":{"name":"(anonymous_1)","decl":{"start":{"line":45,"column":63},"end":{"line":45,"column":64}},"loc":{"start":{"line":45,"column":79},"end":{"line":45,"column":99}},"line":45},"2":{"name":"(anonymous_2)","decl":{"start":{"line":49,"column":39},"end":{"line":49,"column":40}},"loc":{"start":{"line":49,"column":57},"end":{"line":56,"column":5}},"line":49},"3":{"name":"(anonymous_3)","decl":{"start":{"line":82,"column":48},"end":{"line":82,"column":49}},"loc":{"start":{"line":82,"column":64},"end":{"line":82,"column":84}},"line":82},"4":{"name":"(anonymous_4)","decl":{"start":{"line":110,"column":29},"end":{"line":110,"column":30}},"loc":{"start":{"line":110,"column":40},"end":{"line":114,"column":5}},"line":110}},"branchMap":{"0":{"loc":{"start":{"line":26,"column":4},"end":{"line":32,"column":5}},"type":"if","locations":[{"start":{"line":26,"column":4},"end":{"line":32,"column":5}},{"start":{},"end":{}}],"line":26},"1":{"loc":{"start":{"line":69,"column":4},"end":{"line":78,"column":5}},"type":"if","locations":[{"start":{"line":69,"column":4},"end":{"line":78,"column":5}},{"start":{"line":76,"column":11},"end":{"line":78,"column":5}}],"line":69},"2":{"loc":{"start":{"line":85,"column":28},"end":{"line":85,"column":68}},"type":"binary-expr","locations":[{"start":{"line":85,"column":28},"end":{"line":85,"column":63}},{"start":{"line":85,"column":67},"end":{"line":85,"column":68}}],"line":85},"3":{"loc":{"start":{"line":93,"column":4},"end":{"line":97,"column":5}},"type":"if","locations":[{"start":{"line":93,"column":4},"end":{"line":97,"column":5}},{"start":{"line":95,"column":11},"end":{"line":97,"column":5}}],"line":93},"4":{"loc":{"start":{"line":124,"column":4},"end":{"line":134,"column":5}},"type":"if","locations":[{"start":{"line":124,"column":4},"end":{"line":134,"column":5}},{"start":{"line":131,"column":11},"end":{"line":134,"column":5}}],"line":124}},"s":{"0":0,"1":0,"2":0,"3":0,"4":0,"5":0,"6":0,"7":0,"8":0,"9":0,"10":0,"11":0,"12":0,"13":0,"14":0,"15":0,"16":0,"17":0,"18":0,"19":0,"20":0,"21":0,"22":0,"23":0,"24":0,"25":0,"26":0,"27":0,"28":0,"29":0,"30":0,"31":0,"32":0,"33":0,"34":0,"35":0,"36":0,"37":0,"38":0,"39":0,"40":0,"41":0,"42":0,"43":0,"44":0,"45":0,"46":0,"47":0,"48":0,"49":0,"50":0,"51":0,"52":0,"53":0,"54":0,"55":0,"56":0,"57":0,"58":0,"59":0,"60":0,"61":0,"62":0,"63":0,"64":0,"65":0,"66":0,"67":0,"68":0,"69":0,"70":0,"71":0,"72":0,"73":0},"f":{"0":0,"1":0,"2":0,"3":0,"4":0},"b":{"0":[0,0],"1":[0,0],"2":[0,0],"3":[0,0],"4":[0,0]}}
}
