TN:
SF:backend/jest.config.js
FNF:0
FNH:0
LF:0
LH:0
BRF:0
BRH:0
end_of_record
TN:
SF:backend/server.js
FN:24,connectToPG
FN:40,authenticateToken
FN:48,(anonymous_2)
FN:58,(anonymous_3)
FN:64,(anonymous_4)
FN:89,(anonymous_5)
FN:115,(anonymous_6)
FN:135,(anonymous_7)
FN:235,(anonymous_8)
FN:402,(anonymous_9)
FN:491,(anonymous_10)
FN:513,(anonymous_11)
FN:534,(anonymous_12)
FN:604,(anonymous_13)
FN:633,(anonymous_14)
FN:656,(anonymous_15)
FN:677,(anonymous_16)
FN:746,(anonymous_17)
FN:765,(anonymous_18)
FN:785,(anonymous_19)
FN:806,(anonymous_20)
FN:824,(anonymous_21)
FN:851,(anonymous_22)
FN:875,(anonymous_23)
FN:895,(anonymous_24)
FN:908,(anonymous_25)
FN:928,(anonymous_26)
FN:956,(anonymous_27)
FN:959,(anonymous_28)
FN:985,(anonymous_29)
FN:1006,(anonymous_30)
FN:1035,(anonymous_31)
FN:1077,(anonymous_32)
FN:1339,(anonymous_33)
FN:1358,(anonymous_34)
FN:1394,(anonymous_35)
FN:1429,(anonymous_36)
FN:1452,(anonymous_37)
FN:1470,(anonymous_38)
FN:1516,(anonymous_39)
FN:1532,(anonymous_40)
FN:1552,(anonymous_41)
FN:1576,(anonymous_42)
FN:1595,(anonymous_43)
FN:1612,autoUpdatePackageStock
FN:1629,(anonymous_45)
FN:1639,(anonymous_46)
FN:1665,(anonymous_47)
FN:1696,(anonymous_48)
FN:1739,(anonymous_49)
FN:1756,(anonymous_50)
FN:1771,(anonymous_51)
FN:1815,updateAllRelatedPackageStocks
FN:1834,(anonymous_53)
FN:1881,(anonymous_54)
FN:1906,(anonymous_55)
FN:1914,(anonymous_56)
FN:1915,(anonymous_57)
FN:1981,(anonymous_58)
FN:1998,(anonymous_59)
FN:2006,(anonymous_60)
FN:2007,(anonymous_61)
FN:2060,(anonymous_62)
FN:2078,(anonymous_63)
FN:2098,(anonymous_64)
FN:2126,(anonymous_65)
FN:2150,(anonymous_66)
FN:2196,(anonymous_67)
FN:2245,(anonymous_68)
FN:2263,(anonymous_69)
FN:2283,(anonymous_70)
FN:2326,(anonymous_71)
FN:2344,(anonymous_72)
FN:2359,(anonymous_73)
FN:2405,(anonymous_74)
FNF:75
FNH:0
FNDA:0,connectToPG
FNDA:0,authenticateToken
FNDA:0,(anonymous_2)
FNDA:0,(anonymous_3)
FNDA:0,(anonymous_4)
FNDA:0,(anonymous_5)
FNDA:0,(anonymous_6)
FNDA:0,(anonymous_7)
FNDA:0,(anonymous_8)
FNDA:0,(anonymous_9)
FNDA:0,(anonymous_10)
FNDA:0,(anonymous_11)
FNDA:0,(anonymous_12)
FNDA:0,(anonymous_13)
FNDA:0,(anonymous_14)
FNDA:0,(anonymous_15)
FNDA:0,(anonymous_16)
FNDA:0,(anonymous_17)
FNDA:0,(anonymous_18)
FNDA:0,(anonymous_19)
FNDA:0,(anonymous_20)
FNDA:0,(anonymous_21)
FNDA:0,(anonymous_22)
FNDA:0,(anonymous_23)
FNDA:0,(anonymous_24)
FNDA:0,(anonymous_25)
FNDA:0,(anonymous_26)
FNDA:0,(anonymous_27)
FNDA:0,(anonymous_28)
FNDA:0,(anonymous_29)
FNDA:0,(anonymous_30)
FNDA:0,(anonymous_31)
FNDA:0,(anonymous_32)
FNDA:0,(anonymous_33)
FNDA:0,(anonymous_34)
FNDA:0,(anonymous_35)
FNDA:0,(anonymous_36)
FNDA:0,(anonymous_37)
FNDA:0,(anonymous_38)
FNDA:0,(anonymous_39)
FNDA:0,(anonymous_40)
FNDA:0,(anonymous_41)
FNDA:0,(anonymous_42)
FNDA:0,(anonymous_43)
FNDA:0,autoUpdatePackageStock
FNDA:0,(anonymous_45)
FNDA:0,(anonymous_46)
FNDA:0,(anonymous_47)
FNDA:0,(anonymous_48)
FNDA:0,(anonymous_49)
FNDA:0,(anonymous_50)
FNDA:0,(anonymous_51)
FNDA:0,updateAllRelatedPackageStocks
FNDA:0,(anonymous_53)
FNDA:0,(anonymous_54)
FNDA:0,(anonymous_55)
FNDA:0,(anonymous_56)
FNDA:0,(anonymous_57)
FNDA:0,(anonymous_58)
FNDA:0,(anonymous_59)
FNDA:0,(anonymous_60)
FNDA:0,(anonymous_61)
FNDA:0,(anonymous_62)
FNDA:0,(anonymous_63)
FNDA:0,(anonymous_64)
FNDA:0,(anonymous_65)
FNDA:0,(anonymous_66)
FNDA:0,(anonymous_67)
FNDA:0,(anonymous_68)
FNDA:0,(anonymous_69)
FNDA:0,(anonymous_70)
FNDA:0,(anonymous_71)
FNDA:0,(anonymous_72)
FNDA:0,(anonymous_73)
FNDA:0,(anonymous_74)
DA:9,0
DA:10,0
DA:11,0
DA:14,0
DA:20,0
DA:25,0
DA:26,0
DA:34,0
DA:37,0
DA:41,0
DA:42,0
DA:44,0
DA:45,0
DA:48,0
DA:49,0
DA:50,0
DA:52,0
DA:53,0
DA:58,0
DA:59,0
DA:64,0
DA:65,0
DA:66,0
DA:69,0
DA:70,0
DA:75,0
DA:76,0
DA:81,0
DA:82,0
DA:84,0
DA:89,0
DA:90,0
DA:91,0
DA:94,0
DA:95,0
DA:100,0
DA:101,0
DA:103,0
DA:104,0
DA:106,0
DA:108,0
DA:111,0
DA:115,0
DA:116,0
DA:117,0
DA:118,0
DA:123,0
DA:124,0
DA:127,0
DA:129,0
DA:130,0
DA:135,0
DA:136,0
DA:137,0
DA:138,0
DA:140,0
DA:142,0
DA:143,0
DA:144,0
DA:147,0
DA:153,0
DA:154,0
DA:156,0
DA:157,0
DA:160,0
DA:161,0
DA:165,0
DA:166,0
DA:168,0
DA:175,0
DA:176,0
DA:177,0
DA:181,0
DA:184,0
DA:186,0
DA:188,0
DA:189,0
DA:191,0
DA:193,0
DA:197,0
DA:198,0
DA:202,0
DA:205,0
DA:209,0
DA:215,0
DA:222,0
DA:228,0
DA:229,0
DA:235,0
DA:236,0
DA:237,0
DA:238,0
DA:240,0
DA:241,0
DA:242,0
DA:244,0
DA:245,0
DA:249,0
DA:251,0
DA:256,0
DA:257,0
DA:260,0
DA:261,0
DA:262,0
DA:269,0
DA:271,0
DA:276,0
DA:277,0
DA:280,0
DA:281,0
DA:282,0
DA:293,0
DA:295,0
DA:296,0
DA:298,0
DA:299,0
DA:300,0
DA:302,0
DA:303,0
DA:304,0
DA:306,0
DA:308,0
DA:309,0
DA:310,0
DA:312,0
DA:315,0
DA:316,0
DA:319,0
DA:320,0
DA:322,0
DA:323,0
DA:324,0
DA:326,0
DA:327,0
DA:328,0
DA:330,0
DA:332,0
DA:333,0
DA:334,0
DA:336,0
DA:339,0
DA:340,0
DA:343,0
DA:345,0
DA:347,0
DA:351,0
DA:352,0
DA:356,0
DA:358,0
DA:362,0
DA:366,0
DA:367,0
DA:377,0
DA:382,0
DA:387,0
DA:388,0
DA:395,0
DA:396,0
DA:402,0
DA:403,0
DA:404,0
DA:405,0
DA:406,0
DA:409,0
DA:410,0
DA:414,0
DA:415,0
DA:416,0
DA:423,0
DA:428,0
DA:429,0
DA:432,0
DA:436,0
DA:437,0
DA:442,0
DA:443,0
DA:446,0
DA:447,0
DA:448,0
DA:453,0
DA:454,0
DA:457,0
DA:459,0
DA:463,0
DA:464,0
DA:472,0
DA:476,0
DA:477,0
DA:480,0
DA:485,0
DA:486,0
DA:491,0
DA:492,0
DA:493,0
DA:494,0
DA:496,0
DA:500,0
DA:501,0
DA:503,0
DA:508,0
DA:509,0
DA:513,0
DA:514,0
DA:515,0
DA:517,0
DA:522,0
DA:528,0
DA:529,0
DA:534,0
DA:535,0
DA:536,0
DA:537,0
DA:538,0
DA:540,0
DA:541,0
DA:543,0
DA:544,0
DA:547,0
DA:549,0
DA:550,0
DA:551,0
DA:554,0
DA:559,0
DA:561,0
DA:562,0
DA:567,0
DA:572,0
DA:577,0
DA:584,0
DA:588,0
DA:598,0
DA:599,0
DA:604,0
DA:605,0
DA:606,0
DA:607,0
DA:608,0
DA:610,0
DA:611,0
DA:614,0
DA:618,0
DA:619,0
DA:622,0
DA:627,0
DA:628,0
DA:633,0
DA:634,0
DA:635,0
DA:636,0
DA:638,0
DA:642,0
DA:643,0
DA:645,0
DA:650,0
DA:651,0
DA:656,0
DA:657,0
DA:658,0
DA:660,0
DA:665,0
DA:671,0
DA:672,0
DA:677,0
DA:678,0
DA:679,0
DA:681,0
DA:686,0
DA:689,0
DA:690,0
DA:691,0
DA:692,0
DA:694,0
DA:695,0
DA:696,0
DA:699,0
DA:700,0
DA:703,0
DA:704,0
DA:706,0
DA:707,0
DA:708,0
DA:710,0
DA:711,0
DA:713,0
DA:714,0
DA:716,0
DA:717,0
DA:719,0
DA:720,0
DA:722,0
DA:723,0
DA:725,0
DA:726,0
DA:728,0
DA:729,0
DA:731,0
DA:732,0
DA:734,0
DA:735,0
DA:738,0
DA:740,0
DA:741,0
DA:746,0
DA:747,0
DA:749,0
DA:750,0
DA:753,0
DA:754,0
DA:758,0
DA:760,0
DA:761,0
DA:765,0
DA:766,0
DA:768,0
DA:769,0
DA:772,0
DA:773,0
DA:778,0
DA:780,0
DA:781,0
DA:785,0
DA:786,0
DA:787,0
DA:799,0
DA:801,0
DA:802,0
DA:806,0
DA:807,0
DA:808,0
DA:809,0
DA:812,0
DA:813,0
DA:817,0
DA:819,0
DA:820,0
DA:824,0
DA:825,0
DA:827,0
DA:828,0
DA:831,0
DA:832,0
DA:838,0
DA:839,0
DA:841,0
DA:844,0
DA:845,0
DA:851,0
DA:852,0
DA:853,0
DA:856,0
DA:857,0
DA:858,0
DA:861,0
DA:863,0
DA:866,0
DA:867,0
DA:869,0
DA:870,0
DA:875,0
DA:876,0
DA:877,0
DA:878,0
DA:883,0
DA:884,0
DA:887,0
DA:889,0
DA:890,0
DA:895,0
DA:896,0
DA:897,0
DA:900,0
DA:902,0
DA:903,0
DA:908,0
DA:909,0
DA:910,0
DA:911,0
DA:916,0
DA:917,0
DA:920,0
DA:922,0
DA:923,0
DA:928,0
DA:929,0
DA:930,0
DA:933,0
DA:938,0
DA:939,0
DA:943,0
DA:951,0
DA:954,0
DA:955,0
DA:956,0
DA:958,0
DA:959,0
DA:972,0
DA:977,0
DA:979,0
DA:980,0
DA:985,0
DA:986,0
DA:988,0
DA:989,0
DA:992,0
DA:993,0
DA:998,0
DA:1000,0
DA:1001,0
DA:1006,0
DA:1007,0
DA:1008,0
DA:1011,0
DA:1016,0
DA:1018,0
DA:1024,0
DA:1029,0
DA:1030,0
DA:1035,0
DA:1036,0
DA:1037,0
DA:1038,0
DA:1040,0
DA:1041,0
DA:1044,0
DA:1052,0
DA:1054,0
DA:1058,0
DA:1064,0
DA:1071,0
DA:1072,0
DA:1077,0
DA:1078,0
DA:1080,0
DA:1081,0
DA:1084,0
DA:1085,0
DA:1086,0
DA:1088,0
DA:1089,0
DA:1090,0
DA:1091,0
DA:1094,0
DA:1099,0
DA:1101,0
DA:1121,0
DA:1124,0
DA:1125,0
DA:1129,0
DA:1130,0
DA:1135,0
DA:1137,0
DA:1141,0
DA:1147,0
DA:1149,0
DA:1150,0
DA:1159,0
DA:1163,0
DA:1166,0
DA:1188,0
DA:1189,0
DA:1192,0
DA:1194,0
DA:1196,0
DA:1207,0
DA:1210,0
DA:1211,0
DA:1216,0
DA:1217,0
DA:1218,0
DA:1220,0
DA:1221,0
DA:1224,0
DA:1227,0
DA:1238,0
DA:1245,0
DA:1246,0
DA:1248,0
DA:1249,0
DA:1252,0
DA:1255,0
DA:1266,0
DA:1267,0
DA:1269,0
DA:1281,0
DA:1282,0
DA:1292,0
DA:1294,0
DA:1297,0
DA:1300,0
DA:1312,0
DA:1313,0
DA:1318,0
DA:1323,0
DA:1326,0
DA:1329,0
DA:1330,0
DA:1331,0
DA:1332,0
DA:1334,0
DA:1339,0
DA:1340,0
DA:1341,0
DA:1342,0
DA:1344,0
DA:1351,0
DA:1352,0
DA:1356,0
DA:1358,0
DA:1367,0
DA:1369,0
DA:1370,0
DA:1394,0
DA:1395,0
DA:1396,0
DA:1398,0
DA:1399,0
DA:1400,0
DA:1403,0
DA:1404,0
DA:1405,0
DA:1408,0
DA:1409,0
DA:1410,0
DA:1412,0
DA:1419,0
DA:1421,0
DA:1423,0
DA:1424,0
DA:1429,0
DA:1430,0
DA:1432,0
DA:1433,0
DA:1434,0
DA:1435,0
DA:1438,0
DA:1439,0
DA:1440,0
DA:1443,0
DA:1445,0
DA:1447,0
DA:1448,0
DA:1452,0
DA:1453,0
DA:1454,0
DA:1455,0
DA:1458,0
DA:1459,0
DA:1463,0
DA:1465,0
DA:1466,0
DA:1470,0
DA:1471,0
DA:1473,0
DA:1474,0
DA:1477,0
DA:1478,0
DA:1483,0
DA:1484,0
DA:1487,0
DA:1489,0
DA:1491,0
DA:1498,0
DA:1506,0
DA:1508,0
DA:1510,0
DA:1511,0
DA:1516,0
DA:1517,0
DA:1518,0
DA:1519,0
DA:1524,0
DA:1526,0
DA:1527,0
DA:1532,0
DA:1533,0
DA:1534,0
DA:1545,0
DA:1547,0
DA:1548,0
DA:1552,0
DA:1553,0
DA:1554,0
DA:1555,0
DA:1556,0
DA:1557,0
DA:1561,0
DA:1562,0
DA:1563,0
DA:1565,0
DA:1566,0
DA:1568,0
DA:1569,0
DA:1570,0
DA:1576,0
DA:1577,0
DA:1578,0
DA:1587,0
DA:1589,0
DA:1590,0
DA:1595,0
DA:1596,0
DA:1597,0
DA:1598,0
DA:1602,0
DA:1603,0
DA:1605,0
DA:1607,0
DA:1608,0
DA:1613,0
DA:1614,0
DA:1615,0
DA:1617,0
DA:1618,0
DA:1625,0
DA:1626,0
DA:1629,0
DA:1630,0
DA:1632,0
DA:1634,0
DA:1639,0
DA:1640,0
DA:1641,0
DA:1657,0
DA:1659,0
DA:1660,0
DA:1665,0
DA:1666,0
DA:1667,0
DA:1668,0
DA:1669,0
DA:1686,0
DA:1688,0
DA:1689,0
DA:1696,0
DA:1697,0
DA:1699,0
DA:1701,0
DA:1703,0
DA:1704,0
DA:1706,0
DA:1707,0
DA:1709,0
DA:1710,0
DA:1712,0
DA:1715,0
DA:1725,0
DA:1726,0
DA:1733,0
DA:1734,0
DA:1739,0
DA:1740,0
DA:1741,0
DA:1755,0
DA:1756,0
DA:1765,0
DA:1766,0
DA:1771,0
DA:1772,0
DA:1774,0
DA:1782,0
DA:1790,0
DA:1798,0
DA:1803,0
DA:1810,0
DA:1811,0
DA:1816,0
DA:1817,0
DA:1818,0
DA:1823,0
DA:1824,0
DA:1827,0
DA:1829,0
DA:1834,0
DA:1835,0
DA:1846,0
DA:1848,0
DA:1849,0
DA:1866,0
DA:1867,0
DA:1870,0
DA:1872,0
DA:1874,0
DA:1875,0
DA:1881,0
DA:1882,0
DA:1883,0
DA:1899,0
DA:1901,0
DA:1902,0
DA:1906,0
DA:1910,0
DA:1912,0
DA:1914,0
DA:1915,0
DA:1921,0
DA:1922,0
DA:1923,0
DA:1924,0
DA:1925,0
DA:1947,0
DA:1948,0
DA:1949,0
DA:1950,0
DA:1957,0
DA:1960,0
DA:1961,0
DA:1968,0
DA:1971,0
DA:1972,0
DA:1973,0
DA:1975,0
DA:1981,0
DA:1982,0
DA:1983,0
DA:1984,0
DA:1991,0
DA:1993,0
DA:1994,0
DA:1998,0
DA:1999,0
DA:2003,0
DA:2004,0
DA:2005,0
DA:2006,0
DA:2007,0
DA:2012,0
DA:2013,0
DA:2014,0
DA:2015,0
DA:2033,0
DA:2034,0
DA:2035,0
DA:2037,0
DA:2038,0
DA:2039,0
DA:2045,0
DA:2046,0
DA:2048,0
DA:2050,0
DA:2051,0
DA:2052,0
DA:2054,0
DA:2060,0
DA:2061,0
DA:2062,0
DA:2063,0
DA:2064,0
DA:2068,0
DA:2069,0
DA:2071,0
DA:2073,0
DA:2074,0
DA:2078,0
DA:2079,0
DA:2081,0
DA:2086,0
DA:2087,0
DA:2088,0
DA:2089,0
DA:2091,0
DA:2095,0
DA:2098,0
DA:2099,0
DA:2103,0
DA:2104,0
DA:2106,0
DA:2107,0
DA:2108,0
DA:2109,0
DA:2110,0
DA:2112,0
DA:2113,0
DA:2114,0
DA:2115,0
DA:2118,0
DA:2122,0
DA:2126,0
DA:2127,0
DA:2128,0
DA:2129,0
DA:2132,0
DA:2135,0
DA:2136,0
DA:2138,0
DA:2139,0
DA:2141,0
DA:2143,0
DA:2144,0
DA:2150,0
DA:2151,0
DA:2152,0
DA:2153,0
DA:2161,0
DA:2162,0
DA:2164,0
DA:2165,0
DA:2166,0
DA:2169,0
DA:2170,0
DA:2182,0
DA:2183,0
DA:2185,0
DA:2187,0
DA:2188,0
DA:2190,0
DA:2191,0
DA:2196,0
DA:2197,0
DA:2198,0
DA:2200,0
DA:2201,0
DA:2205,0
DA:2206,0
DA:2208,0
DA:2211,0
DA:2218,0
DA:2232,0
DA:2238,0
DA:2239,0
DA:2245,0
DA:2246,0
DA:2247,0
DA:2249,0
DA:2250,0
DA:2255,0
DA:2257,0
DA:2258,0
DA:2263,0
DA:2264,0
DA:2265,0
DA:2267,0
DA:2268,0
DA:2271,0
DA:2272,0
DA:2276,0
DA:2278,0
DA:2279,0
DA:2283,0
DA:2284,0
DA:2286,0
DA:2288,0
DA:2290,0
DA:2291,0
DA:2293,0
DA:2294,0
DA:2296,0
DA:2297,0
DA:2299,0
DA:2302,0
DA:2312,0
DA:2313,0
DA:2320,0
DA:2321,0
DA:2326,0
DA:2327,0
DA:2328,0
DA:2343,0
DA:2344,0
DA:2353,0
DA:2354,0
DA:2359,0
DA:2360,0
DA:2362,0
DA:2370,0
DA:2378,0
DA:2386,0
DA:2391,0
DA:2398,0
DA:2399,0
DA:2404,0
DA:2405,0
DA:2406,0
LF:872
LH:0
BRDA:11,0,0,0
BRDA:11,0,1,0
BRDA:42,1,0,0
BRDA:42,1,1,0
BRDA:44,2,0,0
BRDA:44,2,1,0
BRDA:49,3,0,0
BRDA:49,3,1,0
BRDA:69,4,0,0
BRDA:69,4,1,0
BRDA:69,5,0,0
BRDA:69,5,1,0
BRDA:94,6,0,0
BRDA:94,6,1,0
BRDA:94,7,0,0
BRDA:94,7,1,0
BRDA:103,8,0,0
BRDA:103,8,1,0
BRDA:103,9,0,0
BRDA:103,9,1,0
BRDA:123,10,0,0
BRDA:123,10,1,0
BRDA:138,11,0,0
BRDA:138,11,1,0
BRDA:140,12,0,0
BRDA:140,12,1,0
BRDA:160,13,0,0
BRDA:160,13,1,0
BRDA:160,14,0,0
BRDA:160,14,1,0
BRDA:166,15,0,0
BRDA:166,15,1,0
BRDA:166,16,0,0
BRDA:166,16,1,0
BRDA:175,17,0,0
BRDA:175,17,1,0
BRDA:175,18,0,0
BRDA:175,18,1,0
BRDA:178,19,0,0
BRDA:178,19,1,0
BRDA:178,20,0,0
BRDA:178,20,1,0
BRDA:179,21,0,0
BRDA:179,21,1,0
BRDA:186,22,0,0
BRDA:186,22,1,0
BRDA:191,23,0,0
BRDA:191,23,1,0
BRDA:237,24,0,0
BRDA:241,25,0,0
BRDA:241,25,1,0
BRDA:241,26,0,0
BRDA:241,26,1,0
BRDA:244,27,0,0
BRDA:244,27,1,0
BRDA:249,28,0,0
BRDA:249,28,1,0
BRDA:256,29,0,0
BRDA:256,29,1,0
BRDA:261,30,0,0
BRDA:261,30,1,0
BRDA:269,31,0,0
BRDA:269,31,1,0
BRDA:276,32,0,0
BRDA:276,32,1,0
BRDA:281,33,0,0
BRDA:281,33,1,0
BRDA:293,34,0,0
BRDA:293,34,1,0
BRDA:298,35,0,0
BRDA:298,35,1,0
BRDA:302,36,0,0
BRDA:302,36,1,0
BRDA:308,37,0,0
BRDA:308,37,1,0
BRDA:316,38,0,0
BRDA:316,38,1,0
BRDA:316,39,0,0
BRDA:316,39,1,0
BRDA:322,40,0,0
BRDA:322,40,1,0
BRDA:326,41,0,0
BRDA:326,41,1,0
BRDA:332,42,0,0
BRDA:332,42,1,0
BRDA:340,43,0,0
BRDA:340,43,1,0
BRDA:340,44,0,0
BRDA:340,44,1,0
BRDA:345,45,0,0
BRDA:345,45,1,0
BRDA:351,46,0,0
BRDA:351,46,1,0
BRDA:366,47,0,0
BRDA:366,47,1,0
BRDA:409,48,0,0
BRDA:409,48,1,0
BRDA:409,49,0,0
BRDA:409,49,1,0
BRDA:414,50,0,0
BRDA:414,50,1,0
BRDA:428,51,0,0
BRDA:428,51,1,0
BRDA:436,52,0,0
BRDA:436,52,1,0
BRDA:436,53,0,0
BRDA:436,53,1,0
BRDA:442,54,0,0
BRDA:442,54,1,0
BRDA:447,55,0,0
BRDA:447,55,1,0
BRDA:447,56,0,0
BRDA:447,56,1,0
BRDA:453,57,0,0
BRDA:453,57,1,0
BRDA:463,58,0,0
BRDA:463,58,1,0
BRDA:476,59,0,0
BRDA:476,59,1,0
BRDA:500,60,0,0
BRDA:500,60,1,0
BRDA:537,61,0,0
BRDA:537,61,1,0
BRDA:538,62,0,0
BRDA:540,63,0,0
BRDA:540,63,1,0
BRDA:543,64,0,0
BRDA:543,64,1,0
BRDA:547,65,0,0
BRDA:547,65,1,0
BRDA:559,66,0,0
BRDA:559,66,1,0
BRDA:610,67,0,0
BRDA:610,67,1,0
BRDA:610,68,0,0
BRDA:610,68,1,0
BRDA:618,69,0,0
BRDA:618,69,1,0
BRDA:642,70,0,0
BRDA:642,70,1,0
BRDA:681,71,0,0
BRDA:681,71,1,0
BRDA:682,72,0,0
BRDA:682,72,1,0
BRDA:682,72,2,0
BRDA:682,72,3,0
BRDA:682,72,4,0
BRDA:682,72,5,0
BRDA:682,72,6,0
BRDA:682,72,7,0
BRDA:682,72,8,0
BRDA:682,72,9,0
BRDA:682,72,10,0
BRDA:690,73,0,0
BRDA:690,73,1,0
BRDA:690,74,0,0
BRDA:690,74,1,0
BRDA:695,75,0,0
BRDA:695,75,1,0
BRDA:703,76,0,0
BRDA:703,76,1,0
BRDA:706,77,0,0
BRDA:706,77,1,0
BRDA:710,78,0,0
BRDA:710,78,1,0
BRDA:713,79,0,0
BRDA:713,79,1,0
BRDA:716,80,0,0
BRDA:716,80,1,0
BRDA:719,81,0,0
BRDA:719,81,1,0
BRDA:722,82,0,0
BRDA:722,82,1,0
BRDA:725,83,0,0
BRDA:725,83,1,0
BRDA:728,84,0,0
BRDA:728,84,1,0
BRDA:731,85,0,0
BRDA:731,85,1,0
BRDA:734,86,0,0
BRDA:734,86,1,0
BRDA:749,87,0,0
BRDA:749,87,1,0
BRDA:749,88,0,0
BRDA:749,88,1,0
BRDA:749,88,2,0
BRDA:768,89,0,0
BRDA:768,89,1,0
BRDA:768,90,0,0
BRDA:768,90,1,0
BRDA:808,91,0,0
BRDA:808,91,1,0
BRDA:808,92,0,0
BRDA:808,92,1,0
BRDA:827,93,0,0
BRDA:827,93,1,0
BRDA:827,94,0,0
BRDA:827,94,1,0
BRDA:838,95,0,0
BRDA:838,95,1,0
BRDA:856,96,0,0
BRDA:856,96,1,0
BRDA:883,97,0,0
BRDA:883,97,1,0
BRDA:916,98,0,0
BRDA:916,98,1,0
BRDA:938,99,0,0
BRDA:938,99,1,0
BRDA:954,100,0,0
BRDA:954,100,1,0
BRDA:958,101,0,0
BRDA:958,101,1,0
BRDA:958,102,0,0
BRDA:958,102,1,0
BRDA:988,103,0,0
BRDA:988,103,1,0
BRDA:988,104,0,0
BRDA:988,104,1,0
BRDA:988,104,2,0
BRDA:1016,105,0,0
BRDA:1016,105,1,0
BRDA:1040,106,0,0
BRDA:1040,106,1,0
BRDA:1040,107,0,0
BRDA:1040,107,1,0
BRDA:1052,108,0,0
BRDA:1052,108,1,0
BRDA:1085,109,0,0
BRDA:1085,109,1,0
BRDA:1088,110,0,0
BRDA:1088,110,1,0
BRDA:1099,111,0,0
BRDA:1099,111,1,0
BRDA:1124,112,0,0
BRDA:1124,112,1,0
BRDA:1124,113,0,0
BRDA:1124,113,1,0
BRDA:1124,113,2,0
BRDA:1124,113,3,0
BRDA:1124,113,4,0
BRDA:1124,113,5,0
BRDA:1124,113,6,0
BRDA:1129,114,0,0
BRDA:1129,114,1,0
BRDA:1135,115,0,0
BRDA:1135,115,1,0
BRDA:1149,116,0,0
BRDA:1149,116,1,0
BRDA:1177,117,0,0
BRDA:1177,117,1,0
BRDA:1179,118,0,0
BRDA:1179,118,1,0
BRDA:1180,119,0,0
BRDA:1180,119,1,0
BRDA:1181,120,0,0
BRDA:1181,120,1,0
BRDA:1182,121,0,0
BRDA:1182,121,1,0
BRDA:1183,122,0,0
BRDA:1183,122,1,0
BRDA:1184,123,0,0
BRDA:1184,123,1,0
BRDA:1194,124,0,0
BRDA:1194,124,1,0
BRDA:1210,125,0,0
BRDA:1210,125,1,0
BRDA:1217,126,0,0
BRDA:1217,126,1,0
BRDA:1220,127,0,0
BRDA:1220,127,1,0
BRDA:1245,128,0,0
BRDA:1245,128,1,0
BRDA:1248,129,0,0
BRDA:1248,129,1,0
BRDA:1266,130,0,0
BRDA:1266,130,1,0
BRDA:1266,131,0,0
BRDA:1266,131,1,0
BRDA:1281,132,0,0
BRDA:1281,132,1,0
BRDA:1307,133,0,0
BRDA:1307,133,1,0
BRDA:1312,134,0,0
BRDA:1312,134,1,0
BRDA:1351,135,0,0
BRDA:1351,135,1,0
BRDA:1398,136,0,0
BRDA:1398,136,1,0
BRDA:1398,137,0,0
BRDA:1398,137,1,0
BRDA:1398,137,2,0
BRDA:1398,137,3,0
BRDA:1398,137,4,0
BRDA:1403,138,0,0
BRDA:1403,138,1,0
BRDA:1434,139,0,0
BRDA:1434,139,1,0
BRDA:1439,140,0,0
BRDA:1439,140,1,0
BRDA:1454,141,0,0
BRDA:1454,141,1,0
BRDA:1454,142,0,0
BRDA:1454,142,1,0
BRDA:1473,143,0,0
BRDA:1473,143,1,0
BRDA:1483,144,0,0
BRDA:1483,144,1,0
BRDA:1561,145,0,0
BRDA:1561,145,1,0
BRDA:1570,146,0,0
BRDA:1570,146,1,0
BRDA:1602,147,0,0
BRDA:1602,147,1,0
BRDA:1613,148,0,0
BRDA:1613,148,1,0
BRDA:1615,149,0,0
BRDA:1615,149,1,0
BRDA:1625,150,0,0
BRDA:1625,150,1,0
BRDA:1634,151,0,0
BRDA:1634,151,1,0
BRDA:1684,152,0,0
BRDA:1684,152,1,0
BRDA:1684,153,0,0
BRDA:1684,153,1,0
BRDA:1701,154,0,0
BRDA:1701,154,1,0
BRDA:1701,154,2,0
BRDA:1701,154,3,0
BRDA:1863,155,0,0
BRDA:1863,155,1,0
BRDA:1863,156,0,0
BRDA:1863,156,1,0
BRDA:1866,157,0,0
BRDA:1866,157,1,0
BRDA:1912,158,0,0
BRDA:1912,158,1,0
BRDA:1914,159,0,0
BRDA:1914,159,1,0
BRDA:1914,159,2,0
BRDA:1939,160,0,0
BRDA:1939,160,1,0
BRDA:1942,161,0,0
BRDA:1942,161,1,0
BRDA:1942,162,0,0
BRDA:1942,162,1,0
BRDA:1943,163,0,0
BRDA:1943,163,1,0
BRDA:1948,164,0,0
BRDA:1948,164,1,0
BRDA:2004,165,0,0
BRDA:2004,165,1,0
BRDA:2006,166,0,0
BRDA:2006,166,1,0
BRDA:2006,166,2,0
BRDA:2031,167,0,0
BRDA:2031,167,1,0
BRDA:2031,168,0,0
BRDA:2031,168,1,0
BRDA:2031,169,0,0
BRDA:2031,169,1,0
BRDA:2033,170,0,0
BRDA:2033,170,1,0
BRDA:2068,171,0,0
BRDA:2068,171,1,0
BRDA:2086,172,0,0
BRDA:2086,172,1,0
BRDA:2088,173,0,0
BRDA:2088,173,1,0
BRDA:2088,174,0,0
BRDA:2088,174,1,0
BRDA:2088,174,2,0
BRDA:2109,175,0,0
BRDA:2109,175,1,0
BRDA:2113,176,0,0
BRDA:2113,176,1,0
BRDA:2115,177,0,0
BRDA:2115,177,1,0
BRDA:2135,178,0,0
BRDA:2135,178,1,0
BRDA:2164,179,0,0
BRDA:2164,179,1,0
BRDA:2164,180,0,0
BRDA:2164,180,1,0
BRDA:2169,181,0,0
BRDA:2169,181,1,0
BRDA:2169,182,0,0
BRDA:2169,182,1,0
BRDA:2198,183,0,0
BRDA:2198,183,1,0
BRDA:2205,184,0,0
BRDA:2205,184,1,0
BRDA:2247,185,0,0
BRDA:2247,185,1,0
BRDA:2267,186,0,0
BRDA:2267,186,1,0
BRDA:2267,187,0,0
BRDA:2267,187,1,0
BRDA:2288,188,0,0
BRDA:2288,188,1,0
BRDA:2288,188,2,0
BRDA:2288,188,3,0
BRDA:2404,189,0,0
BRDA:2404,189,1,0
BRF:404
BRH:0
end_of_record
TN:
SF:backend/test-admin-endpoints.js
FN:6,testAdminLogin
FN:35,testRevenueEndpoint
FN:52,testActiveOrdersEndpoint
FN:69,testDashboardSummaryEndpoint
FN:86,runTests
FNF:5
FNH:0
FNDA:0,testAdminLogin
FNDA:0,testRevenueEndpoint
FNDA:0,testActiveOrdersEndpoint
FNDA:0,testDashboardSummaryEndpoint
FNDA:0,runTests
DA:3,0
DA:7,0
DA:8,0
DA:19,0
DA:20,0
DA:22,0
DA:23,0
DA:25,0
DA:26,0
DA:29,0
DA:30,0
DA:36,0
DA:37,0
DA:44,0
DA:45,0
DA:47,0
DA:53,0
DA:54,0
DA:61,0
DA:62,0
DA:64,0
DA:70,0
DA:71,0
DA:78,0
DA:79,0
DA:81,0
DA:87,0
DA:89,0
DA:90,0
DA:91,0
DA:92,0
DA:94,0
DA:95,0
DA:97,0
DA:98,0
DA:100,0
DA:104,0
LF:37
LH:0
BRDA:22,0,0,0
BRDA:22,0,1,0
BRDA:90,1,0,0
BRDA:90,1,1,0
BRF:4
BRH:0
end_of_record
TN:
SF:backend/coverage/lcov-report/block-navigation.js
FN:2,init
FN:24,toggleClass
FN:31,makeCurrent
FN:41,goToPrevious
FN:52,goToNext
FN:65,jump
FNF:6
FNH:0
FNDA:0,init
FNDA:0,toggleClass
FNDA:0,makeCurrent
FNDA:0,goToPrevious
FNDA:0,goToNext
FNDA:0,jump
DA:2,0
DA:4,0
DA:7,0
DA:10,0
DA:14,0
DA:20,0
DA:25,0
DA:28,0
DA:32,0
DA:33,0
DA:34,0
DA:42,0
DA:43,0
DA:44,0
DA:45,0
DA:46,0
DA:49,0
DA:53,0
DA:55,0
DA:59,0
DA:62,0
DA:65,0
DA:66,0
DA:71,0
DA:74,0
DA:77,0
DA:78,0
DA:82,0
DA:83,0
DA:87,0
LF:30
LH:0
BRDA:43,0,0,0
BRDA:43,0,1,0
BRDA:43,1,0,0
BRDA:43,1,1,0
BRDA:45,2,0,0
BRDA:45,2,1,0
BRDA:55,3,0,0
BRDA:55,3,1,0
BRDA:56,4,0,0
BRDA:56,4,1,0
BRDA:66,5,0,0
BRDA:66,5,1,0
BRDA:67,6,0,0
BRDA:67,6,1,0
BRDA:74,7,0,0
BRDA:74,7,1,0
BRDA:74,7,2,0
BRDA:74,7,3,0
BRDA:74,7,4,0
BRF:19
BRH:0
end_of_record
TN:
SF:backend/coverage/lcov-report/prettify.js
FN:2,(anonymous_0)
FN:2,k
FN:2,ab
FN:2,T
FN:2,X
FN:2,(anonymous_5)
FN:2,W
FN:2,(anonymous_7)
FN:2,a
FN:2,aa
FN:2,B
FN:2,o
FN:2,g
FN:2,(anonymous_13)
FN:2,(anonymous_14)
FN:2,i
FN:2,Q
FN:2,ae
FN:2,ad
FN:2,ai
FN:2,D
FN:2,c
FN:2,q
FN:2,d
FN:2,y
FN:2,b
FN:2,Y
FN:2,(anonymous_27)
FN:2,U
FNF:29
FNH:0
FNDA:0,(anonymous_0)
FNDA:0,k
FNDA:0,ab
FNDA:0,T
FNDA:0,X
FNDA:0,(anonymous_5)
FNDA:0,W
FNDA:0,(anonymous_7)
FNDA:0,a
FNDA:0,aa
FNDA:0,B
FNDA:0,o
FNDA:0,g
FNDA:0,(anonymous_13)
FNDA:0,(anonymous_14)
FNDA:0,i
FNDA:0,Q
FNDA:0,ae
FNDA:0,ad
FNDA:0,ai
FNDA:0,D
FNDA:0,c
FNDA:0,q
FNDA:0,d
FNDA:0,y
FNDA:0,b
FNDA:0,Y
FNDA:0,(anonymous_27)
FNDA:0,U
DA:2,0
LF:1
LH:0
BRDA:2,0,0,0
BRDA:2,0,1,0
BRDA:2,1,0,0
BRDA:2,1,1,0
BRDA:2,2,0,0
BRDA:2,2,1,0
BRDA:2,3,0,0
BRDA:2,3,1,0
BRDA:2,4,0,0
BRDA:2,4,1,0
BRDA:2,5,0,0
BRDA:2,5,1,0
BRDA:2,6,0,0
BRDA:2,6,1,0
BRDA:2,7,0,0
BRDA:2,7,1,0
BRDA:2,8,0,0
BRDA:2,8,1,0
BRDA:2,9,0,0
BRDA:2,9,1,0
BRDA:2,10,0,0
BRDA:2,10,1,0
BRDA:2,11,0,0
BRDA:2,11,1,0
BRDA:2,11,2,0
BRDA:2,11,3,0
BRDA:2,12,0,0
BRDA:2,12,1,0
BRDA:2,13,0,0
BRDA:2,13,1,0
BRDA:2,14,0,0
BRDA:2,14,1,0
BRDA:2,15,0,0
BRDA:2,15,1,0
BRDA:2,16,0,0
BRDA:2,16,1,0
BRDA:2,17,0,0
BRDA:2,17,1,0
BRDA:2,18,0,0
BRDA:2,18,1,0
BRDA:2,19,0,0
BRDA:2,19,1,0
BRDA:2,20,0,0
BRDA:2,20,1,0
BRDA:2,21,0,0
BRDA:2,21,1,0
BRDA:2,22,0,0
BRDA:2,22,1,0
BRDA:2,23,0,0
BRDA:2,23,1,0
BRDA:2,24,0,0
BRDA:2,24,1,0
BRDA:2,25,0,0
BRDA:2,25,1,0
BRDA:2,26,0,0
BRDA:2,26,1,0
BRDA:2,27,0,0
BRDA:2,27,1,0
BRDA:2,28,0,0
BRDA:2,28,1,0
BRDA:2,29,0,0
BRDA:2,29,1,0
BRDA:2,30,0,0
BRDA:2,30,1,0
BRDA:2,31,0,0
BRDA:2,31,1,0
BRDA:2,32,0,0
BRDA:2,32,1,0
BRDA:2,33,0,0
BRDA:2,33,1,0
BRDA:2,34,0,0
BRDA:2,34,1,0
BRDA:2,35,0,0
BRDA:2,35,1,0
BRDA:2,36,0,0
BRDA:2,36,1,0
BRDA:2,37,0,0
BRDA:2,37,1,0
BRDA:2,38,0,0
BRDA:2,38,1,0
BRDA:2,39,0,0
BRDA:2,39,1,0
BRDA:2,40,0,0
BRDA:2,40,1,0
BRDA:2,41,0,0
BRDA:2,41,1,0
BRDA:2,42,0,0
BRDA:2,42,1,0
BRDA:2,43,0,0
BRDA:2,43,1,0
BRDA:2,44,0,0
BRDA:2,44,1,0
BRDA:2,45,0,0
BRDA:2,45,1,0
BRDA:2,46,0,0
BRDA:2,46,1,0
BRDA:2,47,0,0
BRDA:2,47,1,0
BRDA:2,48,0,0
BRDA:2,48,1,0
BRDA:2,49,0,0
BRDA:2,49,1,0
BRDA:2,50,0,0
BRDA:2,50,1,0
BRDA:2,50,2,0
BRDA:2,51,0,0
BRDA:2,51,1,0
BRDA:2,52,0,0
BRDA:2,52,1,0
BRDA:2,53,0,0
BRDA:2,53,1,0
BRDA:2,54,0,0
BRDA:2,54,1,0
BRDA:2,55,0,0
BRDA:2,55,1,0
BRDA:2,56,0,0
BRDA:2,56,1,0
BRDA:2,57,0,0
BRDA:2,57,1,0
BRDA:2,58,0,0
BRDA:2,58,1,0
BRDA:2,59,0,0
BRDA:2,59,1,0
BRDA:2,60,0,0
BRDA:2,60,1,0
BRDA:2,61,0,0
BRDA:2,61,1,0
BRDA:2,62,0,0
BRDA:2,62,1,0
BRDA:2,63,0,0
BRDA:2,63,1,0
BRDA:2,64,0,0
BRDA:2,64,1,0
BRDA:2,65,0,0
BRDA:2,65,1,0
BRDA:2,66,0,0
BRDA:2,66,1,0
BRDA:2,67,0,0
BRDA:2,67,1,0
BRDA:2,68,0,0
BRDA:2,68,1,0
BRDA:2,69,0,0
BRDA:2,69,1,0
BRDA:2,70,0,0
BRDA:2,70,1,0
BRDA:2,71,0,0
BRDA:2,71,1,0
BRDA:2,72,0,0
BRDA:2,72,1,0
BRDA:2,73,0,0
BRDA:2,73,1,0
BRDA:2,74,0,0
BRDA:2,74,1,0
BRDA:2,75,0,0
BRDA:2,75,1,0
BRDA:2,76,0,0
BRDA:2,76,1,0
BRDA:2,77,0,0
BRDA:2,77,1,0
BRDA:2,78,0,0
BRDA:2,78,1,0
BRDA:2,79,0,0
BRDA:2,79,1,0
BRDA:2,80,0,0
BRDA:2,80,1,0
BRDA:2,81,0,0
BRDA:2,81,1,0
BRDA:2,82,0,0
BRDA:2,82,1,0
BRDA:2,83,0,0
BRDA:2,83,1,0
BRDA:2,84,0,0
BRDA:2,84,1,0
BRDA:2,85,0,0
BRDA:2,85,1,0
BRDA:2,86,0,0
BRDA:2,86,1,0
BRDA:2,87,0,0
BRDA:2,87,1,0
BRDA:2,88,0,0
BRDA:2,88,1,0
BRDA:2,89,0,0
BRDA:2,89,1,0
BRDA:2,89,2,0
BRDA:2,90,0,0
BRDA:2,90,1,0
BRDA:2,91,0,0
BRDA:2,91,1,0
BRDA:2,92,0,0
BRDA:2,92,1,0
BRDA:2,93,0,0
BRDA:2,93,1,0
BRDA:2,94,0,0
BRDA:2,94,1,0
BRDA:2,95,0,0
BRDA:2,95,1,0
BRDA:2,96,0,0
BRDA:2,96,1,0
BRDA:2,97,0,0
BRDA:2,97,1,0
BRDA:2,98,0,0
BRDA:2,98,1,0
BRDA:2,99,0,0
BRDA:2,99,1,0
BRDA:2,100,0,0
BRDA:2,100,1,0
BRDA:2,101,0,0
BRDA:2,101,1,0
BRDA:2,102,0,0
BRDA:2,102,1,0
BRDA:2,103,0,0
BRDA:2,103,1,0
BRDA:2,104,0,0
BRDA:2,104,1,0
BRDA:2,105,0,0
BRDA:2,105,1,0
BRDA:2,106,0,0
BRDA:2,106,1,0
BRDA:2,107,0,0
BRDA:2,107,1,0
BRDA:2,108,0,0
BRDA:2,108,1,0
BRDA:2,109,0,0
BRDA:2,109,1,0
BRDA:2,110,0,0
BRDA:2,110,1,0
BRDA:2,111,0,0
BRDA:2,111,1,0
BRDA:2,112,0,0
BRDA:2,112,1,0
BRDA:2,113,0,0
BRDA:2,113,1,0
BRDA:2,114,0,0
BRDA:2,114,1,0
BRDA:2,115,0,0
BRDA:2,115,1,0
BRDA:2,116,0,0
BRDA:2,116,1,0
BRDA:2,117,0,0
BRDA:2,117,1,0
BRDA:2,118,0,0
BRDA:2,118,1,0
BRDA:2,119,0,0
BRDA:2,119,1,0
BRDA:2,120,0,0
BRDA:2,120,1,0
BRDA:2,121,0,0
BRDA:2,121,1,0
BRDA:2,122,0,0
BRDA:2,122,1,0
BRDA:2,123,0,0
BRDA:2,123,1,0
BRDA:2,124,0,0
BRDA:2,124,1,0
BRDA:2,125,0,0
BRDA:2,125,1,0
BRDA:2,126,0,0
BRDA:2,126,1,0
BRDA:2,127,0,0
BRDA:2,127,1,0
BRDA:2,128,0,0
BRDA:2,128,1,0
BRDA:2,128,2,0
BRDA:2,129,0,0
BRDA:2,129,1,0
BRDA:2,130,0,0
BRDA:2,130,1,0
BRDA:2,131,0,0
BRDA:2,131,1,0
BRDA:2,131,2,0
BRDA:2,131,3,0
BRDA:2,131,4,0
BRDA:2,132,0,0
BRDA:2,132,1,0
BRDA:2,133,0,0
BRDA:2,133,1,0
BRDA:2,134,0,0
BRDA:2,134,1,0
BRDA:2,135,0,0
BRDA:2,135,1,0
BRDA:2,136,0,0
BRDA:2,136,1,0
BRDA:2,137,0,0
BRDA:2,137,1,0
BRDA:2,138,0,0
BRDA:2,138,1,0
BRF:286
BRH:0
end_of_record
TN:
SF:backend/coverage/lcov-report/sorter.js
FN:2,(anonymous_0)
FN:11,getTable
FN:15,getTableHeader
FN:19,getTableBody
FN:23,getNthColumn
FN:27,onFilterInput
FN:45,addSearchBox
FN:53,loadColumns
FN:78,loadRowData
FN:97,loadData
FN:106,sortByIndex
FN:108,(anonymous_11)
FN:120,(anonymous_12)
FN:137,removeSortIndicators
FN:145,addSortIndicators
FN:151,enableUI
FN:154,ithSorter
FN:157,(anonymous_17)
FN:184,(anonymous_18)
FNF:19
FNH:0
FNDA:0,(anonymous_0)
FNDA:0,getTable
FNDA:0,getTableHeader
FNDA:0,getTableBody
FNDA:0,getNthColumn
FNDA:0,onFilterInput
FNDA:0,addSearchBox
FNDA:0,loadColumns
FNDA:0,loadRowData
FNDA:0,loadData
FNDA:0,sortByIndex
FNDA:0,(anonymous_11)
FNDA:0,(anonymous_12)
FNDA:0,removeSortIndicators
FNDA:0,addSortIndicators
FNDA:0,enableUI
FNDA:0,ithSorter
FNDA:0,(anonymous_17)
FNDA:0,(anonymous_18)
DA:2,0
DA:5,0
DA:12,0
DA:16,0
DA:20,0
DA:24,0
DA:28,0
DA:29,0
DA:30,0
DA:31,0
DA:32,0
DA:37,0
DA:39,0
DA:46,0
DA:47,0
DA:48,0
DA:49,0
DA:54,0
DA:56,0
DA:60,0
DA:61,0
DA:62,0
DA:67,0
DA:68,0
DA:69,0
DA:70,0
DA:74,0
DA:79,0
DA:82,0
DA:85,0
DA:86,0
DA:87,0
DA:88,0
DA:89,0
DA:90,0
DA:92,0
DA:94,0
DA:98,0
DA:101,0
DA:102,0
DA:107,0
DA:108,0
DA:109,0
DA:110,0
DA:111,0
DA:113,0
DA:114,0
DA:115,0
DA:116,0
DA:119,0
DA:120,0
DA:121,0
DA:125,0
DA:126,0
DA:127,0
DA:130,0
DA:132,0
DA:133,0
DA:138,0
DA:139,0
DA:141,0
DA:142,0
DA:146,0
DA:154,0
DA:155,0
DA:157,0
DA:158,0
DA:160,0
DA:161,0
DA:163,0
DA:164,0
DA:165,0
DA:166,0
DA:167,0
DA:170,0
DA:171,0
DA:174,0
DA:175,0
DA:176,0
DA:178,0
DA:184,0
DA:185,0
DA:186,0
DA:188,0
DA:189,0
DA:190,0
DA:191,0
DA:192,0
DA:196,0
LF:89
LH:0
BRDA:32,0,0,0
BRDA:32,0,1,0
BRDA:65,1,0,0
BRDA:65,1,1,0
BRDA:68,2,0,0
BRDA:68,2,1,0
BRDA:89,3,0,0
BRDA:89,3,1,0
BRDA:111,4,0,0
BRDA:111,4,1,0
BRDA:111,5,0,0
BRDA:111,5,1,0
BRDA:119,6,0,0
BRDA:119,6,1,0
BRDA:146,7,0,0
BRDA:146,7,1,0
BRDA:160,8,0,0
BRDA:160,8,1,0
BRDA:171,9,0,0
BRDA:171,9,1,0
BRDA:175,10,0,0
BRDA:175,10,1,0
BRDA:185,11,0,0
BRDA:185,11,1,0
BRF:24
BRH:0
end_of_record
TN:
SF:backend/routes/auth.js
FNF:0
FNH:0
LF:0
LH:0
BRF:0
BRH:0
end_of_record
TN:
SF:backend/routes/userRouter.js
FN:5,createUserRouter
FN:8,(anonymous_1)
FN:29,(anonymous_2)
FNF:3
FNH:0
FNDA:0,createUserRouter
FNDA:0,(anonymous_1)
FNDA:0,(anonymous_2)
DA:6,0
DA:8,0
DA:9,0
DA:10,0
DA:11,0
DA:12,0
DA:13,0
DA:16,0
DA:17,0
DA:22,0
DA:23,0
DA:25,0
DA:29,0
DA:30,0
DA:31,0
DA:32,0
DA:33,0
DA:34,0
DA:35,0
DA:38,0
DA:39,0
DA:41,0
DA:45,0
LF:23
LH:0
BRDA:12,0,0,0
BRDA:12,0,1,0
BRDA:34,1,0,0
BRDA:34,1,1,0
BRDA:34,2,0,0
BRDA:34,2,1,0
BRF:6
BRH:0
end_of_record
TN:
SF:backend/scripts/add-all-packages.js
FN:181,addAllPackages
FN:213,(anonymous_1)
FNF:2
FNH:0
FNDA:0,addAllPackages
FNDA:0,(anonymous_1)
DA:4,0
DA:7,0
DA:182,0
DA:190,0
DA:191,0
DA:193,0
DA:195,0
DA:196,0
DA:201,0
DA:202,0
DA:205,0
DA:208,0
DA:212,0
DA:213,0
DA:214,0
DA:218,0
DA:220,0
DA:224,0
LF:18
LH:0
BRDA:198,0,0,0
BRDA:198,0,1,0
BRDA:198,1,0,0
BRDA:198,1,1,0
BRF:4
BRH:0
end_of_record
TN:
SF:backend/scripts/add-bedding-products.js
FN:40,addBeddingProducts
FN:95,(anonymous_1)
FNF:2
FNH:0
FNDA:0,addBeddingProducts
FNDA:0,(anonymous_1)
DA:4,0
DA:7,0
DA:41,0
DA:49,0
DA:50,0
DA:52,0
DA:53,0
DA:55,0
DA:56,0
DA:58,0
DA:63,0
DA:64,0
DA:65,0
DA:66,0
DA:70,0
DA:75,0
DA:76,0
DA:77,0
DA:78,0
DA:80,0
DA:84,0
DA:85,0
DA:86,0
DA:89,0
DA:94,0
DA:95,0
DA:96,0
DA:97,0
DA:98,0
DA:102,0
DA:107,0
DA:110,0
DA:112,0
DA:117,0
LF:34
LH:0
BRDA:63,0,0,0
BRDA:63,0,1,0
BRDA:97,1,0,0
BRDA:97,1,1,0
BRDA:98,2,0,0
BRDA:98,2,1,0
BRF:6
BRH:0
end_of_record
TN:
SF:backend/scripts/add-billing-address-fields.js
FN:6,addBillingAddressFields
FN:40,(anonymous_1)
FNF:2
FNH:0
FNDA:0,addBillingAddressFields
FNDA:0,(anonymous_1)
DA:4,0
DA:7,0
DA:15,0
DA:16,0
DA:19,0
DA:29,0
DA:32,0
DA:39,0
DA:40,0
DA:41,0
DA:45,0
DA:47,0
DA:51,0
LF:13
LH:0
BRF:0
BRH:0
end_of_record
TN:
SF:backend/scripts/add-categories.js
FN:6,addCategories
FNF:1
FNH:0
FNDA:0,addCategories
DA:4,0
DA:7,0
DA:15,0
DA:16,0
DA:19,0
DA:24,0
DA:27,0
DA:29,0
DA:33,0
LF:9
LH:0
BRF:0
BRH:0
end_of_record
TN:
SF:backend/scripts/add-inventory-field.js
FN:6,addInventoryField
FNF:1
FNH:0
FNDA:0,addInventoryField
DA:4,0
DA:7,0
DA:15,0
DA:16,0
DA:19,0
DA:24,0
DA:25,0
DA:26,0
DA:29,0
DA:30,0
DA:33,0
DA:35,0
DA:39,0
LF:13
LH:0
BRF:0
BRH:0
end_of_record
TN:
SF:backend/scripts/add-order-updates.js
FN:14,addOrderUpdates
FNF:1
FNH:0
FNDA:0,addOrderUpdates
DA:4,0
DA:5,0
DA:6,0
DA:15,0
DA:16,0
DA:22,0
DA:24,0
DA:26,0
DA:30,0
LF:9
LH:0
BRF:0
BRH:0
end_of_record
TN:
SF:backend/scripts/add-package-cart.js
FN:6,addPackageCart
FNF:1
FNH:0
FNDA:0,addPackageCart
DA:4,0
DA:7,0
DA:15,0
DA:16,0
DA:19,0
DA:31,0
DA:32,0
DA:33,0
DA:34,0
DA:37,0
DA:39,0
DA:43,0
LF:12
LH:0
BRF:0
BRH:0
end_of_record
TN:
SF:backend/scripts/add-package-inventory-and-triggers.js
FN:6,addPackageInventoryAndTriggers
FNF:1
FNH:0
FNDA:0,addPackageInventoryAndTriggers
DA:4,0
DA:7,0
DA:15,0
DA:16,0
DA:19,0
DA:24,0
DA:27,0
DA:29,0
DA:59,0
DA:62,0
DA:64,0
DA:68,0
DA:76,0
DA:79,0
DA:81,0
DA:96,0
DA:99,0
DA:101,0
DA:111,0
DA:114,0
DA:116,0
DA:120,0
DA:127,0
DA:130,0
DA:132,0
DA:146,0
DA:149,0
DA:150,0
DA:151,0
DA:153,0
DA:154,0
DA:155,0
DA:156,0
DA:157,0
DA:158,0
DA:159,0
DA:160,0
DA:161,0
DA:164,0
DA:166,0
DA:170,0
LF:41
LH:0
BRF:0
BRH:0
end_of_record
TN:
SF:backend/scripts/add-package-items.js
FN:7,addPackageItems
FN:89,(anonymous_1)
FNF:2
FNH:0
FNDA:0,addPackageItems
FNDA:0,(anonymous_1)
DA:5,0
DA:8,0
DA:16,0
DA:17,0
DA:19,0
DA:20,0
DA:22,0
DA:23,0
DA:26,0
DA:31,0
DA:32,0
DA:33,0
DA:36,0
DA:37,0
DA:39,0
DA:41,0
DA:46,0
DA:47,0
DA:48,0
DA:51,0
DA:54,0
DA:55,0
DA:60,0
DA:61,0
DA:62,0
DA:64,0
DA:65,0
DA:67,0
DA:72,0
DA:73,0
DA:76,0
DA:77,0
DA:80,0
DA:88,0
DA:89,0
DA:90,0
DA:94,0
DA:96,0
DA:100,0
LF:39
LH:0
BRDA:31,0,0,0
BRDA:31,0,1,0
BRDA:46,1,0,0
BRDA:46,1,1,0
BRDA:64,2,0,0
BRDA:64,2,1,0
BRF:6
BRH:0
end_of_record
TN:
SF:backend/scripts/add-package-support-to-cart.js
FN:6,addPackageSupportToCart
FNF:1
FNH:0
FNDA:0,addPackageSupportToCart
DA:4,0
DA:7,0
DA:15,0
DA:16,0
DA:19,0
DA:25,0
DA:30,0
DA:31,0
DA:32,0
DA:33,0
DA:34,0
DA:37,0
DA:39,0
DA:43,0
LF:14
LH:0
BRF:0
BRH:0
end_of_record
TN:
SF:backend/scripts/add-packages-table.js
FN:6,addPackagesTables
FNF:1
FNH:0
FNDA:0,addPackagesTables
DA:4,0
DA:7,0
DA:15,0
DA:16,0
DA:19,0
DA:36,0
DA:48,0
DA:52,0
DA:56,0
DA:57,0
DA:58,0
DA:61,0
DA:63,0
DA:67,0
LF:14
LH:0
BRF:0
BRH:0
end_of_record
TN:
SF:backend/scripts/add-products.js
FN:244,addRealProducts
FN:276,(anonymous_1)
FNF:2
FNH:0
FNDA:0,addRealProducts
FNDA:0,(anonymous_1)
DA:4,0
DA:7,0
DA:245,0
DA:253,0
DA:254,0
DA:256,0
DA:258,0
DA:259,0
DA:264,0
DA:265,0
DA:268,0
DA:271,0
DA:275,0
DA:276,0
DA:277,0
DA:281,0
DA:283,0
DA:287,0
LF:18
LH:0
BRF:0
BRH:0
end_of_record
TN:
SF:backend/scripts/add-sample-orders-with-dates.js
FN:12,addSampleOrdersWithDates
FNF:1
FNH:0
FNDA:0,addSampleOrdersWithDates
DA:2,0
DA:4,0
DA:13,0
DA:14,0
DA:17,0
DA:231,0
DA:232,0
DA:240,0
DA:247,0
DA:249,0
DA:250,0
DA:253,0
DA:271,0
DA:272,0
DA:274,0
DA:275,0
DA:280,0
DA:284,0
DA:289,0
DA:290,0
DA:291,0
DA:292,0
DA:293,0
DA:296,0
DA:298,0
DA:302,0
LF:26
LH:0
BRDA:5,0,0,0
BRDA:5,0,1,0
BRDA:6,1,0,0
BRDA:6,1,1,0
BRDA:7,2,0,0
BRDA:7,2,1,0
BRDA:8,3,0,0
BRDA:8,3,1,0
BRDA:9,4,0,0
BRDA:9,4,1,0
BRDA:249,5,0,0
BRDA:249,5,1,0
BRF:12
BRH:0
end_of_record
TN:
SF:backend/scripts/add-sample-products.js
FN:39,addSampleProducts
FN:68,(anonymous_1)
FNF:2
FNH:0
FNDA:0,addSampleProducts
FNDA:0,(anonymous_1)
DA:4,0
DA:6,0
DA:40,0
DA:48,0
DA:49,0
DA:51,0
DA:53,0
DA:54,0
DA:59,0
DA:60,0
DA:63,0
DA:66,0
DA:67,0
DA:68,0
DA:69,0
DA:73,0
DA:75,0
DA:79,0
LF:18
LH:0
BRF:0
BRH:0
end_of_record
TN:
SF:backend/scripts/add-user-shipping-fields.js
FN:6,addShippingFields
FN:39,(anonymous_1)
FNF:2
FNH:0
FNDA:0,addShippingFields
FNDA:0,(anonymous_1)
DA:4,0
DA:7,0
DA:15,0
DA:16,0
DA:19,0
DA:28,0
DA:31,0
DA:38,0
DA:39,0
DA:40,0
DA:44,0
DA:46,0
DA:50,0
LF:13
LH:0
BRF:0
BRH:0
end_of_record
TN:
SF:backend/scripts/add-users.js
FN:15,addUsers
FNF:1
FNH:0
FNDA:0,addUsers
DA:5,0
DA:6,0
DA:7,0
DA:16,0
DA:17,0
DA:18,0
DA:20,0
DA:26,0
DA:28,0
DA:30,0
DA:34,0
LF:11
LH:0
BRF:0
BRH:0
end_of_record
TN:
SF:backend/scripts/check-all-package-orders.js
FN:6,checkAllPackageOrders
FN:29,(anonymous_1)
FN:32,(anonymous_2)
FN:65,(anonymous_3)
FN:90,(anonymous_4)
FN:97,(anonymous_5)
FN:101,(anonymous_6)
FN:108,(anonymous_7)
FNF:8
FNH:0
FNDA:0,checkAllPackageOrders
FNDA:0,(anonymous_1)
FNDA:0,(anonymous_2)
FNDA:0,(anonymous_3)
FNDA:0,(anonymous_4)
FNDA:0,(anonymous_5)
FNDA:0,(anonymous_6)
FNDA:0,(anonymous_7)
DA:4,0
DA:7,0
DA:15,0
DA:16,0
DA:19,0
DA:20,0
DA:28,0
DA:29,0
DA:31,0
DA:32,0
DA:33,0
DA:34,0
DA:35,0
DA:36,0
DA:37,0
DA:38,0
DA:42,0
DA:43,0
DA:52,0
DA:53,0
DA:54,0
DA:55,0
DA:56,0
DA:57,0
DA:58,0
DA:60,0
DA:64,0
DA:65,0
DA:66,0
DA:67,0
DA:69,0
DA:70,0
DA:71,0
DA:72,0
DA:75,0
DA:79,0
DA:80,0
DA:82,0
DA:83,0
DA:85,0
DA:89,0
DA:90,0
DA:91,0
DA:96,0
DA:97,0
DA:98,0
DA:101,0
DA:102,0
DA:107,0
DA:108,0
DA:109,0
DA:113,0
DA:114,0
DA:115,0
DA:116,0
DA:117,0
DA:118,0
DA:119,0
DA:121,0
DA:122,0
DA:123,0
DA:124,0
DA:126,0
DA:130,0
DA:132,0
DA:136,0
LF:66
LH:0
BRDA:52,0,0,0
BRDA:52,0,1,0
BRDA:79,1,0,0
BRDA:79,1,1,0
BRDA:82,2,0,0
BRDA:82,2,1,0
BRDA:91,3,0,0
BRDA:91,3,1,0
BRDA:91,3,2,0
BRDA:102,4,0,0
BRDA:102,4,1,0
BRDA:102,4,2,0
BRDA:121,5,0,0
BRDA:121,5,1,0
BRF:14
BRH:0
end_of_record
TN:
SF:backend/scripts/check-cart-items-structure.js
FN:6,checkCartItemsStructure
FN:26,(anonymous_1)
FNF:2
FNH:0
FNDA:0,checkCartItemsStructure
FNDA:0,(anonymous_1)
DA:4,0
DA:7,0
DA:15,0
DA:16,0
DA:18,0
DA:25,0
DA:26,0
DA:27,0
DA:31,0
DA:33,0
DA:37,0
LF:11
LH:0
BRDA:27,0,0,0
BRDA:27,0,1,0
BRDA:27,1,0,0
BRDA:27,1,1,0
BRF:4
BRH:0
end_of_record
TN:
SF:backend/scripts/check-database-contents.js
FN:6,checkDatabaseContents
FN:25,(anonymous_1)
FN:33,(anonymous_2)
FN:35,(anonymous_3)
FN:48,(anonymous_4)
FN:56,(anonymous_5)
FN:58,(anonymous_6)
FN:78,(anonymous_7)
FN:88,(anonymous_8)
FN:90,(anonymous_9)
FNF:10
FNH:0
FNDA:0,checkDatabaseContents
FNDA:0,(anonymous_1)
FNDA:0,(anonymous_2)
FNDA:0,(anonymous_3)
FNDA:0,(anonymous_4)
FNDA:0,(anonymous_5)
FNDA:0,(anonymous_6)
FNDA:0,(anonymous_7)
FNDA:0,(anonymous_8)
FNDA:0,(anonymous_9)
DA:4,0
DA:7,0
DA:15,0
DA:16,0
DA:19,0
DA:20,0
DA:21,0
DA:22,0
DA:24,0
DA:25,0
DA:26,0
DA:27,0
DA:28,0
DA:30,0
DA:33,0
DA:34,0
DA:35,0
DA:36,0
DA:42,0
DA:43,0
DA:44,0
DA:45,0
DA:47,0
DA:48,0
DA:49,0
DA:50,0
DA:51,0
DA:53,0
DA:56,0
DA:57,0
DA:58,0
DA:59,0
DA:65,0
DA:66,0
DA:74,0
DA:75,0
DA:77,0
DA:78,0
DA:79,0
DA:80,0
DA:82,0
DA:88,0
DA:89,0
DA:90,0
DA:91,0
DA:97,0
DA:98,0
DA:99,0
DA:100,0
DA:103,0
DA:105,0
DA:109,0
LF:52
LH:0
BRDA:21,0,0,0
BRDA:21,0,1,0
BRDA:26,1,0,0
BRDA:26,1,1,0
BRDA:27,2,0,0
BRDA:27,2,1,0
BRDA:44,3,0,0
BRDA:44,3,1,0
BRDA:49,4,0,0
BRDA:49,4,1,0
BRDA:50,5,0,0
BRDA:50,5,1,0
BRDA:74,6,0,0
BRDA:74,6,1,0
BRDA:79,7,0,0
BRDA:79,7,1,0
BRF:16
BRH:0
end_of_record
TN:
SF:backend/scripts/check-inventory-changes.js
FN:6,checkInventoryChanges
FN:45,(anonymous_1)
FN:63,(anonymous_2)
FN:83,(anonymous_3)
FNF:4
FNH:0
FNDA:0,checkInventoryChanges
FNDA:0,(anonymous_1)
FNDA:0,(anonymous_2)
FNDA:0,(anonymous_3)
DA:4,0
DA:7,0
DA:15,0
DA:16,0
DA:19,0
DA:20,0
DA:26,0
DA:27,0
DA:28,0
DA:29,0
DA:30,0
DA:31,0
DA:35,0
DA:36,0
DA:44,0
DA:45,0
DA:46,0
DA:47,0
DA:48,0
DA:52,0
DA:53,0
DA:62,0
DA:63,0
DA:64,0
DA:65,0
DA:66,0
DA:70,0
DA:71,0
DA:82,0
DA:83,0
DA:84,0
DA:85,0
DA:89,0
DA:90,0
DA:91,0
DA:92,0
DA:93,0
DA:94,0
DA:95,0
DA:98,0
DA:99,0
DA:101,0
DA:102,0
DA:104,0
DA:108,0
DA:109,0
DA:110,0
DA:113,0
DA:115,0
DA:119,0
LF:50
LH:0
BRDA:26,0,0,0
BRDA:26,0,1,0
BRDA:91,1,0,0
BRDA:91,1,1,0
BRDA:101,2,0,0
BRDA:101,2,1,0
BRF:6
BRH:0
end_of_record
TN:
SF:backend/scripts/check-orders-structure.js
FN:6,checkOrdersStructure
FN:26,(anonymous_1)
FNF:2
FNH:0
FNDA:0,checkOrdersStructure
FNDA:0,(anonymous_1)
DA:4,0
DA:7,0
DA:15,0
DA:16,0
DA:18,0
DA:25,0
DA:26,0
DA:27,0
DA:31,0
DA:33,0
DA:37,0
LF:11
LH:0
BRDA:27,0,0,0
BRDA:27,0,1,0
BRF:2
BRH:0
end_of_record
TN:
SF:backend/scripts/check-package-structure.js
FN:6,checkPackageStructure
FN:27,(anonymous_1)
FN:32,(anonymous_2)
FN:46,(anonymous_3)
FNF:4
FNH:0
FNDA:0,checkPackageStructure
FNDA:0,(anonymous_1)
FNDA:0,(anonymous_2)
FNDA:0,(anonymous_3)
DA:4,0
DA:7,0
DA:15,0
DA:16,0
DA:18,0
DA:26,0
DA:27,0
DA:28,0
DA:32,0
DA:33,0
DA:35,0
DA:36,0
DA:37,0
DA:38,0
DA:45,0
DA:46,0
DA:47,0
DA:53,0
DA:55,0
DA:59,0
LF:20
LH:0
BRDA:35,0,0,0
BRDA:35,0,1,0
BRF:2
BRH:0
end_of_record
TN:
SF:backend/scripts/check-products.js
FN:6,checkProducts
FN:21,(anonymous_1)
FN:28,(anonymous_2)
FNF:3
FNH:0
FNDA:0,checkProducts
FNDA:0,(anonymous_1)
FNDA:0,(anonymous_2)
DA:4,0
DA:7,0
DA:15,0
DA:16,0
DA:18,0
DA:20,0
DA:21,0
DA:22,0
DA:25,0
DA:27,0
DA:28,0
DA:29,0
DA:33,0
DA:35,0
DA:39,0
LF:15
LH:0
BRDA:22,0,0,0
BRDA:22,0,1,0
BRDA:29,1,0,0
BRDA:29,1,1,0
BRF:4
BRH:0
end_of_record
TN:
SF:backend/scripts/check-recent-order-inventory.js
FN:6,checkRecentOrderInventory
FN:28,(anonymous_1)
FN:41,(anonymous_2)
FN:61,(anonymous_3)
FN:79,(anonymous_4)
FN:97,(anonymous_5)
FN:103,(anonymous_6)
FN:112,(anonymous_7)
FN:133,(anonymous_8)
FNF:9
FNH:0
FNDA:0,checkRecentOrderInventory
FNDA:0,(anonymous_1)
FNDA:0,(anonymous_2)
FNDA:0,(anonymous_3)
FNDA:0,(anonymous_4)
FNDA:0,(anonymous_5)
FNDA:0,(anonymous_6)
FNDA:0,(anonymous_7)
FNDA:0,(anonymous_8)
DA:4,0
DA:7,0
DA:15,0
DA:16,0
DA:19,0
DA:20,0
DA:27,0
DA:28,0
DA:29,0
DA:33,0
DA:34,0
DA:40,0
DA:41,0
DA:42,0
DA:43,0
DA:44,0
DA:45,0
DA:48,0
DA:52,0
DA:53,0
DA:60,0
DA:61,0
DA:62,0
DA:63,0
DA:64,0
DA:68,0
DA:69,0
DA:78,0
DA:79,0
DA:80,0
DA:84,0
DA:85,0
DA:96,0
DA:97,0
DA:98,0
DA:102,0
DA:103,0
DA:104,0
DA:105,0
DA:112,0
DA:113,0
DA:114,0
DA:115,0
DA:120,0
DA:121,0
DA:132,0
DA:133,0
DA:134,0
DA:135,0
DA:139,0
DA:140,0
DA:141,0
DA:142,0
DA:143,0
DA:144,0
DA:145,0
DA:148,0
DA:149,0
DA:150,0
DA:151,0
DA:154,0
DA:155,0
DA:156,0
DA:159,0
DA:161,0
DA:165,0
LF:66
LH:0
BRDA:40,0,0,0
BRDA:40,0,1,0
BRDA:104,1,0,0
BRDA:104,1,1,0
BRDA:141,2,0,0
BRDA:141,2,1,0
BRDA:149,3,0,0
BRDA:149,3,1,0
BRF:8
BRH:0
end_of_record
TN:
SF:backend/scripts/check-recent-purchases.js
FN:6,checkRecentPurchases
FN:30,(anonymous_1)
FN:51,(anonymous_2)
FN:72,(anonymous_3)
FN:92,(anonymous_4)
FN:112,(anonymous_5)
FN:132,(anonymous_6)
FNF:7
FNH:0
FNDA:0,checkRecentPurchases
FNDA:0,(anonymous_1)
FNDA:0,(anonymous_2)
FNDA:0,(anonymous_3)
FNDA:0,(anonymous_4)
FNDA:0,(anonymous_5)
FNDA:0,(anonymous_6)
DA:4,0
DA:7,0
DA:15,0
DA:16,0
DA:19,0
DA:20,0
DA:27,0
DA:28,0
DA:30,0
DA:31,0
DA:32,0
DA:33,0
DA:34,0
DA:39,0
DA:40,0
DA:48,0
DA:49,0
DA:51,0
DA:52,0
DA:53,0
DA:54,0
DA:59,0
DA:60,0
DA:69,0
DA:70,0
DA:72,0
DA:73,0
DA:74,0
DA:75,0
DA:80,0
DA:81,0
DA:89,0
DA:90,0
DA:92,0
DA:93,0
DA:94,0
DA:95,0
DA:100,0
DA:101,0
DA:109,0
DA:110,0
DA:112,0
DA:113,0
DA:114,0
DA:115,0
DA:120,0
DA:121,0
DA:129,0
DA:130,0
DA:132,0
DA:133,0
DA:134,0
DA:135,0
DA:140,0
DA:142,0
DA:146,0
LF:56
LH:0
BRDA:27,0,0,0
BRDA:27,0,1,0
BRDA:48,1,0,0
BRDA:48,1,1,0
BRDA:69,2,0,0
BRDA:69,2,1,0
BRDA:89,3,0,0
BRDA:89,3,1,0
BRDA:109,4,0,0
BRDA:109,4,1,0
BRDA:129,5,0,0
BRDA:129,5,1,0
BRF:12
BRH:0
end_of_record
TN:
SF:backend/scripts/check-triggers.js
FN:6,checkAndFixTriggers
FN:30,(anonymous_1)
FN:44,(anonymous_2)
FNF:3
FNH:0
FNDA:0,checkAndFixTriggers
FNDA:0,(anonymous_1)
FNDA:0,(anonymous_2)
DA:4,0
DA:7,0
DA:15,0
DA:16,0
DA:19,0
DA:20,0
DA:29,0
DA:30,0
DA:31,0
DA:32,0
DA:36,0
DA:37,0
DA:43,0
DA:44,0
DA:45,0
DA:49,0
DA:50,0
DA:56,0
DA:57,0
DA:59,0
DA:63,0
DA:64,0
DA:70,0
DA:71,0
DA:73,0
DA:77,0
DA:78,0
DA:84,0
DA:85,0
DA:87,0
DA:88,0
DA:91,0
DA:97,0
DA:100,0
DA:101,0
DA:107,0
DA:108,0
DA:109,0
DA:110,0
DA:111,0
DA:113,0
DA:114,0
DA:116,0
DA:121,0
DA:124,0
DA:125,0
DA:126,0
DA:128,0
DA:132,0
DA:133,0
DA:147,0
DA:149,0
DA:153,0
DA:154,0
DA:160,0
DA:162,0
DA:165,0
DA:166,0
DA:169,0
DA:171,0
DA:175,0
LF:61
LH:0
BRDA:56,0,0,0
BRDA:56,0,1,0
BRDA:70,1,0,0
BRDA:70,1,1,0
BRDA:107,2,0,0
BRDA:107,2,1,0
BRDA:113,3,0,0
BRDA:113,3,1,0
BRF:8
BRH:0
end_of_record
TN:
SF:backend/scripts/clear-packages.js
FN:6,clearPackages
FNF:1
FNH:0
FNDA:0,clearPackages
DA:4,0
DA:7,0
DA:15,0
DA:16,0
DA:19,0
DA:20,0
DA:23,0
DA:24,0
DA:27,0
DA:28,0
DA:29,0
DA:31,0
DA:32,0
DA:35,0
DA:37,0
DA:41,0
LF:16
LH:0
BRF:0
BRH:0
end_of_record
TN:
SF:backend/scripts/clear-products.js
FN:6,clearProducts
FN:21,(anonymous_1)
FNF:2
FNH:0
FNDA:0,clearProducts
FNDA:0,(anonymous_1)
DA:4,0
DA:7,0
DA:15,0
DA:16,0
DA:18,0
DA:20,0
DA:21,0
DA:22,0
DA:26,0
DA:28,0
DA:32,0
LF:11
LH:0
BRF:0
BRH:0
end_of_record
TN:
SF:backend/scripts/create-test-package.js
FN:6,createTestPackage
FN:52,(anonymous_1)
FNF:2
FNH:0
FNDA:0,createTestPackage
FNDA:0,(anonymous_1)
DA:4,0
DA:7,0
DA:15,0
DA:16,0
DA:19,0
DA:32,0
DA:33,0
DA:36,0
DA:44,0
DA:45,0
DA:51,0
DA:52,0
DA:53,0
DA:57,0
DA:61,0
DA:64,0
DA:73,0
DA:74,0
DA:75,0
DA:76,0
DA:77,0
DA:78,0
DA:81,0
DA:83,0
DA:87,0
LF:25
LH:0
BRF:0
BRH:0
end_of_record
TN:
SF:backend/scripts/debug-package-inventory.js
FN:6,debugPackageInventory
FN:29,(anonymous_1)
FN:87,(anonymous_2)
FN:101,(anonymous_3)
FNF:4
FNH:0
FNDA:0,debugPackageInventory
FNDA:0,(anonymous_1)
FNDA:0,(anonymous_2)
FNDA:0,(anonymous_3)
DA:4,0
DA:7,0
DA:15,0
DA:16,0
DA:19,0
DA:20,0
DA:28,0
DA:29,0
DA:30,0
DA:31,0
DA:32,0
DA:36,0
DA:37,0
DA:43,0
DA:44,0
DA:45,0
DA:46,0
DA:47,0
DA:48,0
DA:52,0
DA:53,0
DA:63,0
DA:64,0
DA:65,0
DA:66,0
DA:67,0
DA:71,0
DA:72,0
DA:73,0
DA:74,0
DA:75,0
DA:76,0
DA:79,0
DA:80,0
DA:86,0
DA:87,0
DA:88,0
DA:89,0
DA:93,0
DA:94,0
DA:100,0
DA:101,0
DA:102,0
DA:106,0
DA:107,0
DA:108,0
DA:109,0
DA:110,0
DA:111,0
DA:112,0
DA:114,0
DA:115,0
DA:116,0
DA:117,0
DA:118,0
DA:121,0
DA:123,0
DA:127,0
LF:58
LH:0
BRDA:43,0,0,0
BRDA:43,0,1,0
BRDA:63,1,0,0
BRDA:63,1,1,0
BRF:4
BRH:0
end_of_record
TN:
SF:backend/scripts/final-comprehensive-check.js
FN:6,finalComprehensiveCheck
FN:50,(anonymous_1)
FN:62,(anonymous_2)
FN:78,(anonymous_3)
FN:90,(anonymous_4)
FN:110,(anonymous_5)
FN:128,(anonymous_6)
FN:146,(anonymous_7)
FNF:8
FNH:0
FNDA:0,finalComprehensiveCheck
FNDA:0,(anonymous_1)
FNDA:0,(anonymous_2)
FNDA:0,(anonymous_3)
FNDA:0,(anonymous_4)
FNDA:0,(anonymous_5)
FNDA:0,(anonymous_6)
FNDA:0,(anonymous_7)
DA:4,0
DA:7,0
DA:15,0
DA:16,0
DA:17,0
DA:20,0
DA:23,0
DA:24,0
DA:25,0
DA:26,0
DA:27,0
DA:29,0
DA:34,0
DA:35,0
DA:37,0
DA:38,0
DA:41,0
DA:43,0
DA:49,0
DA:50,0
DA:51,0
DA:55,0
DA:61,0
DA:62,0
DA:63,0
DA:67,0
DA:70,0
DA:77,0
DA:78,0
DA:79,0
DA:83,0
DA:89,0
DA:90,0
DA:91,0
DA:95,0
DA:98,0
DA:109,0
DA:110,0
DA:111,0
DA:112,0
DA:113,0
DA:117,0
DA:127,0
DA:128,0
DA:129,0
DA:130,0
DA:131,0
DA:135,0
DA:138,0
DA:145,0
DA:146,0
DA:147,0
DA:151,0
DA:156,0
DA:161,0
DA:162,0
DA:165,0
DA:167,0
DA:173,0
DA:174,0
DA:177,0
DA:180,0
DA:188,0
DA:191,0
DA:199,0
DA:202,0
DA:205,0
DA:214,0
DA:217,0
DA:223,0
DA:224,0
DA:227,0
DA:228,0
DA:230,0
DA:243,0
DA:244,0
DA:245,0
DA:246,0
DA:247,0
DA:248,0
DA:249,0
DA:250,0
DA:251,0
DA:253,0
DA:254,0
DA:255,0
DA:256,0
DA:257,0
DA:258,0
DA:259,0
DA:260,0
DA:262,0
DA:265,0
DA:267,0
DA:271,0
LF:95
LH:0
BRDA:79,0,0,0
BRDA:79,0,1,0
BRF:2
BRH:0
end_of_record
TN:
SF:backend/scripts/final-order-summary.js
FN:6,finalOrderSummary
FN:77,(anonymous_1)
FNF:2
FNH:0
FNDA:0,finalOrderSummary
FNDA:0,(anonymous_1)
DA:4,0
DA:7,0
DA:15,0
DA:16,0
DA:19,0
DA:20,0
DA:27,0
DA:28,0
DA:29,0
DA:30,0
DA:31,0
DA:32,0
DA:33,0
DA:34,0
DA:38,0
DA:39,0
DA:45,0
DA:46,0
DA:47,0
DA:48,0
DA:49,0
DA:50,0
DA:54,0
DA:55,0
DA:63,0
DA:64,0
DA:67,0
DA:68,0
DA:76,0
DA:77,0
DA:78,0
DA:79,0
DA:80,0
DA:84,0
DA:85,0
DA:86,0
DA:87,0
DA:88,0
DA:89,0
DA:90,0
DA:91,0
DA:92,0
DA:94,0
DA:95,0
DA:96,0
DA:97,0
DA:98,0
DA:102,0
DA:104,0
DA:108,0
LF:50
LH:0
BRDA:27,0,0,0
BRDA:27,0,1,0
BRDA:45,1,0,0
BRDA:45,1,1,0
BRDA:86,2,0,0
BRDA:86,2,1,0
BRDA:92,3,0,0
BRDA:92,3,1,0
BRF:8
BRH:0
end_of_record
TN:
SF:backend/scripts/fix-cart-items-constraints.js
FN:6,fixCartItemsConstraints
FN:44,(anonymous_1)
FNF:2
FNH:0
FNDA:0,fixCartItemsConstraints
FNDA:0,(anonymous_1)
DA:4,0
DA:7,0
DA:15,0
DA:16,0
DA:19,0
DA:24,0
DA:27,0
DA:33,0
DA:36,0
DA:43,0
DA:44,0
DA:45,0
DA:49,0
DA:51,0
DA:55,0
LF:15
LH:0
BRDA:45,0,0,0
BRDA:45,0,1,0
BRF:2
BRH:0
end_of_record
TN:
SF:backend/scripts/package-compositions.js
FNF:0
FNH:0
DA:3,0
LF:1
LH:0
BRF:0
BRH:0
end_of_record
TN:
SF:backend/scripts/setup-database.js
FN:8,setupDatabase
FN:63,(anonymous_1)
FNF:2
FNH:0
FNDA:0,setupDatabase
FNDA:0,(anonymous_1)
DA:6,0
DA:9,0
DA:17,0
DA:18,0
DA:21,0
DA:22,0
DA:23,0
DA:24,0
DA:26,0
DA:29,0
DA:31,0
DA:34,0
DA:50,0
DA:51,0
DA:52,0
DA:53,0
DA:55,0
DA:60,0
DA:61,0
DA:62,0
DA:63,0
DA:64,0
DA:69,0
DA:71,0
DA:75,0
LF:25
LH:0
BRDA:22,0,0,0
BRDA:22,0,1,0
BRDA:61,1,0,0
BRDA:61,1,1,0
BRF:4
BRH:0
end_of_record
TN:
SF:backend/scripts/test-authenticated-cart.js
FN:6,testAuthenticatedCart
FN:52,(anonymous_1)
FN:75,(anonymous_2)
FN:104,(anonymous_3)
FN:125,(anonymous_4)
FNF:5
FNH:0
FNDA:0,testAuthenticatedCart
FNDA:0,(anonymous_1)
FNDA:0,(anonymous_2)
FNDA:0,(anonymous_3)
FNDA:0,(anonymous_4)
DA:4,0
DA:7,0
DA:15,0
DA:16,0
DA:19,0
DA:23,0
DA:24,0
DA:25,0
DA:28,0
DA:29,0
DA:32,0
DA:33,0
DA:36,0
DA:41,0
DA:44,0
DA:51,0
DA:52,0
DA:53,0
DA:57,0
DA:60,0
DA:61,0
DA:63,0
DA:71,0
DA:72,0
DA:73,0
DA:74,0
DA:75,0
DA:76,0
DA:79,0
DA:83,0
DA:85,0
DA:90,0
DA:93,0
DA:103,0
DA:104,0
DA:105,0
DA:106,0
DA:108,0
DA:113,0
DA:121,0
DA:122,0
DA:123,0
DA:124,0
DA:125,0
DA:126,0
DA:130,0
DA:133,0
DA:135,0
DA:139,0
LF:49
LH:0
BRDA:23,0,0,0
BRDA:23,0,1,0
BRDA:71,1,0,0
BRDA:71,1,1,0
BRDA:105,2,0,0
BRDA:105,2,1,0
BRDA:121,3,0,0
BRDA:121,3,1,0
BRDA:126,4,0,0
BRDA:126,4,1,0
BRF:10
BRH:0
end_of_record
TN:
SF:backend/scripts/test-checkout-order.js
FN:12,testCheckoutOrder
FNF:1
FNH:0
FNDA:0,testCheckoutOrder
DA:2,0
DA:4,0
DA:13,0
DA:14,0
DA:17,0
DA:18,0
DA:25,0
DA:28,0
DA:51,0
DA:65,0
DA:68,0
DA:69,0
DA:79,0
DA:80,0
DA:88,0
DA:89,0
DA:96,0
DA:99,0
DA:100,0
DA:102,0
DA:103,0
DA:106,0
DA:107,0
DA:116,0
DA:117,0
DA:118,0
DA:119,0
DA:120,0
DA:123,0
DA:130,0
DA:131,0
DA:132,0
DA:133,0
DA:134,0
DA:135,0
DA:136,0
DA:139,0
DA:140,0
DA:141,0
DA:142,0
DA:145,0
DA:147,0
DA:151,0
LF:43
LH:0
BRDA:5,0,0,0
BRDA:5,0,1,0
BRDA:6,1,0,0
BRDA:6,1,1,0
BRDA:7,2,0,0
BRDA:7,2,1,0
BRDA:8,3,0,0
BRDA:8,3,1,0
BRDA:9,4,0,0
BRDA:9,4,1,0
BRDA:130,5,0,0
BRDA:130,5,1,0
BRF:12
BRH:0
end_of_record
TN:
SF:backend/scripts/test-complete-guest-flow.js
FN:3,testCompleteGuestFlow
FNF:1
FNH:0
FNDA:0,testCompleteGuestFlow
DA:4,0
DA:6,0
DA:8,0
DA:11,0
DA:17,0
DA:18,0
DA:20,0
DA:24,0
DA:30,0
DA:31,0
DA:33,0
DA:37,0
DA:39,0
DA:75,0
DA:81,0
DA:82,0
DA:83,0
DA:84,0
DA:85,0
DA:86,0
DA:87,0
DA:90,0
DA:93,0
DA:97,0
DA:98,0
DA:100,0
DA:104,0
DA:106,0
DA:111,0
DA:114,0
DA:115,0
DA:119,0
DA:121,0
DA:141,0
DA:147,0
DA:148,0
DA:149,0
DA:150,0
DA:152,0
DA:153,0
DA:156,0
DA:157,0
DA:158,0
DA:159,0
DA:160,0
DA:161,0
DA:162,0
DA:163,0
DA:164,0
DA:165,0
DA:166,0
DA:167,0
DA:168,0
DA:169,0
DA:172,0
DA:176,0
LF:56
LH:0
BRDA:17,0,0,0
BRDA:17,0,1,0
BRDA:30,1,0,0
BRDA:30,1,1,0
BRDA:81,2,0,0
BRDA:81,2,1,0
BRDA:97,3,0,0
BRDA:97,3,1,0
BRDA:147,4,0,0
BRDA:147,4,1,0
BRF:10
BRH:0
end_of_record
TN:
SF:backend/scripts/test-complete-unified-cart.js
FN:6,testCompleteUnifiedCart
FN:104,(anonymous_1)
FNF:2
FNH:0
FNDA:0,testCompleteUnifiedCart
FNDA:0,(anonymous_1)
DA:4,0
DA:7,0
DA:15,0
DA:16,0
DA:19,0
DA:20,0
DA:26,0
DA:27,0
DA:29,0
DA:33,0
DA:34,0
DA:40,0
DA:41,0
DA:43,0
DA:47,0
DA:50,0
DA:51,0
DA:54,0
DA:57,0
DA:58,0
DA:60,0
DA:69,0
DA:70,0
DA:72,0
DA:76,0
DA:85,0
DA:86,0
DA:88,0
DA:92,0
DA:93,0
DA:101,0
DA:102,0
DA:103,0
DA:104,0
DA:105,0
DA:108,0
DA:112,0
DA:115,0
DA:116,0
DA:117,0
DA:120,0
DA:127,0
DA:128,0
DA:129,0
DA:131,0
DA:132,0
DA:134,0
DA:138,0
DA:141,0
DA:155,0
DA:156,0
DA:159,0
DA:164,0
DA:167,0
DA:168,0
DA:169,0
DA:172,0
DA:173,0
DA:176,0
DA:178,0
DA:179,0
DA:180,0
DA:181,0
DA:182,0
DA:184,0
DA:187,0
DA:188,0
DA:189,0
DA:190,0
DA:192,0
DA:195,0
DA:196,0
DA:197,0
DA:198,0
DA:199,0
DA:200,0
DA:201,0
DA:202,0
DA:205,0
DA:207,0
DA:211,0
LF:81
LH:0
BRDA:26,0,0,0
BRDA:26,0,1,0
BRDA:40,1,0,0
BRDA:40,1,1,0
BRDA:69,2,0,0
BRDA:69,2,1,0
BRDA:85,3,0,0
BRDA:85,3,1,0
BRDA:101,4,0,0
BRDA:101,4,1,0
BRDA:105,5,0,0
BRDA:105,5,1,0
BRDA:131,6,0,0
BRDA:131,6,1,0
BRDA:179,7,0,0
BRDA:179,7,1,0
BRDA:188,8,0,0
BRDA:188,8,1,0
BRF:18
BRH:0
end_of_record
TN:
SF:backend/scripts/test-frontend-guest-checkout.js
FN:3,testFrontendGuestCheckout
FNF:1
FNH:0
FNDA:0,testFrontendGuestCheckout
DA:4,0
DA:6,0
DA:8,0
DA:9,0
DA:15,0
DA:16,0
DA:18,0
DA:22,0
DA:24,0
DA:53,0
DA:59,0
DA:60,0
DA:61,0
DA:62,0
DA:63,0
DA:64,0
DA:65,0
DA:67,0
DA:68,0
DA:72,0
DA:74,0
DA:109,0
DA:115,0
DA:116,0
DA:117,0
DA:118,0
DA:119,0
DA:120,0
DA:122,0
DA:123,0
DA:126,0
DA:127,0
DA:128,0
DA:129,0
DA:130,0
DA:131,0
DA:132,0
DA:133,0
DA:134,0
DA:135,0
DA:138,0
DA:142,0
LF:42
LH:0
BRDA:15,0,0,0
BRDA:15,0,1,0
BRDA:59,1,0,0
BRDA:59,1,1,0
BRDA:115,2,0,0
BRDA:115,2,1,0
BRF:6
BRH:0
end_of_record
TN:
SF:backend/scripts/test-guest-checkout.js
FN:6,testGuestCheckout
FN:148,(anonymous_1)
FNF:2
FNH:0
FNDA:0,testGuestCheckout
FNDA:0,(anonymous_1)
DA:4,0
DA:7,0
DA:15,0
DA:16,0
DA:19,0
DA:20,0
DA:26,0
DA:27,0
DA:29,0
DA:33,0
DA:35,0
DA:63,0
DA:69,0
DA:70,0
DA:71,0
DA:72,0
DA:73,0
DA:74,0
DA:75,0
DA:77,0
DA:78,0
DA:82,0
DA:84,0
DA:119,0
DA:125,0
DA:126,0
DA:127,0
DA:128,0
DA:129,0
DA:130,0
DA:132,0
DA:133,0
DA:137,0
DA:139,0
DA:147,0
DA:148,0
DA:149,0
DA:153,0
DA:155,0
DA:159,0
DA:161,0
DA:165,0
DA:167,0
DA:168,0
DA:169,0
DA:170,0
DA:171,0
DA:172,0
DA:173,0
DA:176,0
DA:178,0
DA:182,0
LF:52
LH:0
BRDA:26,0,0,0
BRDA:26,0,1,0
BRDA:69,1,0,0
BRDA:69,1,1,0
BRDA:125,2,0,0
BRDA:125,2,1,0
BRF:6
BRH:0
end_of_record
TN:
SF:backend/scripts/test-inventory-reduction.js
FN:6,testInventoryReduction
FNF:1
FNH:0
FNDA:0,testInventoryReduction
DA:4,0
DA:7,0
DA:15,0
DA:16,0
DA:19,0
DA:20,0
DA:21,0
DA:22,0
DA:25,0
DA:26,0
DA:27,0
DA:28,0
DA:31,0
DA:32,0
DA:38,0
DA:39,0
DA:41,0
DA:42,0
DA:43,0
DA:45,0
DA:46,0
DA:48,0
DA:52,0
DA:54,0
DA:58,0
LF:25
LH:0
BRDA:20,0,0,0
BRDA:20,0,1,0
BRDA:45,1,0,0
BRDA:45,1,1,0
BRF:4
BRH:0
end_of_record
TN:
SF:backend/scripts/test-package-inventory-logic.js
FN:6,testPackageInventoryLogic
FN:42,(anonymous_1)
FN:47,(anonymous_2)
FN:80,(anonymous_3)
FN:85,(anonymous_4)
FNF:5
FNH:0
FNDA:0,testPackageInventoryLogic
FNDA:0,(anonymous_1)
FNDA:0,(anonymous_2)
FNDA:0,(anonymous_3)
FNDA:0,(anonymous_4)
DA:4,0
DA:7,0
DA:15,0
DA:16,0
DA:19,0
DA:23,0
DA:24,0
DA:25,0
DA:28,0
DA:29,0
DA:30,0
DA:33,0
DA:41,0
DA:42,0
DA:43,0
DA:47,0
DA:48,0
DA:51,0
DA:52,0
DA:53,0
DA:55,0
DA:57,0
DA:64,0
DA:68,0
DA:71,0
DA:79,0
DA:80,0
DA:81,0
DA:85,0
DA:86,0
DA:89,0
DA:92,0
DA:98,0
DA:99,0
DA:101,0
DA:105,0
DA:109,0
DA:123,0
DA:124,0
DA:127,0
DA:132,0
DA:135,0
DA:139,0
DA:142,0
DA:143,0
DA:146,0
DA:148,0
DA:152,0
LF:48
LH:0
BRDA:23,0,0,0
BRDA:23,0,1,0
BRDA:98,1,0,0
BRDA:98,1,1,0
BRF:4
BRH:0
end_of_record
TN:
SF:backend/scripts/test-package-inventory.js
FN:6,testPackageInventory
FN:40,(anonymous_1)
FNF:2
FNH:0
FNDA:0,testPackageInventory
FNDA:0,(anonymous_1)
DA:4,0
DA:7,0
DA:15,0
DA:16,0
DA:19,0
DA:29,0
DA:30,0
DA:31,0
DA:34,0
DA:35,0
DA:36,0
DA:38,0
DA:39,0
DA:40,0
DA:41,0
DA:42,0
DA:43,0
DA:44,0
DA:45,0
DA:49,0
DA:53,0
DA:56,0
DA:57,0
DA:58,0
DA:63,0
DA:68,0
DA:69,0
DA:70,0
DA:73,0
DA:79,0
DA:84,0
DA:89,0
DA:90,0
DA:91,0
DA:93,0
DA:97,0
DA:99,0
DA:103,0
LF:38
LH:0
BRDA:29,0,0,0
BRDA:29,0,1,0
BRDA:38,1,0,0
BRDA:38,1,1,0
BRDA:41,2,0,0
BRDA:41,2,1,0
BRDA:57,3,0,0
BRDA:57,3,1,0
BRF:8
BRH:0
end_of_record
TN:
SF:backend/scripts/update-order-dates.js
FN:12,updateOrderDates
FNF:1
FNH:0
FNDA:0,updateOrderDates
DA:2,0
DA:4,0
DA:13,0
DA:14,0
DA:17,0
DA:30,0
DA:31,0
DA:37,0
DA:39,0
DA:40,0
DA:44,0
DA:45,0
DA:46,0
DA:47,0
DA:48,0
DA:51,0
DA:53,0
DA:57,0
LF:18
LH:0
BRDA:5,0,0,0
BRDA:5,0,1,0
BRDA:6,1,0,0
BRDA:6,1,1,0
BRDA:7,2,0,0
BRDA:7,2,1,0
BRDA:8,3,0,0
BRDA:8,3,1,0
BRDA:9,4,0,0
BRDA:9,4,1,0
BRDA:39,5,0,0
BRDA:39,5,1,0
BRF:12
BRH:0
end_of_record
TN:
SF:backend/scripts/verify-all-criteria.js
FN:6,verifyAllCriteria
FN:61,(anonymous_1)
FN:80,(anonymous_2)
FN:100,(anonymous_3)
FN:122,(anonymous_4)
FNF:5
FNH:0
FNDA:0,verifyAllCriteria
FNDA:0,(anonymous_1)
FNDA:0,(anonymous_2)
FNDA:0,(anonymous_3)
FNDA:0,(anonymous_4)
DA:4,0
DA:7,0
DA:15,0
DA:16,0
DA:19,0
DA:20,0
DA:26,0
DA:27,0
DA:30,0
DA:31,0
DA:36,0
DA:41,0
DA:42,0
DA:43,0
DA:46,0
DA:47,0
DA:60,0
DA:61,0
DA:62,0
DA:63,0
DA:64,0
DA:65,0
DA:66,0
DA:67,0
DA:68,0
DA:72,0
DA:73,0
DA:79,0
DA:80,0
DA:81,0
DA:83,0
DA:86,0
DA:87,0
DA:99,0
DA:100,0
DA:101,0
DA:102,0
DA:103,0
DA:104,0
DA:105,0
DA:109,0
DA:110,0
DA:120,0
DA:121,0
DA:122,0
DA:123,0
DA:124,0
DA:125,0
DA:126,0
DA:127,0
DA:130,0
DA:134,0
DA:137,0
DA:146,0
DA:147,0
DA:148,0
DA:149,0
DA:150,0
DA:153,0
DA:157,0
DA:158,0
DA:162,0
DA:163,0
DA:164,0
DA:165,0
DA:166,0
DA:167,0
DA:168,0
DA:169,0
DA:171,0
DA:172,0
DA:173,0
DA:174,0
DA:175,0
DA:176,0
DA:177,0
DA:178,0
DA:181,0
DA:183,0
DA:187,0
LF:80
LH:0
BRDA:67,0,0,0
BRDA:67,0,1,0
BRDA:67,1,0,0
BRDA:67,1,1,0
BRDA:121,2,0,0
BRDA:121,2,1,0
BRDA:146,3,0,0
BRDA:146,3,1,0
BRF:8
BRH:0
end_of_record
TN:
SF:backend/scripts/verify-inventory-logic.js
FN:6,verifyInventoryLogic
FN:45,(anonymous_1)
FN:49,(anonymous_2)
FN:82,(anonymous_3)
FN:110,(anonymous_4)
FNF:5
FNH:0
FNDA:0,verifyInventoryLogic
FNDA:0,(anonymous_1)
FNDA:0,(anonymous_2)
FNDA:0,(anonymous_3)
FNDA:0,(anonymous_4)
DA:4,0
DA:7,0
DA:15,0
DA:16,0
DA:19,0
DA:20,0
DA:26,0
DA:27,0
DA:28,0
DA:29,0
DA:30,0
DA:31,0
DA:35,0
DA:36,0
DA:44,0
DA:45,0
DA:48,0
DA:49,0
DA:50,0
DA:51,0
DA:52,0
DA:53,0
DA:54,0
DA:55,0
DA:59,0
DA:60,0
DA:69,0
DA:70,0
DA:71,0
DA:72,0
DA:73,0
DA:74,0
DA:75,0
DA:77,0
DA:81,0
DA:82,0
DA:83,0
DA:84,0
DA:85,0
DA:87,0
DA:88,0
DA:89,0
DA:90,0
DA:91,0
DA:93,0
DA:94,0
DA:96,0
DA:100,0
DA:101,0
DA:109,0
DA:110,0
DA:111,0
DA:112,0
DA:113,0
DA:117,0
DA:118,0
DA:119,0
DA:120,0
DA:121,0
DA:122,0
DA:124,0
DA:125,0
DA:126,0
DA:127,0
DA:128,0
DA:129,0
DA:130,0
DA:132,0
DA:133,0
DA:137,0
DA:139,0
DA:143,0
LF:72
LH:0
BRDA:26,0,0,0
BRDA:26,0,1,0
BRDA:69,1,0,0
BRDA:69,1,1,0
BRDA:85,2,0,0
BRDA:85,2,1,0
BRDA:93,3,0,0
BRDA:93,3,1,0
BRDA:124,4,0,0
BRDA:124,4,1,0
BRF:10
BRH:0
end_of_record
